<?xml version="1.0" encoding="UTF-8"?>
<testsuite xmlns:xsi="http://www.w3.org/2001/XMLSchema-instance" xsi:noNamespaceSchemaLocation="https://maven.apache.org/surefire/maven-surefire-plugin/xsd/surefire-test-report-3.0.xsd" version="3.0" name="com.jpmc.midascore.TaskFiveTests" time="5.606" tests="1" errors="0" skipped="0" failures="0">
  <properties>
    <property name="jdk.tls.rejectClientInitiatedRenegotiation" value="true"/>
    <property name="java.specification.version" value="24"/>
    <property name="sun.jnu.encoding" value="UTF-8"/>
    <property name="java.class.path" value="/Users/amritanshushiwanshi/Desktop/java/forage-midas/target/test-classes:/Users/amritanshushiwanshi/Desktop/java/forage-midas/target/classes:/Users/amritanshushiwanshi/.m2/repository/org/springframework/boot/spring-boot-starter-web/3.2.5/spring-boot-starter-web-3.2.5.jar:/Users/amritanshushiwanshi/.m2/repository/org/springframework/boot/spring-boot-starter/3.2.5/spring-boot-starter-3.2.5.jar:/Users/amritanshushiwanshi/.m2/repository/org/springframework/boot/spring-boot/3.2.5/spring-boot-3.2.5.jar:/Users/amritanshushiwanshi/.m2/repository/org/springframework/boot/spring-boot-autoconfigure/3.2.5/spring-boot-autoconfigure-3.2.5.jar:/Users/amritanshushiwanshi/.m2/repository/org/springframework/boot/spring-boot-starter-logging/3.2.5/spring-boot-starter-logging-3.2.5.jar:/Users/amritanshushiwanshi/.m2/repository/org/apache/logging/log4j/log4j-to-slf4j/2.21.1/log4j-to-slf4j-2.21.1.jar:/Users/amritanshushiwanshi/.m2/repository/org/apache/logging/log4j/log4j-api/2.21.1/log4j-api-2.21.1.jar:/Users/amritanshushiwanshi/.m2/repository/org/slf4j/jul-to-slf4j/2.0.13/jul-to-slf4j-2.0.13.jar:/Users/amritanshushiwanshi/.m2/repository/jakarta/annotation/jakarta.annotation-api/2.1.1/jakarta.annotation-api-2.1.1.jar:/Users/amritanshushiwanshi/.m2/repository/org/yaml/snakeyaml/2.2/snakeyaml-2.2.jar:/Users/amritanshushiwanshi/.m2/repository/org/springframework/boot/spring-boot-starter-json/3.2.5/spring-boot-starter-json-3.2.5.jar:/Users/amritanshushiwanshi/.m2/repository/com/fasterxml/jackson/core/jackson-databind/2.15.4/jackson-databind-2.15.4.jar:/Users/amritanshushiwanshi/.m2/repository/com/fasterxml/jackson/core/jackson-annotations/2.15.4/jackson-annotations-2.15.4.jar:/Users/amritanshushiwanshi/.m2/repository/com/fasterxml/jackson/core/jackson-core/2.15.4/jackson-core-2.15.4.jar:/Users/amritanshushiwanshi/.m2/repository/com/fasterxml/jackson/datatype/jackson-datatype-jdk8/2.15.4/jackson-datatype-jdk8-2.15.4.jar:/Users/amritanshushiwanshi/.m2/repository/com/fasterxml/jackson/datatype/jackson-datatype-jsr310/2.15.4/jackson-datatype-jsr310-2.15.4.jar:/Users/amritanshushiwanshi/.m2/repository/com/fasterxml/jackson/module/jackson-module-parameter-names/2.15.4/jackson-module-parameter-names-2.15.4.jar:/Users/amritanshushiwanshi/.m2/repository/org/springframework/boot/spring-boot-starter-tomcat/3.2.5/spring-boot-starter-tomcat-3.2.5.jar:/Users/amritanshushiwanshi/.m2/repository/org/apache/tomcat/embed/tomcat-embed-core/10.1.20/tomcat-embed-core-10.1.20.jar:/Users/amritanshushiwanshi/.m2/repository/org/apache/tomcat/embed/tomcat-embed-el/10.1.20/tomcat-embed-el-10.1.20.jar:/Users/amritanshushiwanshi/.m2/repository/org/apache/tomcat/embed/tomcat-embed-websocket/10.1.20/tomcat-embed-websocket-10.1.20.jar:/Users/amritanshushiwanshi/.m2/repository/org/springframework/spring-web/6.1.6/spring-web-6.1.6.jar:/Users/amritanshushiwanshi/.m2/repository/org/springframework/spring-beans/6.1.6/spring-beans-6.1.6.jar:/Users/amritanshushiwanshi/.m2/repository/org/springframework/spring-webmvc/6.1.6/spring-webmvc-6.1.6.jar:/Users/amritanshushiwanshi/.m2/repository/org/springframework/spring-aop/6.1.6/spring-aop-6.1.6.jar:/Users/amritanshushiwanshi/.m2/repository/org/springframework/spring-expression/6.1.6/spring-expression-6.1.6.jar:/Users/amritanshushiwanshi/.m2/repository/org/springframework/boot/spring-boot-starter-data-jpa/3.2.5/spring-boot-starter-data-jpa-3.2.5.jar:/Users/amritanshushiwanshi/.m2/repository/org/springframework/boot/spring-boot-starter-aop/3.2.5/spring-boot-starter-aop-3.2.5.jar:/Users/amritanshushiwanshi/.m2/repository/org/aspectj/aspectjweaver/1.9.22/aspectjweaver-1.9.22.jar:/Users/amritanshushiwanshi/.m2/repository/org/springframework/boot/spring-boot-starter-jdbc/3.2.5/spring-boot-starter-jdbc-3.2.5.jar:/Users/amritanshushiwanshi/.m2/repository/com/zaxxer/HikariCP/5.0.1/HikariCP-5.0.1.jar:/Users/amritanshushiwanshi/.m2/repository/org/springframework/spring-jdbc/6.1.6/spring-jdbc-6.1.6.jar:/Users/amritanshushiwanshi/.m2/repository/org/hibernate/orm/hibernate-core/6.4.4.Final/hibernate-core-6.4.4.Final.jar:/Users/amritanshushiwanshi/.m2/repository/jakarta/persistence/jakarta.persistence-api/3.1.0/jakarta.persistence-api-3.1.0.jar:/Users/amritanshushiwanshi/.m2/repository/jakarta/transaction/jakarta.transaction-api/2.0.1/jakarta.transaction-api-2.0.1.jar:/Users/amritanshushiwanshi/.m2/repository/org/jboss/logging/jboss-logging/3.5.3.Final/jboss-logging-3.5.3.Final.jar:/Users/amritanshushiwanshi/.m2/repository/org/hibernate/common/hibernate-commons-annotations/6.0.6.Final/hibernate-commons-annotations-6.0.6.Final.jar:/Users/amritanshushiwanshi/.m2/repository/io/smallrye/jandex/3.1.2/jandex-3.1.2.jar:/Users/amritanshushiwanshi/.m2/repository/com/fasterxml/classmate/1.6.0/classmate-1.6.0.jar:/Users/amritanshushiwanshi/.m2/repository/net/bytebuddy/byte-buddy/1.14.13/byte-buddy-1.14.13.jar:/Users/amritanshushiwanshi/.m2/repository/org/glassfish/jaxb/jaxb-runtime/4.0.5/jaxb-runtime-4.0.5.jar:/Users/amritanshushiwanshi/.m2/repository/org/glassfish/jaxb/jaxb-core/4.0.5/jaxb-core-4.0.5.jar:/Users/amritanshushiwanshi/.m2/repository/org/eclipse/angus/angus-activation/2.0.2/angus-activation-2.0.2.jar:/Users/amritanshushiwanshi/.m2/repository/org/glassfish/jaxb/txw2/4.0.5/txw2-4.0.5.jar:/Users/amritanshushiwanshi/.m2/repository/com/sun/istack/istack-commons-runtime/4.1.2/istack-commons-runtime-4.1.2.jar:/Users/amritanshushiwanshi/.m2/repository/jakarta/inject/jakarta.inject-api/2.0.1/jakarta.inject-api-2.0.1.jar:/Users/amritanshushiwanshi/.m2/repository/org/antlr/antlr4-runtime/4.13.0/antlr4-runtime-4.13.0.jar:/Users/amritanshushiwanshi/.m2/repository/org/springframework/data/spring-data-jpa/3.2.5/spring-data-jpa-3.2.5.jar:/Users/amritanshushiwanshi/.m2/repository/org/springframework/data/spring-data-commons/3.2.5/spring-data-commons-3.2.5.jar:/Users/amritanshushiwanshi/.m2/repository/org/springframework/spring-orm/6.1.6/spring-orm-6.1.6.jar:/Users/amritanshushiwanshi/.m2/repository/org/slf4j/slf4j-api/2.0.13/slf4j-api-2.0.13.jar:/Users/amritanshushiwanshi/.m2/repository/org/springframework/spring-aspects/6.1.6/spring-aspects-6.1.6.jar:/Users/amritanshushiwanshi/.m2/repository/com/h2database/h2/2.2.224/h2-2.2.224.jar:/Users/amritanshushiwanshi/.m2/repository/org/springframework/kafka/spring-kafka/3.1.4/spring-kafka-3.1.4.jar:/Users/amritanshushiwanshi/.m2/repository/org/springframework/spring-context/6.1.6/spring-context-6.1.6.jar:/Users/amritanshushiwanshi/.m2/repository/org/springframework/spring-messaging/6.1.6/spring-messaging-6.1.6.jar:/Users/amritanshushiwanshi/.m2/repository/org/springframework/spring-tx/6.1.6/spring-tx-6.1.6.jar:/Users/amritanshushiwanshi/.m2/repository/org/springframework/retry/spring-retry/2.0.5/spring-retry-2.0.5.jar:/Users/amritanshushiwanshi/.m2/repository/org/apache/kafka/kafka-clients/3.6.2/kafka-clients-3.6.2.jar:/Users/amritanshushiwanshi/.m2/repository/com/github/luben/zstd-jni/1.5.5-1/zstd-jni-1.5.5-1.jar:/Users/amritanshushiwanshi/.m2/repository/org/lz4/lz4-java/1.8.0/lz4-java-1.8.0.jar:/Users/amritanshushiwanshi/.m2/repository/org/xerial/snappy/snappy-java/1.1.10.5/snappy-java-1.1.10.5.jar:/Users/amritanshushiwanshi/.m2/repository/io/micrometer/micrometer-observation/1.12.5/micrometer-observation-1.12.5.jar:/Users/amritanshushiwanshi/.m2/repository/io/micrometer/micrometer-commons/1.12.5/micrometer-commons-1.12.5.jar:/Users/amritanshushiwanshi/.m2/repository/com/google/code/findbugs/jsr305/3.0.2/jsr305-3.0.2.jar:/Users/amritanshushiwanshi/.m2/repository/org/springframework/boot/spring-boot-starter-test/3.2.5/spring-boot-starter-test-3.2.5.jar:/Users/amritanshushiwanshi/.m2/repository/org/springframework/boot/spring-boot-test/3.2.5/spring-boot-test-3.2.5.jar:/Users/amritanshushiwanshi/.m2/repository/org/springframework/boot/spring-boot-test-autoconfigure/3.2.5/spring-boot-test-autoconfigure-3.2.5.jar:/Users/amritanshushiwanshi/.m2/repository/com/jayway/jsonpath/json-path/2.9.0/json-path-2.9.0.jar:/Users/amritanshushiwanshi/.m2/repository/jakarta/xml/bind/jakarta.xml.bind-api/4.0.2/jakarta.xml.bind-api-4.0.2.jar:/Users/amritanshushiwanshi/.m2/repository/jakarta/activation/jakarta.activation-api/2.1.3/jakarta.activation-api-2.1.3.jar:/Users/amritanshushiwanshi/.m2/repository/net/minidev/json-smart/2.5.1/json-smart-2.5.1.jar:/Users/amritanshushiwanshi/.m2/repository/net/minidev/accessors-smart/2.5.1/accessors-smart-2.5.1.jar:/Users/amritanshushiwanshi/.m2/repository/org/ow2/asm/asm/9.6/asm-9.6.jar:/Users/amritanshushiwanshi/.m2/repository/org/assertj/assertj-core/3.24.2/assertj-core-3.24.2.jar:/Users/amritanshushiwanshi/.m2/repository/org/awaitility/awaitility/4.2.1/awaitility-4.2.1.jar:/Users/amritanshushiwanshi/.m2/repository/org/hamcrest/hamcrest/2.2/hamcrest-2.2.jar:/Users/amritanshushiwanshi/.m2/repository/org/junit/jupiter/junit-jupiter/5.10.2/junit-jupiter-5.10.2.jar:/Users/amritanshushiwanshi/.m2/repository/org/junit/jupiter/junit-jupiter-params/5.10.2/junit-jupiter-params-5.10.2.jar:/Users/amritanshushiwanshi/.m2/repository/org/junit/jupiter/junit-jupiter-engine/5.10.2/junit-jupiter-engine-5.10.2.jar:/Users/amritanshushiwanshi/.m2/repository/org/mockito/mockito-core/5.7.0/mockito-core-5.7.0.jar:/Users/amritanshushiwanshi/.m2/repository/net/bytebuddy/byte-buddy-agent/1.14.13/byte-buddy-agent-1.14.13.jar:/Users/amritanshushiwanshi/.m2/repository/org/objenesis/objenesis/3.3/objenesis-3.3.jar:/Users/amritanshushiwanshi/.m2/repository/org/mockito/mockito-junit-jupiter/5.7.0/mockito-junit-jupiter-5.7.0.jar:/Users/amritanshushiwanshi/.m2/repository/org/skyscreamer/jsonassert/1.5.1/jsonassert-1.5.1.jar:/Users/amritanshushiwanshi/.m2/repository/com/vaadin/external/google/android-json/0.0.20131108.vaadin1/android-json-0.0.20131108.vaadin1.jar:/Users/amritanshushiwanshi/.m2/repository/org/springframework/spring-core/6.1.6/spring-core-6.1.6.jar:/Users/amritanshushiwanshi/.m2/repository/org/springframework/spring-jcl/6.1.6/spring-jcl-6.1.6.jar:/Users/amritanshushiwanshi/.m2/repository/org/springframework/spring-test/6.1.6/spring-test-6.1.6.jar:/Users/amritanshushiwanshi/.m2/repository/org/xmlunit/xmlunit-core/2.9.1/xmlunit-core-2.9.1.jar:/Users/amritanshushiwanshi/.m2/repository/org/springframework/kafka/spring-kafka-test/3.1.4/spring-kafka-test-3.1.4.jar:/Users/amritanshushiwanshi/.m2/repository/org/apache/zookeeper/zookeeper/3.8.4/zookeeper-3.8.4.jar:/Users/amritanshushiwanshi/.m2/repository/org/apache/zookeeper/zookeeper-jute/3.8.4/zookeeper-jute-3.8.4.jar:/Users/amritanshushiwanshi/.m2/repository/org/apache/yetus/audience-annotations/0.12.0/audience-annotations-0.12.0.jar:/Users/amritanshushiwanshi/.m2/repository/io/netty/netty-handler/4.1.109.Final/netty-handler-4.1.109.Final.jar:/Users/amritanshushiwanshi/.m2/repository/io/netty/netty-common/4.1.109.Final/netty-common-4.1.109.Final.jar:/Users/amritanshushiwanshi/.m2/repository/io/netty/netty-resolver/4.1.109.Final/netty-resolver-4.1.109.Final.jar:/Users/amritanshushiwanshi/.m2/repository/io/netty/netty-buffer/4.1.109.Final/netty-buffer-4.1.109.Final.jar:/Users/amritanshushiwanshi/.m2/repository/io/netty/netty-transport/4.1.109.Final/netty-transport-4.1.109.Final.jar:/Users/amritanshushiwanshi/.m2/repository/io/netty/netty-transport-native-unix-common/4.1.109.Final/netty-transport-native-unix-common-4.1.109.Final.jar:/Users/amritanshushiwanshi/.m2/repository/io/netty/netty-codec/4.1.109.Final/netty-codec-4.1.109.Final.jar:/Users/amritanshushiwanshi/.m2/repository/io/netty/netty-transport-native-epoll/4.1.109.Final/netty-transport-native-epoll-4.1.109.Final.jar:/Users/amritanshushiwanshi/.m2/repository/io/netty/netty-transport-classes-epoll/4.1.109.Final/netty-transport-classes-epoll-4.1.109.Final.jar:/Users/amritanshushiwanshi/.m2/repository/ch/qos/logback/logback-core/1.4.14/logback-core-1.4.14.jar:/Users/amritanshushiwanshi/.m2/repository/ch/qos/logback/logback-classic/1.4.14/logback-classic-1.4.14.jar:/Users/amritanshushiwanshi/.m2/repository/commons-io/commons-io/2.11.0/commons-io-2.11.0.jar:/Users/amritanshushiwanshi/.m2/repository/org/apache/kafka/kafka-clients/3.6.2/kafka-clients-3.6.2-test.jar:/Users/amritanshushiwanshi/.m2/repository/org/apache/kafka/kafka-metadata/3.6.2/kafka-metadata-3.6.2.jar:/Users/amritanshushiwanshi/.m2/repository/org/apache/kafka/kafka-raft/3.6.2/kafka-raft-3.6.2.jar:/Users/amritanshushiwanshi/.m2/repository/com/yammer/metrics/metrics-core/2.2.0/metrics-core-2.2.0.jar:/Users/amritanshushiwanshi/.m2/repository/org/apache/kafka/kafka-server-common/3.6.2/kafka-server-common-3.6.2.jar:/Users/amritanshushiwanshi/.m2/repository/net/sf/jopt-simple/jopt-simple/5.0.4/jopt-simple-5.0.4.jar:/Users/amritanshushiwanshi/.m2/repository/org/pcollections/pcollections/4.0.1/pcollections-4.0.1.jar:/Users/amritanshushiwanshi/.m2/repository/org/apache/kafka/kafka-server-common/3.6.2/kafka-server-common-3.6.2-test.jar:/Users/amritanshushiwanshi/.m2/repository/org/apache/kafka/kafka-streams-test-utils/3.6.2/kafka-streams-test-utils-3.6.2.jar:/Users/amritanshushiwanshi/.m2/repository/org/apache/kafka/kafka-streams/3.6.2/kafka-streams-3.6.2.jar:/Users/amritanshushiwanshi/.m2/repository/org/rocksdb/rocksdbjni/7.9.2/rocksdbjni-7.9.2.jar:/Users/amritanshushiwanshi/.m2/repository/org/apache/kafka/kafka_2.13/3.6.2/kafka_2.13-3.6.2.jar:/Users/amritanshushiwanshi/.m2/repository/org/scala-lang/scala-library/2.13.11/scala-library-2.13.11.jar:/Users/amritanshushiwanshi/.m2/repository/org/apache/kafka/kafka-group-coordinator/3.6.2/kafka-group-coordinator-3.6.2.jar:/Users/amritanshushiwanshi/.m2/repository/org/apache/kafka/kafka-storage-api/3.6.2/kafka-storage-api-3.6.2.jar:/Users/amritanshushiwanshi/.m2/repository/org/apache/kafka/kafka-tools-api/3.6.2/kafka-tools-api-3.6.2.jar:/Users/amritanshushiwanshi/.m2/repository/org/apache/kafka/kafka-storage/3.6.2/kafka-storage-3.6.2.jar:/Users/amritanshushiwanshi/.m2/repository/com/github/ben-manes/caffeine/caffeine/3.1.8/caffeine-3.1.8.jar:/Users/amritanshushiwanshi/.m2/repository/org/checkerframework/checker-qual/3.37.0/checker-qual-3.37.0.jar:/Users/amritanshushiwanshi/.m2/repository/com/google/errorprone/error_prone_annotations/2.21.1/error_prone_annotations-2.21.1.jar:/Users/amritanshushiwanshi/.m2/repository/net/sourceforge/argparse4j/argparse4j/0.7.0/argparse4j-0.7.0.jar:/Users/amritanshushiwanshi/.m2/repository/commons-validator/commons-validator/1.7/commons-validator-1.7.jar:/Users/amritanshushiwanshi/.m2/repository/commons-beanutils/commons-beanutils/1.9.4/commons-beanutils-1.9.4.jar:/Users/amritanshushiwanshi/.m2/repository/commons-digester/commons-digester/2.1/commons-digester-2.1.jar:/Users/amritanshushiwanshi/.m2/repository/commons-collections/commons-collections/3.2.2/commons-collections-3.2.2.jar:/Users/amritanshushiwanshi/.m2/repository/com/fasterxml/jackson/module/jackson-module-scala_2.13/2.15.4/jackson-module-scala_2.13-2.15.4.jar:/Users/amritanshushiwanshi/.m2/repository/com/thoughtworks/paranamer/paranamer/2.8/paranamer-2.8.jar:/Users/amritanshushiwanshi/.m2/repository/com/fasterxml/jackson/dataformat/jackson-dataformat-csv/2.15.4/jackson-dataformat-csv-2.15.4.jar:/Users/amritanshushiwanshi/.m2/repository/org/bitbucket/b_c/jose4j/0.9.4/jose4j-0.9.4.jar:/Users/amritanshushiwanshi/.m2/repository/org/scala-lang/modules/scala-collection-compat_2.13/2.10.0/scala-collection-compat_2.13-2.10.0.jar:/Users/amritanshushiwanshi/.m2/repository/org/scala-lang/modules/scala-java8-compat_2.13/1.0.2/scala-java8-compat_2.13-1.0.2.jar:/Users/amritanshushiwanshi/.m2/repository/org/scala-lang/scala-reflect/2.13.11/scala-reflect-2.13.11.jar:/Users/amritanshushiwanshi/.m2/repository/com/typesafe/scala-logging/scala-logging_2.13/3.9.4/scala-logging_2.13-3.9.4.jar:/Users/amritanshushiwanshi/.m2/repository/io/dropwizard/metrics/metrics-core/4.2.25/metrics-core-4.2.25.jar:/Users/amritanshushiwanshi/.m2/repository/commons-cli/commons-cli/1.4/commons-cli-1.4.jar:/Users/amritanshushiwanshi/.m2/repository/org/apache/kafka/kafka_2.13/3.6.2/kafka_2.13-3.6.2-test.jar:/Users/amritanshushiwanshi/.m2/repository/org/junit/jupiter/junit-jupiter-api/5.10.2/junit-jupiter-api-5.10.2.jar:/Users/amritanshushiwanshi/.m2/repository/org/opentest4j/opentest4j/1.3.0/opentest4j-1.3.0.jar:/Users/amritanshushiwanshi/.m2/repository/org/junit/platform/junit-platform-commons/1.10.2/junit-platform-commons-1.10.2.jar:/Users/amritanshushiwanshi/.m2/repository/org/apiguardian/apiguardian-api/1.1.2/apiguardian-api-1.1.2.jar:/Users/amritanshushiwanshi/.m2/repository/org/junit/platform/junit-platform-launcher/1.10.2/junit-platform-launcher-1.10.2.jar:/Users/amritanshushiwanshi/.m2/repository/org/junit/platform/junit-platform-engine/1.10.2/junit-platform-engine-1.10.2.jar:/Users/amritanshushiwanshi/.m2/repository/org/testcontainers/kafka/1.19.7/kafka-1.19.7.jar:/Users/amritanshushiwanshi/.m2/repository/org/testcontainers/testcontainers/1.19.7/testcontainers-1.19.7.jar:/Users/amritanshushiwanshi/.m2/repository/junit/junit/4.13.2/junit-4.13.2.jar:/Users/amritanshushiwanshi/.m2/repository/org/hamcrest/hamcrest-core/2.2/hamcrest-core-2.2.jar:/Users/amritanshushiwanshi/.m2/repository/org/apache/commons/commons-compress/1.24.0/commons-compress-1.24.0.jar:/Users/amritanshushiwanshi/.m2/repository/org/rnorth/duct-tape/duct-tape/1.0.8/duct-tape-1.0.8.jar:/Users/amritanshushiwanshi/.m2/repository/org/jetbrains/annotations/17.0.0/annotations-17.0.0.jar:/Users/amritanshushiwanshi/.m2/repository/com/github/docker-java/docker-java-api/3.3.6/docker-java-api-3.3.6.jar:/Users/amritanshushiwanshi/.m2/repository/com/github/docker-java/docker-java-transport-zerodep/3.3.6/docker-java-transport-zerodep-3.3.6.jar:/Users/amritanshushiwanshi/.m2/repository/com/github/docker-java/docker-java-transport/3.3.6/docker-java-transport-3.3.6.jar:/Users/amritanshushiwanshi/.m2/repository/net/java/dev/jna/jna/5.13.0/jna-5.13.0.jar:"/>
    <property name="java.vm.vendor" value="Homebrew"/>
    <property name="sun.arch.data.model" value="64"/>
    <property name="catalina.useNaming" value="false"/>
    <property name="java.vendor.url" value="https://github.com/Homebrew/homebrew-core/issues"/>
    <property name="user.timezone" value="Asia/Kolkata"/>
    <property name="org.jboss.logging.provider" value="slf4j"/>
    <property name="os.name" value="Mac OS X"/>
    <property name="java.vm.specification.version" value="24"/>
    <property name="sun.java.launcher" value="SUN_STANDARD"/>
    <property name="user.country" value="IN"/>
    <property name="sun.boot.library.path" value="/opt/homebrew/Cellar/openjdk/24.0.2/libexec/openjdk.jdk/Contents/Home/lib"/>
    <property name="sun.java.command" value="/Users/amritanshushiwanshi/Desktop/java/forage-midas/target/surefire/surefirebooter-20250815213314138_3.jar /Users/amritanshushiwanshi/Desktop/java/forage-midas/target/surefire 2025-08-15T21-33-14_093-jvmRun1 surefire-20250815213314138_1tmp surefire_0-20250815213314138_2tmp"/>
    <property name="http.nonProxyHosts" value="local|*.local|169.254/16|*.169.254/16"/>
    <property name="jdk.debug" value="release"/>
    <property name="surefire.test.class.path" value="/Users/amritanshushiwanshi/Desktop/java/forage-midas/target/test-classes:/Users/amritanshushiwanshi/Desktop/java/forage-midas/target/classes:/Users/amritanshushiwanshi/.m2/repository/org/springframework/boot/spring-boot-starter-web/3.2.5/spring-boot-starter-web-3.2.5.jar:/Users/amritanshushiwanshi/.m2/repository/org/springframework/boot/spring-boot-starter/3.2.5/spring-boot-starter-3.2.5.jar:/Users/amritanshushiwanshi/.m2/repository/org/springframework/boot/spring-boot/3.2.5/spring-boot-3.2.5.jar:/Users/amritanshushiwanshi/.m2/repository/org/springframework/boot/spring-boot-autoconfigure/3.2.5/spring-boot-autoconfigure-3.2.5.jar:/Users/amritanshushiwanshi/.m2/repository/org/springframework/boot/spring-boot-starter-logging/3.2.5/spring-boot-starter-logging-3.2.5.jar:/Users/amritanshushiwanshi/.m2/repository/org/apache/logging/log4j/log4j-to-slf4j/2.21.1/log4j-to-slf4j-2.21.1.jar:/Users/amritanshushiwanshi/.m2/repository/org/apache/logging/log4j/log4j-api/2.21.1/log4j-api-2.21.1.jar:/Users/amritanshushiwanshi/.m2/repository/org/slf4j/jul-to-slf4j/2.0.13/jul-to-slf4j-2.0.13.jar:/Users/amritanshushiwanshi/.m2/repository/jakarta/annotation/jakarta.annotation-api/2.1.1/jakarta.annotation-api-2.1.1.jar:/Users/amritanshushiwanshi/.m2/repository/org/yaml/snakeyaml/2.2/snakeyaml-2.2.jar:/Users/amritanshushiwanshi/.m2/repository/org/springframework/boot/spring-boot-starter-json/3.2.5/spring-boot-starter-json-3.2.5.jar:/Users/amritanshushiwanshi/.m2/repository/com/fasterxml/jackson/core/jackson-databind/2.15.4/jackson-databind-2.15.4.jar:/Users/amritanshushiwanshi/.m2/repository/com/fasterxml/jackson/core/jackson-annotations/2.15.4/jackson-annotations-2.15.4.jar:/Users/amritanshushiwanshi/.m2/repository/com/fasterxml/jackson/core/jackson-core/2.15.4/jackson-core-2.15.4.jar:/Users/amritanshushiwanshi/.m2/repository/com/fasterxml/jackson/datatype/jackson-datatype-jdk8/2.15.4/jackson-datatype-jdk8-2.15.4.jar:/Users/amritanshushiwanshi/.m2/repository/com/fasterxml/jackson/datatype/jackson-datatype-jsr310/2.15.4/jackson-datatype-jsr310-2.15.4.jar:/Users/amritanshushiwanshi/.m2/repository/com/fasterxml/jackson/module/jackson-module-parameter-names/2.15.4/jackson-module-parameter-names-2.15.4.jar:/Users/amritanshushiwanshi/.m2/repository/org/springframework/boot/spring-boot-starter-tomcat/3.2.5/spring-boot-starter-tomcat-3.2.5.jar:/Users/amritanshushiwanshi/.m2/repository/org/apache/tomcat/embed/tomcat-embed-core/10.1.20/tomcat-embed-core-10.1.20.jar:/Users/amritanshushiwanshi/.m2/repository/org/apache/tomcat/embed/tomcat-embed-el/10.1.20/tomcat-embed-el-10.1.20.jar:/Users/amritanshushiwanshi/.m2/repository/org/apache/tomcat/embed/tomcat-embed-websocket/10.1.20/tomcat-embed-websocket-10.1.20.jar:/Users/amritanshushiwanshi/.m2/repository/org/springframework/spring-web/6.1.6/spring-web-6.1.6.jar:/Users/amritanshushiwanshi/.m2/repository/org/springframework/spring-beans/6.1.6/spring-beans-6.1.6.jar:/Users/amritanshushiwanshi/.m2/repository/org/springframework/spring-webmvc/6.1.6/spring-webmvc-6.1.6.jar:/Users/amritanshushiwanshi/.m2/repository/org/springframework/spring-aop/6.1.6/spring-aop-6.1.6.jar:/Users/amritanshushiwanshi/.m2/repository/org/springframework/spring-expression/6.1.6/spring-expression-6.1.6.jar:/Users/amritanshushiwanshi/.m2/repository/org/springframework/boot/spring-boot-starter-data-jpa/3.2.5/spring-boot-starter-data-jpa-3.2.5.jar:/Users/amritanshushiwanshi/.m2/repository/org/springframework/boot/spring-boot-starter-aop/3.2.5/spring-boot-starter-aop-3.2.5.jar:/Users/amritanshushiwanshi/.m2/repository/org/aspectj/aspectjweaver/1.9.22/aspectjweaver-1.9.22.jar:/Users/amritanshushiwanshi/.m2/repository/org/springframework/boot/spring-boot-starter-jdbc/3.2.5/spring-boot-starter-jdbc-3.2.5.jar:/Users/amritanshushiwanshi/.m2/repository/com/zaxxer/HikariCP/5.0.1/HikariCP-5.0.1.jar:/Users/amritanshushiwanshi/.m2/repository/org/springframework/spring-jdbc/6.1.6/spring-jdbc-6.1.6.jar:/Users/amritanshushiwanshi/.m2/repository/org/hibernate/orm/hibernate-core/6.4.4.Final/hibernate-core-6.4.4.Final.jar:/Users/amritanshushiwanshi/.m2/repository/jakarta/persistence/jakarta.persistence-api/3.1.0/jakarta.persistence-api-3.1.0.jar:/Users/amritanshushiwanshi/.m2/repository/jakarta/transaction/jakarta.transaction-api/2.0.1/jakarta.transaction-api-2.0.1.jar:/Users/amritanshushiwanshi/.m2/repository/org/jboss/logging/jboss-logging/3.5.3.Final/jboss-logging-3.5.3.Final.jar:/Users/amritanshushiwanshi/.m2/repository/org/hibernate/common/hibernate-commons-annotations/6.0.6.Final/hibernate-commons-annotations-6.0.6.Final.jar:/Users/amritanshushiwanshi/.m2/repository/io/smallrye/jandex/3.1.2/jandex-3.1.2.jar:/Users/amritanshushiwanshi/.m2/repository/com/fasterxml/classmate/1.6.0/classmate-1.6.0.jar:/Users/amritanshushiwanshi/.m2/repository/net/bytebuddy/byte-buddy/1.14.13/byte-buddy-1.14.13.jar:/Users/amritanshushiwanshi/.m2/repository/org/glassfish/jaxb/jaxb-runtime/4.0.5/jaxb-runtime-4.0.5.jar:/Users/amritanshushiwanshi/.m2/repository/org/glassfish/jaxb/jaxb-core/4.0.5/jaxb-core-4.0.5.jar:/Users/amritanshushiwanshi/.m2/repository/org/eclipse/angus/angus-activation/2.0.2/angus-activation-2.0.2.jar:/Users/amritanshushiwanshi/.m2/repository/org/glassfish/jaxb/txw2/4.0.5/txw2-4.0.5.jar:/Users/amritanshushiwanshi/.m2/repository/com/sun/istack/istack-commons-runtime/4.1.2/istack-commons-runtime-4.1.2.jar:/Users/amritanshushiwanshi/.m2/repository/jakarta/inject/jakarta.inject-api/2.0.1/jakarta.inject-api-2.0.1.jar:/Users/amritanshushiwanshi/.m2/repository/org/antlr/antlr4-runtime/4.13.0/antlr4-runtime-4.13.0.jar:/Users/amritanshushiwanshi/.m2/repository/org/springframework/data/spring-data-jpa/3.2.5/spring-data-jpa-3.2.5.jar:/Users/amritanshushiwanshi/.m2/repository/org/springframework/data/spring-data-commons/3.2.5/spring-data-commons-3.2.5.jar:/Users/amritanshushiwanshi/.m2/repository/org/springframework/spring-orm/6.1.6/spring-orm-6.1.6.jar:/Users/amritanshushiwanshi/.m2/repository/org/slf4j/slf4j-api/2.0.13/slf4j-api-2.0.13.jar:/Users/amritanshushiwanshi/.m2/repository/org/springframework/spring-aspects/6.1.6/spring-aspects-6.1.6.jar:/Users/amritanshushiwanshi/.m2/repository/com/h2database/h2/2.2.224/h2-2.2.224.jar:/Users/amritanshushiwanshi/.m2/repository/org/springframework/kafka/spring-kafka/3.1.4/spring-kafka-3.1.4.jar:/Users/amritanshushiwanshi/.m2/repository/org/springframework/spring-context/6.1.6/spring-context-6.1.6.jar:/Users/amritanshushiwanshi/.m2/repository/org/springframework/spring-messaging/6.1.6/spring-messaging-6.1.6.jar:/Users/amritanshushiwanshi/.m2/repository/org/springframework/spring-tx/6.1.6/spring-tx-6.1.6.jar:/Users/amritanshushiwanshi/.m2/repository/org/springframework/retry/spring-retry/2.0.5/spring-retry-2.0.5.jar:/Users/amritanshushiwanshi/.m2/repository/org/apache/kafka/kafka-clients/3.6.2/kafka-clients-3.6.2.jar:/Users/amritanshushiwanshi/.m2/repository/com/github/luben/zstd-jni/1.5.5-1/zstd-jni-1.5.5-1.jar:/Users/amritanshushiwanshi/.m2/repository/org/lz4/lz4-java/1.8.0/lz4-java-1.8.0.jar:/Users/amritanshushiwanshi/.m2/repository/org/xerial/snappy/snappy-java/1.1.10.5/snappy-java-1.1.10.5.jar:/Users/amritanshushiwanshi/.m2/repository/io/micrometer/micrometer-observation/1.12.5/micrometer-observation-1.12.5.jar:/Users/amritanshushiwanshi/.m2/repository/io/micrometer/micrometer-commons/1.12.5/micrometer-commons-1.12.5.jar:/Users/amritanshushiwanshi/.m2/repository/com/google/code/findbugs/jsr305/3.0.2/jsr305-3.0.2.jar:/Users/amritanshushiwanshi/.m2/repository/org/springframework/boot/spring-boot-starter-test/3.2.5/spring-boot-starter-test-3.2.5.jar:/Users/amritanshushiwanshi/.m2/repository/org/springframework/boot/spring-boot-test/3.2.5/spring-boot-test-3.2.5.jar:/Users/amritanshushiwanshi/.m2/repository/org/springframework/boot/spring-boot-test-autoconfigure/3.2.5/spring-boot-test-autoconfigure-3.2.5.jar:/Users/amritanshushiwanshi/.m2/repository/com/jayway/jsonpath/json-path/2.9.0/json-path-2.9.0.jar:/Users/amritanshushiwanshi/.m2/repository/jakarta/xml/bind/jakarta.xml.bind-api/4.0.2/jakarta.xml.bind-api-4.0.2.jar:/Users/amritanshushiwanshi/.m2/repository/jakarta/activation/jakarta.activation-api/2.1.3/jakarta.activation-api-2.1.3.jar:/Users/amritanshushiwanshi/.m2/repository/net/minidev/json-smart/2.5.1/json-smart-2.5.1.jar:/Users/amritanshushiwanshi/.m2/repository/net/minidev/accessors-smart/2.5.1/accessors-smart-2.5.1.jar:/Users/amritanshushiwanshi/.m2/repository/org/ow2/asm/asm/9.6/asm-9.6.jar:/Users/amritanshushiwanshi/.m2/repository/org/assertj/assertj-core/3.24.2/assertj-core-3.24.2.jar:/Users/amritanshushiwanshi/.m2/repository/org/awaitility/awaitility/4.2.1/awaitility-4.2.1.jar:/Users/amritanshushiwanshi/.m2/repository/org/hamcrest/hamcrest/2.2/hamcrest-2.2.jar:/Users/amritanshushiwanshi/.m2/repository/org/junit/jupiter/junit-jupiter/5.10.2/junit-jupiter-5.10.2.jar:/Users/amritanshushiwanshi/.m2/repository/org/junit/jupiter/junit-jupiter-params/5.10.2/junit-jupiter-params-5.10.2.jar:/Users/amritanshushiwanshi/.m2/repository/org/junit/jupiter/junit-jupiter-engine/5.10.2/junit-jupiter-engine-5.10.2.jar:/Users/amritanshushiwanshi/.m2/repository/org/mockito/mockito-core/5.7.0/mockito-core-5.7.0.jar:/Users/amritanshushiwanshi/.m2/repository/net/bytebuddy/byte-buddy-agent/1.14.13/byte-buddy-agent-1.14.13.jar:/Users/amritanshushiwanshi/.m2/repository/org/objenesis/objenesis/3.3/objenesis-3.3.jar:/Users/amritanshushiwanshi/.m2/repository/org/mockito/mockito-junit-jupiter/5.7.0/mockito-junit-jupiter-5.7.0.jar:/Users/amritanshushiwanshi/.m2/repository/org/skyscreamer/jsonassert/1.5.1/jsonassert-1.5.1.jar:/Users/amritanshushiwanshi/.m2/repository/com/vaadin/external/google/android-json/0.0.20131108.vaadin1/android-json-0.0.20131108.vaadin1.jar:/Users/amritanshushiwanshi/.m2/repository/org/springframework/spring-core/6.1.6/spring-core-6.1.6.jar:/Users/amritanshushiwanshi/.m2/repository/org/springframework/spring-jcl/6.1.6/spring-jcl-6.1.6.jar:/Users/amritanshushiwanshi/.m2/repository/org/springframework/spring-test/6.1.6/spring-test-6.1.6.jar:/Users/amritanshushiwanshi/.m2/repository/org/xmlunit/xmlunit-core/2.9.1/xmlunit-core-2.9.1.jar:/Users/amritanshushiwanshi/.m2/repository/org/springframework/kafka/spring-kafka-test/3.1.4/spring-kafka-test-3.1.4.jar:/Users/amritanshushiwanshi/.m2/repository/org/apache/zookeeper/zookeeper/3.8.4/zookeeper-3.8.4.jar:/Users/amritanshushiwanshi/.m2/repository/org/apache/zookeeper/zookeeper-jute/3.8.4/zookeeper-jute-3.8.4.jar:/Users/amritanshushiwanshi/.m2/repository/org/apache/yetus/audience-annotations/0.12.0/audience-annotations-0.12.0.jar:/Users/amritanshushiwanshi/.m2/repository/io/netty/netty-handler/4.1.109.Final/netty-handler-4.1.109.Final.jar:/Users/amritanshushiwanshi/.m2/repository/io/netty/netty-common/4.1.109.Final/netty-common-4.1.109.Final.jar:/Users/amritanshushiwanshi/.m2/repository/io/netty/netty-resolver/4.1.109.Final/netty-resolver-4.1.109.Final.jar:/Users/amritanshushiwanshi/.m2/repository/io/netty/netty-buffer/4.1.109.Final/netty-buffer-4.1.109.Final.jar:/Users/amritanshushiwanshi/.m2/repository/io/netty/netty-transport/4.1.109.Final/netty-transport-4.1.109.Final.jar:/Users/amritanshushiwanshi/.m2/repository/io/netty/netty-transport-native-unix-common/4.1.109.Final/netty-transport-native-unix-common-4.1.109.Final.jar:/Users/amritanshushiwanshi/.m2/repository/io/netty/netty-codec/4.1.109.Final/netty-codec-4.1.109.Final.jar:/Users/amritanshushiwanshi/.m2/repository/io/netty/netty-transport-native-epoll/4.1.109.Final/netty-transport-native-epoll-4.1.109.Final.jar:/Users/amritanshushiwanshi/.m2/repository/io/netty/netty-transport-classes-epoll/4.1.109.Final/netty-transport-classes-epoll-4.1.109.Final.jar:/Users/amritanshushiwanshi/.m2/repository/ch/qos/logback/logback-core/1.4.14/logback-core-1.4.14.jar:/Users/amritanshushiwanshi/.m2/repository/ch/qos/logback/logback-classic/1.4.14/logback-classic-1.4.14.jar:/Users/amritanshushiwanshi/.m2/repository/commons-io/commons-io/2.11.0/commons-io-2.11.0.jar:/Users/amritanshushiwanshi/.m2/repository/org/apache/kafka/kafka-clients/3.6.2/kafka-clients-3.6.2-test.jar:/Users/amritanshushiwanshi/.m2/repository/org/apache/kafka/kafka-metadata/3.6.2/kafka-metadata-3.6.2.jar:/Users/amritanshushiwanshi/.m2/repository/org/apache/kafka/kafka-raft/3.6.2/kafka-raft-3.6.2.jar:/Users/amritanshushiwanshi/.m2/repository/com/yammer/metrics/metrics-core/2.2.0/metrics-core-2.2.0.jar:/Users/amritanshushiwanshi/.m2/repository/org/apache/kafka/kafka-server-common/3.6.2/kafka-server-common-3.6.2.jar:/Users/amritanshushiwanshi/.m2/repository/net/sf/jopt-simple/jopt-simple/5.0.4/jopt-simple-5.0.4.jar:/Users/amritanshushiwanshi/.m2/repository/org/pcollections/pcollections/4.0.1/pcollections-4.0.1.jar:/Users/amritanshushiwanshi/.m2/repository/org/apache/kafka/kafka-server-common/3.6.2/kafka-server-common-3.6.2-test.jar:/Users/amritanshushiwanshi/.m2/repository/org/apache/kafka/kafka-streams-test-utils/3.6.2/kafka-streams-test-utils-3.6.2.jar:/Users/amritanshushiwanshi/.m2/repository/org/apache/kafka/kafka-streams/3.6.2/kafka-streams-3.6.2.jar:/Users/amritanshushiwanshi/.m2/repository/org/rocksdb/rocksdbjni/7.9.2/rocksdbjni-7.9.2.jar:/Users/amritanshushiwanshi/.m2/repository/org/apache/kafka/kafka_2.13/3.6.2/kafka_2.13-3.6.2.jar:/Users/amritanshushiwanshi/.m2/repository/org/scala-lang/scala-library/2.13.11/scala-library-2.13.11.jar:/Users/amritanshushiwanshi/.m2/repository/org/apache/kafka/kafka-group-coordinator/3.6.2/kafka-group-coordinator-3.6.2.jar:/Users/amritanshushiwanshi/.m2/repository/org/apache/kafka/kafka-storage-api/3.6.2/kafka-storage-api-3.6.2.jar:/Users/amritanshushiwanshi/.m2/repository/org/apache/kafka/kafka-tools-api/3.6.2/kafka-tools-api-3.6.2.jar:/Users/amritanshushiwanshi/.m2/repository/org/apache/kafka/kafka-storage/3.6.2/kafka-storage-3.6.2.jar:/Users/amritanshushiwanshi/.m2/repository/com/github/ben-manes/caffeine/caffeine/3.1.8/caffeine-3.1.8.jar:/Users/amritanshushiwanshi/.m2/repository/org/checkerframework/checker-qual/3.37.0/checker-qual-3.37.0.jar:/Users/amritanshushiwanshi/.m2/repository/com/google/errorprone/error_prone_annotations/2.21.1/error_prone_annotations-2.21.1.jar:/Users/amritanshushiwanshi/.m2/repository/net/sourceforge/argparse4j/argparse4j/0.7.0/argparse4j-0.7.0.jar:/Users/amritanshushiwanshi/.m2/repository/commons-validator/commons-validator/1.7/commons-validator-1.7.jar:/Users/amritanshushiwanshi/.m2/repository/commons-beanutils/commons-beanutils/1.9.4/commons-beanutils-1.9.4.jar:/Users/amritanshushiwanshi/.m2/repository/commons-digester/commons-digester/2.1/commons-digester-2.1.jar:/Users/amritanshushiwanshi/.m2/repository/commons-collections/commons-collections/3.2.2/commons-collections-3.2.2.jar:/Users/amritanshushiwanshi/.m2/repository/com/fasterxml/jackson/module/jackson-module-scala_2.13/2.15.4/jackson-module-scala_2.13-2.15.4.jar:/Users/amritanshushiwanshi/.m2/repository/com/thoughtworks/paranamer/paranamer/2.8/paranamer-2.8.jar:/Users/amritanshushiwanshi/.m2/repository/com/fasterxml/jackson/dataformat/jackson-dataformat-csv/2.15.4/jackson-dataformat-csv-2.15.4.jar:/Users/amritanshushiwanshi/.m2/repository/org/bitbucket/b_c/jose4j/0.9.4/jose4j-0.9.4.jar:/Users/amritanshushiwanshi/.m2/repository/org/scala-lang/modules/scala-collection-compat_2.13/2.10.0/scala-collection-compat_2.13-2.10.0.jar:/Users/amritanshushiwanshi/.m2/repository/org/scala-lang/modules/scala-java8-compat_2.13/1.0.2/scala-java8-compat_2.13-1.0.2.jar:/Users/amritanshushiwanshi/.m2/repository/org/scala-lang/scala-reflect/2.13.11/scala-reflect-2.13.11.jar:/Users/amritanshushiwanshi/.m2/repository/com/typesafe/scala-logging/scala-logging_2.13/3.9.4/scala-logging_2.13-3.9.4.jar:/Users/amritanshushiwanshi/.m2/repository/io/dropwizard/metrics/metrics-core/4.2.25/metrics-core-4.2.25.jar:/Users/amritanshushiwanshi/.m2/repository/commons-cli/commons-cli/1.4/commons-cli-1.4.jar:/Users/amritanshushiwanshi/.m2/repository/org/apache/kafka/kafka_2.13/3.6.2/kafka_2.13-3.6.2-test.jar:/Users/amritanshushiwanshi/.m2/repository/org/junit/jupiter/junit-jupiter-api/5.10.2/junit-jupiter-api-5.10.2.jar:/Users/amritanshushiwanshi/.m2/repository/org/opentest4j/opentest4j/1.3.0/opentest4j-1.3.0.jar:/Users/amritanshushiwanshi/.m2/repository/org/junit/platform/junit-platform-commons/1.10.2/junit-platform-commons-1.10.2.jar:/Users/amritanshushiwanshi/.m2/repository/org/apiguardian/apiguardian-api/1.1.2/apiguardian-api-1.1.2.jar:/Users/amritanshushiwanshi/.m2/repository/org/junit/platform/junit-platform-launcher/1.10.2/junit-platform-launcher-1.10.2.jar:/Users/amritanshushiwanshi/.m2/repository/org/junit/platform/junit-platform-engine/1.10.2/junit-platform-engine-1.10.2.jar:/Users/amritanshushiwanshi/.m2/repository/org/testcontainers/kafka/1.19.7/kafka-1.19.7.jar:/Users/amritanshushiwanshi/.m2/repository/org/testcontainers/testcontainers/1.19.7/testcontainers-1.19.7.jar:/Users/amritanshushiwanshi/.m2/repository/junit/junit/4.13.2/junit-4.13.2.jar:/Users/amritanshushiwanshi/.m2/repository/org/hamcrest/hamcrest-core/2.2/hamcrest-core-2.2.jar:/Users/amritanshushiwanshi/.m2/repository/org/apache/commons/commons-compress/1.24.0/commons-compress-1.24.0.jar:/Users/amritanshushiwanshi/.m2/repository/org/rnorth/duct-tape/duct-tape/1.0.8/duct-tape-1.0.8.jar:/Users/amritanshushiwanshi/.m2/repository/org/jetbrains/annotations/17.0.0/annotations-17.0.0.jar:/Users/amritanshushiwanshi/.m2/repository/com/github/docker-java/docker-java-api/3.3.6/docker-java-api-3.3.6.jar:/Users/amritanshushiwanshi/.m2/repository/com/github/docker-java/docker-java-transport-zerodep/3.3.6/docker-java-transport-zerodep-3.3.6.jar:/Users/amritanshushiwanshi/.m2/repository/com/github/docker-java/docker-java-transport/3.3.6/docker-java-transport-3.3.6.jar:/Users/amritanshushiwanshi/.m2/repository/net/java/dev/jna/jna/5.13.0/jna-5.13.0.jar:"/>
    <property name="sun.cpu.endian" value="little"/>
    <property name="user.home" value="/Users/amritanshushiwanshi"/>
    <property name="user.language" value="en"/>
    <property name="java.specification.vendor" value="Oracle Corporation"/>
    <property name="spring.embedded.kafka.brokers" value="localhost:54128"/>
    <property name="java.version.date" value="2025-07-15"/>
    <property name="java.home" value="/opt/homebrew/Cellar/openjdk/24.0.2/libexec/openjdk.jdk/Contents/Home"/>
    <property name="file.separator" value="/"/>
    <property name="basedir" value="/Users/amritanshushiwanshi/Desktop/java/forage-midas"/>
    <property name="java.vm.compressedOopsMode" value="Zero based"/>
    <property name="line.separator" value="&#10;"/>
    <property name="java.vm.specification.vendor" value="Oracle Corporation"/>
    <property name="java.specification.name" value="Java Platform API Specification"/>
    <property name="FILE_LOG_CHARSET" value="UTF-8"/>
    <property name="java.awt.headless" value="true"/>
    <property name="apple.awt.application.name" value="ForkedBooter"/>
    <property name="surefire.real.class.path" value="/Users/amritanshushiwanshi/Desktop/java/forage-midas/target/surefire/surefirebooter-20250815213314138_3.jar"/>
    <property name="sun.management.compiler" value="HotSpot 64-Bit Tiered Compilers"/>
    <property name="ftp.nonProxyHosts" value="local|*.local|169.254/16|*.169.254/16"/>
    <property name="java.runtime.version" value="24.0.2"/>
    <property name="user.name" value="amritanshushiwanshi"/>
    <property name="stdout.encoding" value="UTF-8"/>
    <property name="path.separator" value=":"/>
    <property name="os.version" value="15.4.1"/>
    <property name="java.runtime.name" value="OpenJDK Runtime Environment"/>
    <property name="file.encoding" value="UTF-8"/>
    <property name="java.vm.name" value="OpenJDK 64-Bit Server VM"/>
    <property name="java.vendor.version" value="Homebrew"/>
    <property name="localRepository" value="/Users/amritanshushiwanshi/.m2/repository"/>
    <property name="java.vendor.url.bug" value="https://github.com/Homebrew/homebrew-core/issues"/>
    <property name="java.io.tmpdir" value="/var/folders/yt/8yxf8rd12tscf0qk7fmq7n_m0000gn/T/"/>
    <property name="catalina.home" value="/private/var/folders/yt/8yxf8rd12tscf0qk7fmq7n_m0000gn/T/tomcat.33400.2543978234127430472"/>
    <property name="com.zaxxer.hikari.pool_number" value="1"/>
    <property name="java.version" value="24.0.2"/>
    <property name="spring.kafka.bootstrap-servers" value="localhost:54128"/>
    <property name="user.dir" value="/Users/amritanshushiwanshi/Desktop/java/forage-midas"/>
    <property name="os.arch" value="aarch64"/>
    <property name="java.vm.specification.name" value="Java Virtual Machine Specification"/>
    <property name="PID" value="4750"/>
    <property name="CONSOLE_LOG_CHARSET" value="UTF-8"/>
    <property name="catalina.base" value="/private/var/folders/yt/8yxf8rd12tscf0qk7fmq7n_m0000gn/T/tomcat.33400.2543978234127430472"/>
    <property name="native.encoding" value="UTF-8"/>
    <property name="java.library.path" value="/Users/amritanshushiwanshi/Library/Java/Extensions:/Library/Java/Extensions:/Network/Library/Java/Extensions:/System/Library/Java/Extensions:/usr/lib/java:."/>
    <property name="java.vm.info" value="mixed mode, sharing"/>
    <property name="stderr.encoding" value="UTF-8"/>
    <property name="java.vendor" value="Homebrew"/>
    <property name="java.vm.version" value="24.0.2"/>
    <property name="sun.io.unicode.encoding" value="UnicodeBig"/>
    <property name="socksNonProxyHosts" value="local|*.local|169.254/16|*.169.254/16"/>
    <property name="java.class.version" value="68.0"/>
  </properties>
  <testcase name="task_five_verifier" classname="com.jpmc.midascore.TaskFiveTests" time="2.496">
    <system-out><![CDATA[21:33:14.509 [main] INFO org.springframework.test.context.support.AnnotationConfigContextLoaderUtils -- Could not detect default configuration classes for test class [com.jpmc.midascore.TaskFiveTests]: TaskFiveTests does not declare any static, non-private, non-final, nested classes annotated with @Configuration.
21:33:14.555 [main] INFO org.springframework.boot.test.context.SpringBootTestContextBootstrapper -- Found @SpringBootConfiguration com.jpmc.midascore.MidasCoreApplication for test class com.jpmc.midascore.TaskFiveTests

  .   ____          _            __ _ _
 /\\ / ___'_ __ _ _(_)_ __  __ _ \ \ \ \
( ( )\___ | '_ | '_| | '_ \/ _` | \ \ \ \
 \\/  ___)| |_)| | | | | || (_| |  ) ) ) )
  '  |____| .__|_| |_|_| |_\__, | / / / /
 =========|_|==============|___/=/_/_/_/
&amp#27;[32m :: Spring Boot :: &amp#27;[39m              &amp#27;[2m (v3.2.5)&amp#27;[0;39m

&amp#27;[2m2025-08-15T21:33:14.958+05:30&amp#27;[0;39m &amp#27;[32m INFO&amp#27;[0;39m &amp#27;[35m4750&amp#27;[0;39m &amp#27;[2m---&amp#27;[0;39m &amp#27;[2m[           main]&amp#27;[0;39m &amp#27;[2m&amp#27;[0;39m&amp#27;[36mk.utils.Log4jControllerRegistration$    &amp#27;[0;39m &amp#27;[2m:&amp#27;[0;39m Registered kafka:type=kafka.Log4jController MBean
&amp#27;[2m2025-08-15T21:33:14.970+05:30&amp#27;[0;39m &amp#27;[32m INFO&amp#27;[0;39m &amp#27;[35m4750&amp#27;[0;39m &amp#27;[2m---&amp#27;[0;39m &amp#27;[2m[           main]&amp#27;[0;39m &amp#27;[2m&amp#27;[0;39m&amp#27;[36morg.apache.zookeeper.common.X509Util    &amp#27;[0;39m &amp#27;[2m:&amp#27;[0;39m Setting -D jdk.tls.rejectClientInitiatedRenegotiation=true to disable client-initiated TLS renegotiation
&amp#27;[2m2025-08-15T21:33:15.026+05:30&amp#27;[0;39m &amp#27;[32m INFO&amp#27;[0;39m &amp#27;[35m4750&amp#27;[0;39m &amp#27;[2m---&amp#27;[0;39m &amp#27;[2m[-kit-executor-1]&amp#27;[0;39m &amp#27;[2m&amp#27;[0;39m&amp#27;[36mkafka.server.ControllerServer           &amp#27;[0;39m &amp#27;[2m:&amp#27;[0;39m Formatting /var/folders/yt/8yxf8rd12tscf0qk7fmq7n_m0000gn/T/kafka-14683256353376918148/controller_0 with metadata.version 3.3-IV0.
&amp#27;[2m2025-08-15T21:33:15.027+05:30&amp#27;[0;39m &amp#27;[32m INFO&amp#27;[0;39m &amp#27;[35m4750&amp#27;[0;39m &amp#27;[2m---&amp#27;[0;39m &amp#27;[2m[-kit-executor-3]&amp#27;[0;39m &amp#27;[2m&amp#27;[0;39m&amp#27;[36mkafka.server.BrokerServer               &amp#27;[0;39m &amp#27;[2m:&amp#27;[0;39m [BrokerServer id=0] Transition from SHUTDOWN to STARTING
&amp#27;[2m2025-08-15T21:33:15.027+05:30&amp#27;[0;39m &amp#27;[32m INFO&amp#27;[0;39m &amp#27;[35m4750&amp#27;[0;39m &amp#27;[2m---&amp#27;[0;39m &amp#27;[2m[-kit-executor-2]&amp#27;[0;39m &amp#27;[2m&amp#27;[0;39m&amp#27;[36mkafka.server.ControllerServer           &amp#27;[0;39m &amp#27;[2m:&amp#27;[0;39m [ControllerServer id=0] Starting controller
&amp#27;[2m2025-08-15T21:33:15.027+05:30&amp#27;[0;39m &amp#27;[32m INFO&amp#27;[0;39m &amp#27;[35m4750&amp#27;[0;39m &amp#27;[2m---&amp#27;[0;39m &amp#27;[2m[-kit-executor-3]&amp#27;[0;39m &amp#27;[2m&amp#27;[0;39m&amp#27;[36mkafka.server.SharedServer               &amp#27;[0;39m &amp#27;[2m:&amp#27;[0;39m [SharedServer id=0] Starting SharedServer
&amp#27;[2m2025-08-15T21:33:15.035+05:30&amp#27;[0;39m &amp#27;[32m INFO&amp#27;[0;39m &amp#27;[35m4750&amp#27;[0;39m &amp#27;[2m---&amp#27;[0;39m &amp#27;[2m[-kit-executor-2]&amp#27;[0;39m &amp#27;[2m&amp#27;[0;39m&amp#27;[36mo.a.k.s.network.EndpointReadyFutures    &amp#27;[0;39m &amp#27;[2m:&amp#27;[0;39m authorizerStart completed for endpoint CONTROLLER. Endpoint is now READY.
&amp#27;[2m2025-08-15T21:33:15.072+05:30&amp#27;[0;39m &amp#27;[32m INFO&amp#27;[0;39m &amp#27;[35m4750&amp#27;[0;39m &amp#27;[2m---&amp#27;[0;39m &amp#27;[2m[-kit-executor-3]&amp#27;[0;39m &amp#27;[2m&amp#27;[0;39m&amp#27;[36mkafka.log.UnifiedLog$                   &amp#27;[0;39m &amp#27;[2m:&amp#27;[0;39m [LogLoader partition=__cluster_metadata-0, dir=/var/folders/yt/8yxf8rd12tscf0qk7fmq7n_m0000gn/T/kafka-14683256353376918148/controller_0] Loading producer state till offset 0 with message format version 2
&amp#27;[2m2025-08-15T21:33:15.072+05:30&amp#27;[0;39m &amp#27;[32m INFO&amp#27;[0;39m &amp#27;[35m4750&amp#27;[0;39m &amp#27;[2m---&amp#27;[0;39m &amp#27;[2m[-kit-executor-3]&amp#27;[0;39m &amp#27;[2m&amp#27;[0;39m&amp#27;[36mkafka.log.UnifiedLog$                   &amp#27;[0;39m &amp#27;[2m:&amp#27;[0;39m [LogLoader partition=__cluster_metadata-0, dir=/var/folders/yt/8yxf8rd12tscf0qk7fmq7n_m0000gn/T/kafka-14683256353376918148/controller_0] Reloading from producer snapshot and rebuilding producer state from offset 0
&amp#27;[2m2025-08-15T21:33:15.073+05:30&amp#27;[0;39m &amp#27;[32m INFO&amp#27;[0;39m &amp#27;[35m4750&amp#27;[0;39m &amp#27;[2m---&amp#27;[0;39m &amp#27;[2m[-kit-executor-3]&amp#27;[0;39m &amp#27;[2m&amp#27;[0;39m&amp#27;[36mkafka.log.UnifiedLog$                   &amp#27;[0;39m &amp#27;[2m:&amp#27;[0;39m [LogLoader partition=__cluster_metadata-0, dir=/var/folders/yt/8yxf8rd12tscf0qk7fmq7n_m0000gn/T/kafka-14683256353376918148/controller_0] Producer state recovery took 0ms for snapshot load and 0ms for segment recovery from offset 0
&amp#27;[2m2025-08-15T21:33:15.112+05:30&amp#27;[0;39m &amp#27;[32m INFO&amp#27;[0;39m &amp#27;[35m4750&amp#27;[0;39m &amp#27;[2m---&amp#27;[0;39m &amp#27;[2m[-kit-executor-3]&amp#27;[0;39m &amp#27;[2m&amp#27;[0;39m&amp#27;[36mkafka.raft.KafkaMetadataLog$            &amp#27;[0;39m &amp#27;[2m:&amp#27;[0;39m Initialized snapshots with IDs SortedSet() from /var/folders/yt/8yxf8rd12tscf0qk7fmq7n_m0000gn/T/kafka-14683256353376918148/controller_0/__cluster_metadata-0
&amp#27;[2m2025-08-15T21:33:15.138+05:30&amp#27;[0;39m &amp#27;[32m INFO&amp#27;[0;39m &amp#27;[35m4750&amp#27;[0;39m &amp#27;[2m---&amp#27;[0;39m &amp#27;[2m[piration-reaper]&amp#27;[0;39m &amp#27;[2m&amp#27;[0;39m&amp#27;[36mExpirationService$ExpiredOperationReaper&amp#27;[0;39m &amp#27;[2m:&amp#27;[0;39m [raft-expiration-reaper]: Starting
&amp#27;[2m2025-08-15T21:33:15.167+05:30&amp#27;[0;39m &amp#27;[32m INFO&amp#27;[0;39m &amp#27;[35m4750&amp#27;[0;39m &amp#27;[2m---&amp#27;[0;39m &amp#27;[2m[-kit-executor-3]&amp#27;[0;39m &amp#27;[2m&amp#27;[0;39m&amp#27;[36morg.apache.kafka.raft.QuorumState       &amp#27;[0;39m &amp#27;[2m:&amp#27;[0;39m [RaftManager id=0] Completed transition to Unattached(epoch=0, voters=[0], electionTimeoutMs=1213) from null
&amp#27;[2m2025-08-15T21:33:15.174+05:30&amp#27;[0;39m &amp#27;[32m INFO&amp#27;[0;39m &amp#27;[35m4750&amp#27;[0;39m &amp#27;[2m---&amp#27;[0;39m &amp#27;[2m[-kit-executor-3]&amp#27;[0;39m &amp#27;[2m&amp#27;[0;39m&amp#27;[36morg.apache.kafka.raft.QuorumState       &amp#27;[0;39m &amp#27;[2m:&amp#27;[0;39m [RaftManager id=0] Completed transition to CandidateState(localId=0, epoch=1, retries=1, voteStates={0=GRANTED}, highWatermark=Optional.empty, electionTimeoutMs=1388) from Unattached(epoch=0, voters=[0], electionTimeoutMs=1213)
&amp#27;[2m2025-08-15T21:33:15.177+05:30&amp#27;[0;39m &amp#27;[32m INFO&amp#27;[0;39m &amp#27;[35m4750&amp#27;[0;39m &amp#27;[2m---&amp#27;[0;39m &amp#27;[2m[-kit-executor-3]&amp#27;[0;39m &amp#27;[2m&amp#27;[0;39m&amp#27;[36morg.apache.kafka.raft.QuorumState       &amp#27;[0;39m &amp#27;[2m:&amp#27;[0;39m [RaftManager id=0] Completed transition to Leader(localId=0, epoch=1, epochStartOffset=0, highWatermark=Optional.empty, voterStates={0=ReplicaState(nodeId=0, endOffset=Optional.empty, lastFetchTimestamp=-1, lastCaughtUpTimestamp=-1, hasAcknowledgedLeader=true)}) from CandidateState(localId=0, epoch=1, retries=1, voteStates={0=GRANTED}, highWatermark=Optional.empty, electionTimeoutMs=1388)
&amp#27;[2m2025-08-15T21:33:15.204+05:30&amp#27;[0;39m &amp#27;[32m INFO&amp#27;[0;39m &amp#27;[35m4750&amp#27;[0;39m &amp#27;[2m---&amp#27;[0;39m &amp#27;[2m[-kit-executor-2]&amp#27;[0;39m &amp#27;[2m&amp#27;[0;39m&amp#27;[36mkafka.network.ConnectionQuotas          &amp#27;[0;39m &amp#27;[2m:&amp#27;[0;39m Updated connection-accept-rate max connection creation rate to 2147483647
&amp#27;[2m2025-08-15T21:33:15.216+05:30&amp#27;[0;39m &amp#27;[32m INFO&amp#27;[0;39m &amp#27;[35m4750&amp#27;[0;39m &amp#27;[2m---&amp#27;[0;39m &amp#27;[2m[-kit-executor-2]&amp#27;[0;39m &amp#27;[2m&amp#27;[0;39m&amp#27;[36mkafka.network.DataPlaneAcceptor         &amp#27;[0;39m &amp#27;[2m:&amp#27;[0;39m Awaiting socket connections on localhost:54127.
&amp#27;[2m2025-08-15T21:33:15.216+05:30&amp#27;[0;39m &amp#27;[32m INFO&amp#27;[0;39m &amp#27;[35m4750&amp#27;[0;39m &amp#27;[2m---&amp#27;[0;39m &amp#27;[2m[-kit-executor-2]&amp#27;[0;39m &amp#27;[2m&amp#27;[0;39m&amp#27;[36mkafka.network.DataPlaneAcceptor         &amp#27;[0;39m &amp#27;[2m:&amp#27;[0;39m Opened wildcard endpoint localhost:54127
&amp#27;[2m2025-08-15T21:33:15.222+05:30&amp#27;[0;39m &amp#27;[32m INFO&amp#27;[0;39m &amp#27;[35m4750&amp#27;[0;39m &amp#27;[2m---&amp#27;[0;39m &amp#27;[2m[-kit-executor-2]&amp#27;[0;39m &amp#27;[2m&amp#27;[0;39m&amp#27;[36mkafka.network.SocketServer              &amp#27;[0;39m &amp#27;[2m:&amp#27;[0;39m [SocketServer listenerType=CONTROLLER, nodeId=0] Created data-plane acceptor and processors for endpoint : ListenerName(CONTROLLER)
&amp#27;[2m2025-08-15T21:33:15.224+05:30&amp#27;[0;39m &amp#27;[32m INFO&amp#27;[0;39m &amp#27;[35m4750&amp#27;[0;39m &amp#27;[2m---&amp#27;[0;39m &amp#27;[2m[-request-thread]&amp#27;[0;39m &amp#27;[2m&amp#27;[0;39m&amp#27;[36mkafka.raft.RaftSendThread               &amp#27;[0;39m &amp#27;[2m:&amp#27;[0;39m [kafka-0-raft-outbound-request-thread]: Starting
&amp#27;[2m2025-08-15T21:33:15.224+05:30&amp#27;[0;39m &amp#27;[32m INFO&amp#27;[0;39m &amp#27;[35m4750&amp#27;[0;39m &amp#27;[2m---&amp#27;[0;39m &amp#27;[2m[-raft-io-thread]&amp#27;[0;39m &amp#27;[2m&amp#27;[0;39m&amp#27;[36mk.raft.KafkaRaftManager$RaftIoThread    &amp#27;[0;39m &amp#27;[2m:&amp#27;[0;39m [kafka-0-raft-io-thread]: Starting
&amp#27;[2m2025-08-15T21:33:15.229+05:30&amp#27;[0;39m &amp#27;[32m INFO&amp#27;[0;39m &amp#27;[35m4750&amp#27;[0;39m &amp#27;[2m---&amp#27;[0;39m &amp#27;[2m[-raft-io-thread]&amp#27;[0;39m &amp#27;[2m&amp#27;[0;39m&amp#27;[36morg.apache.kafka.raft.LeaderState       &amp#27;[0;39m &amp#27;[2m:&amp#27;[0;39m [RaftManager id=0] High watermark set to LogOffsetMetadata(offset=1, metadata=Optional[(segmentBaseOffset=0,relativePositionInSegment=91)]) for the first time for epoch 1 based on indexOfHw 0 and voters [ReplicaState(nodeId=0, endOffset=Optional[LogOffsetMetadata(offset=1, metadata=Optional[(segmentBaseOffset=0,relativePositionInSegment=91)])], lastFetchTimestamp=-1, lastCaughtUpTimestamp=-1, hasAcknowledgedLeader=true)]
&amp#27;[2m2025-08-15T21:33:15.231+05:30&amp#27;[0;39m &amp#27;[32m INFO&amp#27;[0;39m &amp#27;[35m4750&amp#27;[0;39m &amp#27;[2m---&amp#27;[0;39m &amp#27;[2m[r-event-handler]&amp#27;[0;39m &amp#27;[2m&amp#27;[0;39m&amp#27;[36mo.a.kafka.image.loader.MetadataLoader   &amp#27;[0;39m &amp#27;[2m:&amp#27;[0;39m [MetadataLoader id=0] initializeNewPublishers: The loader is still catching up because we have loaded up to offset -1, but the high water mark is 1
&amp#27;[2m2025-08-15T21:33:15.231+05:30&amp#27;[0;39m &amp#27;[32m INFO&amp#27;[0;39m &amp#27;[35m4750&amp#27;[0;39m &amp#27;[2m---&amp#27;[0;39m &amp#27;[2m[-kit-executor-3]&amp#27;[0;39m &amp#27;[2m&amp#27;[0;39m&amp#27;[36mkafka.server.BrokerServer               &amp#27;[0;39m &amp#27;[2m:&amp#27;[0;39m [BrokerServer id=0] Starting broker
&amp#27;[2m2025-08-15T21:33:15.232+05:30&amp#27;[0;39m &amp#27;[32m INFO&amp#27;[0;39m &amp#27;[35m4750&amp#27;[0;39m &amp#27;[2m---&amp#27;[0;39m &amp#27;[2m[-kit-executor-2]&amp#27;[0;39m &amp#27;[2m&amp#27;[0;39m&amp#27;[36mkafka.server.ControllerServer           &amp#27;[0;39m &amp#27;[2m:&amp#27;[0;39m [ControllerServer id=0] Waiting for controller quorum voters future
&amp#27;[2m2025-08-15T21:33:15.232+05:30&amp#27;[0;39m &amp#27;[32m INFO&amp#27;[0;39m &amp#27;[35m4750&amp#27;[0;39m &amp#27;[2m---&amp#27;[0;39m &amp#27;[2m[-kit-executor-2]&amp#27;[0;39m &amp#27;[2m&amp#27;[0;39m&amp#27;[36mkafka.server.ControllerServer           &amp#27;[0;39m &amp#27;[2m:&amp#27;[0;39m [ControllerServer id=0] Finished waiting for controller quorum voters future
&amp#27;[2m2025-08-15T21:33:15.237+05:30&amp#27;[0;39m &amp#27;[32m INFO&amp#27;[0;39m &amp#27;[35m4750&amp#27;[0;39m &amp#27;[2m---&amp#27;[0;39m &amp#27;[2m[-raft-io-thread]&amp#27;[0;39m &amp#27;[2m&amp#27;[0;39m&amp#27;[36morg.apache.kafka.raft.KafkaRaftClient   &amp#27;[0;39m &amp#27;[2m:&amp#27;[0;39m [RaftManager id=0] Registered the listener org.apache.kafka.image.loader.MetadataLoader@2057115189
&amp#27;[2m2025-08-15T21:33:15.240+05:30&amp#27;[0;39m &amp#27;[32m INFO&amp#27;[0;39m &amp#27;[35m4750&amp#27;[0;39m &amp#27;[2m---&amp#27;[0;39m &amp#27;[2m[nelReaper-Fetch]&amp#27;[0;39m &amp#27;[2m&amp#27;[0;39m&amp#27;[36mlientQuotaManager$ThrottledChannelReaper&amp#27;[0;39m &amp#27;[2m:&amp#27;[0;39m [broker-0-ThrottledChannelReaper-Fetch]: Starting
&amp#27;[2m2025-08-15T21:33:15.241+05:30&amp#27;[0;39m &amp#27;[32m INFO&amp#27;[0;39m &amp#27;[35m4750&amp#27;[0;39m &amp#27;[2m---&amp#27;[0;39m &amp#27;[2m[lReaper-Produce]&amp#27;[0;39m &amp#27;[2m&amp#27;[0;39m&amp#27;[36mlientQuotaManager$ThrottledChannelReaper&amp#27;[0;39m &amp#27;[2m:&amp#27;[0;39m [broker-0-ThrottledChannelReaper-Produce]: Starting
&amp#27;[2m2025-08-15T21:33:15.241+05:30&amp#27;[0;39m &amp#27;[32m INFO&amp#27;[0;39m &amp#27;[35m4750&amp#27;[0;39m &amp#27;[2m---&amp#27;[0;39m &amp#27;[2m[lReaper-Request]&amp#27;[0;39m &amp#27;[2m&amp#27;[0;39m&amp#27;[36mlientQuotaManager$ThrottledChannelReaper&amp#27;[0;39m &amp#27;[2m:&amp#27;[0;39m [broker-0-ThrottledChannelReaper-Request]: Starting
&amp#27;[2m2025-08-15T21:33:15.242+05:30&amp#27;[0;39m &amp#27;[32m INFO&amp#27;[0;39m &amp#27;[35m4750&amp#27;[0;39m &amp#27;[2m---&amp#27;[0;39m &amp#27;[2m[r-event-handler]&amp#27;[0;39m &amp#27;[2m&amp#27;[0;39m&amp#27;[36mo.a.kafka.image.loader.MetadataLoader   &amp#27;[0;39m &amp#27;[2m:&amp#27;[0;39m [MetadataLoader id=0] maybePublishMetadata(LOG_DELTA): The loader is still catching up because we have not loaded a controller record as of offset 0 and high water mark is 1
&amp#27;[2m2025-08-15T21:33:15.242+05:30&amp#27;[0;39m &amp#27;[32m INFO&amp#27;[0;39m &amp#27;[35m4750&amp#27;[0;39m &amp#27;[2m---&amp#27;[0;39m &amp#27;[2m[trollerMutation]&amp#27;[0;39m &amp#27;[2m&amp#27;[0;39m&amp#27;[36mlientQuotaManager$ThrottledChannelReaper&amp#27;[0;39m &amp#27;[2m:&amp#27;[0;39m [broker-0-ThrottledChannelReaper-ControllerMutation]: Starting
&amp#27;[2m2025-08-15T21:33:15.245+05:30&amp#27;[0;39m &amp#27;[32m INFO&amp#27;[0;39m &amp#27;[35m4750&amp#27;[0;39m &amp#27;[2m---&amp#27;[0;39m &amp#27;[2m[-kit-executor-2]&amp#27;[0;39m &amp#27;[2m&amp#27;[0;39m&amp#27;[36mo.a.kafka.controller.QuorumController   &amp#27;[0;39m &amp#27;[2m:&amp#27;[0;39m [QuorumController id=0] Creating new QuorumController with clusterId 13-hd41rSTOrrzXq3azDuQ.
&amp#27;[2m2025-08-15T21:33:15.245+05:30&amp#27;[0;39m &amp#27;[32m INFO&amp#27;[0;39m &amp#27;[35m4750&amp#27;[0;39m &amp#27;[2m---&amp#27;[0;39m &amp#27;[2m[nelReaper-Fetch]&amp#27;[0;39m &amp#27;[2m&amp#27;[0;39m&amp#27;[36mlientQuotaManager$ThrottledChannelReaper&amp#27;[0;39m &amp#27;[2m:&amp#27;[0;39m [controller-0-ThrottledChannelReaper-Fetch]: Starting
&amp#27;[2m2025-08-15T21:33:15.245+05:30&amp#27;[0;39m &amp#27;[32m INFO&amp#27;[0;39m &amp#27;[35m4750&amp#27;[0;39m &amp#27;[2m---&amp#27;[0;39m &amp#27;[2m[-raft-io-thread]&amp#27;[0;39m &amp#27;[2m&amp#27;[0;39m&amp#27;[36morg.apache.kafka.raft.KafkaRaftClient   &amp#27;[0;39m &amp#27;[2m:&amp#27;[0;39m [RaftManager id=0] Registered the listener org.apache.kafka.controller.QuorumController$QuorumMetaLogListener@2084888316
&amp#27;[2m2025-08-15T21:33:15.245+05:30&amp#27;[0;39m &amp#27;[32m INFO&amp#27;[0;39m &amp#27;[35m4750&amp#27;[0;39m &amp#27;[2m---&amp#27;[0;39m &amp#27;[2m[lReaper-Produce]&amp#27;[0;39m &amp#27;[2m&amp#27;[0;39m&amp#27;[36mlientQuotaManager$ThrottledChannelReaper&amp#27;[0;39m &amp#27;[2m:&amp#27;[0;39m [controller-0-ThrottledChannelReaper-Produce]: Starting
&amp#27;[2m2025-08-15T21:33:15.245+05:30&amp#27;[0;39m &amp#27;[32m INFO&amp#27;[0;39m &amp#27;[35m4750&amp#27;[0;39m &amp#27;[2m---&amp#27;[0;39m &amp#27;[2m[lReaper-Request]&amp#27;[0;39m &amp#27;[2m&amp#27;[0;39m&amp#27;[36mlientQuotaManager$ThrottledChannelReaper&amp#27;[0;39m &amp#27;[2m:&amp#27;[0;39m [controller-0-ThrottledChannelReaper-Request]: Starting
&amp#27;[2m2025-08-15T21:33:15.245+05:30&amp#27;[0;39m &amp#27;[32m INFO&amp#27;[0;39m &amp#27;[35m4750&amp#27;[0;39m &amp#27;[2m---&amp#27;[0;39m &amp#27;[2m[trollerMutation]&amp#27;[0;39m &amp#27;[2m&amp#27;[0;39m&amp#27;[36mlientQuotaManager$ThrottledChannelReaper&amp#27;[0;39m &amp#27;[2m:&amp#27;[0;39m [controller-0-ThrottledChannelReaper-ControllerMutation]: Starting
&amp#27;[2m2025-08-15T21:33:15.247+05:30&amp#27;[0;39m &amp#27;[32m INFO&amp#27;[0;39m &amp#27;[35m4750&amp#27;[0;39m &amp#27;[2m---&amp#27;[0;39m &amp#27;[2m[0-event-handler]&amp#27;[0;39m &amp#27;[2m&amp#27;[0;39m&amp#27;[36mo.a.kafka.controller.QuorumController   &amp#27;[0;39m &amp#27;[2m:&amp#27;[0;39m [QuorumController id=0] Becoming the active controller at epoch 1, next write offset 1.
&amp#27;[2m2025-08-15T21:33:15.248+05:30&amp#27;[0;39m &amp#27;[32m INFO&amp#27;[0;39m &amp#27;[35m4750&amp#27;[0;39m &amp#27;[2m---&amp#27;[0;39m &amp#27;[2m[-kit-executor-3]&amp#27;[0;39m &amp#27;[2m&amp#27;[0;39m&amp#27;[36mkafka.log.LogManager                    &amp#27;[0;39m &amp#27;[2m:&amp#27;[0;39m Log directory /var/folders/yt/8yxf8rd12tscf0qk7fmq7n_m0000gn/T/kafka-14683256353376918148/broker_0_data0 not found, creating it.
&amp#27;[2m2025-08-15T21:33:15.249+05:30&amp#27;[0;39m &amp#27;[33m WARN&amp#27;[0;39m &amp#27;[35m4750&amp#27;[0;39m &amp#27;[2m---&amp#27;[0;39m &amp#27;[2m[0-event-handler]&amp#27;[0;39m &amp#27;[2m&amp#27;[0;39m&amp#27;[36mo.a.kafka.controller.QuorumController   &amp#27;[0;39m &amp#27;[2m:&amp#27;[0;39m [QuorumController id=0] Performing controller activation. The metadata log appears to be empty. Appending 1 bootstrap record(s) in metadata transaction at metadata.version 3.6-IV2 from bootstrap source 'testkit'. Setting the ZK migration state to NONE since this is a de-novo KRaft cluster.
&amp#27;[2m2025-08-15T21:33:15.249+05:30&amp#27;[0;39m &amp#27;[32m INFO&amp#27;[0;39m &amp#27;[35m4750&amp#27;[0;39m &amp#27;[2m---&amp#27;[0;39m &amp#27;[2m[0-event-handler]&amp#27;[0;39m &amp#27;[2m&amp#27;[0;39m&amp#27;[36mo.a.k.controller.OffsetControlManager   &amp#27;[0;39m &amp#27;[2m:&amp#27;[0;39m [QuorumController id=0] Replayed BeginTransactionRecord(name='Bootstrap records') at offset 1.
&amp#27;[2m2025-08-15T21:33:15.249+05:30&amp#27;[0;39m &amp#27;[32m INFO&amp#27;[0;39m &amp#27;[35m4750&amp#27;[0;39m &amp#27;[2m---&amp#27;[0;39m &amp#27;[2m[0-event-handler]&amp#27;[0;39m &amp#27;[2m&amp#27;[0;39m&amp#27;[36mo.a.k.controller.FeatureControlManager  &amp#27;[0;39m &amp#27;[2m:&amp#27;[0;39m [QuorumController id=0] Replayed a FeatureLevelRecord setting metadata version to 3.6-IV2
&amp#27;[2m2025-08-15T21:33:15.250+05:30&amp#27;[0;39m &amp#27;[32m INFO&amp#27;[0;39m &amp#27;[35m4750&amp#27;[0;39m &amp#27;[2m---&amp#27;[0;39m &amp#27;[2m[0-event-handler]&amp#27;[0;39m &amp#27;[2m&amp#27;[0;39m&amp#27;[36mo.a.k.controller.OffsetControlManager   &amp#27;[0;39m &amp#27;[2m:&amp#27;[0;39m [QuorumController id=0] Replayed EndTransactionRecord() at offset 4.
&amp#27;[2m2025-08-15T21:33:15.252+05:30&amp#27;[0;39m &amp#27;[32m INFO&amp#27;[0;39m &amp#27;[35m4750&amp#27;[0;39m &amp#27;[2m---&amp#27;[0;39m &amp#27;[2m[per-0-AlterAcls]&amp#27;[0;39m &amp#27;[2m&amp#27;[0;39m&amp#27;[36mperationPurgatory$ExpiredOperationReaper&amp#27;[0;39m &amp#27;[2m:&amp#27;[0;39m [ExpirationReaper-0-AlterAcls]: Starting
&amp#27;[2m2025-08-15T21:33:15.254+05:30&amp#27;[0;39m &amp#27;[32m INFO&amp#27;[0;39m &amp#27;[35m4750&amp#27;[0;39m &amp#27;[2m---&amp#27;[0;39m &amp#27;[2m[-kit-executor-3]&amp#27;[0;39m &amp#27;[2m&amp#27;[0;39m&amp#27;[36mkafka.server.BrokerServer               &amp#27;[0;39m &amp#27;[2m:&amp#27;[0;39m [BrokerServer id=0] Waiting for controller quorum voters future
&amp#27;[2m2025-08-15T21:33:15.254+05:30&amp#27;[0;39m &amp#27;[32m INFO&amp#27;[0;39m &amp#27;[35m4750&amp#27;[0;39m &amp#27;[2m---&amp#27;[0;39m &amp#27;[2m[-kit-executor-3]&amp#27;[0;39m &amp#27;[2m&amp#27;[0;39m&amp#27;[36mkafka.server.BrokerServer               &amp#27;[0;39m &amp#27;[2m:&amp#27;[0;39m [BrokerServer id=0] Finished waiting for controller quorum voters future
&amp#27;[2m2025-08-15T21:33:15.255+05:30&amp#27;[0;39m &amp#27;[32m INFO&amp#27;[0;39m &amp#27;[35m4750&amp#27;[0;39m &amp#27;[2m---&amp#27;[0;39m &amp#27;[2m[-kit-executor-2]&amp#27;[0;39m &amp#27;[2m&amp#27;[0;39m&amp#27;[36mkafka.server.ControllerServer           &amp#27;[0;39m &amp#27;[2m:&amp#27;[0;39m [ControllerServer id=0] Waiting for the controller metadata publishers to be installed
&amp#27;[2m2025-08-15T21:33:15.255+05:30&amp#27;[0;39m &amp#27;[32m INFO&amp#27;[0;39m &amp#27;[35m4750&amp#27;[0;39m &amp#27;[2m---&amp#27;[0;39m &amp#27;[2m[r-event-handler]&amp#27;[0;39m &amp#27;[2m&amp#27;[0;39m&amp#27;[36mo.a.kafka.image.loader.MetadataLoader   &amp#27;[0;39m &amp#27;[2m:&amp#27;[0;39m [MetadataLoader id=0] initializeNewPublishers: The loader finished catching up to the current high water mark of 1
&amp#27;[2m2025-08-15T21:33:15.255+05:30&amp#27;[0;39m &amp#27;[32m INFO&amp#27;[0;39m &amp#27;[35m4750&amp#27;[0;39m &amp#27;[2m---&amp#27;[0;39m &amp#27;[2m[-kit-executor-2]&amp#27;[0;39m &amp#27;[2m&amp#27;[0;39m&amp#27;[36mkafka.server.ControllerServer           &amp#27;[0;39m &amp#27;[2m:&amp#27;[0;39m [ControllerServer id=0] Finished waiting for the controller metadata publishers to be installed
&amp#27;[2m2025-08-15T21:33:15.256+05:30&amp#27;[0;39m &amp#27;[32m INFO&amp#27;[0;39m &amp#27;[35m4750&amp#27;[0;39m &amp#27;[2m---&amp#27;[0;39m &amp#27;[2m[-kit-executor-2]&amp#27;[0;39m &amp#27;[2m&amp#27;[0;39m&amp#27;[36mkafka.network.SocketServer              &amp#27;[0;39m &amp#27;[2m:&amp#27;[0;39m [SocketServer listenerType=CONTROLLER, nodeId=0] Enabling request processing.
&amp#27;[2m2025-08-15T21:33:15.256+05:30&amp#27;[0;39m &amp#27;[32m INFO&amp#27;[0;39m &amp#27;[35m4750&amp#27;[0;39m &amp#27;[2m---&amp#27;[0;39m &amp#27;[2m[channel-manager]&amp#27;[0;39m &amp#27;[2m&amp#27;[0;39m&amp#27;[36mk.s.BrokerToControllerRequestThread     &amp#27;[0;39m &amp#27;[2m:&amp#27;[0;39m [broker-0-to-controller-forwarding-channel-manager]: Starting
&amp#27;[2m2025-08-15T21:33:15.257+05:30&amp#27;[0;39m &amp#27;[32m INFO&amp#27;[0;39m &amp#27;[35m4750&amp#27;[0;39m &amp#27;[2m---&amp#27;[0;39m &amp#27;[2m[channel-manager]&amp#27;[0;39m &amp#27;[2m&amp#27;[0;39m&amp#27;[36mk.s.BrokerToControllerRequestThread     &amp#27;[0;39m &amp#27;[2m:&amp#27;[0;39m [broker-0-to-controller-forwarding-channel-manager]: Recorded new controller, from now on will use node localhost:54127 (id: 0 rack: null)
&amp#27;[2m2025-08-15T21:33:15.258+05:30&amp#27;[0;39m &amp#27;[32m INFO&amp#27;[0;39m &amp#27;[35m4750&amp#27;[0;39m &amp#27;[2m---&amp#27;[0;39m &amp#27;[2m[r-event-handler]&amp#27;[0;39m &amp#27;[2m&amp#27;[0;39m&amp#27;[36mo.a.kafka.image.loader.MetadataLoader   &amp#27;[0;39m &amp#27;[2m:&amp#27;[0;39m [MetadataLoader id=0] InitializeNewPublishers: initializing SnapshotGenerator with a snapshot at offset 0
&amp#27;[2m2025-08-15T21:33:15.258+05:30&amp#27;[0;39m &amp#27;[32m INFO&amp#27;[0;39m &amp#27;[35m4750&amp#27;[0;39m &amp#27;[2m---&amp#27;[0;39m &amp#27;[2m[-kit-executor-2]&amp#27;[0;39m &amp#27;[2m&amp#27;[0;39m&amp#27;[36mkafka.server.ControllerServer           &amp#27;[0;39m &amp#27;[2m:&amp#27;[0;39m [ControllerServer id=0] Waiting for all of the authorizer futures to be completed
&amp#27;[2m2025-08-15T21:33:15.258+05:30&amp#27;[0;39m &amp#27;[32m INFO&amp#27;[0;39m &amp#27;[35m4750&amp#27;[0;39m &amp#27;[2m---&amp#27;[0;39m &amp#27;[2m[-kit-executor-2]&amp#27;[0;39m &amp#27;[2m&amp#27;[0;39m&amp#27;[36mkafka.server.ControllerServer           &amp#27;[0;39m &amp#27;[2m:&amp#27;[0;39m [ControllerServer id=0] Finished waiting for all of the authorizer futures to be completed
&amp#27;[2m2025-08-15T21:33:15.258+05:30&amp#27;[0;39m &amp#27;[32m INFO&amp#27;[0;39m &amp#27;[35m4750&amp#27;[0;39m &amp#27;[2m---&amp#27;[0;39m &amp#27;[2m[r-event-handler]&amp#27;[0;39m &amp#27;[2m&amp#27;[0;39m&amp#27;[36mo.a.kafka.image.loader.MetadataLoader   &amp#27;[0;39m &amp#27;[2m:&amp#27;[0;39m [MetadataLoader id=0] InitializeNewPublishers: initializing FeaturesPublisher with a snapshot at offset 0
&amp#27;[2m2025-08-15T21:33:15.258+05:30&amp#27;[0;39m &amp#27;[32m INFO&amp#27;[0;39m &amp#27;[35m4750&amp#27;[0;39m &amp#27;[2m---&amp#27;[0;39m &amp#27;[2m[-kit-executor-2]&amp#27;[0;39m &amp#27;[2m&amp#27;[0;39m&amp#27;[36mkafka.server.ControllerServer           &amp#27;[0;39m &amp#27;[2m:&amp#27;[0;39m [ControllerServer id=0] Waiting for all of the SocketServer Acceptors to be started
&amp#27;[2m2025-08-15T21:33:15.258+05:30&amp#27;[0;39m &amp#27;[32m INFO&amp#27;[0;39m &amp#27;[35m4750&amp#27;[0;39m &amp#27;[2m---&amp#27;[0;39m &amp#27;[2m[r-event-handler]&amp#27;[0;39m &amp#27;[2m&amp#27;[0;39m&amp#27;[36mo.a.kafka.image.loader.MetadataLoader   &amp#27;[0;39m &amp#27;[2m:&amp#27;[0;39m [MetadataLoader id=0] InitializeNewPublishers: initializing DynamicConfigPublisher controller id=0 with a snapshot at offset 0
&amp#27;[2m2025-08-15T21:33:15.258+05:30&amp#27;[0;39m &amp#27;[32m INFO&amp#27;[0;39m &amp#27;[35m4750&amp#27;[0;39m &amp#27;[2m---&amp#27;[0;39m &amp#27;[2m[-kit-executor-2]&amp#27;[0;39m &amp#27;[2m&amp#27;[0;39m&amp#27;[36mkafka.server.ControllerServer           &amp#27;[0;39m &amp#27;[2m:&amp#27;[0;39m [ControllerServer id=0] Finished waiting for all of the SocketServer Acceptors to be started
&amp#27;[2m2025-08-15T21:33:15.259+05:30&amp#27;[0;39m &amp#27;[32m INFO&amp#27;[0;39m &amp#27;[35m4750&amp#27;[0;39m &amp#27;[2m---&amp#27;[0;39m &amp#27;[2m[r-event-handler]&amp#27;[0;39m &amp#27;[2m&amp#27;[0;39m&amp#27;[36mo.a.kafka.image.loader.MetadataLoader   &amp#27;[0;39m &amp#27;[2m:&amp#27;[0;39m [MetadataLoader id=0] InitializeNewPublishers: initializing DynamicClientQuotaPublisher controller id=0 with a snapshot at offset 0
&amp#27;[2m2025-08-15T21:33:15.259+05:30&amp#27;[0;39m &amp#27;[32m INFO&amp#27;[0;39m &amp#27;[35m4750&amp#27;[0;39m &amp#27;[2m---&amp#27;[0;39m &amp#27;[2m[r-event-handler]&amp#27;[0;39m &amp#27;[2m&amp#27;[0;39m&amp#27;[36mo.a.kafka.image.loader.MetadataLoader   &amp#27;[0;39m &amp#27;[2m:&amp#27;[0;39m [MetadataLoader id=0] InitializeNewPublishers: initializing ScramPublisher controller id=0 with a snapshot at offset 0
&amp#27;[2m2025-08-15T21:33:15.259+05:30&amp#27;[0;39m &amp#27;[32m INFO&amp#27;[0;39m &amp#27;[35m4750&amp#27;[0;39m &amp#27;[2m---&amp#27;[0;39m &amp#27;[2m[r-event-handler]&amp#27;[0;39m &amp#27;[2m&amp#27;[0;39m&amp#27;[36mo.a.kafka.image.loader.MetadataLoader   &amp#27;[0;39m &amp#27;[2m:&amp#27;[0;39m [MetadataLoader id=0] InitializeNewPublishers: initializing DelegationTokenPublisher controller id=0 with a snapshot at offset 0
&amp#27;[2m2025-08-15T21:33:15.260+05:30&amp#27;[0;39m &amp#27;[32m INFO&amp#27;[0;39m &amp#27;[35m4750&amp#27;[0;39m &amp#27;[2m---&amp#27;[0;39m &amp#27;[2m[r-event-handler]&amp#27;[0;39m &amp#27;[2m&amp#27;[0;39m&amp#27;[36mo.a.kafka.image.loader.MetadataLoader   &amp#27;[0;39m &amp#27;[2m:&amp#27;[0;39m [MetadataLoader id=0] InitializeNewPublishers: initializing ControllerMetadataMetricsPublisher with a snapshot at offset 0
&amp#27;[2m2025-08-15T21:33:15.260+05:30&amp#27;[0;39m &amp#27;[32m INFO&amp#27;[0;39m &amp#27;[35m4750&amp#27;[0;39m &amp#27;[2m---&amp#27;[0;39m &amp#27;[2m[r-event-handler]&amp#27;[0;39m &amp#27;[2m&amp#27;[0;39m&amp#27;[36mo.a.kafka.image.loader.MetadataLoader   &amp#27;[0;39m &amp#27;[2m:&amp#27;[0;39m [MetadataLoader id=0] InitializeNewPublishers: initializing AclPublisher controller id=0 with a snapshot at offset 0
&amp#27;[2m2025-08-15T21:33:15.266+05:30&amp#27;[0;39m &amp#27;[32m INFO&amp#27;[0;39m &amp#27;[35m4750&amp#27;[0;39m &amp#27;[2m---&amp#27;[0;39m &amp#27;[2m[-kit-executor-3]&amp#27;[0;39m &amp#27;[2m&amp#27;[0;39m&amp#27;[36mkafka.network.ConnectionQuotas          &amp#27;[0;39m &amp#27;[2m:&amp#27;[0;39m Updated connection-accept-rate max connection creation rate to 2147483647
&amp#27;[2m2025-08-15T21:33:15.267+05:30&amp#27;[0;39m &amp#27;[32m INFO&amp#27;[0;39m &amp#27;[35m4750&amp#27;[0;39m &amp#27;[2m---&amp#27;[0;39m &amp#27;[2m[-kit-executor-3]&amp#27;[0;39m &amp#27;[2m&amp#27;[0;39m&amp#27;[36mkafka.network.DataPlaneAcceptor         &amp#27;[0;39m &amp#27;[2m:&amp#27;[0;39m Awaiting socket connections on localhost:54128.
&amp#27;[2m2025-08-15T21:33:15.267+05:30&amp#27;[0;39m &amp#27;[32m INFO&amp#27;[0;39m &amp#27;[35m4750&amp#27;[0;39m &amp#27;[2m---&amp#27;[0;39m &amp#27;[2m[-kit-executor-3]&amp#27;[0;39m &amp#27;[2m&amp#27;[0;39m&amp#27;[36mkafka.network.DataPlaneAcceptor         &amp#27;[0;39m &amp#27;[2m:&amp#27;[0;39m Opened wildcard endpoint localhost:54128
&amp#27;[2m2025-08-15T21:33:15.271+05:30&amp#27;[0;39m &amp#27;[32m INFO&amp#27;[0;39m &amp#27;[35m4750&amp#27;[0;39m &amp#27;[2m---&amp#27;[0;39m &amp#27;[2m[-kit-executor-3]&amp#27;[0;39m &amp#27;[2m&amp#27;[0;39m&amp#27;[36mkafka.network.SocketServer              &amp#27;[0;39m &amp#27;[2m:&amp#27;[0;39m [SocketServer listenerType=BROKER, nodeId=0] Created data-plane acceptor and processors for endpoint : ListenerName(EXTERNAL)
&amp#27;[2m2025-08-15T21:33:15.273+05:30&amp#27;[0;39m &amp#27;[32m INFO&amp#27;[0;39m &amp#27;[35m4750&amp#27;[0;39m &amp#27;[2m---&amp#27;[0;39m &amp#27;[2m[channel-manager]&amp#27;[0;39m &amp#27;[2m&amp#27;[0;39m&amp#27;[36mk.s.BrokerToControllerRequestThread     &amp#27;[0;39m &amp#27;[2m:&amp#27;[0;39m [broker-0-to-controller-alter-partition-channel-manager]: Starting
&amp#27;[2m2025-08-15T21:33:15.273+05:30&amp#27;[0;39m &amp#27;[32m INFO&amp#27;[0;39m &amp#27;[35m4750&amp#27;[0;39m &amp#27;[2m---&amp#27;[0;39m &amp#27;[2m[channel-manager]&amp#27;[0;39m &amp#27;[2m&amp#27;[0;39m&amp#27;[36mk.s.BrokerToControllerRequestThread     &amp#27;[0;39m &amp#27;[2m:&amp#27;[0;39m [broker-0-to-controller-alter-partition-channel-manager]: Recorded new controller, from now on will use node localhost:54127 (id: 0 rack: null)
&amp#27;[2m2025-08-15T21:33:15.280+05:30&amp#27;[0;39m &amp#27;[32m INFO&amp#27;[0;39m &amp#27;[35m4750&amp#27;[0;39m &amp#27;[2m---&amp#27;[0;39m &amp#27;[2m[eaper-0-Produce]&amp#27;[0;39m &amp#27;[2m&amp#27;[0;39m&amp#27;[36mperationPurgatory$ExpiredOperationReaper&amp#27;[0;39m &amp#27;[2m:&amp#27;[0;39m [ExpirationReaper-0-Produce]: Starting
&amp#27;[2m2025-08-15T21:33:15.280+05:30&amp#27;[0;39m &amp#27;[32m INFO&amp#27;[0;39m &amp#27;[35m4750&amp#27;[0;39m &amp#27;[2m---&amp#27;[0;39m &amp#27;[2m[nReaper-0-Fetch]&amp#27;[0;39m &amp#27;[2m&amp#27;[0;39m&amp#27;[36mperationPurgatory$ExpiredOperationReaper&amp#27;[0;39m &amp#27;[2m:&amp#27;[0;39m [ExpirationReaper-0-Fetch]: Starting
&amp#27;[2m2025-08-15T21:33:15.280+05:30&amp#27;[0;39m &amp#27;[32m INFO&amp#27;[0;39m &amp#27;[35m4750&amp#27;[0;39m &amp#27;[2m---&amp#27;[0;39m &amp#27;[2m[0-DeleteRecords]&amp#27;[0;39m &amp#27;[2m&amp#27;[0;39m&amp#27;[36mperationPurgatory$ExpiredOperationReaper&amp#27;[0;39m &amp#27;[2m:&amp#27;[0;39m [ExpirationReaper-0-DeleteRecords]: Starting
&amp#27;[2m2025-08-15T21:33:15.280+05:30&amp#27;[0;39m &amp#27;[32m INFO&amp#27;[0;39m &amp#27;[35m4750&amp#27;[0;39m &amp#27;[2m---&amp#27;[0;39m &amp#27;[2m[r-0-ElectLeader]&amp#27;[0;39m &amp#27;[2m&amp#27;[0;39m&amp#27;[36mperationPurgatory$ExpiredOperationReaper&amp#27;[0;39m &amp#27;[2m:&amp#27;[0;39m [ExpirationReaper-0-ElectLeader]: Starting
&amp#27;[2m2025-08-15T21:33:15.281+05:30&amp#27;[0;39m &amp#27;[32m INFO&amp#27;[0;39m &amp#27;[35m4750&amp#27;[0;39m &amp#27;[2m---&amp#27;[0;39m &amp#27;[2m[r-0-RemoteFetch]&amp#27;[0;39m &amp#27;[2m&amp#27;[0;39m&amp#27;[36mperationPurgatory$ExpiredOperationReaper&amp#27;[0;39m &amp#27;[2m:&amp#27;[0;39m [ExpirationReaper-0-RemoteFetch]: Starting
&amp#27;[2m2025-08-15T21:33:15.287+05:30&amp#27;[0;39m &amp#27;[32m INFO&amp#27;[0;39m &amp#27;[35m4750&amp#27;[0;39m &amp#27;[2m---&amp#27;[0;39m &amp#27;[2m[per-0-Heartbeat]&amp#27;[0;39m &amp#27;[2m&amp#27;[0;39m&amp#27;[36mperationPurgatory$ExpiredOperationReaper&amp#27;[0;39m &amp#27;[2m:&amp#27;[0;39m [ExpirationReaper-0-Heartbeat]: Starting
&amp#27;[2m2025-08-15T21:33:15.287+05:30&amp#27;[0;39m &amp#27;[32m INFO&amp#27;[0;39m &amp#27;[35m4750&amp#27;[0;39m &amp#27;[2m---&amp#27;[0;39m &amp#27;[2m[per-0-Rebalance]&amp#27;[0;39m &amp#27;[2m&amp#27;[0;39m&amp#27;[36mperationPurgatory$ExpiredOperationReaper&amp#27;[0;39m &amp#27;[2m:&amp#27;[0;39m [ExpirationReaper-0-Rebalance]: Starting
&amp#27;[2m2025-08-15T21:33:15.300+05:30&amp#27;[0;39m &amp#27;[32m INFO&amp#27;[0;39m &amp#27;[35m4750&amp#27;[0;39m &amp#27;[2m---&amp#27;[0;39m &amp#27;[2m[channel-manager]&amp#27;[0;39m &amp#27;[2m&amp#27;[0;39m&amp#27;[36mk.s.BrokerToControllerRequestThread     &amp#27;[0;39m &amp#27;[2m:&amp#27;[0;39m [broker-0-to-controller-heartbeat-channel-manager]: Starting
&amp#27;[2m2025-08-15T21:33:15.300+05:30&amp#27;[0;39m &amp#27;[32m INFO&amp#27;[0;39m &amp#27;[35m4750&amp#27;[0;39m &amp#27;[2m---&amp#27;[0;39m &amp#27;[2m[channel-manager]&amp#27;[0;39m &amp#27;[2m&amp#27;[0;39m&amp#27;[36mk.s.BrokerToControllerRequestThread     &amp#27;[0;39m &amp#27;[2m:&amp#27;[0;39m [broker-0-to-controller-heartbeat-channel-manager]: Recorded new controller, from now on will use node localhost:54127 (id: 0 rack: null)
&amp#27;[2m2025-08-15T21:33:15.302+05:30&amp#27;[0;39m &amp#27;[32m INFO&amp#27;[0;39m &amp#27;[35m4750&amp#27;[0;39m &amp#27;[2m---&amp#27;[0;39m &amp#27;[2m[r-event-handler]&amp#27;[0;39m &amp#27;[2m&amp#27;[0;39m&amp#27;[36mkafka.server.BrokerLifecycleManager     &amp#27;[0;39m &amp#27;[2m:&amp#27;[0;39m [BrokerLifecycleManager id=0] Incarnation _96dRZsBQa6KDIiMziojbg of broker 0 in cluster 13-hd41rSTOrrzXq3azDuQ is now STARTING.
&amp#27;[2m2025-08-15T21:33:15.309+05:30&amp#27;[0;39m &amp#27;[32m INFO&amp#27;[0;39m &amp#27;[35m4750&amp#27;[0;39m &amp#27;[2m---&amp#27;[0;39m &amp#27;[2m[per-0-AlterAcls]&amp#27;[0;39m &amp#27;[2m&amp#27;[0;39m&amp#27;[36mperationPurgatory$ExpiredOperationReaper&amp#27;[0;39m &amp#27;[2m:&amp#27;[0;39m [ExpirationReaper-0-AlterAcls]: Starting
&amp#27;[2m2025-08-15T21:33:15.318+05:30&amp#27;[0;39m &amp#27;[32m INFO&amp#27;[0;39m &amp#27;[35m4750&amp#27;[0;39m &amp#27;[2m---&amp#27;[0;39m &amp#27;[2m[-kit-executor-3]&amp#27;[0;39m &amp#27;[2m&amp#27;[0;39m&amp#27;[36mkafka.server.BrokerServer               &amp#27;[0;39m &amp#27;[2m:&amp#27;[0;39m [BrokerServer id=0] Waiting for the broker metadata publishers to be installed
&amp#27;[2m2025-08-15T21:33:15.318+05:30&amp#27;[0;39m &amp#27;[32m INFO&amp#27;[0;39m &amp#27;[35m4750&amp#27;[0;39m &amp#27;[2m---&amp#27;[0;39m &amp#27;[2m[-kit-executor-3]&amp#27;[0;39m &amp#27;[2m&amp#27;[0;39m&amp#27;[36mkafka.server.BrokerServer               &amp#27;[0;39m &amp#27;[2m:&amp#27;[0;39m [BrokerServer id=0] Finished waiting for the broker metadata publishers to be installed
&amp#27;[2m2025-08-15T21:33:15.318+05:30&amp#27;[0;39m &amp#27;[32m INFO&amp#27;[0;39m &amp#27;[35m4750&amp#27;[0;39m &amp#27;[2m---&amp#27;[0;39m &amp#27;[2m[-kit-executor-3]&amp#27;[0;39m &amp#27;[2m&amp#27;[0;39m&amp#27;[36mkafka.server.BrokerServer               &amp#27;[0;39m &amp#27;[2m:&amp#27;[0;39m [BrokerServer id=0] Waiting for the controller to acknowledge that we are caught up
&amp#27;[2m2025-08-15T21:33:15.319+05:30&amp#27;[0;39m &amp#27;[32m INFO&amp#27;[0;39m &amp#27;[35m4750&amp#27;[0;39m &amp#27;[2m---&amp#27;[0;39m &amp#27;[2m[r-event-handler]&amp#27;[0;39m &amp#27;[2m&amp#27;[0;39m&amp#27;[36mo.a.kafka.image.loader.MetadataLoader   &amp#27;[0;39m &amp#27;[2m:&amp#27;[0;39m [MetadataLoader id=0] InitializeNewPublishers: initializing BrokerMetadataPublisher with a snapshot at offset 4
&amp#27;[2m2025-08-15T21:33:15.319+05:30&amp#27;[0;39m &amp#27;[32m INFO&amp#27;[0;39m &amp#27;[35m4750&amp#27;[0;39m &amp#27;[2m---&amp#27;[0;39m &amp#27;[2m[r-event-handler]&amp#27;[0;39m &amp#27;[2m&amp#27;[0;39m&amp#27;[36mk.s.metadata.BrokerMetadataPublisher    &amp#27;[0;39m &amp#27;[2m:&amp#27;[0;39m [BrokerMetadataPublisher id=0] Publishing initial metadata at offset OffsetAndEpoch(offset=4, epoch=1) with metadata.version 3.6-IV2.
&amp#27;[2m2025-08-15T21:33:15.319+05:30&amp#27;[0;39m &amp#27;[32m INFO&amp#27;[0;39m &amp#27;[35m4750&amp#27;[0;39m &amp#27;[2m---&amp#27;[0;39m &amp#27;[2m[r-event-handler]&amp#27;[0;39m &amp#27;[2m&amp#27;[0;39m&amp#27;[36mkafka.log.LogManager                    &amp#27;[0;39m &amp#27;[2m:&amp#27;[0;39m Loading logs from log dirs ArraySeq(/var/folders/yt/8yxf8rd12tscf0qk7fmq7n_m0000gn/T/kafka-14683256353376918148/broker_0_data0)
&amp#27;[2m2025-08-15T21:33:15.321+05:30&amp#27;[0;39m &amp#27;[32m INFO&amp#27;[0;39m &amp#27;[35m4750&amp#27;[0;39m &amp#27;[2m---&amp#27;[0;39m &amp#27;[2m[r-event-handler]&amp#27;[0;39m &amp#27;[2m&amp#27;[0;39m&amp#27;[36mkafka.log.LogManager                    &amp#27;[0;39m &amp#27;[2m:&amp#27;[0;39m No logs found to be loaded in /var/folders/yt/8yxf8rd12tscf0qk7fmq7n_m0000gn/T/kafka-14683256353376918148/broker_0_data0
&amp#27;[2m2025-08-15T21:33:15.323+05:30&amp#27;[0;39m &amp#27;[32m INFO&amp#27;[0;39m &amp#27;[35m4750&amp#27;[0;39m &amp#27;[2m---&amp#27;[0;39m &amp#27;[2m[r-event-handler]&amp#27;[0;39m &amp#27;[2m&amp#27;[0;39m&amp#27;[36mkafka.log.LogManager                    &amp#27;[0;39m &amp#27;[2m:&amp#27;[0;39m Loaded 0 logs in 3ms
&amp#27;[2m2025-08-15T21:33:15.323+05:30&amp#27;[0;39m &amp#27;[32m INFO&amp#27;[0;39m &amp#27;[35m4750&amp#27;[0;39m &amp#27;[2m---&amp#27;[0;39m &amp#27;[2m[r-event-handler]&amp#27;[0;39m &amp#27;[2m&amp#27;[0;39m&amp#27;[36mkafka.log.LogManager                    &amp#27;[0;39m &amp#27;[2m:&amp#27;[0;39m Starting log cleanup with a period of 300000 ms.
&amp#27;[2m2025-08-15T21:33:15.323+05:30&amp#27;[0;39m &amp#27;[32m INFO&amp#27;[0;39m &amp#27;[35m4750&amp#27;[0;39m &amp#27;[2m---&amp#27;[0;39m &amp#27;[2m[r-event-handler]&amp#27;[0;39m &amp#27;[2m&amp#27;[0;39m&amp#27;[36mkafka.log.LogManager                    &amp#27;[0;39m &amp#27;[2m:&amp#27;[0;39m Starting log flusher with a default period of 9223372036854775807 ms.
&amp#27;[2m2025-08-15T21:33:15.327+05:30&amp#27;[0;39m &amp#27;[32m INFO&amp#27;[0;39m &amp#27;[35m4750&amp#27;[0;39m &amp#27;[2m---&amp#27;[0;39m &amp#27;[2m[r-event-handler]&amp#27;[0;39m &amp#27;[2m&amp#27;[0;39m&amp#27;[36mkafka.log.LogCleaner                    &amp#27;[0;39m &amp#27;[2m:&amp#27;[0;39m Starting the log cleaner
&amp#27;[2m2025-08-15T21:33:15.327+05:30&amp#27;[0;39m &amp#27;[32m INFO&amp#27;[0;39m &amp#27;[35m4750&amp#27;[0;39m &amp#27;[2m---&amp#27;[0;39m &amp#27;[2m[0-event-handler]&amp#27;[0;39m &amp#27;[2m&amp#27;[0;39m&amp#27;[36mo.a.k.controller.ClusterControlManager  &amp#27;[0;39m &amp#27;[2m:&amp#27;[0;39m [QuorumController id=0] Replayed initial RegisterBrokerRecord for broker 0: RegisterBrokerRecord(brokerId=0, isMigratingZkBroker=false, incarnationId=_96dRZsBQa6KDIiMziojbg, brokerEpoch=5, endPoints=[BrokerEndpoint(name='EXTERNAL', host='localhost', port=54128, securityProtocol=0)], features=[BrokerFeature(name='metadata.version', minSupportedVersion=1, maxSupportedVersion=14)], rack=null, fenced=true, inControlledShutdown=false)
&amp#27;[2m2025-08-15T21:33:15.329+05:30&amp#27;[0;39m &amp#27;[32m INFO&amp#27;[0;39m &amp#27;[35m4750&amp#27;[0;39m &amp#27;[2m---&amp#27;[0;39m &amp#27;[2m[leaner-thread-0]&amp#27;[0;39m &amp#27;[2m&amp#27;[0;39m&amp#27;[36mkafka.log.LogCleaner$CleanerThread      &amp#27;[0;39m &amp#27;[2m:&amp#27;[0;39m [kafka-log-cleaner-thread-0]: Starting
&amp#27;[2m2025-08-15T21:33:15.330+05:30&amp#27;[0;39m &amp#27;[32m INFO&amp#27;[0;39m &amp#27;[35m4750&amp#27;[0;39m &amp#27;[2m---&amp#27;[0;39m &amp#27;[2m[rFailureHandler]&amp#27;[0;39m &amp#27;[2m&amp#27;[0;39m&amp#27;[36mk.s.ReplicaManager$LogDirFailureHandler &amp#27;[0;39m &amp#27;[2m:&amp#27;[0;39m [LogDirFailureHandler]: Starting
&amp#27;[2m2025-08-15T21:33:15.331+05:30&amp#27;[0;39m &amp#27;[32m INFO&amp#27;[0;39m &amp#27;[35m4750&amp#27;[0;39m &amp#27;[2m---&amp#27;[0;39m &amp#27;[2m[nSenderThread-0]&amp#27;[0;39m &amp#27;[2m&amp#27;[0;39m&amp#27;[36mkafka.server.AddPartitionsToTxnManager  &amp#27;[0;39m &amp#27;[2m:&amp#27;[0;39m [AddPartitionsToTxnSenderThread-0]: Starting
&amp#27;[2m2025-08-15T21:33:15.331+05:30&amp#27;[0;39m &amp#27;[32m INFO&amp#27;[0;39m &amp#27;[35m4750&amp#27;[0;39m &amp#27;[2m---&amp#27;[0;39m &amp#27;[2m[r-event-handler]&amp#27;[0;39m &amp#27;[2m&amp#27;[0;39m&amp#27;[36mk.coordinator.group.GroupCoordinator    &amp#27;[0;39m &amp#27;[2m:&amp#27;[0;39m [GroupCoordinator 0]: Starting up.
&amp#27;[2m2025-08-15T21:33:15.331+05:30&amp#27;[0;39m &amp#27;[32m INFO&amp#27;[0;39m &amp#27;[35m4750&amp#27;[0;39m &amp#27;[2m---&amp#27;[0;39m &amp#27;[2m[r-event-handler]&amp#27;[0;39m &amp#27;[2m&amp#27;[0;39m&amp#27;[36mk.coordinator.group.GroupCoordinator    &amp#27;[0;39m &amp#27;[2m:&amp#27;[0;39m [GroupCoordinator 0]: Startup complete.
&amp#27;[2m2025-08-15T21:33:15.332+05:30&amp#27;[0;39m &amp#27;[32m INFO&amp#27;[0;39m &amp#27;[35m4750&amp#27;[0;39m &amp#27;[2m---&amp#27;[0;39m &amp#27;[2m[r-event-handler]&amp#27;[0;39m &amp#27;[2m&amp#27;[0;39m&amp#27;[36mk.c.transaction.TransactionCoordinator  &amp#27;[0;39m &amp#27;[2m:&amp#27;[0;39m [TransactionCoordinator id=0] Starting up.
&amp#27;[2m2025-08-15T21:33:15.332+05:30&amp#27;[0;39m &amp#27;[32m INFO&amp#27;[0;39m &amp#27;[35m4750&amp#27;[0;39m &amp#27;[2m---&amp#27;[0;39m &amp#27;[2m[rSenderThread-0]&amp#27;[0;39m &amp#27;[2m&amp#27;[0;39m&amp#27;[36mk.c.t.TransactionMarkerChannelManager   &amp#27;[0;39m &amp#27;[2m:&amp#27;[0;39m [TxnMarkerSenderThread-0]: Starting
&amp#27;[2m2025-08-15T21:33:15.332+05:30&amp#27;[0;39m &amp#27;[32m INFO&amp#27;[0;39m &amp#27;[35m4750&amp#27;[0;39m &amp#27;[2m---&amp#27;[0;39m &amp#27;[2m[r-event-handler]&amp#27;[0;39m &amp#27;[2m&amp#27;[0;39m&amp#27;[36mk.c.transaction.TransactionCoordinator  &amp#27;[0;39m &amp#27;[2m:&amp#27;[0;39m [TransactionCoordinator id=0] Startup complete.
&amp#27;[2m2025-08-15T21:33:15.332+05:30&amp#27;[0;39m &amp#27;[32m INFO&amp#27;[0;39m &amp#27;[35m4750&amp#27;[0;39m &amp#27;[2m---&amp#27;[0;39m &amp#27;[2m[r-event-handler]&amp#27;[0;39m &amp#27;[2m&amp#27;[0;39m&amp#27;[36mk.s.metadata.BrokerMetadataPublisher    &amp#27;[0;39m &amp#27;[2m:&amp#27;[0;39m [BrokerMetadataPublisher id=0] Updating metadata.version to 14 at offset OffsetAndEpoch(offset=4, epoch=1).
&amp#27;[2m2025-08-15T21:33:15.357+05:30&amp#27;[0;39m &amp#27;[32m INFO&amp#27;[0;39m &amp#27;[35m4750&amp#27;[0;39m &amp#27;[2m---&amp#27;[0;39m &amp#27;[2m[channel-manager]&amp#27;[0;39m &amp#27;[2m&amp#27;[0;39m&amp#27;[36mkafka.server.BrokerLifecycleManager     &amp#27;[0;39m &amp#27;[2m:&amp#27;[0;39m [BrokerLifecycleManager id=0] Successfully registered broker 0 with broker epoch 5
&amp#27;[2m2025-08-15T21:33:15.359+05:30&amp#27;[0;39m &amp#27;[32m INFO&amp#27;[0;39m &amp#27;[35m4750&amp#27;[0;39m &amp#27;[2m---&amp#27;[0;39m &amp#27;[2m[channel-manager]&amp#27;[0;39m &amp#27;[2m&amp#27;[0;39m&amp#27;[36mkafka.server.BrokerLifecycleManager     &amp#27;[0;39m &amp#27;[2m:&amp#27;[0;39m [BrokerLifecycleManager id=0] The broker has caught up. Transitioning from STARTING to RECOVERY.
&amp#27;[2m2025-08-15T21:33:15.359+05:30&amp#27;[0;39m &amp#27;[32m INFO&amp#27;[0;39m &amp#27;[35m4750&amp#27;[0;39m &amp#27;[2m---&amp#27;[0;39m &amp#27;[2m[-kit-executor-3]&amp#27;[0;39m &amp#27;[2m&amp#27;[0;39m&amp#27;[36mkafka.server.BrokerServer               &amp#27;[0;39m &amp#27;[2m:&amp#27;[0;39m [BrokerServer id=0] Finished waiting for the controller to acknowledge that we are caught up
&amp#27;[2m2025-08-15T21:33:15.359+05:30&amp#27;[0;39m &amp#27;[32m INFO&amp#27;[0;39m &amp#27;[35m4750&amp#27;[0;39m &amp#27;[2m---&amp#27;[0;39m &amp#27;[2m[-kit-executor-3]&amp#27;[0;39m &amp#27;[2m&amp#27;[0;39m&amp#27;[36mkafka.server.BrokerServer               &amp#27;[0;39m &amp#27;[2m:&amp#27;[0;39m [BrokerServer id=0] Waiting for the initial broker metadata update to be published
&amp#27;[2m2025-08-15T21:33:15.359+05:30&amp#27;[0;39m &amp#27;[32m INFO&amp#27;[0;39m &amp#27;[35m4750&amp#27;[0;39m &amp#27;[2m---&amp#27;[0;39m &amp#27;[2m[-kit-executor-3]&amp#27;[0;39m &amp#27;[2m&amp#27;[0;39m&amp#27;[36mkafka.server.BrokerServer               &amp#27;[0;39m &amp#27;[2m:&amp#27;[0;39m [BrokerServer id=0] Finished waiting for the initial broker metadata update to be published
&amp#27;[2m2025-08-15T21:33:15.360+05:30&amp#27;[0;39m &amp#27;[32m INFO&amp#27;[0;39m &amp#27;[35m4750&amp#27;[0;39m &amp#27;[2m---&amp#27;[0;39m &amp#27;[2m[-kit-executor-3]&amp#27;[0;39m &amp#27;[2m&amp#27;[0;39m&amp#27;[36mkafka.server.KafkaConfig                &amp#27;[0;39m &amp#27;[2m:&amp#27;[0;39m KafkaConfig values: 
	advertised.listeners = null
	alter.config.policy.class.name = null
	alter.log.dirs.replication.quota.window.num = 11
	alter.log.dirs.replication.quota.window.size.seconds = 1
	authorizer.class.name = 
	auto.create.topics.enable = true
	auto.include.jmx.reporter = true
	auto.leader.rebalance.enable = true
	background.threads = 10
	broker.heartbeat.interval.ms = 2000
	broker.id = 0
	broker.id.generation.enable = true
	broker.rack = null
	broker.session.timeout.ms = 9000
	client.quota.callback.class = null
	compression.type = producer
	connection.failed.authentication.delay.ms = 100
	connections.max.idle.ms = 600000
	connections.max.reauth.ms = 0
	control.plane.listener.name = null
	controlled.shutdown.enable = true
	controlled.shutdown.max.retries = 3
	controlled.shutdown.retry.backoff.ms = 5000
	controller.listener.names = CONTROLLER
	controller.quorum.append.linger.ms = 25
	controller.quorum.election.backoff.max.ms = 1000
	controller.quorum.election.timeout.ms = 1000
	controller.quorum.fetch.timeout.ms = 2000
	controller.quorum.request.timeout.ms = 2000
	controller.quorum.retry.backoff.ms = 20
	controller.quorum.voters = [0@0.0.0.0:0]
	controller.quota.window.num = 11
	controller.quota.window.size.seconds = 1
	controller.socket.timeout.ms = 30000
	create.topic.policy.class.name = null
	default.replication.factor = 1
	delegation.token.expiry.check.interval.ms = 3600000
	delegation.token.expiry.time.ms = 86400000
	delegation.token.master.key = null
	delegation.token.max.lifetime.ms = 604800000
	delegation.token.secret.key = null
	delete.records.purgatory.purge.interval.requests = 1
	delete.topic.enable = true
	early.start.listeners = null
	fetch.max.bytes = 57671680
	fetch.purgatory.purge.interval.requests = 1000
	group.consumer.assignors = [org.apache.kafka.coordinator.group.assignor.RangeAssignor]
	group.consumer.heartbeat.interval.ms = 5000
	group.consumer.max.heartbeat.interval.ms = 15000
	group.consumer.max.session.timeout.ms = 60000
	group.consumer.max.size = 2147483647
	group.consumer.min.heartbeat.interval.ms = 5000
	group.consumer.min.session.timeout.ms = 45000
	group.consumer.session.timeout.ms = 45000
	group.coordinator.new.enable = false
	group.coordinator.threads = 1
	group.initial.rebalance.delay.ms = 0
	group.max.session.timeout.ms = 1800000
	group.max.size = 2147483647
	group.min.session.timeout.ms = 6000
	initial.broker.registration.timeout.ms = 60000
	inter.broker.listener.name = EXTERNAL
	inter.broker.protocol.version = 3.6-IV2
	kafka.metrics.polling.interval.secs = 10
	kafka.metrics.reporters = []
	leader.imbalance.check.interval.seconds = 300
	leader.imbalance.per.broker.percentage = 10
	listener.security.protocol.map = EXTERNAL:PLAINTEXT,CONTROLLER:PLAINTEXT
	listeners = EXTERNAL://localhost:0,CONTROLLER://localhost:0
	log.cleaner.backoff.ms = 15000
	log.cleaner.dedupe.buffer.size = 2097152
	log.cleaner.delete.retention.ms = 86400000
	log.cleaner.enable = true
	log.cleaner.io.buffer.load.factor = 0.9
	log.cleaner.io.buffer.size = 524288
	log.cleaner.io.max.bytes.per.second = 1.7976931348623157E308
	log.cleaner.max.compaction.lag.ms = 9223372036854775807
	log.cleaner.min.cleanable.ratio = 0.5
	log.cleaner.min.compaction.lag.ms = 0
	log.cleaner.threads = 1
	log.cleanup.policy = [delete]
	log.dir = /tmp/kafka-logs
	log.dirs = /var/folders/yt/8yxf8rd12tscf0qk7fmq7n_m0000gn/T/kafka-14683256353376918148/broker_0_data0
	log.flush.interval.messages = 9223372036854775807
	log.flush.interval.ms = null
	log.flush.offset.checkpoint.interval.ms = 60000
	log.flush.scheduler.interval.ms = 9223372036854775807
	log.flush.start.offset.checkpoint.interval.ms = 60000
	log.index.interval.bytes = 4096
	log.index.size.max.bytes = 10485760
	log.local.retention.bytes = -2
	log.local.retention.ms = -2
	log.message.downconversion.enable = true
	log.message.format.version = 3.0-IV1
	log.message.timestamp.after.max.ms = 9223372036854775807
	log.message.timestamp.before.max.ms = 9223372036854775807
	log.message.timestamp.difference.max.ms = 9223372036854775807
	log.message.timestamp.type = CreateTime
	log.preallocate = false
	log.retention.bytes = -1
	log.retention.check.interval.ms = 300000
	log.retention.hours = 168
	log.retention.minutes = null
	log.retention.ms = null
	log.roll.hours = 168
	log.roll.jitter.hours = 0
	log.roll.jitter.ms = null
	log.roll.ms = null
	log.segment.bytes = 1073741824
	log.segment.delete.delay.ms = 60000
	max.connection.creation.rate = 2147483647
	max.connections = 2147483647
	max.connections.per.ip = 2147483647
	max.connections.per.ip.overrides = 
	max.incremental.fetch.session.cache.slots = 1000
	message.max.bytes = 1048588
	metadata.log.dir = /var/folders/yt/8yxf8rd12tscf0qk7fmq7n_m0000gn/T/kafka-14683256353376918148/controller_0
	metadata.log.max.record.bytes.between.snapshots = 20971520
	metadata.log.max.snapshot.interval.ms = 3600000
	metadata.log.segment.bytes = 1073741824
	metadata.log.segment.min.bytes = 8388608
	metadata.log.segment.ms = 604800000
	metadata.max.idle.interval.ms = 500
	metadata.max.retention.bytes = 104857600
	metadata.max.retention.ms = 604800000
	metric.reporters = []
	metrics.num.samples = 2
	metrics.recording.level = INFO
	metrics.sample.window.ms = 30000
	min.insync.replicas = 1
	node.id = 0
	num.io.threads = 8
	num.network.threads = 3
	num.partitions = 1
	num.recovery.threads.per.data.dir = 1
	num.replica.alter.log.dirs.threads = null
	num.replica.fetchers = 1
	offset.metadata.max.bytes = 4096
	offsets.commit.required.acks = -1
	offsets.commit.timeout.ms = 5000
	offsets.load.buffer.size = 5242880
	offsets.retention.check.interval.ms = 600000
	offsets.retention.minutes = 10080
	offsets.topic.compression.codec = 0
	offsets.topic.num.partitions = 50
	offsets.topic.replication.factor = 1
	offsets.topic.segment.bytes = 104857600
	password.encoder.cipher.algorithm = AES/CBC/PKCS5Padding
	password.encoder.iterations = 4096
	password.encoder.key.length = 128
	password.encoder.keyfactory.algorithm = null
	password.encoder.old.secret = null
	password.encoder.secret = null
	principal.builder.class = class org.apache.kafka.common.security.authenticator.DefaultKafkaPrincipalBuilder
	process.roles = [broker, controller]
	producer.id.expiration.check.interval.ms = 600000
	producer.id.expiration.ms = 86400000
	producer.purgatory.purge.interval.requests = 1000
	queued.max.request.bytes = -1
	queued.max.requests = 500
	quota.window.num = 11
	quota.window.size.seconds = 1
	remote.log.index.file.cache.total.size.bytes = 1073741824
	remote.log.manager.task.interval.ms = 30000
	remote.log.manager.task.retry.backoff.max.ms = 30000
	remote.log.manager.task.retry.backoff.ms = 500
	remote.log.manager.task.retry.jitter = 0.2
	remote.log.manager.thread.pool.size = 10
	remote.log.metadata.custom.metadata.max.bytes = 128
	remote.log.metadata.manager.class.name = org.apache.kafka.server.log.remote.metadata.storage.TopicBasedRemoteLogMetadataManager
	remote.log.metadata.manager.class.path = null
	remote.log.metadata.manager.impl.prefix = rlmm.config.
	remote.log.metadata.manager.listener.name = null
	remote.log.reader.max.pending.tasks = 100
	remote.log.reader.threads = 10
	remote.log.storage.manager.class.name = null
	remote.log.storage.manager.class.path = null
	remote.log.storage.manager.impl.prefix = rsm.config.
	remote.log.storage.system.enable = false
	replica.fetch.backoff.ms = 1000
	replica.fetch.max.bytes = 1048576
	replica.fetch.min.bytes = 1
	replica.fetch.response.max.bytes = 10485760
	replica.fetch.wait.max.ms = 500
	replica.high.watermark.checkpoint.interval.ms = 5000
	replica.lag.time.max.ms = 30000
	replica.selector.class = null
	replica.socket.receive.buffer.bytes = 65536
	replica.socket.timeout.ms = 30000
	replication.quota.window.num = 11
	replication.quota.window.size.seconds = 1
	request.timeout.ms = 30000
	reserved.broker.max.id = 1000
	sasl.client.callback.handler.class = null
	sasl.enabled.mechanisms = [GSSAPI]
	sasl.jaas.config = null
	sasl.kerberos.kinit.cmd = /usr/bin/kinit
	sasl.kerberos.min.time.before.relogin = 60000
	sasl.kerberos.principal.to.local.rules = [DEFAULT]
	sasl.kerberos.service.name = null
	sasl.kerberos.ticket.renew.jitter = 0.05
	sasl.kerberos.ticket.renew.window.factor = 0.8
	sasl.login.callback.handler.class = null
	sasl.login.class = null
	sasl.login.connect.timeout.ms = null
	sasl.login.read.timeout.ms = null
	sasl.login.refresh.buffer.seconds = 300
	sasl.login.refresh.min.period.seconds = 60
	sasl.login.refresh.window.factor = 0.8
	sasl.login.refresh.window.jitter = 0.05
	sasl.login.retry.backoff.max.ms = 10000
	sasl.login.retry.backoff.ms = 100
	sasl.mechanism.controller.protocol = GSSAPI
	sasl.mechanism.inter.broker.protocol = GSSAPI
	sasl.oauthbearer.clock.skew.seconds = 30
	sasl.oauthbearer.expected.audience = null
	sasl.oauthbearer.expected.issuer = null
	sasl.oauthbearer.jwks.endpoint.refresh.ms = 3600000
	sasl.oauthbearer.jwks.endpoint.retry.backoff.max.ms = 10000
	sasl.oauthbearer.jwks.endpoint.retry.backoff.ms = 100
	sasl.oauthbearer.jwks.endpoint.url = null
	sasl.oauthbearer.scope.claim.name = scope
	sasl.oauthbearer.sub.claim.name = sub
	sasl.oauthbearer.token.endpoint.url = null
	sasl.server.callback.handler.class = null
	sasl.server.max.receive.size = 524288
	security.inter.broker.protocol = PLAINTEXT
	security.providers = null
	server.max.startup.time.ms = 600000
	socket.connection.setup.timeout.max.ms = 30000
	socket.connection.setup.timeout.ms = 10000
	socket.listen.backlog.size = 50
	socket.receive.buffer.bytes = 102400
	socket.request.max.bytes = 104857600
	socket.send.buffer.bytes = 102400
	ssl.cipher.suites = []
	ssl.client.auth = none
	ssl.enabled.protocols = [TLSv1.2, TLSv1.3]
	ssl.endpoint.identification.algorithm = https
	ssl.engine.factory.class = null
	ssl.key.password = null
	ssl.keymanager.algorithm = SunX509
	ssl.keystore.certificate.chain = null
	ssl.keystore.key = null
	ssl.keystore.location = null
	ssl.keystore.password = null
	ssl.keystore.type = JKS
	ssl.principal.mapping.rules = DEFAULT
	ssl.protocol = TLSv1.3
	ssl.provider = null
	ssl.secure.random.implementation = null
	ssl.trustmanager.algorithm = PKIX
	ssl.truststore.certificates = null
	ssl.truststore.location = null
	ssl.truststore.password = null
	ssl.truststore.type = JKS
	transaction.abort.timed.out.transaction.cleanup.interval.ms = 10000
	transaction.max.timeout.ms = 900000
	transaction.partition.verification.enable = true
	transaction.remove.expired.transaction.cleanup.interval.ms = 3600000
	transaction.state.log.load.buffer.size = 5242880
	transaction.state.log.min.isr = 2
	transaction.state.log.num.partitions = 50
	transaction.state.log.replication.factor = 3
	transaction.state.log.segment.bytes = 104857600
	transactional.id.expiration.ms = 604800000
	unclean.leader.election.enable = false
	unstable.api.versions.enable = false
	zookeeper.clientCnxnSocket = null
	zookeeper.connect = null
	zookeeper.connection.timeout.ms = null
	zookeeper.max.in.flight.requests = 10
	zookeeper.metadata.migration.enable = false
	zookeeper.metadata.migration.min.batch.size = 200
	zookeeper.session.timeout.ms = 18000
	zookeeper.set.acl = false
	zookeeper.ssl.cipher.suites = null
	zookeeper.ssl.client.enable = false
	zookeeper.ssl.crl.enable = false
	zookeeper.ssl.enabled.protocols = null
	zookeeper.ssl.endpoint.identification.algorithm = HTTPS
	zookeeper.ssl.keystore.location = null
	zookeeper.ssl.keystore.password = null
	zookeeper.ssl.keystore.type = null
	zookeeper.ssl.ocsp.enable = false
	zookeeper.ssl.protocol = TLSv1.2
	zookeeper.ssl.truststore.location = null
	zookeeper.ssl.truststore.password = null
	zookeeper.ssl.truststore.type = null

&amp#27;[2m2025-08-15T21:33:15.362+05:30&amp#27;[0;39m &amp#27;[32m INFO&amp#27;[0;39m &amp#27;[35m4750&amp#27;[0;39m &amp#27;[2m---&amp#27;[0;39m &amp#27;[2m[-kit-executor-3]&amp#27;[0;39m &amp#27;[2m&amp#27;[0;39m&amp#27;[36mkafka.server.BrokerServer               &amp#27;[0;39m &amp#27;[2m:&amp#27;[0;39m [BrokerServer id=0] Waiting for the broker to be unfenced
&amp#27;[2m2025-08-15T21:33:15.363+05:30&amp#27;[0;39m &amp#27;[32m INFO&amp#27;[0;39m &amp#27;[35m4750&amp#27;[0;39m &amp#27;[2m---&amp#27;[0;39m &amp#27;[2m[0-event-handler]&amp#27;[0;39m &amp#27;[2m&amp#27;[0;39m&amp#27;[36mo.a.k.controller.BrokerHeartbeatManager &amp#27;[0;39m &amp#27;[2m:&amp#27;[0;39m [QuorumController id=0] The request from broker 0 to unfence has been granted because it has caught up with the offset of its register broker record 5.
&amp#27;[2m2025-08-15T21:33:15.365+05:30&amp#27;[0;39m &amp#27;[32m INFO&amp#27;[0;39m &amp#27;[35m4750&amp#27;[0;39m &amp#27;[2m---&amp#27;[0;39m &amp#27;[2m[0-event-handler]&amp#27;[0;39m &amp#27;[2m&amp#27;[0;39m&amp#27;[36mo.a.k.controller.ClusterControlManager  &amp#27;[0;39m &amp#27;[2m:&amp#27;[0;39m [QuorumController id=0] Replayed BrokerRegistrationChangeRecord modifying the registration for broker 0: BrokerRegistrationChangeRecord(brokerId=0, brokerEpoch=5, fenced=-1, inControlledShutdown=0)
&amp#27;[2m2025-08-15T21:33:15.391+05:30&amp#27;[0;39m &amp#27;[32m INFO&amp#27;[0;39m &amp#27;[35m4750&amp#27;[0;39m &amp#27;[2m---&amp#27;[0;39m &amp#27;[2m[channel-manager]&amp#27;[0;39m &amp#27;[2m&amp#27;[0;39m&amp#27;[36mkafka.server.BrokerLifecycleManager     &amp#27;[0;39m &amp#27;[2m:&amp#27;[0;39m [BrokerLifecycleManager id=0] The broker has been unfenced. Transitioning from RECOVERY to RUNNING.
&amp#27;[2m2025-08-15T21:33:15.391+05:30&amp#27;[0;39m &amp#27;[32m INFO&amp#27;[0;39m &amp#27;[35m4750&amp#27;[0;39m &amp#27;[2m---&amp#27;[0;39m &amp#27;[2m[-kit-executor-3]&amp#27;[0;39m &amp#27;[2m&amp#27;[0;39m&amp#27;[36mkafka.server.BrokerServer               &amp#27;[0;39m &amp#27;[2m:&amp#27;[0;39m [BrokerServer id=0] Finished waiting for the broker to be unfenced
&amp#27;[2m2025-08-15T21:33:15.391+05:30&amp#27;[0;39m &amp#27;[32m INFO&amp#27;[0;39m &amp#27;[35m4750&amp#27;[0;39m &amp#27;[2m---&amp#27;[0;39m &amp#27;[2m[-kit-executor-3]&amp#27;[0;39m &amp#27;[2m&amp#27;[0;39m&amp#27;[36mo.a.k.s.network.EndpointReadyFutures    &amp#27;[0;39m &amp#27;[2m:&amp#27;[0;39m authorizerStart completed for endpoint EXTERNAL. Endpoint is now READY.
&amp#27;[2m2025-08-15T21:33:15.391+05:30&amp#27;[0;39m &amp#27;[32m INFO&amp#27;[0;39m &amp#27;[35m4750&amp#27;[0;39m &amp#27;[2m---&amp#27;[0;39m &amp#27;[2m[-kit-executor-3]&amp#27;[0;39m &amp#27;[2m&amp#27;[0;39m&amp#27;[36mkafka.network.SocketServer              &amp#27;[0;39m &amp#27;[2m:&amp#27;[0;39m [SocketServer listenerType=BROKER, nodeId=0] Enabling request processing.
&amp#27;[2m2025-08-15T21:33:15.392+05:30&amp#27;[0;39m &amp#27;[32m INFO&amp#27;[0;39m &amp#27;[35m4750&amp#27;[0;39m &amp#27;[2m---&amp#27;[0;39m &amp#27;[2m[-kit-executor-3]&amp#27;[0;39m &amp#27;[2m&amp#27;[0;39m&amp#27;[36mkafka.server.BrokerServer               &amp#27;[0;39m &amp#27;[2m:&amp#27;[0;39m [BrokerServer id=0] Waiting for all of the authorizer futures to be completed
&amp#27;[2m2025-08-15T21:33:15.392+05:30&amp#27;[0;39m &amp#27;[32m INFO&amp#27;[0;39m &amp#27;[35m4750&amp#27;[0;39m &amp#27;[2m---&amp#27;[0;39m &amp#27;[2m[-kit-executor-3]&amp#27;[0;39m &amp#27;[2m&amp#27;[0;39m&amp#27;[36mkafka.server.BrokerServer               &amp#27;[0;39m &amp#27;[2m:&amp#27;[0;39m [BrokerServer id=0] Finished waiting for all of the authorizer futures to be completed
&amp#27;[2m2025-08-15T21:33:15.392+05:30&amp#27;[0;39m &amp#27;[32m INFO&amp#27;[0;39m &amp#27;[35m4750&amp#27;[0;39m &amp#27;[2m---&amp#27;[0;39m &amp#27;[2m[-kit-executor-3]&amp#27;[0;39m &amp#27;[2m&amp#27;[0;39m&amp#27;[36mkafka.server.BrokerServer               &amp#27;[0;39m &amp#27;[2m:&amp#27;[0;39m [BrokerServer id=0] Waiting for all of the SocketServer Acceptors to be started
&amp#27;[2m2025-08-15T21:33:15.392+05:30&amp#27;[0;39m &amp#27;[32m INFO&amp#27;[0;39m &amp#27;[35m4750&amp#27;[0;39m &amp#27;[2m---&amp#27;[0;39m &amp#27;[2m[-kit-executor-3]&amp#27;[0;39m &amp#27;[2m&amp#27;[0;39m&amp#27;[36mkafka.server.BrokerServer               &amp#27;[0;39m &amp#27;[2m:&amp#27;[0;39m [BrokerServer id=0] Finished waiting for all of the SocketServer Acceptors to be started
&amp#27;[2m2025-08-15T21:33:15.392+05:30&amp#27;[0;39m &amp#27;[32m INFO&amp#27;[0;39m &amp#27;[35m4750&amp#27;[0;39m &amp#27;[2m---&amp#27;[0;39m &amp#27;[2m[-kit-executor-3]&amp#27;[0;39m &amp#27;[2m&amp#27;[0;39m&amp#27;[36mkafka.server.BrokerServer               &amp#27;[0;39m &amp#27;[2m:&amp#27;[0;39m [BrokerServer id=0] Transition from STARTING to STARTED
&amp#27;[2m2025-08-15T21:33:15.398+05:30&amp#27;[0;39m &amp#27;[32m INFO&amp#27;[0;39m &amp#27;[35m4750&amp#27;[0;39m &amp#27;[2m---&amp#27;[0;39m &amp#27;[2m[           main]&amp#27;[0;39m &amp#27;[2m&amp#27;[0;39m&amp#27;[36mo.a.k.clients.admin.AdminClientConfig   &amp#27;[0;39m &amp#27;[2m:&amp#27;[0;39m AdminClientConfig values: 
	auto.include.jmx.reporter = true
	bootstrap.servers = [localhost:54128]
	client.dns.lookup = use_all_dns_ips
	client.id = 
	connections.max.idle.ms = 300000
	default.api.timeout.ms = 60000
	metadata.max.age.ms = 300000
	metric.reporters = []
	metrics.num.samples = 2
	metrics.recording.level = INFO
	metrics.sample.window.ms = 30000
	receive.buffer.bytes = 65536
	reconnect.backoff.max.ms = 1000
	reconnect.backoff.ms = 50
	request.timeout.ms = 30000
	retries = 2147483647
	retry.backoff.ms = 100
	sasl.client.callback.handler.class = null
	sasl.jaas.config = null
	sasl.kerberos.kinit.cmd = /usr/bin/kinit
	sasl.kerberos.min.time.before.relogin = 60000
	sasl.kerberos.service.name = null
	sasl.kerberos.ticket.renew.jitter = 0.05
	sasl.kerberos.ticket.renew.window.factor = 0.8
	sasl.login.callback.handler.class = null
	sasl.login.class = null
	sasl.login.connect.timeout.ms = null
	sasl.login.read.timeout.ms = null
	sasl.login.refresh.buffer.seconds = 300
	sasl.login.refresh.min.period.seconds = 60
	sasl.login.refresh.window.factor = 0.8
	sasl.login.refresh.window.jitter = 0.05
	sasl.login.retry.backoff.max.ms = 10000
	sasl.login.retry.backoff.ms = 100
	sasl.mechanism = GSSAPI
	sasl.oauthbearer.clock.skew.seconds = 30
	sasl.oauthbearer.expected.audience = null
	sasl.oauthbearer.expected.issuer = null
	sasl.oauthbearer.jwks.endpoint.refresh.ms = 3600000
	sasl.oauthbearer.jwks.endpoint.retry.backoff.max.ms = 10000
	sasl.oauthbearer.jwks.endpoint.retry.backoff.ms = 100
	sasl.oauthbearer.jwks.endpoint.url = null
	sasl.oauthbearer.scope.claim.name = scope
	sasl.oauthbearer.sub.claim.name = sub
	sasl.oauthbearer.token.endpoint.url = null
	security.protocol = PLAINTEXT
	security.providers = null
	send.buffer.bytes = 131072
	socket.connection.setup.timeout.max.ms = 30000
	socket.connection.setup.timeout.ms = 10000
	ssl.cipher.suites = null
	ssl.enabled.protocols = [TLSv1.2, TLSv1.3]
	ssl.endpoint.identification.algorithm = https
	ssl.engine.factory.class = null
	ssl.key.password = null
	ssl.keymanager.algorithm = SunX509
	ssl.keystore.certificate.chain = null
	ssl.keystore.key = null
	ssl.keystore.location = null
	ssl.keystore.password = null
	ssl.keystore.type = JKS
	ssl.protocol = TLSv1.3
	ssl.provider = null
	ssl.secure.random.implementation = null
	ssl.trustmanager.algorithm = PKIX
	ssl.truststore.certificates = null
	ssl.truststore.location = null
	ssl.truststore.password = null
	ssl.truststore.type = JKS

&amp#27;[2m2025-08-15T21:33:15.407+05:30&amp#27;[0;39m &amp#27;[32m INFO&amp#27;[0;39m &amp#27;[35m4750&amp#27;[0;39m &amp#27;[2m---&amp#27;[0;39m &amp#27;[2m[           main]&amp#27;[0;39m &amp#27;[2m&amp#27;[0;39m&amp#27;[36mo.a.kafka.common.utils.AppInfoParser    &amp#27;[0;39m &amp#27;[2m:&amp#27;[0;39m Kafka version: 3.6.2
&amp#27;[2m2025-08-15T21:33:15.407+05:30&amp#27;[0;39m &amp#27;[32m INFO&amp#27;[0;39m &amp#27;[35m4750&amp#27;[0;39m &amp#27;[2m---&amp#27;[0;39m &amp#27;[2m[           main]&amp#27;[0;39m &amp#27;[2m&amp#27;[0;39m&amp#27;[36mo.a.kafka.common.utils.AppInfoParser    &amp#27;[0;39m &amp#27;[2m:&amp#27;[0;39m Kafka commitId: c4deed513057c94e
&amp#27;[2m2025-08-15T21:33:15.407+05:30&amp#27;[0;39m &amp#27;[32m INFO&amp#27;[0;39m &amp#27;[35m4750&amp#27;[0;39m &amp#27;[2m---&amp#27;[0;39m &amp#27;[2m[           main]&amp#27;[0;39m &amp#27;[2m&amp#27;[0;39m&amp#27;[36mo.a.kafka.common.utils.AppInfoParser    &amp#27;[0;39m &amp#27;[2m:&amp#27;[0;39m Kafka startTimeMs: 1755273795407
&amp#27;[2m2025-08-15T21:33:15.409+05:30&amp#27;[0;39m &amp#27;[32m INFO&amp#27;[0;39m &amp#27;[35m4750&amp#27;[0;39m &amp#27;[2m---&amp#27;[0;39m &amp#27;[2m[| adminclient-1]&amp#27;[0;39m &amp#27;[2m&amp#27;[0;39m&amp#27;[36mo.a.kafka.common.utils.AppInfoParser    &amp#27;[0;39m &amp#27;[2m:&amp#27;[0;39m App info kafka.admin.client for adminclient-1 unregistered
&amp#27;[2m2025-08-15T21:33:15.409+05:30&amp#27;[0;39m &amp#27;[32m INFO&amp#27;[0;39m &amp#27;[35m4750&amp#27;[0;39m &amp#27;[2m---&amp#27;[0;39m &amp#27;[2m[| adminclient-1]&amp#27;[0;39m &amp#27;[2m&amp#27;[0;39m&amp#27;[36mo.a.k.c.a.i.AdminMetadataManager        &amp#27;[0;39m &amp#27;[2m:&amp#27;[0;39m [AdminClient clientId=adminclient-1] Metadata update failed

org.apache.kafka.common.errors.TimeoutException: Timed out waiting to send the call. Call: fetchMetadata

&amp#27;[2m2025-08-15T21:33:15.410+05:30&amp#27;[0;39m &amp#27;[32m INFO&amp#27;[0;39m &amp#27;[35m4750&amp#27;[0;39m &amp#27;[2m---&amp#27;[0;39m &amp#27;[2m[| adminclient-1]&amp#27;[0;39m &amp#27;[2m&amp#27;[0;39m&amp#27;[36mo.a.k.clients.admin.KafkaAdminClient    &amp#27;[0;39m &amp#27;[2m:&amp#27;[0;39m [AdminClient clientId=adminclient-1] Timed out 1 remaining operation(s) during close.
&amp#27;[2m2025-08-15T21:33:15.412+05:30&amp#27;[0;39m &amp#27;[32m INFO&amp#27;[0;39m &amp#27;[35m4750&amp#27;[0;39m &amp#27;[2m---&amp#27;[0;39m &amp#27;[2m[| adminclient-1]&amp#27;[0;39m &amp#27;[2m&amp#27;[0;39m&amp#27;[36mo.apache.kafka.common.metrics.Metrics   &amp#27;[0;39m &amp#27;[2m:&amp#27;[0;39m Metrics scheduler closed
&amp#27;[2m2025-08-15T21:33:15.412+05:30&amp#27;[0;39m &amp#27;[32m INFO&amp#27;[0;39m &amp#27;[35m4750&amp#27;[0;39m &amp#27;[2m---&amp#27;[0;39m &amp#27;[2m[| adminclient-1]&amp#27;[0;39m &amp#27;[2m&amp#27;[0;39m&amp#27;[36mo.apache.kafka.common.metrics.Metrics   &amp#27;[0;39m &amp#27;[2m:&amp#27;[0;39m Closing reporter org.apache.kafka.common.metrics.JmxReporter
&amp#27;[2m2025-08-15T21:33:15.412+05:30&amp#27;[0;39m &amp#27;[32m INFO&amp#27;[0;39m &amp#27;[35m4750&amp#27;[0;39m &amp#27;[2m---&amp#27;[0;39m &amp#27;[2m[| adminclient-1]&amp#27;[0;39m &amp#27;[2m&amp#27;[0;39m&amp#27;[36mo.apache.kafka.common.metrics.Metrics   &amp#27;[0;39m &amp#27;[2m:&amp#27;[0;39m Metrics reporters closed
&amp#27;[2m2025-08-15T21:33:15.416+05:30&amp#27;[0;39m &amp#27;[32m INFO&amp#27;[0;39m &amp#27;[35m4750&amp#27;[0;39m &amp#27;[2m---&amp#27;[0;39m &amp#27;[2m[           main]&amp#27;[0;39m &amp#27;[2m&amp#27;[0;39m&amp#27;[36mcom.jpmc.midascore.TaskFiveTests        &amp#27;[0;39m &amp#27;[2m:&amp#27;[0;39m Starting TaskFiveTests using Java 24.0.2 with PID 4750 (started by amritanshushiwanshi in /Users/amritanshushiwanshi/Desktop/java/forage-midas)
&amp#27;[2m2025-08-15T21:33:15.416+05:30&amp#27;[0;39m &amp#27;[32m INFO&amp#27;[0;39m &amp#27;[35m4750&amp#27;[0;39m &amp#27;[2m---&amp#27;[0;39m &amp#27;[2m[           main]&amp#27;[0;39m &amp#27;[2m&amp#27;[0;39m&amp#27;[36mcom.jpmc.midascore.TaskFiveTests        &amp#27;[0;39m &amp#27;[2m:&amp#27;[0;39m No active profile set, falling back to 1 default profile: "default"
&amp#27;[2m2025-08-15T21:33:15.628+05:30&amp#27;[0;39m &amp#27;[32m INFO&amp#27;[0;39m &amp#27;[35m4750&amp#27;[0;39m &amp#27;[2m---&amp#27;[0;39m &amp#27;[2m[           main]&amp#27;[0;39m &amp#27;[2m&amp#27;[0;39m&amp#27;[36m.s.d.r.c.RepositoryConfigurationDelegate&amp#27;[0;39m &amp#27;[2m:&amp#27;[0;39m Bootstrapping Spring Data JPA repositories in DEFAULT mode.
&amp#27;[2m2025-08-15T21:33:15.653+05:30&amp#27;[0;39m &amp#27;[32m INFO&amp#27;[0;39m &amp#27;[35m4750&amp#27;[0;39m &amp#27;[2m---&amp#27;[0;39m &amp#27;[2m[           main]&amp#27;[0;39m &amp#27;[2m&amp#27;[0;39m&amp#27;[36m.s.d.r.c.RepositoryConfigurationDelegate&amp#27;[0;39m &amp#27;[2m:&amp#27;[0;39m Finished Spring Data repository scanning in 23 ms. Found 2 JPA repository interfaces.
&amp#27;[2m2025-08-15T21:33:15.875+05:30&amp#27;[0;39m &amp#27;[32m INFO&amp#27;[0;39m &amp#27;[35m4750&amp#27;[0;39m &amp#27;[2m---&amp#27;[0;39m &amp#27;[2m[           main]&amp#27;[0;39m &amp#27;[2m&amp#27;[0;39m&amp#27;[36mo.s.b.w.embedded.tomcat.TomcatWebServer &amp#27;[0;39m &amp#27;[2m:&amp#27;[0;39m Tomcat initialized with port 33400 (http)
&amp#27;[2m2025-08-15T21:33:15.879+05:30&amp#27;[0;39m &amp#27;[32m INFO&amp#27;[0;39m &amp#27;[35m4750&amp#27;[0;39m &amp#27;[2m---&amp#27;[0;39m &amp#27;[2m[           main]&amp#27;[0;39m &amp#27;[2m&amp#27;[0;39m&amp#27;[36mo.apache.catalina.core.StandardService  &amp#27;[0;39m &amp#27;[2m:&amp#27;[0;39m Starting service [Tomcat]
&amp#27;[2m2025-08-15T21:33:15.880+05:30&amp#27;[0;39m &amp#27;[32m INFO&amp#27;[0;39m &amp#27;[35m4750&amp#27;[0;39m &amp#27;[2m---&amp#27;[0;39m &amp#27;[2m[           main]&amp#27;[0;39m &amp#27;[2m&amp#27;[0;39m&amp#27;[36mo.apache.catalina.core.StandardEngine   &amp#27;[0;39m &amp#27;[2m:&amp#27;[0;39m Starting Servlet engine: [Apache Tomcat/10.1.20]
&amp#27;[2m2025-08-15T21:33:15.901+05:30&amp#27;[0;39m &amp#27;[32m INFO&amp#27;[0;39m &amp#27;[35m4750&amp#27;[0;39m &amp#27;[2m---&amp#27;[0;39m &amp#27;[2m[           main]&amp#27;[0;39m &amp#27;[2m&amp#27;[0;39m&amp#27;[36mo.a.c.c.C.[Tomcat].[localhost].[/]      &amp#27;[0;39m &amp#27;[2m:&amp#27;[0;39m Initializing Spring embedded WebApplicationContext
&amp#27;[2m2025-08-15T21:33:15.901+05:30&amp#27;[0;39m &amp#27;[32m INFO&amp#27;[0;39m &amp#27;[35m4750&amp#27;[0;39m &amp#27;[2m---&amp#27;[0;39m &amp#27;[2m[           main]&amp#27;[0;39m &amp#27;[2m&amp#27;[0;39m&amp#27;[36mw.s.c.ServletWebServerApplicationContext&amp#27;[0;39m &amp#27;[2m:&amp#27;[0;39m Root WebApplicationContext: initialization completed in 478 ms
&amp#27;[2m2025-08-15T21:33:15.960+05:30&amp#27;[0;39m &amp#27;[32m INFO&amp#27;[0;39m &amp#27;[35m4750&amp#27;[0;39m &amp#27;[2m---&amp#27;[0;39m &amp#27;[2m[           main]&amp#27;[0;39m &amp#27;[2m&amp#27;[0;39m&amp#27;[36mo.hibernate.jpa.internal.util.LogHelper &amp#27;[0;39m &amp#27;[2m:&amp#27;[0;39m HHH000204: Processing PersistenceUnitInfo [name: default]
&amp#27;[2m2025-08-15T21:33:15.982+05:30&amp#27;[0;39m &amp#27;[32m INFO&amp#27;[0;39m &amp#27;[35m4750&amp#27;[0;39m &amp#27;[2m---&amp#27;[0;39m &amp#27;[2m[           main]&amp#27;[0;39m &amp#27;[2m&amp#27;[0;39m&amp#27;[36morg.hibernate.Version                   &amp#27;[0;39m &amp#27;[2m:&amp#27;[0;39m HHH000412: Hibernate ORM core version 6.4.4.Final
&amp#27;[2m2025-08-15T21:33:15.996+05:30&amp#27;[0;39m &amp#27;[32m INFO&amp#27;[0;39m &amp#27;[35m4750&amp#27;[0;39m &amp#27;[2m---&amp#27;[0;39m &amp#27;[2m[           main]&amp#27;[0;39m &amp#27;[2m&amp#27;[0;39m&amp#27;[36mo.h.c.internal.RegionFactoryInitiator   &amp#27;[0;39m &amp#27;[2m:&amp#27;[0;39m HHH000026: Second-level cache disabled
&amp#27;[2m2025-08-15T21:33:16.091+05:30&amp#27;[0;39m &amp#27;[32m INFO&amp#27;[0;39m &amp#27;[35m4750&amp#27;[0;39m &amp#27;[2m---&amp#27;[0;39m &amp#27;[2m[           main]&amp#27;[0;39m &amp#27;[2m&amp#27;[0;39m&amp#27;[36mo.s.o.j.p.SpringPersistenceUnitInfo     &amp#27;[0;39m &amp#27;[2m:&amp#27;[0;39m No LoadTimeWeaver setup: ignoring JPA class transformer
&amp#27;[2m2025-08-15T21:33:16.100+05:30&amp#27;[0;39m &amp#27;[32m INFO&amp#27;[0;39m &amp#27;[35m4750&amp#27;[0;39m &amp#27;[2m---&amp#27;[0;39m &amp#27;[2m[           main]&amp#27;[0;39m &amp#27;[2m&amp#27;[0;39m&amp#27;[36mcom.zaxxer.hikari.HikariDataSource      &amp#27;[0;39m &amp#27;[2m:&amp#27;[0;39m HikariPool-1 - Starting...
&amp#27;[2m2025-08-15T21:33:16.167+05:30&amp#27;[0;39m &amp#27;[32m INFO&amp#27;[0;39m &amp#27;[35m4750&amp#27;[0;39m &amp#27;[2m---&amp#27;[0;39m &amp#27;[2m[           main]&amp#27;[0;39m &amp#27;[2m&amp#27;[0;39m&amp#27;[36mcom.zaxxer.hikari.pool.HikariPool       &amp#27;[0;39m &amp#27;[2m:&amp#27;[0;39m HikariPool-1 - Added connection conn0: url=jdbc:h2:mem:midas user=SA
&amp#27;[2m2025-08-15T21:33:16.167+05:30&amp#27;[0;39m &amp#27;[32m INFO&amp#27;[0;39m &amp#27;[35m4750&amp#27;[0;39m &amp#27;[2m---&amp#27;[0;39m &amp#27;[2m[           main]&amp#27;[0;39m &amp#27;[2m&amp#27;[0;39m&amp#27;[36mcom.zaxxer.hikari.HikariDataSource      &amp#27;[0;39m &amp#27;[2m:&amp#27;[0;39m HikariPool-1 - Start completed.
&amp#27;[2m2025-08-15T21:33:16.549+05:30&amp#27;[0;39m &amp#27;[32m INFO&amp#27;[0;39m &amp#27;[35m4750&amp#27;[0;39m &amp#27;[2m---&amp#27;[0;39m &amp#27;[2m[           main]&amp#27;[0;39m &amp#27;[2m&amp#27;[0;39m&amp#27;[36mo.h.e.t.j.p.i.JtaPlatformInitiator      &amp#27;[0;39m &amp#27;[2m:&amp#27;[0;39m HHH000489: No JTA platform available (set 'hibernate.transaction.jta.platform' to enable JTA platform integration)
&amp#27;[2m2025-08-15T21:33:16.563+05:30&amp#27;[0;39m &amp#27;[32m INFO&amp#27;[0;39m &amp#27;[35m4750&amp#27;[0;39m &amp#27;[2m---&amp#27;[0;39m &amp#27;[2m[           main]&amp#27;[0;39m &amp#27;[2m&amp#27;[0;39m&amp#27;[36mj.LocalContainerEntityManagerFactoryBean&amp#27;[0;39m &amp#27;[2m:&amp#27;[0;39m Initialized JPA EntityManagerFactory for persistence unit 'default'
&amp#27;[2m2025-08-15T21:33:16.912+05:30&amp#27;[0;39m &amp#27;[32m INFO&amp#27;[0;39m &amp#27;[35m4750&amp#27;[0;39m &amp#27;[2m---&amp#27;[0;39m &amp#27;[2m[           main]&amp#27;[0;39m &amp#27;[2m&amp#27;[0;39m&amp#27;[36mo.s.b.w.embedded.tomcat.TomcatWebServer &amp#27;[0;39m &amp#27;[2m:&amp#27;[0;39m Tomcat started on port 33400 (http) with context path ''
&amp#27;[2m2025-08-15T21:33:16.922+05:30&amp#27;[0;39m &amp#27;[32m INFO&amp#27;[0;39m &amp#27;[35m4750&amp#27;[0;39m &amp#27;[2m---&amp#27;[0;39m &amp#27;[2m[           main]&amp#27;[0;39m &amp#27;[2m&amp#27;[0;39m&amp#27;[36mo.a.k.clients.consumer.ConsumerConfig   &amp#27;[0;39m &amp#27;[2m:&amp#27;[0;39m ConsumerConfig values: 
	allow.auto.create.topics = true
	auto.commit.interval.ms = 5000
	auto.include.jmx.reporter = true
	auto.offset.reset = earliest
	bootstrap.servers = [localhost:54128]
	check.crcs = true
	client.dns.lookup = use_all_dns_ips
	client.id = consumer-midas-core-consumer-1
	client.rack = 
	connections.max.idle.ms = 540000
	default.api.timeout.ms = 60000
	enable.auto.commit = false
	exclude.internal.topics = true
	fetch.max.bytes = 52428800
	fetch.max.wait.ms = 500
	fetch.min.bytes = 1
	group.id = midas-core-consumer
	group.instance.id = null
	heartbeat.interval.ms = 3000
	interceptor.classes = []
	internal.leave.group.on.close = true
	internal.throw.on.fetch.stable.offset.unsupported = false
	isolation.level = read_uncommitted
	key.deserializer = class org.apache.kafka.common.serialization.StringDeserializer
	max.partition.fetch.bytes = 1048576
	max.poll.interval.ms = 300000
	max.poll.records = 500
	metadata.max.age.ms = 300000
	metric.reporters = []
	metrics.num.samples = 2
	metrics.recording.level = INFO
	metrics.sample.window.ms = 30000
	partition.assignment.strategy = [class org.apache.kafka.clients.consumer.RangeAssignor, class org.apache.kafka.clients.consumer.CooperativeStickyAssignor]
	receive.buffer.bytes = 65536
	reconnect.backoff.max.ms = 1000
	reconnect.backoff.ms = 50
	request.timeout.ms = 30000
	retry.backoff.ms = 100
	sasl.client.callback.handler.class = null
	sasl.jaas.config = null
	sasl.kerberos.kinit.cmd = /usr/bin/kinit
	sasl.kerberos.min.time.before.relogin = 60000
	sasl.kerberos.service.name = null
	sasl.kerberos.ticket.renew.jitter = 0.05
	sasl.kerberos.ticket.renew.window.factor = 0.8
	sasl.login.callback.handler.class = null
	sasl.login.class = null
	sasl.login.connect.timeout.ms = null
	sasl.login.read.timeout.ms = null
	sasl.login.refresh.buffer.seconds = 300
	sasl.login.refresh.min.period.seconds = 60
	sasl.login.refresh.window.factor = 0.8
	sasl.login.refresh.window.jitter = 0.05
	sasl.login.retry.backoff.max.ms = 10000
	sasl.login.retry.backoff.ms = 100
	sasl.mechanism = GSSAPI
	sasl.oauthbearer.clock.skew.seconds = 30
	sasl.oauthbearer.expected.audience = null
	sasl.oauthbearer.expected.issuer = null
	sasl.oauthbearer.jwks.endpoint.refresh.ms = 3600000
	sasl.oauthbearer.jwks.endpoint.retry.backoff.max.ms = 10000
	sasl.oauthbearer.jwks.endpoint.retry.backoff.ms = 100
	sasl.oauthbearer.jwks.endpoint.url = null
	sasl.oauthbearer.scope.claim.name = scope
	sasl.oauthbearer.sub.claim.name = sub
	sasl.oauthbearer.token.endpoint.url = null
	security.protocol = PLAINTEXT
	security.providers = null
	send.buffer.bytes = 131072
	session.timeout.ms = 45000
	socket.connection.setup.timeout.max.ms = 30000
	socket.connection.setup.timeout.ms = 10000
	ssl.cipher.suites = null
	ssl.enabled.protocols = [TLSv1.2, TLSv1.3]
	ssl.endpoint.identification.algorithm = https
	ssl.engine.factory.class = null
	ssl.key.password = null
	ssl.keymanager.algorithm = SunX509
	ssl.keystore.certificate.chain = null
	ssl.keystore.key = null
	ssl.keystore.location = null
	ssl.keystore.password = null
	ssl.keystore.type = JKS
	ssl.protocol = TLSv1.3
	ssl.provider = null
	ssl.secure.random.implementation = null
	ssl.trustmanager.algorithm = PKIX
	ssl.truststore.certificates = null
	ssl.truststore.location = null
	ssl.truststore.password = null
	ssl.truststore.type = JKS
	value.deserializer = class org.springframework.kafka.support.serializer.JsonDeserializer

&amp#27;[2m2025-08-15T21:33:16.936+05:30&amp#27;[0;39m &amp#27;[32m INFO&amp#27;[0;39m &amp#27;[35m4750&amp#27;[0;39m &amp#27;[2m---&amp#27;[0;39m &amp#27;[2m[           main]&amp#27;[0;39m &amp#27;[2m&amp#27;[0;39m&amp#27;[36mo.a.kafka.common.utils.AppInfoParser    &amp#27;[0;39m &amp#27;[2m:&amp#27;[0;39m Kafka version: 3.6.2
&amp#27;[2m2025-08-15T21:33:16.936+05:30&amp#27;[0;39m &amp#27;[32m INFO&amp#27;[0;39m &amp#27;[35m4750&amp#27;[0;39m &amp#27;[2m---&amp#27;[0;39m &amp#27;[2m[           main]&amp#27;[0;39m &amp#27;[2m&amp#27;[0;39m&amp#27;[36mo.a.kafka.common.utils.AppInfoParser    &amp#27;[0;39m &amp#27;[2m:&amp#27;[0;39m Kafka commitId: c4deed513057c94e
&amp#27;[2m2025-08-15T21:33:16.936+05:30&amp#27;[0;39m &amp#27;[32m INFO&amp#27;[0;39m &amp#27;[35m4750&amp#27;[0;39m &amp#27;[2m---&amp#27;[0;39m &amp#27;[2m[           main]&amp#27;[0;39m &amp#27;[2m&amp#27;[0;39m&amp#27;[36mo.a.kafka.common.utils.AppInfoParser    &amp#27;[0;39m &amp#27;[2m:&amp#27;[0;39m Kafka startTimeMs: 1755273796936
&amp#27;[2m2025-08-15T21:33:16.937+05:30&amp#27;[0;39m &amp#27;[32m INFO&amp#27;[0;39m &amp#27;[35m4750&amp#27;[0;39m &amp#27;[2m---&amp#27;[0;39m &amp#27;[2m[           main]&amp#27;[0;39m &amp#27;[2m&amp#27;[0;39m&amp#27;[36mfkaConsumerFactory$ExtendedKafkaConsumer&amp#27;[0;39m &amp#27;[2m:&amp#27;[0;39m [Consumer clientId=consumer-midas-core-consumer-1, groupId=midas-core-consumer] Subscribed to topic(s): midas-transactions
&amp#27;[2m2025-08-15T21:33:16.944+05:30&amp#27;[0;39m &amp#27;[32m INFO&amp#27;[0;39m &amp#27;[35m4750&amp#27;[0;39m &amp#27;[2m---&amp#27;[0;39m &amp#27;[2m[           main]&amp#27;[0;39m &amp#27;[2m&amp#27;[0;39m&amp#27;[36mcom.jpmc.midascore.TaskFiveTests        &amp#27;[0;39m &amp#27;[2m:&amp#27;[0;39m Started TaskFiveTests in 2.339 seconds (process running for 2.755)
&amp#27;[2m2025-08-15T21:33:16.965+05:30&amp#27;[0;39m &amp#27;[32m INFO&amp#27;[0;39m &amp#27;[35m4750&amp#27;[0;39m &amp#27;[2m---&amp#27;[0;39m &amp#27;[2m[quest-handler-2]&amp#27;[0;39m &amp#27;[2m&amp#27;[0;39m&amp#27;[36mk.s.DefaultAutoTopicCreationManager     &amp#27;[0;39m &amp#27;[2m:&amp#27;[0;39m Sent auto-creation request for Set(midas-transactions) to the active controller.
&amp#27;[2m2025-08-15T21:33:16.986+05:30&amp#27;[0;39m &amp#27;[32m INFO&amp#27;[0;39m &amp#27;[35m4750&amp#27;[0;39m &amp#27;[2m---&amp#27;[0;39m &amp#27;[2m[0-event-handler]&amp#27;[0;39m &amp#27;[2m&amp#27;[0;39m&amp#27;[36mo.a.k.c.ReplicationControlManager       &amp#27;[0;39m &amp#27;[2m:&amp#27;[0;39m [QuorumController id=0] CreateTopics result(s): CreatableTopic(name='midas-transactions', numPartitions=1, replicationFactor=1, assignments=[], configs=[]): SUCCESS
&amp#27;[2m2025-08-15T21:33:16.987+05:30&amp#27;[0;39m &amp#27;[32m INFO&amp#27;[0;39m &amp#27;[35m4750&amp#27;[0;39m &amp#27;[2m---&amp#27;[0;39m &amp#27;[2m[0-event-handler]&amp#27;[0;39m &amp#27;[2m&amp#27;[0;39m&amp#27;[36mo.a.k.c.ReplicationControlManager       &amp#27;[0;39m &amp#27;[2m:&amp#27;[0;39m [QuorumController id=0] Replayed TopicRecord for topic midas-transactions with topic ID 3uN-2semRveEbZ_k0akqTg.
&amp#27;[2m2025-08-15T21:33:16.987+05:30&amp#27;[0;39m &amp#27;[33m WARN&amp#27;[0;39m &amp#27;[35m4750&amp#27;[0;39m &amp#27;[2m---&amp#27;[0;39m &amp#27;[2m[ntainer#0-0-C-1]&amp#27;[0;39m &amp#27;[2m&amp#27;[0;39m&amp#27;[36morg.apache.kafka.clients.NetworkClient  &amp#27;[0;39m &amp#27;[2m:&amp#27;[0;39m [Consumer clientId=consumer-midas-core-consumer-1, groupId=midas-core-consumer] Error while fetching metadata with correlation id 2 : {midas-transactions=UNKNOWN_TOPIC_OR_PARTITION}
&amp#27;[2m2025-08-15T21:33:16.988+05:30&amp#27;[0;39m &amp#27;[32m INFO&amp#27;[0;39m &amp#27;[35m4750&amp#27;[0;39m &amp#27;[2m---&amp#27;[0;39m &amp#27;[2m[0-event-handler]&amp#27;[0;39m &amp#27;[2m&amp#27;[0;39m&amp#27;[36mo.a.k.c.ReplicationControlManager       &amp#27;[0;39m &amp#27;[2m:&amp#27;[0;39m [QuorumController id=0] Replayed PartitionRecord for new partition midas-transactions-0 with topic ID 3uN-2semRveEbZ_k0akqTg and PartitionRegistration(replicas=[0], isr=[0], removingReplicas=[], addingReplicas=[], leader=0, leaderRecoveryState=RECOVERED, leaderEpoch=0, partitionEpoch=0).
&amp#27;[2m2025-08-15T21:33:16.988+05:30&amp#27;[0;39m &amp#27;[32m INFO&amp#27;[0;39m &amp#27;[35m4750&amp#27;[0;39m &amp#27;[2m---&amp#27;[0;39m &amp#27;[2m[quest-handler-5]&amp#27;[0;39m &amp#27;[2m&amp#27;[0;39m&amp#27;[36mk.s.DefaultAutoTopicCreationManager     &amp#27;[0;39m &amp#27;[2m:&amp#27;[0;39m Sent auto-creation request for Set(__consumer_offsets) to the active controller.
&amp#27;[2m2025-08-15T21:33:16.989+05:30&amp#27;[0;39m &amp#27;[32m INFO&amp#27;[0;39m &amp#27;[35m4750&amp#27;[0;39m &amp#27;[2m---&amp#27;[0;39m &amp#27;[2m[ntainer#0-0-C-1]&amp#27;[0;39m &amp#27;[2m&amp#27;[0;39m&amp#27;[36morg.apache.kafka.clients.Metadata       &amp#27;[0;39m &amp#27;[2m:&amp#27;[0;39m [Consumer clientId=consumer-midas-core-consumer-1, groupId=midas-core-consumer] Cluster ID: 13-hd41rSTOrrzXq3azDuQ
&amp#27;[2m2025-08-15T21:33:17.029+05:30&amp#27;[0;39m &amp#27;[32m INFO&amp#27;[0;39m &amp#27;[35m4750&amp#27;[0;39m &amp#27;[2m---&amp#27;[0;39m &amp#27;[2m[r-event-handler]&amp#27;[0;39m &amp#27;[2m&amp#27;[0;39m&amp#27;[36mstate.change.logger                     &amp#27;[0;39m &amp#27;[2m:&amp#27;[0;39m [Broker id=0] Transitioning 1 partition(s) to local leaders.
&amp#27;[2m2025-08-15T21:33:17.029+05:30&amp#27;[0;39m &amp#27;[32m INFO&amp#27;[0;39m &amp#27;[35m4750&amp#27;[0;39m &amp#27;[2m---&amp#27;[0;39m &amp#27;[2m[r-event-handler]&amp#27;[0;39m &amp#27;[2m&amp#27;[0;39m&amp#27;[36mkafka.server.ReplicaFetcherManager      &amp#27;[0;39m &amp#27;[2m:&amp#27;[0;39m [ReplicaFetcherManager on broker 0] Removed fetcher for partitions Set(midas-transactions-0)
&amp#27;[2m2025-08-15T21:33:17.042+05:30&amp#27;[0;39m &amp#27;[32m INFO&amp#27;[0;39m &amp#27;[35m4750&amp#27;[0;39m &amp#27;[2m---&amp#27;[0;39m &amp#27;[2m[r-event-handler]&amp#27;[0;39m &amp#27;[2m&amp#27;[0;39m&amp#27;[36mstate.change.logger                     &amp#27;[0;39m &amp#27;[2m:&amp#27;[0;39m [Broker id=0] Creating new partition midas-transactions-0 with topic id 3uN-2semRveEbZ_k0akqTg.
&amp#27;[2m2025-08-15T21:33:17.043+05:30&amp#27;[0;39m &amp#27;[32m INFO&amp#27;[0;39m &amp#27;[35m4750&amp#27;[0;39m &amp#27;[2m---&amp#27;[0;39m &amp#27;[2m[0-event-handler]&amp#27;[0;39m &amp#27;[2m&amp#27;[0;39m&amp#27;[36mo.a.k.c.ReplicationControlManager       &amp#27;[0;39m &amp#27;[2m:&amp#27;[0;39m [QuorumController id=0] CreateTopics result(s): CreatableTopic(name='__consumer_offsets', numPartitions=50, replicationFactor=1, assignments=[], configs=[CreateableTopicConfig(name='compression.type', value='producer'), CreateableTopicConfig(name='cleanup.policy', value='compact'), CreateableTopicConfig(name='segment.bytes', value='104857600')]): SUCCESS
&amp#27;[2m2025-08-15T21:33:17.043+05:30&amp#27;[0;39m &amp#27;[32m INFO&amp#27;[0;39m &amp#27;[35m4750&amp#27;[0;39m &amp#27;[2m---&amp#27;[0;39m &amp#27;[2m[0-event-handler]&amp#27;[0;39m &amp#27;[2m&amp#27;[0;39m&amp#27;[36mo.a.k.c.ReplicationControlManager       &amp#27;[0;39m &amp#27;[2m:&amp#27;[0;39m [QuorumController id=0] Replayed TopicRecord for topic __consumer_offsets with topic ID nwJA94HUSU-4J80Pd392Cg.
&amp#27;[2m2025-08-15T21:33:17.043+05:30&amp#27;[0;39m &amp#27;[32m INFO&amp#27;[0;39m &amp#27;[35m4750&amp#27;[0;39m &amp#27;[2m---&amp#27;[0;39m &amp#27;[2m[0-event-handler]&amp#27;[0;39m &amp#27;[2m&amp#27;[0;39m&amp#27;[36mo.a.k.c.ConfigurationControlManager     &amp#27;[0;39m &amp#27;[2m:&amp#27;[0;39m [QuorumController id=0] Replayed ConfigRecord for ConfigResource(type=TOPIC, name='__consumer_offsets') which set configuration compression.type to producer
&amp#27;[2m2025-08-15T21:33:17.043+05:30&amp#27;[0;39m &amp#27;[32m INFO&amp#27;[0;39m &amp#27;[35m4750&amp#27;[0;39m &amp#27;[2m---&amp#27;[0;39m &amp#27;[2m[0-event-handler]&amp#27;[0;39m &amp#27;[2m&amp#27;[0;39m&amp#27;[36mo.a.k.c.ConfigurationControlManager     &amp#27;[0;39m &amp#27;[2m:&amp#27;[0;39m [QuorumController id=0] Replayed ConfigRecord for ConfigResource(type=TOPIC, name='__consumer_offsets') which set configuration cleanup.policy to compact
&amp#27;[2m2025-08-15T21:33:17.043+05:30&amp#27;[0;39m &amp#27;[32m INFO&amp#27;[0;39m &amp#27;[35m4750&amp#27;[0;39m &amp#27;[2m---&amp#27;[0;39m &amp#27;[2m[0-event-handler]&amp#27;[0;39m &amp#27;[2m&amp#27;[0;39m&amp#27;[36mo.a.k.c.ConfigurationControlManager     &amp#27;[0;39m &amp#27;[2m:&amp#27;[0;39m [QuorumController id=0] Replayed ConfigRecord for ConfigResource(type=TOPIC, name='__consumer_offsets') which set configuration segment.bytes to 104857600
&amp#27;[2m2025-08-15T21:33:17.043+05:30&amp#27;[0;39m &amp#27;[32m INFO&amp#27;[0;39m &amp#27;[35m4750&amp#27;[0;39m &amp#27;[2m---&amp#27;[0;39m &amp#27;[2m[0-event-handler]&amp#27;[0;39m &amp#27;[2m&amp#27;[0;39m&amp#27;[36mo.a.k.c.ReplicationControlManager       &amp#27;[0;39m &amp#27;[2m:&amp#27;[0;39m [QuorumController id=0] Replayed PartitionRecord for new partition __consumer_offsets-0 with topic ID nwJA94HUSU-4J80Pd392Cg and PartitionRegistration(replicas=[0], isr=[0], removingReplicas=[], addingReplicas=[], leader=0, leaderRecoveryState=RECOVERED, leaderEpoch=0, partitionEpoch=0).
&amp#27;[2m2025-08-15T21:33:17.043+05:30&amp#27;[0;39m &amp#27;[32m INFO&amp#27;[0;39m &amp#27;[35m4750&amp#27;[0;39m &amp#27;[2m---&amp#27;[0;39m &amp#27;[2m[0-event-handler]&amp#27;[0;39m &amp#27;[2m&amp#27;[0;39m&amp#27;[36mo.a.k.c.ReplicationControlManager       &amp#27;[0;39m &amp#27;[2m:&amp#27;[0;39m [QuorumController id=0] Replayed PartitionRecord for new partition __consumer_offsets-1 with topic ID nwJA94HUSU-4J80Pd392Cg and PartitionRegistration(replicas=[0], isr=[0], removingReplicas=[], addingReplicas=[], leader=0, leaderRecoveryState=RECOVERED, leaderEpoch=0, partitionEpoch=0).
&amp#27;[2m2025-08-15T21:33:17.043+05:30&amp#27;[0;39m &amp#27;[32m INFO&amp#27;[0;39m &amp#27;[35m4750&amp#27;[0;39m &amp#27;[2m---&amp#27;[0;39m &amp#27;[2m[0-event-handler]&amp#27;[0;39m &amp#27;[2m&amp#27;[0;39m&amp#27;[36mo.a.k.c.ReplicationControlManager       &amp#27;[0;39m &amp#27;[2m:&amp#27;[0;39m [QuorumController id=0] Replayed PartitionRecord for new partition __consumer_offsets-2 with topic ID nwJA94HUSU-4J80Pd392Cg and PartitionRegistration(replicas=[0], isr=[0], removingReplicas=[], addingReplicas=[], leader=0, leaderRecoveryState=RECOVERED, leaderEpoch=0, partitionEpoch=0).
&amp#27;[2m2025-08-15T21:33:17.043+05:30&amp#27;[0;39m &amp#27;[32m INFO&amp#27;[0;39m &amp#27;[35m4750&amp#27;[0;39m &amp#27;[2m---&amp#27;[0;39m &amp#27;[2m[0-event-handler]&amp#27;[0;39m &amp#27;[2m&amp#27;[0;39m&amp#27;[36mo.a.k.c.ReplicationControlManager       &amp#27;[0;39m &amp#27;[2m:&amp#27;[0;39m [QuorumController id=0] Replayed PartitionRecord for new partition __consumer_offsets-3 with topic ID nwJA94HUSU-4J80Pd392Cg and PartitionRegistration(replicas=[0], isr=[0], removingReplicas=[], addingReplicas=[], leader=0, leaderRecoveryState=RECOVERED, leaderEpoch=0, partitionEpoch=0).
&amp#27;[2m2025-08-15T21:33:17.043+05:30&amp#27;[0;39m &amp#27;[32m INFO&amp#27;[0;39m &amp#27;[35m4750&amp#27;[0;39m &amp#27;[2m---&amp#27;[0;39m &amp#27;[2m[0-event-handler]&amp#27;[0;39m &amp#27;[2m&amp#27;[0;39m&amp#27;[36mo.a.k.c.ReplicationControlManager       &amp#27;[0;39m &amp#27;[2m:&amp#27;[0;39m [QuorumController id=0] Replayed PartitionRecord for new partition __consumer_offsets-4 with topic ID nwJA94HUSU-4J80Pd392Cg and PartitionRegistration(replicas=[0], isr=[0], removingReplicas=[], addingReplicas=[], leader=0, leaderRecoveryState=RECOVERED, leaderEpoch=0, partitionEpoch=0).
&amp#27;[2m2025-08-15T21:33:17.043+05:30&amp#27;[0;39m &amp#27;[32m INFO&amp#27;[0;39m &amp#27;[35m4750&amp#27;[0;39m &amp#27;[2m---&amp#27;[0;39m &amp#27;[2m[0-event-handler]&amp#27;[0;39m &amp#27;[2m&amp#27;[0;39m&amp#27;[36mo.a.k.c.ReplicationControlManager       &amp#27;[0;39m &amp#27;[2m:&amp#27;[0;39m [QuorumController id=0] Replayed PartitionRecord for new partition __consumer_offsets-5 with topic ID nwJA94HUSU-4J80Pd392Cg and PartitionRegistration(replicas=[0], isr=[0], removingReplicas=[], addingReplicas=[], leader=0, leaderRecoveryState=RECOVERED, leaderEpoch=0, partitionEpoch=0).
&amp#27;[2m2025-08-15T21:33:17.043+05:30&amp#27;[0;39m &amp#27;[32m INFO&amp#27;[0;39m &amp#27;[35m4750&amp#27;[0;39m &amp#27;[2m---&amp#27;[0;39m &amp#27;[2m[0-event-handler]&amp#27;[0;39m &amp#27;[2m&amp#27;[0;39m&amp#27;[36mo.a.k.c.ReplicationControlManager       &amp#27;[0;39m &amp#27;[2m:&amp#27;[0;39m [QuorumController id=0] Replayed PartitionRecord for new partition __consumer_offsets-6 with topic ID nwJA94HUSU-4J80Pd392Cg and PartitionRegistration(replicas=[0], isr=[0], removingReplicas=[], addingReplicas=[], leader=0, leaderRecoveryState=RECOVERED, leaderEpoch=0, partitionEpoch=0).
&amp#27;[2m2025-08-15T21:33:17.043+05:30&amp#27;[0;39m &amp#27;[32m INFO&amp#27;[0;39m &amp#27;[35m4750&amp#27;[0;39m &amp#27;[2m---&amp#27;[0;39m &amp#27;[2m[0-event-handler]&amp#27;[0;39m &amp#27;[2m&amp#27;[0;39m&amp#27;[36mo.a.k.c.ReplicationControlManager       &amp#27;[0;39m &amp#27;[2m:&amp#27;[0;39m [QuorumController id=0] Replayed PartitionRecord for new partition __consumer_offsets-7 with topic ID nwJA94HUSU-4J80Pd392Cg and PartitionRegistration(replicas=[0], isr=[0], removingReplicas=[], addingReplicas=[], leader=0, leaderRecoveryState=RECOVERED, leaderEpoch=0, partitionEpoch=0).
&amp#27;[2m2025-08-15T21:33:17.044+05:30&amp#27;[0;39m &amp#27;[32m INFO&amp#27;[0;39m &amp#27;[35m4750&amp#27;[0;39m &amp#27;[2m---&amp#27;[0;39m &amp#27;[2m[0-event-handler]&amp#27;[0;39m &amp#27;[2m&amp#27;[0;39m&amp#27;[36mo.a.k.c.ReplicationControlManager       &amp#27;[0;39m &amp#27;[2m:&amp#27;[0;39m [QuorumController id=0] Replayed PartitionRecord for new partition __consumer_offsets-8 with topic ID nwJA94HUSU-4J80Pd392Cg and PartitionRegistration(replicas=[0], isr=[0], removingReplicas=[], addingReplicas=[], leader=0, leaderRecoveryState=RECOVERED, leaderEpoch=0, partitionEpoch=0).
&amp#27;[2m2025-08-15T21:33:17.044+05:30&amp#27;[0;39m &amp#27;[32m INFO&amp#27;[0;39m &amp#27;[35m4750&amp#27;[0;39m &amp#27;[2m---&amp#27;[0;39m &amp#27;[2m[0-event-handler]&amp#27;[0;39m &amp#27;[2m&amp#27;[0;39m&amp#27;[36mo.a.k.c.ReplicationControlManager       &amp#27;[0;39m &amp#27;[2m:&amp#27;[0;39m [QuorumController id=0] Replayed PartitionRecord for new partition __consumer_offsets-9 with topic ID nwJA94HUSU-4J80Pd392Cg and PartitionRegistration(replicas=[0], isr=[0], removingReplicas=[], addingReplicas=[], leader=0, leaderRecoveryState=RECOVERED, leaderEpoch=0, partitionEpoch=0).
&amp#27;[2m2025-08-15T21:33:17.044+05:30&amp#27;[0;39m &amp#27;[32m INFO&amp#27;[0;39m &amp#27;[35m4750&amp#27;[0;39m &amp#27;[2m---&amp#27;[0;39m &amp#27;[2m[0-event-handler]&amp#27;[0;39m &amp#27;[2m&amp#27;[0;39m&amp#27;[36mo.a.k.c.ReplicationControlManager       &amp#27;[0;39m &amp#27;[2m:&amp#27;[0;39m [QuorumController id=0] Replayed PartitionRecord for new partition __consumer_offsets-10 with topic ID nwJA94HUSU-4J80Pd392Cg and PartitionRegistration(replicas=[0], isr=[0], removingReplicas=[], addingReplicas=[], leader=0, leaderRecoveryState=RECOVERED, leaderEpoch=0, partitionEpoch=0).
&amp#27;[2m2025-08-15T21:33:17.044+05:30&amp#27;[0;39m &amp#27;[32m INFO&amp#27;[0;39m &amp#27;[35m4750&amp#27;[0;39m &amp#27;[2m---&amp#27;[0;39m &amp#27;[2m[0-event-handler]&amp#27;[0;39m &amp#27;[2m&amp#27;[0;39m&amp#27;[36mo.a.k.c.ReplicationControlManager       &amp#27;[0;39m &amp#27;[2m:&amp#27;[0;39m [QuorumController id=0] Replayed PartitionRecord for new partition __consumer_offsets-11 with topic ID nwJA94HUSU-4J80Pd392Cg and PartitionRegistration(replicas=[0], isr=[0], removingReplicas=[], addingReplicas=[], leader=0, leaderRecoveryState=RECOVERED, leaderEpoch=0, partitionEpoch=0).
&amp#27;[2m2025-08-15T21:33:17.044+05:30&amp#27;[0;39m &amp#27;[32m INFO&amp#27;[0;39m &amp#27;[35m4750&amp#27;[0;39m &amp#27;[2m---&amp#27;[0;39m &amp#27;[2m[0-event-handler]&amp#27;[0;39m &amp#27;[2m&amp#27;[0;39m&amp#27;[36mo.a.k.c.ReplicationControlManager       &amp#27;[0;39m &amp#27;[2m:&amp#27;[0;39m [QuorumController id=0] Replayed PartitionRecord for new partition __consumer_offsets-12 with topic ID nwJA94HUSU-4J80Pd392Cg and PartitionRegistration(replicas=[0], isr=[0], removingReplicas=[], addingReplicas=[], leader=0, leaderRecoveryState=RECOVERED, leaderEpoch=0, partitionEpoch=0).
&amp#27;[2m2025-08-15T21:33:17.044+05:30&amp#27;[0;39m &amp#27;[32m INFO&amp#27;[0;39m &amp#27;[35m4750&amp#27;[0;39m &amp#27;[2m---&amp#27;[0;39m &amp#27;[2m[0-event-handler]&amp#27;[0;39m &amp#27;[2m&amp#27;[0;39m&amp#27;[36mo.a.k.c.ReplicationControlManager       &amp#27;[0;39m &amp#27;[2m:&amp#27;[0;39m [QuorumController id=0] Replayed PartitionRecord for new partition __consumer_offsets-13 with topic ID nwJA94HUSU-4J80Pd392Cg and PartitionRegistration(replicas=[0], isr=[0], removingReplicas=[], addingReplicas=[], leader=0, leaderRecoveryState=RECOVERED, leaderEpoch=0, partitionEpoch=0).
&amp#27;[2m2025-08-15T21:33:17.044+05:30&amp#27;[0;39m &amp#27;[32m INFO&amp#27;[0;39m &amp#27;[35m4750&amp#27;[0;39m &amp#27;[2m---&amp#27;[0;39m &amp#27;[2m[0-event-handler]&amp#27;[0;39m &amp#27;[2m&amp#27;[0;39m&amp#27;[36mo.a.k.c.ReplicationControlManager       &amp#27;[0;39m &amp#27;[2m:&amp#27;[0;39m [QuorumController id=0] Replayed PartitionRecord for new partition __consumer_offsets-14 with topic ID nwJA94HUSU-4J80Pd392Cg and PartitionRegistration(replicas=[0], isr=[0], removingReplicas=[], addingReplicas=[], leader=0, leaderRecoveryState=RECOVERED, leaderEpoch=0, partitionEpoch=0).
&amp#27;[2m2025-08-15T21:33:17.044+05:30&amp#27;[0;39m &amp#27;[32m INFO&amp#27;[0;39m &amp#27;[35m4750&amp#27;[0;39m &amp#27;[2m---&amp#27;[0;39m &amp#27;[2m[0-event-handler]&amp#27;[0;39m &amp#27;[2m&amp#27;[0;39m&amp#27;[36mo.a.k.c.ReplicationControlManager       &amp#27;[0;39m &amp#27;[2m:&amp#27;[0;39m [QuorumController id=0] Replayed PartitionRecord for new partition __consumer_offsets-15 with topic ID nwJA94HUSU-4J80Pd392Cg and PartitionRegistration(replicas=[0], isr=[0], removingReplicas=[], addingReplicas=[], leader=0, leaderRecoveryState=RECOVERED, leaderEpoch=0, partitionEpoch=0).
&amp#27;[2m2025-08-15T21:33:17.044+05:30&amp#27;[0;39m &amp#27;[32m INFO&amp#27;[0;39m &amp#27;[35m4750&amp#27;[0;39m &amp#27;[2m---&amp#27;[0;39m &amp#27;[2m[0-event-handler]&amp#27;[0;39m &amp#27;[2m&amp#27;[0;39m&amp#27;[36mo.a.k.c.ReplicationControlManager       &amp#27;[0;39m &amp#27;[2m:&amp#27;[0;39m [QuorumController id=0] Replayed PartitionRecord for new partition __consumer_offsets-16 with topic ID nwJA94HUSU-4J80Pd392Cg and PartitionRegistration(replicas=[0], isr=[0], removingReplicas=[], addingReplicas=[], leader=0, leaderRecoveryState=RECOVERED, leaderEpoch=0, partitionEpoch=0).
&amp#27;[2m2025-08-15T21:33:17.044+05:30&amp#27;[0;39m &amp#27;[32m INFO&amp#27;[0;39m &amp#27;[35m4750&amp#27;[0;39m &amp#27;[2m---&amp#27;[0;39m &amp#27;[2m[0-event-handler]&amp#27;[0;39m &amp#27;[2m&amp#27;[0;39m&amp#27;[36mo.a.k.c.ReplicationControlManager       &amp#27;[0;39m &amp#27;[2m:&amp#27;[0;39m [QuorumController id=0] Replayed PartitionRecord for new partition __consumer_offsets-17 with topic ID nwJA94HUSU-4J80Pd392Cg and PartitionRegistration(replicas=[0], isr=[0], removingReplicas=[], addingReplicas=[], leader=0, leaderRecoveryState=RECOVERED, leaderEpoch=0, partitionEpoch=0).
&amp#27;[2m2025-08-15T21:33:17.044+05:30&amp#27;[0;39m &amp#27;[32m INFO&amp#27;[0;39m &amp#27;[35m4750&amp#27;[0;39m &amp#27;[2m---&amp#27;[0;39m &amp#27;[2m[0-event-handler]&amp#27;[0;39m &amp#27;[2m&amp#27;[0;39m&amp#27;[36mo.a.k.c.ReplicationControlManager       &amp#27;[0;39m &amp#27;[2m:&amp#27;[0;39m [QuorumController id=0] Replayed PartitionRecord for new partition __consumer_offsets-18 with topic ID nwJA94HUSU-4J80Pd392Cg and PartitionRegistration(replicas=[0], isr=[0], removingReplicas=[], addingReplicas=[], leader=0, leaderRecoveryState=RECOVERED, leaderEpoch=0, partitionEpoch=0).
&amp#27;[2m2025-08-15T21:33:17.044+05:30&amp#27;[0;39m &amp#27;[32m INFO&amp#27;[0;39m &amp#27;[35m4750&amp#27;[0;39m &amp#27;[2m---&amp#27;[0;39m &amp#27;[2m[0-event-handler]&amp#27;[0;39m &amp#27;[2m&amp#27;[0;39m&amp#27;[36mo.a.k.c.ReplicationControlManager       &amp#27;[0;39m &amp#27;[2m:&amp#27;[0;39m [QuorumController id=0] Replayed PartitionRecord for new partition __consumer_offsets-19 with topic ID nwJA94HUSU-4J80Pd392Cg and PartitionRegistration(replicas=[0], isr=[0], removingReplicas=[], addingReplicas=[], leader=0, leaderRecoveryState=RECOVERED, leaderEpoch=0, partitionEpoch=0).
&amp#27;[2m2025-08-15T21:33:17.044+05:30&amp#27;[0;39m &amp#27;[32m INFO&amp#27;[0;39m &amp#27;[35m4750&amp#27;[0;39m &amp#27;[2m---&amp#27;[0;39m &amp#27;[2m[0-event-handler]&amp#27;[0;39m &amp#27;[2m&amp#27;[0;39m&amp#27;[36mo.a.k.c.ReplicationControlManager       &amp#27;[0;39m &amp#27;[2m:&amp#27;[0;39m [QuorumController id=0] Replayed PartitionRecord for new partition __consumer_offsets-20 with topic ID nwJA94HUSU-4J80Pd392Cg and PartitionRegistration(replicas=[0], isr=[0], removingReplicas=[], addingReplicas=[], leader=0, leaderRecoveryState=RECOVERED, leaderEpoch=0, partitionEpoch=0).
&amp#27;[2m2025-08-15T21:33:17.044+05:30&amp#27;[0;39m &amp#27;[32m INFO&amp#27;[0;39m &amp#27;[35m4750&amp#27;[0;39m &amp#27;[2m---&amp#27;[0;39m &amp#27;[2m[0-event-handler]&amp#27;[0;39m &amp#27;[2m&amp#27;[0;39m&amp#27;[36mo.a.k.c.ReplicationControlManager       &amp#27;[0;39m &amp#27;[2m:&amp#27;[0;39m [QuorumController id=0] Replayed PartitionRecord for new partition __consumer_offsets-21 with topic ID nwJA94HUSU-4J80Pd392Cg and PartitionRegistration(replicas=[0], isr=[0], removingReplicas=[], addingReplicas=[], leader=0, leaderRecoveryState=RECOVERED, leaderEpoch=0, partitionEpoch=0).
&amp#27;[2m2025-08-15T21:33:17.045+05:30&amp#27;[0;39m &amp#27;[32m INFO&amp#27;[0;39m &amp#27;[35m4750&amp#27;[0;39m &amp#27;[2m---&amp#27;[0;39m &amp#27;[2m[0-event-handler]&amp#27;[0;39m &amp#27;[2m&amp#27;[0;39m&amp#27;[36mo.a.k.c.ReplicationControlManager       &amp#27;[0;39m &amp#27;[2m:&amp#27;[0;39m [QuorumController id=0] Replayed PartitionRecord for new partition __consumer_offsets-22 with topic ID nwJA94HUSU-4J80Pd392Cg and PartitionRegistration(replicas=[0], isr=[0], removingReplicas=[], addingReplicas=[], leader=0, leaderRecoveryState=RECOVERED, leaderEpoch=0, partitionEpoch=0).
&amp#27;[2m2025-08-15T21:33:17.045+05:30&amp#27;[0;39m &amp#27;[32m INFO&amp#27;[0;39m &amp#27;[35m4750&amp#27;[0;39m &amp#27;[2m---&amp#27;[0;39m &amp#27;[2m[0-event-handler]&amp#27;[0;39m &amp#27;[2m&amp#27;[0;39m&amp#27;[36mo.a.k.c.ReplicationControlManager       &amp#27;[0;39m &amp#27;[2m:&amp#27;[0;39m [QuorumController id=0] Replayed PartitionRecord for new partition __consumer_offsets-23 with topic ID nwJA94HUSU-4J80Pd392Cg and PartitionRegistration(replicas=[0], isr=[0], removingReplicas=[], addingReplicas=[], leader=0, leaderRecoveryState=RECOVERED, leaderEpoch=0, partitionEpoch=0).
&amp#27;[2m2025-08-15T21:33:17.045+05:30&amp#27;[0;39m &amp#27;[32m INFO&amp#27;[0;39m &amp#27;[35m4750&amp#27;[0;39m &amp#27;[2m---&amp#27;[0;39m &amp#27;[2m[0-event-handler]&amp#27;[0;39m &amp#27;[2m&amp#27;[0;39m&amp#27;[36mo.a.k.c.ReplicationControlManager       &amp#27;[0;39m &amp#27;[2m:&amp#27;[0;39m [QuorumController id=0] Replayed PartitionRecord for new partition __consumer_offsets-24 with topic ID nwJA94HUSU-4J80Pd392Cg and PartitionRegistration(replicas=[0], isr=[0], removingReplicas=[], addingReplicas=[], leader=0, leaderRecoveryState=RECOVERED, leaderEpoch=0, partitionEpoch=0).
&amp#27;[2m2025-08-15T21:33:17.045+05:30&amp#27;[0;39m &amp#27;[32m INFO&amp#27;[0;39m &amp#27;[35m4750&amp#27;[0;39m &amp#27;[2m---&amp#27;[0;39m &amp#27;[2m[0-event-handler]&amp#27;[0;39m &amp#27;[2m&amp#27;[0;39m&amp#27;[36mo.a.k.c.ReplicationControlManager       &amp#27;[0;39m &amp#27;[2m:&amp#27;[0;39m [QuorumController id=0] Replayed PartitionRecord for new partition __consumer_offsets-25 with topic ID nwJA94HUSU-4J80Pd392Cg and PartitionRegistration(replicas=[0], isr=[0], removingReplicas=[], addingReplicas=[], leader=0, leaderRecoveryState=RECOVERED, leaderEpoch=0, partitionEpoch=0).
&amp#27;[2m2025-08-15T21:33:17.045+05:30&amp#27;[0;39m &amp#27;[32m INFO&amp#27;[0;39m &amp#27;[35m4750&amp#27;[0;39m &amp#27;[2m---&amp#27;[0;39m &amp#27;[2m[0-event-handler]&amp#27;[0;39m &amp#27;[2m&amp#27;[0;39m&amp#27;[36mo.a.k.c.ReplicationControlManager       &amp#27;[0;39m &amp#27;[2m:&amp#27;[0;39m [QuorumController id=0] Replayed PartitionRecord for new partition __consumer_offsets-26 with topic ID nwJA94HUSU-4J80Pd392Cg and PartitionRegistration(replicas=[0], isr=[0], removingReplicas=[], addingReplicas=[], leader=0, leaderRecoveryState=RECOVERED, leaderEpoch=0, partitionEpoch=0).
&amp#27;[2m2025-08-15T21:33:17.045+05:30&amp#27;[0;39m &amp#27;[32m INFO&amp#27;[0;39m &amp#27;[35m4750&amp#27;[0;39m &amp#27;[2m---&amp#27;[0;39m &amp#27;[2m[0-event-handler]&amp#27;[0;39m &amp#27;[2m&amp#27;[0;39m&amp#27;[36mo.a.k.c.ReplicationControlManager       &amp#27;[0;39m &amp#27;[2m:&amp#27;[0;39m [QuorumController id=0] Replayed PartitionRecord for new partition __consumer_offsets-27 with topic ID nwJA94HUSU-4J80Pd392Cg and PartitionRegistration(replicas=[0], isr=[0], removingReplicas=[], addingReplicas=[], leader=0, leaderRecoveryState=RECOVERED, leaderEpoch=0, partitionEpoch=0).
&amp#27;[2m2025-08-15T21:33:17.045+05:30&amp#27;[0;39m &amp#27;[32m INFO&amp#27;[0;39m &amp#27;[35m4750&amp#27;[0;39m &amp#27;[2m---&amp#27;[0;39m &amp#27;[2m[0-event-handler]&amp#27;[0;39m &amp#27;[2m&amp#27;[0;39m&amp#27;[36mo.a.k.c.ReplicationControlManager       &amp#27;[0;39m &amp#27;[2m:&amp#27;[0;39m [QuorumController id=0] Replayed PartitionRecord for new partition __consumer_offsets-28 with topic ID nwJA94HUSU-4J80Pd392Cg and PartitionRegistration(replicas=[0], isr=[0], removingReplicas=[], addingReplicas=[], leader=0, leaderRecoveryState=RECOVERED, leaderEpoch=0, partitionEpoch=0).
&amp#27;[2m2025-08-15T21:33:17.046+05:30&amp#27;[0;39m &amp#27;[32m INFO&amp#27;[0;39m &amp#27;[35m4750&amp#27;[0;39m &amp#27;[2m---&amp#27;[0;39m &amp#27;[2m[0-event-handler]&amp#27;[0;39m &amp#27;[2m&amp#27;[0;39m&amp#27;[36mo.a.k.c.ReplicationControlManager       &amp#27;[0;39m &amp#27;[2m:&amp#27;[0;39m [QuorumController id=0] Replayed PartitionRecord for new partition __consumer_offsets-29 with topic ID nwJA94HUSU-4J80Pd392Cg and PartitionRegistration(replicas=[0], isr=[0], removingReplicas=[], addingReplicas=[], leader=0, leaderRecoveryState=RECOVERED, leaderEpoch=0, partitionEpoch=0).
&amp#27;[2m2025-08-15T21:33:17.046+05:30&amp#27;[0;39m &amp#27;[32m INFO&amp#27;[0;39m &amp#27;[35m4750&amp#27;[0;39m &amp#27;[2m---&amp#27;[0;39m &amp#27;[2m[0-event-handler]&amp#27;[0;39m &amp#27;[2m&amp#27;[0;39m&amp#27;[36mo.a.k.c.ReplicationControlManager       &amp#27;[0;39m &amp#27;[2m:&amp#27;[0;39m [QuorumController id=0] Replayed PartitionRecord for new partition __consumer_offsets-30 with topic ID nwJA94HUSU-4J80Pd392Cg and PartitionRegistration(replicas=[0], isr=[0], removingReplicas=[], addingReplicas=[], leader=0, leaderRecoveryState=RECOVERED, leaderEpoch=0, partitionEpoch=0).
&amp#27;[2m2025-08-15T21:33:17.046+05:30&amp#27;[0;39m &amp#27;[32m INFO&amp#27;[0;39m &amp#27;[35m4750&amp#27;[0;39m &amp#27;[2m---&amp#27;[0;39m &amp#27;[2m[0-event-handler]&amp#27;[0;39m &amp#27;[2m&amp#27;[0;39m&amp#27;[36mo.a.k.c.ReplicationControlManager       &amp#27;[0;39m &amp#27;[2m:&amp#27;[0;39m [QuorumController id=0] Replayed PartitionRecord for new partition __consumer_offsets-31 with topic ID nwJA94HUSU-4J80Pd392Cg and PartitionRegistration(replicas=[0], isr=[0], removingReplicas=[], addingReplicas=[], leader=0, leaderRecoveryState=RECOVERED, leaderEpoch=0, partitionEpoch=0).
&amp#27;[2m2025-08-15T21:33:17.046+05:30&amp#27;[0;39m &amp#27;[32m INFO&amp#27;[0;39m &amp#27;[35m4750&amp#27;[0;39m &amp#27;[2m---&amp#27;[0;39m &amp#27;[2m[0-event-handler]&amp#27;[0;39m &amp#27;[2m&amp#27;[0;39m&amp#27;[36mo.a.k.c.ReplicationControlManager       &amp#27;[0;39m &amp#27;[2m:&amp#27;[0;39m [QuorumController id=0] Replayed PartitionRecord for new partition __consumer_offsets-32 with topic ID nwJA94HUSU-4J80Pd392Cg and PartitionRegistration(replicas=[0], isr=[0], removingReplicas=[], addingReplicas=[], leader=0, leaderRecoveryState=RECOVERED, leaderEpoch=0, partitionEpoch=0).
&amp#27;[2m2025-08-15T21:33:17.046+05:30&amp#27;[0;39m &amp#27;[32m INFO&amp#27;[0;39m &amp#27;[35m4750&amp#27;[0;39m &amp#27;[2m---&amp#27;[0;39m &amp#27;[2m[0-event-handler]&amp#27;[0;39m &amp#27;[2m&amp#27;[0;39m&amp#27;[36mo.a.k.c.ReplicationControlManager       &amp#27;[0;39m &amp#27;[2m:&amp#27;[0;39m [QuorumController id=0] Replayed PartitionRecord for new partition __consumer_offsets-33 with topic ID nwJA94HUSU-4J80Pd392Cg and PartitionRegistration(replicas=[0], isr=[0], removingReplicas=[], addingReplicas=[], leader=0, leaderRecoveryState=RECOVERED, leaderEpoch=0, partitionEpoch=0).
&amp#27;[2m2025-08-15T21:33:17.046+05:30&amp#27;[0;39m &amp#27;[32m INFO&amp#27;[0;39m &amp#27;[35m4750&amp#27;[0;39m &amp#27;[2m---&amp#27;[0;39m &amp#27;[2m[0-event-handler]&amp#27;[0;39m &amp#27;[2m&amp#27;[0;39m&amp#27;[36mo.a.k.c.ReplicationControlManager       &amp#27;[0;39m &amp#27;[2m:&amp#27;[0;39m [QuorumController id=0] Replayed PartitionRecord for new partition __consumer_offsets-34 with topic ID nwJA94HUSU-4J80Pd392Cg and PartitionRegistration(replicas=[0], isr=[0], removingReplicas=[], addingReplicas=[], leader=0, leaderRecoveryState=RECOVERED, leaderEpoch=0, partitionEpoch=0).
&amp#27;[2m2025-08-15T21:33:17.047+05:30&amp#27;[0;39m &amp#27;[32m INFO&amp#27;[0;39m &amp#27;[35m4750&amp#27;[0;39m &amp#27;[2m---&amp#27;[0;39m &amp#27;[2m[0-event-handler]&amp#27;[0;39m &amp#27;[2m&amp#27;[0;39m&amp#27;[36mo.a.k.c.ReplicationControlManager       &amp#27;[0;39m &amp#27;[2m:&amp#27;[0;39m [QuorumController id=0] Replayed PartitionRecord for new partition __consumer_offsets-35 with topic ID nwJA94HUSU-4J80Pd392Cg and PartitionRegistration(replicas=[0], isr=[0], removingReplicas=[], addingReplicas=[], leader=0, leaderRecoveryState=RECOVERED, leaderEpoch=0, partitionEpoch=0).
&amp#27;[2m2025-08-15T21:33:17.047+05:30&amp#27;[0;39m &amp#27;[32m INFO&amp#27;[0;39m &amp#27;[35m4750&amp#27;[0;39m &amp#27;[2m---&amp#27;[0;39m &amp#27;[2m[0-event-handler]&amp#27;[0;39m &amp#27;[2m&amp#27;[0;39m&amp#27;[36mo.a.k.c.ReplicationControlManager       &amp#27;[0;39m &amp#27;[2m:&amp#27;[0;39m [QuorumController id=0] Replayed PartitionRecord for new partition __consumer_offsets-36 with topic ID nwJA94HUSU-4J80Pd392Cg and PartitionRegistration(replicas=[0], isr=[0], removingReplicas=[], addingReplicas=[], leader=0, leaderRecoveryState=RECOVERED, leaderEpoch=0, partitionEpoch=0).
&amp#27;[2m2025-08-15T21:33:17.047+05:30&amp#27;[0;39m &amp#27;[32m INFO&amp#27;[0;39m &amp#27;[35m4750&amp#27;[0;39m &amp#27;[2m---&amp#27;[0;39m &amp#27;[2m[0-event-handler]&amp#27;[0;39m &amp#27;[2m&amp#27;[0;39m&amp#27;[36mo.a.k.c.ReplicationControlManager       &amp#27;[0;39m &amp#27;[2m:&amp#27;[0;39m [QuorumController id=0] Replayed PartitionRecord for new partition __consumer_offsets-37 with topic ID nwJA94HUSU-4J80Pd392Cg and PartitionRegistration(replicas=[0], isr=[0], removingReplicas=[], addingReplicas=[], leader=0, leaderRecoveryState=RECOVERED, leaderEpoch=0, partitionEpoch=0).
&amp#27;[2m2025-08-15T21:33:17.047+05:30&amp#27;[0;39m &amp#27;[32m INFO&amp#27;[0;39m &amp#27;[35m4750&amp#27;[0;39m &amp#27;[2m---&amp#27;[0;39m &amp#27;[2m[0-event-handler]&amp#27;[0;39m &amp#27;[2m&amp#27;[0;39m&amp#27;[36mo.a.k.c.ReplicationControlManager       &amp#27;[0;39m &amp#27;[2m:&amp#27;[0;39m [QuorumController id=0] Replayed PartitionRecord for new partition __consumer_offsets-38 with topic ID nwJA94HUSU-4J80Pd392Cg and PartitionRegistration(replicas=[0], isr=[0], removingReplicas=[], addingReplicas=[], leader=0, leaderRecoveryState=RECOVERED, leaderEpoch=0, partitionEpoch=0).
&amp#27;[2m2025-08-15T21:33:17.047+05:30&amp#27;[0;39m &amp#27;[32m INFO&amp#27;[0;39m &amp#27;[35m4750&amp#27;[0;39m &amp#27;[2m---&amp#27;[0;39m &amp#27;[2m[0-event-handler]&amp#27;[0;39m &amp#27;[2m&amp#27;[0;39m&amp#27;[36mo.a.k.c.ReplicationControlManager       &amp#27;[0;39m &amp#27;[2m:&amp#27;[0;39m [QuorumController id=0] Replayed PartitionRecord for new partition __consumer_offsets-39 with topic ID nwJA94HUSU-4J80Pd392Cg and PartitionRegistration(replicas=[0], isr=[0], removingReplicas=[], addingReplicas=[], leader=0, leaderRecoveryState=RECOVERED, leaderEpoch=0, partitionEpoch=0).
&amp#27;[2m2025-08-15T21:33:17.047+05:30&amp#27;[0;39m &amp#27;[32m INFO&amp#27;[0;39m &amp#27;[35m4750&amp#27;[0;39m &amp#27;[2m---&amp#27;[0;39m &amp#27;[2m[0-event-handler]&amp#27;[0;39m &amp#27;[2m&amp#27;[0;39m&amp#27;[36mo.a.k.c.ReplicationControlManager       &amp#27;[0;39m &amp#27;[2m:&amp#27;[0;39m [QuorumController id=0] Replayed PartitionRecord for new partition __consumer_offsets-40 with topic ID nwJA94HUSU-4J80Pd392Cg and PartitionRegistration(replicas=[0], isr=[0], removingReplicas=[], addingReplicas=[], leader=0, leaderRecoveryState=RECOVERED, leaderEpoch=0, partitionEpoch=0).
&amp#27;[2m2025-08-15T21:33:17.047+05:30&amp#27;[0;39m &amp#27;[32m INFO&amp#27;[0;39m &amp#27;[35m4750&amp#27;[0;39m &amp#27;[2m---&amp#27;[0;39m &amp#27;[2m[0-event-handler]&amp#27;[0;39m &amp#27;[2m&amp#27;[0;39m&amp#27;[36mo.a.k.c.ReplicationControlManager       &amp#27;[0;39m &amp#27;[2m:&amp#27;[0;39m [QuorumController id=0] Replayed PartitionRecord for new partition __consumer_offsets-41 with topic ID nwJA94HUSU-4J80Pd392Cg and PartitionRegistration(replicas=[0], isr=[0], removingReplicas=[], addingReplicas=[], leader=0, leaderRecoveryState=RECOVERED, leaderEpoch=0, partitionEpoch=0).
&amp#27;[2m2025-08-15T21:33:17.047+05:30&amp#27;[0;39m &amp#27;[32m INFO&amp#27;[0;39m &amp#27;[35m4750&amp#27;[0;39m &amp#27;[2m---&amp#27;[0;39m &amp#27;[2m[0-event-handler]&amp#27;[0;39m &amp#27;[2m&amp#27;[0;39m&amp#27;[36mo.a.k.c.ReplicationControlManager       &amp#27;[0;39m &amp#27;[2m:&amp#27;[0;39m [QuorumController id=0] Replayed PartitionRecord for new partition __consumer_offsets-42 with topic ID nwJA94HUSU-4J80Pd392Cg and PartitionRegistration(replicas=[0], isr=[0], removingReplicas=[], addingReplicas=[], leader=0, leaderRecoveryState=RECOVERED, leaderEpoch=0, partitionEpoch=0).
&amp#27;[2m2025-08-15T21:33:17.047+05:30&amp#27;[0;39m &amp#27;[32m INFO&amp#27;[0;39m &amp#27;[35m4750&amp#27;[0;39m &amp#27;[2m---&amp#27;[0;39m &amp#27;[2m[0-event-handler]&amp#27;[0;39m &amp#27;[2m&amp#27;[0;39m&amp#27;[36mo.a.k.c.ReplicationControlManager       &amp#27;[0;39m &amp#27;[2m:&amp#27;[0;39m [QuorumController id=0] Replayed PartitionRecord for new partition __consumer_offsets-43 with topic ID nwJA94HUSU-4J80Pd392Cg and PartitionRegistration(replicas=[0], isr=[0], removingReplicas=[], addingReplicas=[], leader=0, leaderRecoveryState=RECOVERED, leaderEpoch=0, partitionEpoch=0).
&amp#27;[2m2025-08-15T21:33:17.047+05:30&amp#27;[0;39m &amp#27;[32m INFO&amp#27;[0;39m &amp#27;[35m4750&amp#27;[0;39m &amp#27;[2m---&amp#27;[0;39m &amp#27;[2m[0-event-handler]&amp#27;[0;39m &amp#27;[2m&amp#27;[0;39m&amp#27;[36mo.a.k.c.ReplicationControlManager       &amp#27;[0;39m &amp#27;[2m:&amp#27;[0;39m [QuorumController id=0] Replayed PartitionRecord for new partition __consumer_offsets-44 with topic ID nwJA94HUSU-4J80Pd392Cg and PartitionRegistration(replicas=[0], isr=[0], removingReplicas=[], addingReplicas=[], leader=0, leaderRecoveryState=RECOVERED, leaderEpoch=0, partitionEpoch=0).
&amp#27;[2m2025-08-15T21:33:17.048+05:30&amp#27;[0;39m &amp#27;[32m INFO&amp#27;[0;39m &amp#27;[35m4750&amp#27;[0;39m &amp#27;[2m---&amp#27;[0;39m &amp#27;[2m[0-event-handler]&amp#27;[0;39m &amp#27;[2m&amp#27;[0;39m&amp#27;[36mo.a.k.c.ReplicationControlManager       &amp#27;[0;39m &amp#27;[2m:&amp#27;[0;39m [QuorumController id=0] Replayed PartitionRecord for new partition __consumer_offsets-45 with topic ID nwJA94HUSU-4J80Pd392Cg and PartitionRegistration(replicas=[0], isr=[0], removingReplicas=[], addingReplicas=[], leader=0, leaderRecoveryState=RECOVERED, leaderEpoch=0, partitionEpoch=0).
&amp#27;[2m2025-08-15T21:33:17.048+05:30&amp#27;[0;39m &amp#27;[32m INFO&amp#27;[0;39m &amp#27;[35m4750&amp#27;[0;39m &amp#27;[2m---&amp#27;[0;39m &amp#27;[2m[0-event-handler]&amp#27;[0;39m &amp#27;[2m&amp#27;[0;39m&amp#27;[36mo.a.k.c.ReplicationControlManager       &amp#27;[0;39m &amp#27;[2m:&amp#27;[0;39m [QuorumController id=0] Replayed PartitionRecord for new partition __consumer_offsets-46 with topic ID nwJA94HUSU-4J80Pd392Cg and PartitionRegistration(replicas=[0], isr=[0], removingReplicas=[], addingReplicas=[], leader=0, leaderRecoveryState=RECOVERED, leaderEpoch=0, partitionEpoch=0).
&amp#27;[2m2025-08-15T21:33:17.048+05:30&amp#27;[0;39m &amp#27;[32m INFO&amp#27;[0;39m &amp#27;[35m4750&amp#27;[0;39m &amp#27;[2m---&amp#27;[0;39m &amp#27;[2m[0-event-handler]&amp#27;[0;39m &amp#27;[2m&amp#27;[0;39m&amp#27;[36mo.a.k.c.ReplicationControlManager       &amp#27;[0;39m &amp#27;[2m:&amp#27;[0;39m [QuorumController id=0] Replayed PartitionRecord for new partition __consumer_offsets-47 with topic ID nwJA94HUSU-4J80Pd392Cg and PartitionRegistration(replicas=[0], isr=[0], removingReplicas=[], addingReplicas=[], leader=0, leaderRecoveryState=RECOVERED, leaderEpoch=0, partitionEpoch=0).
&amp#27;[2m2025-08-15T21:33:17.048+05:30&amp#27;[0;39m &amp#27;[32m INFO&amp#27;[0;39m &amp#27;[35m4750&amp#27;[0;39m &amp#27;[2m---&amp#27;[0;39m &amp#27;[2m[0-event-handler]&amp#27;[0;39m &amp#27;[2m&amp#27;[0;39m&amp#27;[36mo.a.k.c.ReplicationControlManager       &amp#27;[0;39m &amp#27;[2m:&amp#27;[0;39m [QuorumController id=0] Replayed PartitionRecord for new partition __consumer_offsets-48 with topic ID nwJA94HUSU-4J80Pd392Cg and PartitionRegistration(replicas=[0], isr=[0], removingReplicas=[], addingReplicas=[], leader=0, leaderRecoveryState=RECOVERED, leaderEpoch=0, partitionEpoch=0).
&amp#27;[2m2025-08-15T21:33:17.048+05:30&amp#27;[0;39m &amp#27;[32m INFO&amp#27;[0;39m &amp#27;[35m4750&amp#27;[0;39m &amp#27;[2m---&amp#27;[0;39m &amp#27;[2m[0-event-handler]&amp#27;[0;39m &amp#27;[2m&amp#27;[0;39m&amp#27;[36mo.a.k.c.ReplicationControlManager       &amp#27;[0;39m &amp#27;[2m:&amp#27;[0;39m [QuorumController id=0] Replayed PartitionRecord for new partition __consumer_offsets-49 with topic ID nwJA94HUSU-4J80Pd392Cg and PartitionRegistration(replicas=[0], isr=[0], removingReplicas=[], addingReplicas=[], leader=0, leaderRecoveryState=RECOVERED, leaderEpoch=0, partitionEpoch=0).
&amp#27;[2m2025-08-15T21:33:17.054+05:30&amp#27;[0;39m &amp#27;[32m INFO&amp#27;[0;39m &amp#27;[35m4750&amp#27;[0;39m &amp#27;[2m---&amp#27;[0;39m &amp#27;[2m[r-event-handler]&amp#27;[0;39m &amp#27;[2m&amp#27;[0;39m&amp#27;[36mkafka.log.UnifiedLog$                   &amp#27;[0;39m &amp#27;[2m:&amp#27;[0;39m [LogLoader partition=midas-transactions-0, dir=/var/folders/yt/8yxf8rd12tscf0qk7fmq7n_m0000gn/T/kafka-14683256353376918148/broker_0_data0] Loading producer state till offset 0 with message format version 2
&amp#27;[2m2025-08-15T21:33:17.055+05:30&amp#27;[0;39m &amp#27;[32m INFO&amp#27;[0;39m &amp#27;[35m4750&amp#27;[0;39m &amp#27;[2m---&amp#27;[0;39m &amp#27;[2m[r-event-handler]&amp#27;[0;39m &amp#27;[2m&amp#27;[0;39m&amp#27;[36mkafka.log.LogManager                    &amp#27;[0;39m &amp#27;[2m:&amp#27;[0;39m Created log for partition midas-transactions-0 in /var/folders/yt/8yxf8rd12tscf0qk7fmq7n_m0000gn/T/kafka-14683256353376918148/broker_0_data0/midas-transactions-0 with properties {}
&amp#27;[2m2025-08-15T21:33:17.056+05:30&amp#27;[0;39m &amp#27;[32m INFO&amp#27;[0;39m &amp#27;[35m4750&amp#27;[0;39m &amp#27;[2m---&amp#27;[0;39m &amp#27;[2m[r-event-handler]&amp#27;[0;39m &amp#27;[2m&amp#27;[0;39m&amp#27;[36mkafka.cluster.Partition                 &amp#27;[0;39m &amp#27;[2m:&amp#27;[0;39m [Partition midas-transactions-0 broker=0] No checkpointed highwatermark is found for partition midas-transactions-0
&amp#27;[2m2025-08-15T21:33:17.057+05:30&amp#27;[0;39m &amp#27;[32m INFO&amp#27;[0;39m &amp#27;[35m4750&amp#27;[0;39m &amp#27;[2m---&amp#27;[0;39m &amp#27;[2m[r-event-handler]&amp#27;[0;39m &amp#27;[2m&amp#27;[0;39m&amp#27;[36mkafka.cluster.Partition                 &amp#27;[0;39m &amp#27;[2m:&amp#27;[0;39m [Partition midas-transactions-0 broker=0] Log loaded for partition midas-transactions-0 with initial high watermark 0
&amp#27;[2m2025-08-15T21:33:17.058+05:30&amp#27;[0;39m &amp#27;[32m INFO&amp#27;[0;39m &amp#27;[35m4750&amp#27;[0;39m &amp#27;[2m---&amp#27;[0;39m &amp#27;[2m[r-event-handler]&amp#27;[0;39m &amp#27;[2m&amp#27;[0;39m&amp#27;[36mstate.change.logger                     &amp#27;[0;39m &amp#27;[2m:&amp#27;[0;39m [Broker id=0] Leader midas-transactions-0 with topic id Some(3uN-2semRveEbZ_k0akqTg) starts at leader epoch 0 from offset 0 with partition epoch 0, high watermark 0, ISR [0], adding replicas [] and removing replicas [] . Previous leader None and previous leader epoch was -1.
&amp#27;[2m2025-08-15T21:33:17.077+05:30&amp#27;[0;39m &amp#27;[32m INFO&amp#27;[0;39m &amp#27;[35m4750&amp#27;[0;39m &amp#27;[2m---&amp#27;[0;39m &amp#27;[2m[r-event-handler]&amp#27;[0;39m &amp#27;[2m&amp#27;[0;39m&amp#27;[36mstate.change.logger                     &amp#27;[0;39m &amp#27;[2m:&amp#27;[0;39m [Broker id=0] Transitioning 50 partition(s) to local leaders.
&amp#27;[2m2025-08-15T21:33:17.077+05:30&amp#27;[0;39m &amp#27;[32m INFO&amp#27;[0;39m &amp#27;[35m4750&amp#27;[0;39m &amp#27;[2m---&amp#27;[0;39m &amp#27;[2m[r-event-handler]&amp#27;[0;39m &amp#27;[2m&amp#27;[0;39m&amp#27;[36mkafka.server.ReplicaFetcherManager      &amp#27;[0;39m &amp#27;[2m:&amp#27;[0;39m [ReplicaFetcherManager on broker 0] Removed fetcher for partitions Set(__consumer_offsets-13, __consumer_offsets-46, __consumer_offsets-9, __consumer_offsets-42, __consumer_offsets-21, __consumer_offsets-17, __consumer_offsets-30, __consumer_offsets-26, __consumer_offsets-5, __consumer_offsets-38, __consumer_offsets-1, __consumer_offsets-34, __consumer_offsets-16, __consumer_offsets-45, __consumer_offsets-12, __consumer_offsets-41, __consumer_offsets-24, __consumer_offsets-20, __consumer_offsets-49, __consumer_offsets-0, __consumer_offsets-29, __consumer_offsets-25, __consumer_offsets-8, __consumer_offsets-37, __consumer_offsets-4, __consumer_offsets-33, __consumer_offsets-15, __consumer_offsets-48, __consumer_offsets-11, __consumer_offsets-44, __consumer_offsets-23, __consumer_offsets-19, __consumer_offsets-32, __consumer_offsets-28, __consumer_offsets-7, __consumer_offsets-40, __consumer_offsets-3, __consumer_offsets-36, __consumer_offsets-47, __consumer_offsets-14, __consumer_offsets-43, __consumer_offsets-10, __consumer_offsets-22, __consumer_offsets-18, __consumer_offsets-31, __consumer_offsets-27, __consumer_offsets-39, __consumer_offsets-6, __consumer_offsets-35, __consumer_offsets-2)
&amp#27;[2m2025-08-15T21:33:17.078+05:30&amp#27;[0;39m &amp#27;[32m INFO&amp#27;[0;39m &amp#27;[35m4750&amp#27;[0;39m &amp#27;[2m---&amp#27;[0;39m &amp#27;[2m[r-event-handler]&amp#27;[0;39m &amp#27;[2m&amp#27;[0;39m&amp#27;[36mstate.change.logger                     &amp#27;[0;39m &amp#27;[2m:&amp#27;[0;39m [Broker id=0] Creating new partition __consumer_offsets-13 with topic id nwJA94HUSU-4J80Pd392Cg.
&amp#27;[2m2025-08-15T21:33:17.081+05:30&amp#27;[0;39m &amp#27;[32m INFO&amp#27;[0;39m &amp#27;[35m4750&amp#27;[0;39m &amp#27;[2m---&amp#27;[0;39m &amp#27;[2m[r-event-handler]&amp#27;[0;39m &amp#27;[2m&amp#27;[0;39m&amp#27;[36mkafka.log.UnifiedLog$                   &amp#27;[0;39m &amp#27;[2m:&amp#27;[0;39m [LogLoader partition=__consumer_offsets-13, dir=/var/folders/yt/8yxf8rd12tscf0qk7fmq7n_m0000gn/T/kafka-14683256353376918148/broker_0_data0] Loading producer state till offset 0 with message format version 2
&amp#27;[2m2025-08-15T21:33:17.081+05:30&amp#27;[0;39m &amp#27;[32m INFO&amp#27;[0;39m &amp#27;[35m4750&amp#27;[0;39m &amp#27;[2m---&amp#27;[0;39m &amp#27;[2m[r-event-handler]&amp#27;[0;39m &amp#27;[2m&amp#27;[0;39m&amp#27;[36mkafka.log.LogManager                    &amp#27;[0;39m &amp#27;[2m:&amp#27;[0;39m Created log for partition __consumer_offsets-13 in /var/folders/yt/8yxf8rd12tscf0qk7fmq7n_m0000gn/T/kafka-14683256353376918148/broker_0_data0/__consumer_offsets-13 with properties {cleanup.policy=compact, compression.type="producer", segment.bytes=104857600}
&amp#27;[2m2025-08-15T21:33:17.081+05:30&amp#27;[0;39m &amp#27;[32m INFO&amp#27;[0;39m &amp#27;[35m4750&amp#27;[0;39m &amp#27;[2m---&amp#27;[0;39m &amp#27;[2m[r-event-handler]&amp#27;[0;39m &amp#27;[2m&amp#27;[0;39m&amp#27;[36mkafka.cluster.Partition                 &amp#27;[0;39m &amp#27;[2m:&amp#27;[0;39m [Partition __consumer_offsets-13 broker=0] No checkpointed highwatermark is found for partition __consumer_offsets-13
&amp#27;[2m2025-08-15T21:33:17.081+05:30&amp#27;[0;39m &amp#27;[32m INFO&amp#27;[0;39m &amp#27;[35m4750&amp#27;[0;39m &amp#27;[2m---&amp#27;[0;39m &amp#27;[2m[r-event-handler]&amp#27;[0;39m &amp#27;[2m&amp#27;[0;39m&amp#27;[36mkafka.cluster.Partition                 &amp#27;[0;39m &amp#27;[2m:&amp#27;[0;39m [Partition __consumer_offsets-13 broker=0] Log loaded for partition __consumer_offsets-13 with initial high watermark 0
&amp#27;[2m2025-08-15T21:33:17.081+05:30&amp#27;[0;39m &amp#27;[32m INFO&amp#27;[0;39m &amp#27;[35m4750&amp#27;[0;39m &amp#27;[2m---&amp#27;[0;39m &amp#27;[2m[r-event-handler]&amp#27;[0;39m &amp#27;[2m&amp#27;[0;39m&amp#27;[36mstate.change.logger                     &amp#27;[0;39m &amp#27;[2m:&amp#27;[0;39m [Broker id=0] Leader __consumer_offsets-13 with topic id Some(nwJA94HUSU-4J80Pd392Cg) starts at leader epoch 0 from offset 0 with partition epoch 0, high watermark 0, ISR [0], adding replicas [] and removing replicas [] . Previous leader None and previous leader epoch was -1.
&amp#27;[2m2025-08-15T21:33:17.090+05:30&amp#27;[0;39m &amp#27;[32m INFO&amp#27;[0;39m &amp#27;[35m4750&amp#27;[0;39m &amp#27;[2m---&amp#27;[0;39m &amp#27;[2m[r-event-handler]&amp#27;[0;39m &amp#27;[2m&amp#27;[0;39m&amp#27;[36mstate.change.logger                     &amp#27;[0;39m &amp#27;[2m:&amp#27;[0;39m [Broker id=0] Creating new partition __consumer_offsets-46 with topic id nwJA94HUSU-4J80Pd392Cg.
&amp#27;[2m2025-08-15T21:33:17.095+05:30&amp#27;[0;39m &amp#27;[32m INFO&amp#27;[0;39m &amp#27;[35m4750&amp#27;[0;39m &amp#27;[2m---&amp#27;[0;39m &amp#27;[2m[r-event-handler]&amp#27;[0;39m &amp#27;[2m&amp#27;[0;39m&amp#27;[36mkafka.log.UnifiedLog$                   &amp#27;[0;39m &amp#27;[2m:&amp#27;[0;39m [LogLoader partition=__consumer_offsets-46, dir=/var/folders/yt/8yxf8rd12tscf0qk7fmq7n_m0000gn/T/kafka-14683256353376918148/broker_0_data0] Loading producer state till offset 0 with message format version 2
&amp#27;[2m2025-08-15T21:33:17.095+05:30&amp#27;[0;39m &amp#27;[32m INFO&amp#27;[0;39m &amp#27;[35m4750&amp#27;[0;39m &amp#27;[2m---&amp#27;[0;39m &amp#27;[2m[r-event-handler]&amp#27;[0;39m &amp#27;[2m&amp#27;[0;39m&amp#27;[36mkafka.log.LogManager                    &amp#27;[0;39m &amp#27;[2m:&amp#27;[0;39m Created log for partition __consumer_offsets-46 in /var/folders/yt/8yxf8rd12tscf0qk7fmq7n_m0000gn/T/kafka-14683256353376918148/broker_0_data0/__consumer_offsets-46 with properties {cleanup.policy=compact, compression.type="producer", segment.bytes=104857600}
&amp#27;[2m2025-08-15T21:33:17.095+05:30&amp#27;[0;39m &amp#27;[32m INFO&amp#27;[0;39m &amp#27;[35m4750&amp#27;[0;39m &amp#27;[2m---&amp#27;[0;39m &amp#27;[2m[r-event-handler]&amp#27;[0;39m &amp#27;[2m&amp#27;[0;39m&amp#27;[36mkafka.cluster.Partition                 &amp#27;[0;39m &amp#27;[2m:&amp#27;[0;39m [Partition __consumer_offsets-46 broker=0] No checkpointed highwatermark is found for partition __consumer_offsets-46
&amp#27;[2m2025-08-15T21:33:17.095+05:30&amp#27;[0;39m &amp#27;[32m INFO&amp#27;[0;39m &amp#27;[35m4750&amp#27;[0;39m &amp#27;[2m---&amp#27;[0;39m &amp#27;[2m[r-event-handler]&amp#27;[0;39m &amp#27;[2m&amp#27;[0;39m&amp#27;[36mkafka.cluster.Partition                 &amp#27;[0;39m &amp#27;[2m:&amp#27;[0;39m [Partition __consumer_offsets-46 broker=0] Log loaded for partition __consumer_offsets-46 with initial high watermark 0
&amp#27;[2m2025-08-15T21:33:17.095+05:30&amp#27;[0;39m &amp#27;[32m INFO&amp#27;[0;39m &amp#27;[35m4750&amp#27;[0;39m &amp#27;[2m---&amp#27;[0;39m &amp#27;[2m[r-event-handler]&amp#27;[0;39m &amp#27;[2m&amp#27;[0;39m&amp#27;[36mstate.change.logger                     &amp#27;[0;39m &amp#27;[2m:&amp#27;[0;39m [Broker id=0] Leader __consumer_offsets-46 with topic id Some(nwJA94HUSU-4J80Pd392Cg) starts at leader epoch 0 from offset 0 with partition epoch 0, high watermark 0, ISR [0], adding replicas [] and removing replicas [] . Previous leader None and previous leader epoch was -1.
&amp#27;[2m2025-08-15T21:33:17.100+05:30&amp#27;[0;39m &amp#27;[32m INFO&amp#27;[0;39m &amp#27;[35m4750&amp#27;[0;39m &amp#27;[2m---&amp#27;[0;39m &amp#27;[2m[ntainer#0-0-C-1]&amp#27;[0;39m &amp#27;[2m&amp#27;[0;39m&amp#27;[36mo.a.k.c.c.internals.ConsumerCoordinator &amp#27;[0;39m &amp#27;[2m:&amp#27;[0;39m [Consumer clientId=consumer-midas-core-consumer-1, groupId=midas-core-consumer] Discovered group coordinator localhost:54128 (id: 2147483647 rack: null)
&amp#27;[2m2025-08-15T21:33:17.102+05:30&amp#27;[0;39m &amp#27;[32m INFO&amp#27;[0;39m &amp#27;[35m4750&amp#27;[0;39m &amp#27;[2m---&amp#27;[0;39m &amp#27;[2m[ntainer#0-0-C-1]&amp#27;[0;39m &amp#27;[2m&amp#27;[0;39m&amp#27;[36mo.a.k.c.c.internals.ConsumerCoordinator &amp#27;[0;39m &amp#27;[2m:&amp#27;[0;39m [Consumer clientId=consumer-midas-core-consumer-1, groupId=midas-core-consumer] (Re-)joining group
&amp#27;[2m2025-08-15T21:33:17.102+05:30&amp#27;[0;39m &amp#27;[32m INFO&amp#27;[0;39m &amp#27;[35m4750&amp#27;[0;39m &amp#27;[2m---&amp#27;[0;39m &amp#27;[2m[r-event-handler]&amp#27;[0;39m &amp#27;[2m&amp#27;[0;39m&amp#27;[36mstate.change.logger                     &amp#27;[0;39m &amp#27;[2m:&amp#27;[0;39m [Broker id=0] Creating new partition __consumer_offsets-9 with topic id nwJA94HUSU-4J80Pd392Cg.
&amp#27;[2m2025-08-15T21:33:17.104+05:30&amp#27;[0;39m &amp#27;[32m INFO&amp#27;[0;39m &amp#27;[35m4750&amp#27;[0;39m &amp#27;[2m---&amp#27;[0;39m &amp#27;[2m[r-event-handler]&amp#27;[0;39m &amp#27;[2m&amp#27;[0;39m&amp#27;[36mkafka.log.UnifiedLog$                   &amp#27;[0;39m &amp#27;[2m:&amp#27;[0;39m [LogLoader partition=__consumer_offsets-9, dir=/var/folders/yt/8yxf8rd12tscf0qk7fmq7n_m0000gn/T/kafka-14683256353376918148/broker_0_data0] Loading producer state till offset 0 with message format version 2
&amp#27;[2m2025-08-15T21:33:17.104+05:30&amp#27;[0;39m &amp#27;[32m INFO&amp#27;[0;39m &amp#27;[35m4750&amp#27;[0;39m &amp#27;[2m---&amp#27;[0;39m &amp#27;[2m[r-event-handler]&amp#27;[0;39m &amp#27;[2m&amp#27;[0;39m&amp#27;[36mkafka.log.LogManager                    &amp#27;[0;39m &amp#27;[2m:&amp#27;[0;39m Created log for partition __consumer_offsets-9 in /var/folders/yt/8yxf8rd12tscf0qk7fmq7n_m0000gn/T/kafka-14683256353376918148/broker_0_data0/__consumer_offsets-9 with properties {cleanup.policy=compact, compression.type="producer", segment.bytes=104857600}
&amp#27;[2m2025-08-15T21:33:17.105+05:30&amp#27;[0;39m &amp#27;[32m INFO&amp#27;[0;39m &amp#27;[35m4750&amp#27;[0;39m &amp#27;[2m---&amp#27;[0;39m &amp#27;[2m[r-event-handler]&amp#27;[0;39m &amp#27;[2m&amp#27;[0;39m&amp#27;[36mkafka.cluster.Partition                 &amp#27;[0;39m &amp#27;[2m:&amp#27;[0;39m [Partition __consumer_offsets-9 broker=0] No checkpointed highwatermark is found for partition __consumer_offsets-9
&amp#27;[2m2025-08-15T21:33:17.105+05:30&amp#27;[0;39m &amp#27;[32m INFO&amp#27;[0;39m &amp#27;[35m4750&amp#27;[0;39m &amp#27;[2m---&amp#27;[0;39m &amp#27;[2m[r-event-handler]&amp#27;[0;39m &amp#27;[2m&amp#27;[0;39m&amp#27;[36mkafka.cluster.Partition                 &amp#27;[0;39m &amp#27;[2m:&amp#27;[0;39m [Partition __consumer_offsets-9 broker=0] Log loaded for partition __consumer_offsets-9 with initial high watermark 0
&amp#27;[2m2025-08-15T21:33:17.105+05:30&amp#27;[0;39m &amp#27;[32m INFO&amp#27;[0;39m &amp#27;[35m4750&amp#27;[0;39m &amp#27;[2m---&amp#27;[0;39m &amp#27;[2m[r-event-handler]&amp#27;[0;39m &amp#27;[2m&amp#27;[0;39m&amp#27;[36mstate.change.logger                     &amp#27;[0;39m &amp#27;[2m:&amp#27;[0;39m [Broker id=0] Leader __consumer_offsets-9 with topic id Some(nwJA94HUSU-4J80Pd392Cg) starts at leader epoch 0 from offset 0 with partition epoch 0, high watermark 0, ISR [0], adding replicas [] and removing replicas [] . Previous leader None and previous leader epoch was -1.
&amp#27;[2m2025-08-15T21:33:17.109+05:30&amp#27;[0;39m &amp#27;[32m INFO&amp#27;[0;39m &amp#27;[35m4750&amp#27;[0;39m &amp#27;[2m---&amp#27;[0;39m &amp#27;[2m[r-event-handler]&amp#27;[0;39m &amp#27;[2m&amp#27;[0;39m&amp#27;[36mstate.change.logger                     &amp#27;[0;39m &amp#27;[2m:&amp#27;[0;39m [Broker id=0] Creating new partition __consumer_offsets-42 with topic id nwJA94HUSU-4J80Pd392Cg.
&amp#27;[2m2025-08-15T21:33:17.111+05:30&amp#27;[0;39m &amp#27;[32m INFO&amp#27;[0;39m &amp#27;[35m4750&amp#27;[0;39m &amp#27;[2m---&amp#27;[0;39m &amp#27;[2m[r-event-handler]&amp#27;[0;39m &amp#27;[2m&amp#27;[0;39m&amp#27;[36mkafka.log.UnifiedLog$                   &amp#27;[0;39m &amp#27;[2m:&amp#27;[0;39m [LogLoader partition=__consumer_offsets-42, dir=/var/folders/yt/8yxf8rd12tscf0qk7fmq7n_m0000gn/T/kafka-14683256353376918148/broker_0_data0] Loading producer state till offset 0 with message format version 2
&amp#27;[2m2025-08-15T21:33:17.111+05:30&amp#27;[0;39m &amp#27;[32m INFO&amp#27;[0;39m &amp#27;[35m4750&amp#27;[0;39m &amp#27;[2m---&amp#27;[0;39m &amp#27;[2m[r-event-handler]&amp#27;[0;39m &amp#27;[2m&amp#27;[0;39m&amp#27;[36mkafka.log.LogManager                    &amp#27;[0;39m &amp#27;[2m:&amp#27;[0;39m Created log for partition __consumer_offsets-42 in /var/folders/yt/8yxf8rd12tscf0qk7fmq7n_m0000gn/T/kafka-14683256353376918148/broker_0_data0/__consumer_offsets-42 with properties {cleanup.policy=compact, compression.type="producer", segment.bytes=104857600}
&amp#27;[2m2025-08-15T21:33:17.111+05:30&amp#27;[0;39m &amp#27;[32m INFO&amp#27;[0;39m &amp#27;[35m4750&amp#27;[0;39m &amp#27;[2m---&amp#27;[0;39m &amp#27;[2m[r-event-handler]&amp#27;[0;39m &amp#27;[2m&amp#27;[0;39m&amp#27;[36mkafka.cluster.Partition                 &amp#27;[0;39m &amp#27;[2m:&amp#27;[0;39m [Partition __consumer_offsets-42 broker=0] No checkpointed highwatermark is found for partition __consumer_offsets-42
&amp#27;[2m2025-08-15T21:33:17.111+05:30&amp#27;[0;39m &amp#27;[32m INFO&amp#27;[0;39m &amp#27;[35m4750&amp#27;[0;39m &amp#27;[2m---&amp#27;[0;39m &amp#27;[2m[r-event-handler]&amp#27;[0;39m &amp#27;[2m&amp#27;[0;39m&amp#27;[36mkafka.cluster.Partition                 &amp#27;[0;39m &amp#27;[2m:&amp#27;[0;39m [Partition __consumer_offsets-42 broker=0] Log loaded for partition __consumer_offsets-42 with initial high watermark 0
&amp#27;[2m2025-08-15T21:33:17.112+05:30&amp#27;[0;39m &amp#27;[32m INFO&amp#27;[0;39m &amp#27;[35m4750&amp#27;[0;39m &amp#27;[2m---&amp#27;[0;39m &amp#27;[2m[r-event-handler]&amp#27;[0;39m &amp#27;[2m&amp#27;[0;39m&amp#27;[36mstate.change.logger                     &amp#27;[0;39m &amp#27;[2m:&amp#27;[0;39m [Broker id=0] Leader __consumer_offsets-42 with topic id Some(nwJA94HUSU-4J80Pd392Cg) starts at leader epoch 0 from offset 0 with partition epoch 0, high watermark 0, ISR [0], adding replicas [] and removing replicas [] . Previous leader None and previous leader epoch was -1.
&amp#27;[2m2025-08-15T21:33:17.114+05:30&amp#27;[0;39m &amp#27;[32m INFO&amp#27;[0;39m &amp#27;[35m4750&amp#27;[0;39m &amp#27;[2m---&amp#27;[0;39m &amp#27;[2m[ntainer#0-0-C-1]&amp#27;[0;39m &amp#27;[2m&amp#27;[0;39m&amp#27;[36mo.a.k.c.c.internals.ConsumerCoordinator &amp#27;[0;39m &amp#27;[2m:&amp#27;[0;39m [Consumer clientId=consumer-midas-core-consumer-1, groupId=midas-core-consumer] Group coordinator localhost:54128 (id: 2147483647 rack: null) is unavailable or invalid due to cause: error response NOT_COORDINATOR. isDisconnected: false. Rediscovery will be attempted.
&amp#27;[2m2025-08-15T21:33:17.114+05:30&amp#27;[0;39m &amp#27;[32m INFO&amp#27;[0;39m &amp#27;[35m4750&amp#27;[0;39m &amp#27;[2m---&amp#27;[0;39m &amp#27;[2m[ntainer#0-0-C-1]&amp#27;[0;39m &amp#27;[2m&amp#27;[0;39m&amp#27;[36mo.a.k.c.c.internals.ConsumerCoordinator &amp#27;[0;39m &amp#27;[2m:&amp#27;[0;39m [Consumer clientId=consumer-midas-core-consumer-1, groupId=midas-core-consumer] Requesting disconnect from last known coordinator localhost:54128 (id: 2147483647 rack: null)
&amp#27;[2m2025-08-15T21:33:17.114+05:30&amp#27;[0;39m &amp#27;[32m INFO&amp#27;[0;39m &amp#27;[35m4750&amp#27;[0;39m &amp#27;[2m---&amp#27;[0;39m &amp#27;[2m[ntainer#0-0-C-1]&amp#27;[0;39m &amp#27;[2m&amp#27;[0;39m&amp#27;[36mo.a.k.c.c.internals.ConsumerCoordinator &amp#27;[0;39m &amp#27;[2m:&amp#27;[0;39m [Consumer clientId=consumer-midas-core-consumer-1, groupId=midas-core-consumer] JoinGroup failed: This is not the correct coordinator. Marking coordinator unknown. Sent generation was Generation{generationId=-1, memberId='', protocol='null'}
&amp#27;[2m2025-08-15T21:33:17.115+05:30&amp#27;[0;39m &amp#27;[32m INFO&amp#27;[0;39m &amp#27;[35m4750&amp#27;[0;39m &amp#27;[2m---&amp#27;[0;39m &amp#27;[2m[ntainer#0-0-C-1]&amp#27;[0;39m &amp#27;[2m&amp#27;[0;39m&amp#27;[36morg.apache.kafka.clients.NetworkClient  &amp#27;[0;39m &amp#27;[2m:&amp#27;[0;39m [Consumer clientId=consumer-midas-core-consumer-1, groupId=midas-core-consumer] Client requested disconnect from node 2147483647
&amp#27;[2m2025-08-15T21:33:17.116+05:30&amp#27;[0;39m &amp#27;[32m INFO&amp#27;[0;39m &amp#27;[35m4750&amp#27;[0;39m &amp#27;[2m---&amp#27;[0;39m &amp#27;[2m[ntainer#0-0-C-1]&amp#27;[0;39m &amp#27;[2m&amp#27;[0;39m&amp#27;[36mo.a.k.c.c.internals.ConsumerCoordinator &amp#27;[0;39m &amp#27;[2m:&amp#27;[0;39m [Consumer clientId=consumer-midas-core-consumer-1, groupId=midas-core-consumer] Discovered group coordinator localhost:54128 (id: 2147483647 rack: null)
&amp#27;[2m2025-08-15T21:33:17.116+05:30&amp#27;[0;39m &amp#27;[32m INFO&amp#27;[0;39m &amp#27;[35m4750&amp#27;[0;39m &amp#27;[2m---&amp#27;[0;39m &amp#27;[2m[ntainer#0-0-C-1]&amp#27;[0;39m &amp#27;[2m&amp#27;[0;39m&amp#27;[36mo.a.k.c.c.internals.ConsumerCoordinator &amp#27;[0;39m &amp#27;[2m:&amp#27;[0;39m [Consumer clientId=consumer-midas-core-consumer-1, groupId=midas-core-consumer] Group coordinator localhost:54128 (id: 2147483647 rack: null) is unavailable or invalid due to cause: coordinator unavailable. isDisconnected: false. Rediscovery will be attempted.
&amp#27;[2m2025-08-15T21:33:17.116+05:30&amp#27;[0;39m &amp#27;[32m INFO&amp#27;[0;39m &amp#27;[35m4750&amp#27;[0;39m &amp#27;[2m---&amp#27;[0;39m &amp#27;[2m[ntainer#0-0-C-1]&amp#27;[0;39m &amp#27;[2m&amp#27;[0;39m&amp#27;[36mo.a.k.c.c.internals.ConsumerCoordinator &amp#27;[0;39m &amp#27;[2m:&amp#27;[0;39m [Consumer clientId=consumer-midas-core-consumer-1, groupId=midas-core-consumer] Requesting disconnect from last known coordinator localhost:54128 (id: 2147483647 rack: null)
&amp#27;[2m2025-08-15T21:33:17.116+05:30&amp#27;[0;39m &amp#27;[32m INFO&amp#27;[0;39m &amp#27;[35m4750&amp#27;[0;39m &amp#27;[2m---&amp#27;[0;39m &amp#27;[2m[r-event-handler]&amp#27;[0;39m &amp#27;[2m&amp#27;[0;39m&amp#27;[36mstate.change.logger                     &amp#27;[0;39m &amp#27;[2m:&amp#27;[0;39m [Broker id=0] Creating new partition __consumer_offsets-21 with topic id nwJA94HUSU-4J80Pd392Cg.
&amp#27;[2m2025-08-15T21:33:17.117+05:30&amp#27;[0;39m &amp#27;[32m INFO&amp#27;[0;39m &amp#27;[35m4750&amp#27;[0;39m &amp#27;[2m---&amp#27;[0;39m &amp#27;[2m[r-event-handler]&amp#27;[0;39m &amp#27;[2m&amp#27;[0;39m&amp#27;[36mkafka.log.UnifiedLog$                   &amp#27;[0;39m &amp#27;[2m:&amp#27;[0;39m [LogLoader partition=__consumer_offsets-21, dir=/var/folders/yt/8yxf8rd12tscf0qk7fmq7n_m0000gn/T/kafka-14683256353376918148/broker_0_data0] Loading producer state till offset 0 with message format version 2
&amp#27;[2m2025-08-15T21:33:17.118+05:30&amp#27;[0;39m &amp#27;[32m INFO&amp#27;[0;39m &amp#27;[35m4750&amp#27;[0;39m &amp#27;[2m---&amp#27;[0;39m &amp#27;[2m[r-event-handler]&amp#27;[0;39m &amp#27;[2m&amp#27;[0;39m&amp#27;[36mkafka.log.LogManager                    &amp#27;[0;39m &amp#27;[2m:&amp#27;[0;39m Created log for partition __consumer_offsets-21 in /var/folders/yt/8yxf8rd12tscf0qk7fmq7n_m0000gn/T/kafka-14683256353376918148/broker_0_data0/__consumer_offsets-21 with properties {cleanup.policy=compact, compression.type="producer", segment.bytes=104857600}
&amp#27;[2m2025-08-15T21:33:17.118+05:30&amp#27;[0;39m &amp#27;[32m INFO&amp#27;[0;39m &amp#27;[35m4750&amp#27;[0;39m &amp#27;[2m---&amp#27;[0;39m &amp#27;[2m[r-event-handler]&amp#27;[0;39m &amp#27;[2m&amp#27;[0;39m&amp#27;[36mkafka.cluster.Partition                 &amp#27;[0;39m &amp#27;[2m:&amp#27;[0;39m [Partition __consumer_offsets-21 broker=0] No checkpointed highwatermark is found for partition __consumer_offsets-21
&amp#27;[2m2025-08-15T21:33:17.118+05:30&amp#27;[0;39m &amp#27;[32m INFO&amp#27;[0;39m &amp#27;[35m4750&amp#27;[0;39m &amp#27;[2m---&amp#27;[0;39m &amp#27;[2m[r-event-handler]&amp#27;[0;39m &amp#27;[2m&amp#27;[0;39m&amp#27;[36mkafka.cluster.Partition                 &amp#27;[0;39m &amp#27;[2m:&amp#27;[0;39m [Partition __consumer_offsets-21 broker=0] Log loaded for partition __consumer_offsets-21 with initial high watermark 0
&amp#27;[2m2025-08-15T21:33:17.118+05:30&amp#27;[0;39m &amp#27;[32m INFO&amp#27;[0;39m &amp#27;[35m4750&amp#27;[0;39m &amp#27;[2m---&amp#27;[0;39m &amp#27;[2m[r-event-handler]&amp#27;[0;39m &amp#27;[2m&amp#27;[0;39m&amp#27;[36mstate.change.logger                     &amp#27;[0;39m &amp#27;[2m:&amp#27;[0;39m [Broker id=0] Leader __consumer_offsets-21 with topic id Some(nwJA94HUSU-4J80Pd392Cg) starts at leader epoch 0 from offset 0 with partition epoch 0, high watermark 0, ISR [0], adding replicas [] and removing replicas [] . Previous leader None and previous leader epoch was -1.
&amp#27;[2m2025-08-15T21:33:17.122+05:30&amp#27;[0;39m &amp#27;[32m INFO&amp#27;[0;39m &amp#27;[35m4750&amp#27;[0;39m &amp#27;[2m---&amp#27;[0;39m &amp#27;[2m[r-event-handler]&amp#27;[0;39m &amp#27;[2m&amp#27;[0;39m&amp#27;[36mstate.change.logger                     &amp#27;[0;39m &amp#27;[2m:&amp#27;[0;39m [Broker id=0] Creating new partition __consumer_offsets-17 with topic id nwJA94HUSU-4J80Pd392Cg.
&amp#27;[2m2025-08-15T21:33:17.123+05:30&amp#27;[0;39m &amp#27;[32m INFO&amp#27;[0;39m &amp#27;[35m4750&amp#27;[0;39m &amp#27;[2m---&amp#27;[0;39m &amp#27;[2m[r-event-handler]&amp#27;[0;39m &amp#27;[2m&amp#27;[0;39m&amp#27;[36mkafka.log.UnifiedLog$                   &amp#27;[0;39m &amp#27;[2m:&amp#27;[0;39m [LogLoader partition=__consumer_offsets-17, dir=/var/folders/yt/8yxf8rd12tscf0qk7fmq7n_m0000gn/T/kafka-14683256353376918148/broker_0_data0] Loading producer state till offset 0 with message format version 2
&amp#27;[2m2025-08-15T21:33:17.123+05:30&amp#27;[0;39m &amp#27;[32m INFO&amp#27;[0;39m &amp#27;[35m4750&amp#27;[0;39m &amp#27;[2m---&amp#27;[0;39m &amp#27;[2m[r-event-handler]&amp#27;[0;39m &amp#27;[2m&amp#27;[0;39m&amp#27;[36mkafka.log.LogManager                    &amp#27;[0;39m &amp#27;[2m:&amp#27;[0;39m Created log for partition __consumer_offsets-17 in /var/folders/yt/8yxf8rd12tscf0qk7fmq7n_m0000gn/T/kafka-14683256353376918148/broker_0_data0/__consumer_offsets-17 with properties {cleanup.policy=compact, compression.type="producer", segment.bytes=104857600}
&amp#27;[2m2025-08-15T21:33:17.123+05:30&amp#27;[0;39m &amp#27;[32m INFO&amp#27;[0;39m &amp#27;[35m4750&amp#27;[0;39m &amp#27;[2m---&amp#27;[0;39m &amp#27;[2m[r-event-handler]&amp#27;[0;39m &amp#27;[2m&amp#27;[0;39m&amp#27;[36mkafka.cluster.Partition                 &amp#27;[0;39m &amp#27;[2m:&amp#27;[0;39m [Partition __consumer_offsets-17 broker=0] No checkpointed highwatermark is found for partition __consumer_offsets-17
&amp#27;[2m2025-08-15T21:33:17.123+05:30&amp#27;[0;39m &amp#27;[32m INFO&amp#27;[0;39m &amp#27;[35m4750&amp#27;[0;39m &amp#27;[2m---&amp#27;[0;39m &amp#27;[2m[r-event-handler]&amp#27;[0;39m &amp#27;[2m&amp#27;[0;39m&amp#27;[36mkafka.cluster.Partition                 &amp#27;[0;39m &amp#27;[2m:&amp#27;[0;39m [Partition __consumer_offsets-17 broker=0] Log loaded for partition __consumer_offsets-17 with initial high watermark 0
&amp#27;[2m2025-08-15T21:33:17.123+05:30&amp#27;[0;39m &amp#27;[32m INFO&amp#27;[0;39m &amp#27;[35m4750&amp#27;[0;39m &amp#27;[2m---&amp#27;[0;39m &amp#27;[2m[r-event-handler]&amp#27;[0;39m &amp#27;[2m&amp#27;[0;39m&amp#27;[36mstate.change.logger                     &amp#27;[0;39m &amp#27;[2m:&amp#27;[0;39m [Broker id=0] Leader __consumer_offsets-17 with topic id Some(nwJA94HUSU-4J80Pd392Cg) starts at leader epoch 0 from offset 0 with partition epoch 0, high watermark 0, ISR [0], adding replicas [] and removing replicas [] . Previous leader None and previous leader epoch was -1.
&amp#27;[2m2025-08-15T21:33:17.131+05:30&amp#27;[0;39m &amp#27;[32m INFO&amp#27;[0;39m &amp#27;[35m4750&amp#27;[0;39m &amp#27;[2m---&amp#27;[0;39m &amp#27;[2m[r-event-handler]&amp#27;[0;39m &amp#27;[2m&amp#27;[0;39m&amp#27;[36mstate.change.logger                     &amp#27;[0;39m &amp#27;[2m:&amp#27;[0;39m [Broker id=0] Creating new partition __consumer_offsets-30 with topic id nwJA94HUSU-4J80Pd392Cg.
&amp#27;[2m2025-08-15T21:33:17.132+05:30&amp#27;[0;39m &amp#27;[32m INFO&amp#27;[0;39m &amp#27;[35m4750&amp#27;[0;39m &amp#27;[2m---&amp#27;[0;39m &amp#27;[2m[r-event-handler]&amp#27;[0;39m &amp#27;[2m&amp#27;[0;39m&amp#27;[36mkafka.log.UnifiedLog$                   &amp#27;[0;39m &amp#27;[2m:&amp#27;[0;39m [LogLoader partition=__consumer_offsets-30, dir=/var/folders/yt/8yxf8rd12tscf0qk7fmq7n_m0000gn/T/kafka-14683256353376918148/broker_0_data0] Loading producer state till offset 0 with message format version 2
&amp#27;[2m2025-08-15T21:33:17.132+05:30&amp#27;[0;39m &amp#27;[32m INFO&amp#27;[0;39m &amp#27;[35m4750&amp#27;[0;39m &amp#27;[2m---&amp#27;[0;39m &amp#27;[2m[r-event-handler]&amp#27;[0;39m &amp#27;[2m&amp#27;[0;39m&amp#27;[36mkafka.log.LogManager                    &amp#27;[0;39m &amp#27;[2m:&amp#27;[0;39m Created log for partition __consumer_offsets-30 in /var/folders/yt/8yxf8rd12tscf0qk7fmq7n_m0000gn/T/kafka-14683256353376918148/broker_0_data0/__consumer_offsets-30 with properties {cleanup.policy=compact, compression.type="producer", segment.bytes=104857600}
&amp#27;[2m2025-08-15T21:33:17.132+05:30&amp#27;[0;39m &amp#27;[32m INFO&amp#27;[0;39m &amp#27;[35m4750&amp#27;[0;39m &amp#27;[2m---&amp#27;[0;39m &amp#27;[2m[r-event-handler]&amp#27;[0;39m &amp#27;[2m&amp#27;[0;39m&amp#27;[36mkafka.cluster.Partition                 &amp#27;[0;39m &amp#27;[2m:&amp#27;[0;39m [Partition __consumer_offsets-30 broker=0] No checkpointed highwatermark is found for partition __consumer_offsets-30
&amp#27;[2m2025-08-15T21:33:17.132+05:30&amp#27;[0;39m &amp#27;[32m INFO&amp#27;[0;39m &amp#27;[35m4750&amp#27;[0;39m &amp#27;[2m---&amp#27;[0;39m &amp#27;[2m[r-event-handler]&amp#27;[0;39m &amp#27;[2m&amp#27;[0;39m&amp#27;[36mkafka.cluster.Partition                 &amp#27;[0;39m &amp#27;[2m:&amp#27;[0;39m [Partition __consumer_offsets-30 broker=0] Log loaded for partition __consumer_offsets-30 with initial high watermark 0
&amp#27;[2m2025-08-15T21:33:17.132+05:30&amp#27;[0;39m &amp#27;[32m INFO&amp#27;[0;39m &amp#27;[35m4750&amp#27;[0;39m &amp#27;[2m---&amp#27;[0;39m &amp#27;[2m[r-event-handler]&amp#27;[0;39m &amp#27;[2m&amp#27;[0;39m&amp#27;[36mstate.change.logger                     &amp#27;[0;39m &amp#27;[2m:&amp#27;[0;39m [Broker id=0] Leader __consumer_offsets-30 with topic id Some(nwJA94HUSU-4J80Pd392Cg) starts at leader epoch 0 from offset 0 with partition epoch 0, high watermark 0, ISR [0], adding replicas [] and removing replicas [] . Previous leader None and previous leader epoch was -1.
&amp#27;[2m2025-08-15T21:33:17.136+05:30&amp#27;[0;39m &amp#27;[32m INFO&amp#27;[0;39m &amp#27;[35m4750&amp#27;[0;39m &amp#27;[2m---&amp#27;[0;39m &amp#27;[2m[r-event-handler]&amp#27;[0;39m &amp#27;[2m&amp#27;[0;39m&amp#27;[36mstate.change.logger                     &amp#27;[0;39m &amp#27;[2m:&amp#27;[0;39m [Broker id=0] Creating new partition __consumer_offsets-26 with topic id nwJA94HUSU-4J80Pd392Cg.
&amp#27;[2m2025-08-15T21:33:17.137+05:30&amp#27;[0;39m &amp#27;[32m INFO&amp#27;[0;39m &amp#27;[35m4750&amp#27;[0;39m &amp#27;[2m---&amp#27;[0;39m &amp#27;[2m[r-event-handler]&amp#27;[0;39m &amp#27;[2m&amp#27;[0;39m&amp#27;[36mkafka.log.UnifiedLog$                   &amp#27;[0;39m &amp#27;[2m:&amp#27;[0;39m [LogLoader partition=__consumer_offsets-26, dir=/var/folders/yt/8yxf8rd12tscf0qk7fmq7n_m0000gn/T/kafka-14683256353376918148/broker_0_data0] Loading producer state till offset 0 with message format version 2
&amp#27;[2m2025-08-15T21:33:17.137+05:30&amp#27;[0;39m &amp#27;[32m INFO&amp#27;[0;39m &amp#27;[35m4750&amp#27;[0;39m &amp#27;[2m---&amp#27;[0;39m &amp#27;[2m[r-event-handler]&amp#27;[0;39m &amp#27;[2m&amp#27;[0;39m&amp#27;[36mkafka.log.LogManager                    &amp#27;[0;39m &amp#27;[2m:&amp#27;[0;39m Created log for partition __consumer_offsets-26 in /var/folders/yt/8yxf8rd12tscf0qk7fmq7n_m0000gn/T/kafka-14683256353376918148/broker_0_data0/__consumer_offsets-26 with properties {cleanup.policy=compact, compression.type="producer", segment.bytes=104857600}
&amp#27;[2m2025-08-15T21:33:17.137+05:30&amp#27;[0;39m &amp#27;[32m INFO&amp#27;[0;39m &amp#27;[35m4750&amp#27;[0;39m &amp#27;[2m---&amp#27;[0;39m &amp#27;[2m[r-event-handler]&amp#27;[0;39m &amp#27;[2m&amp#27;[0;39m&amp#27;[36mkafka.cluster.Partition                 &amp#27;[0;39m &amp#27;[2m:&amp#27;[0;39m [Partition __consumer_offsets-26 broker=0] No checkpointed highwatermark is found for partition __consumer_offsets-26
&amp#27;[2m2025-08-15T21:33:17.137+05:30&amp#27;[0;39m &amp#27;[32m INFO&amp#27;[0;39m &amp#27;[35m4750&amp#27;[0;39m &amp#27;[2m---&amp#27;[0;39m &amp#27;[2m[r-event-handler]&amp#27;[0;39m &amp#27;[2m&amp#27;[0;39m&amp#27;[36mkafka.cluster.Partition                 &amp#27;[0;39m &amp#27;[2m:&amp#27;[0;39m [Partition __consumer_offsets-26 broker=0] Log loaded for partition __consumer_offsets-26 with initial high watermark 0
&amp#27;[2m2025-08-15T21:33:17.137+05:30&amp#27;[0;39m &amp#27;[32m INFO&amp#27;[0;39m &amp#27;[35m4750&amp#27;[0;39m &amp#27;[2m---&amp#27;[0;39m &amp#27;[2m[r-event-handler]&amp#27;[0;39m &amp#27;[2m&amp#27;[0;39m&amp#27;[36mstate.change.logger                     &amp#27;[0;39m &amp#27;[2m:&amp#27;[0;39m [Broker id=0] Leader __consumer_offsets-26 with topic id Some(nwJA94HUSU-4J80Pd392Cg) starts at leader epoch 0 from offset 0 with partition epoch 0, high watermark 0, ISR [0], adding replicas [] and removing replicas [] . Previous leader None and previous leader epoch was -1.
&amp#27;[2m2025-08-15T21:33:17.143+05:30&amp#27;[0;39m &amp#27;[32m INFO&amp#27;[0;39m &amp#27;[35m4750&amp#27;[0;39m &amp#27;[2m---&amp#27;[0;39m &amp#27;[2m[r-event-handler]&amp#27;[0;39m &amp#27;[2m&amp#27;[0;39m&amp#27;[36mstate.change.logger                     &amp#27;[0;39m &amp#27;[2m:&amp#27;[0;39m [Broker id=0] Creating new partition __consumer_offsets-5 with topic id nwJA94HUSU-4J80Pd392Cg.
&amp#27;[2m2025-08-15T21:33:17.144+05:30&amp#27;[0;39m &amp#27;[32m INFO&amp#27;[0;39m &amp#27;[35m4750&amp#27;[0;39m &amp#27;[2m---&amp#27;[0;39m &amp#27;[2m[r-event-handler]&amp#27;[0;39m &amp#27;[2m&amp#27;[0;39m&amp#27;[36mkafka.log.UnifiedLog$                   &amp#27;[0;39m &amp#27;[2m:&amp#27;[0;39m [LogLoader partition=__consumer_offsets-5, dir=/var/folders/yt/8yxf8rd12tscf0qk7fmq7n_m0000gn/T/kafka-14683256353376918148/broker_0_data0] Loading producer state till offset 0 with message format version 2
&amp#27;[2m2025-08-15T21:33:17.144+05:30&amp#27;[0;39m &amp#27;[32m INFO&amp#27;[0;39m &amp#27;[35m4750&amp#27;[0;39m &amp#27;[2m---&amp#27;[0;39m &amp#27;[2m[r-event-handler]&amp#27;[0;39m &amp#27;[2m&amp#27;[0;39m&amp#27;[36mkafka.log.LogManager                    &amp#27;[0;39m &amp#27;[2m:&amp#27;[0;39m Created log for partition __consumer_offsets-5 in /var/folders/yt/8yxf8rd12tscf0qk7fmq7n_m0000gn/T/kafka-14683256353376918148/broker_0_data0/__consumer_offsets-5 with properties {cleanup.policy=compact, compression.type="producer", segment.bytes=104857600}
&amp#27;[2m2025-08-15T21:33:17.144+05:30&amp#27;[0;39m &amp#27;[32m INFO&amp#27;[0;39m &amp#27;[35m4750&amp#27;[0;39m &amp#27;[2m---&amp#27;[0;39m &amp#27;[2m[r-event-handler]&amp#27;[0;39m &amp#27;[2m&amp#27;[0;39m&amp#27;[36mkafka.cluster.Partition                 &amp#27;[0;39m &amp#27;[2m:&amp#27;[0;39m [Partition __consumer_offsets-5 broker=0] No checkpointed highwatermark is found for partition __consumer_offsets-5
&amp#27;[2m2025-08-15T21:33:17.144+05:30&amp#27;[0;39m &amp#27;[32m INFO&amp#27;[0;39m &amp#27;[35m4750&amp#27;[0;39m &amp#27;[2m---&amp#27;[0;39m &amp#27;[2m[r-event-handler]&amp#27;[0;39m &amp#27;[2m&amp#27;[0;39m&amp#27;[36mkafka.cluster.Partition                 &amp#27;[0;39m &amp#27;[2m:&amp#27;[0;39m [Partition __consumer_offsets-5 broker=0] Log loaded for partition __consumer_offsets-5 with initial high watermark 0
&amp#27;[2m2025-08-15T21:33:17.144+05:30&amp#27;[0;39m &amp#27;[32m INFO&amp#27;[0;39m &amp#27;[35m4750&amp#27;[0;39m &amp#27;[2m---&amp#27;[0;39m &amp#27;[2m[r-event-handler]&amp#27;[0;39m &amp#27;[2m&amp#27;[0;39m&amp#27;[36mstate.change.logger                     &amp#27;[0;39m &amp#27;[2m:&amp#27;[0;39m [Broker id=0] Leader __consumer_offsets-5 with topic id Some(nwJA94HUSU-4J80Pd392Cg) starts at leader epoch 0 from offset 0 with partition epoch 0, high watermark 0, ISR [0], adding replicas [] and removing replicas [] . Previous leader None and previous leader epoch was -1.
&amp#27;[2m2025-08-15T21:33:17.151+05:30&amp#27;[0;39m &amp#27;[32m INFO&amp#27;[0;39m &amp#27;[35m4750&amp#27;[0;39m &amp#27;[2m---&amp#27;[0;39m &amp#27;[2m[r-event-handler]&amp#27;[0;39m &amp#27;[2m&amp#27;[0;39m&amp#27;[36mstate.change.logger                     &amp#27;[0;39m &amp#27;[2m:&amp#27;[0;39m [Broker id=0] Creating new partition __consumer_offsets-38 with topic id nwJA94HUSU-4J80Pd392Cg.
&amp#27;[2m2025-08-15T21:33:17.152+05:30&amp#27;[0;39m &amp#27;[32m INFO&amp#27;[0;39m &amp#27;[35m4750&amp#27;[0;39m &amp#27;[2m---&amp#27;[0;39m &amp#27;[2m[r-event-handler]&amp#27;[0;39m &amp#27;[2m&amp#27;[0;39m&amp#27;[36mkafka.log.UnifiedLog$                   &amp#27;[0;39m &amp#27;[2m:&amp#27;[0;39m [LogLoader partition=__consumer_offsets-38, dir=/var/folders/yt/8yxf8rd12tscf0qk7fmq7n_m0000gn/T/kafka-14683256353376918148/broker_0_data0] Loading producer state till offset 0 with message format version 2
&amp#27;[2m2025-08-15T21:33:17.152+05:30&amp#27;[0;39m &amp#27;[32m INFO&amp#27;[0;39m &amp#27;[35m4750&amp#27;[0;39m &amp#27;[2m---&amp#27;[0;39m &amp#27;[2m[r-event-handler]&amp#27;[0;39m &amp#27;[2m&amp#27;[0;39m&amp#27;[36mkafka.log.LogManager                    &amp#27;[0;39m &amp#27;[2m:&amp#27;[0;39m Created log for partition __consumer_offsets-38 in /var/folders/yt/8yxf8rd12tscf0qk7fmq7n_m0000gn/T/kafka-14683256353376918148/broker_0_data0/__consumer_offsets-38 with properties {cleanup.policy=compact, compression.type="producer", segment.bytes=104857600}
&amp#27;[2m2025-08-15T21:33:17.152+05:30&amp#27;[0;39m &amp#27;[32m INFO&amp#27;[0;39m &amp#27;[35m4750&amp#27;[0;39m &amp#27;[2m---&amp#27;[0;39m &amp#27;[2m[r-event-handler]&amp#27;[0;39m &amp#27;[2m&amp#27;[0;39m&amp#27;[36mkafka.cluster.Partition                 &amp#27;[0;39m &amp#27;[2m:&amp#27;[0;39m [Partition __consumer_offsets-38 broker=0] No checkpointed highwatermark is found for partition __consumer_offsets-38
&amp#27;[2m2025-08-15T21:33:17.152+05:30&amp#27;[0;39m &amp#27;[32m INFO&amp#27;[0;39m &amp#27;[35m4750&amp#27;[0;39m &amp#27;[2m---&amp#27;[0;39m &amp#27;[2m[r-event-handler]&amp#27;[0;39m &amp#27;[2m&amp#27;[0;39m&amp#27;[36mkafka.cluster.Partition                 &amp#27;[0;39m &amp#27;[2m:&amp#27;[0;39m [Partition __consumer_offsets-38 broker=0] Log loaded for partition __consumer_offsets-38 with initial high watermark 0
&amp#27;[2m2025-08-15T21:33:17.152+05:30&amp#27;[0;39m &amp#27;[32m INFO&amp#27;[0;39m &amp#27;[35m4750&amp#27;[0;39m &amp#27;[2m---&amp#27;[0;39m &amp#27;[2m[r-event-handler]&amp#27;[0;39m &amp#27;[2m&amp#27;[0;39m&amp#27;[36mstate.change.logger                     &amp#27;[0;39m &amp#27;[2m:&amp#27;[0;39m [Broker id=0] Leader __consumer_offsets-38 with topic id Some(nwJA94HUSU-4J80Pd392Cg) starts at leader epoch 0 from offset 0 with partition epoch 0, high watermark 0, ISR [0], adding replicas [] and removing replicas [] . Previous leader None and previous leader epoch was -1.
&amp#27;[2m2025-08-15T21:33:17.158+05:30&amp#27;[0;39m &amp#27;[32m INFO&amp#27;[0;39m &amp#27;[35m4750&amp#27;[0;39m &amp#27;[2m---&amp#27;[0;39m &amp#27;[2m[r-event-handler]&amp#27;[0;39m &amp#27;[2m&amp#27;[0;39m&amp#27;[36mstate.change.logger                     &amp#27;[0;39m &amp#27;[2m:&amp#27;[0;39m [Broker id=0] Creating new partition __consumer_offsets-1 with topic id nwJA94HUSU-4J80Pd392Cg.
&amp#27;[2m2025-08-15T21:33:17.159+05:30&amp#27;[0;39m &amp#27;[32m INFO&amp#27;[0;39m &amp#27;[35m4750&amp#27;[0;39m &amp#27;[2m---&amp#27;[0;39m &amp#27;[2m[r-event-handler]&amp#27;[0;39m &amp#27;[2m&amp#27;[0;39m&amp#27;[36mkafka.log.UnifiedLog$                   &amp#27;[0;39m &amp#27;[2m:&amp#27;[0;39m [LogLoader partition=__consumer_offsets-1, dir=/var/folders/yt/8yxf8rd12tscf0qk7fmq7n_m0000gn/T/kafka-14683256353376918148/broker_0_data0] Loading producer state till offset 0 with message format version 2
&amp#27;[2m2025-08-15T21:33:17.159+05:30&amp#27;[0;39m &amp#27;[32m INFO&amp#27;[0;39m &amp#27;[35m4750&amp#27;[0;39m &amp#27;[2m---&amp#27;[0;39m &amp#27;[2m[r-event-handler]&amp#27;[0;39m &amp#27;[2m&amp#27;[0;39m&amp#27;[36mkafka.log.LogManager                    &amp#27;[0;39m &amp#27;[2m:&amp#27;[0;39m Created log for partition __consumer_offsets-1 in /var/folders/yt/8yxf8rd12tscf0qk7fmq7n_m0000gn/T/kafka-14683256353376918148/broker_0_data0/__consumer_offsets-1 with properties {cleanup.policy=compact, compression.type="producer", segment.bytes=104857600}
&amp#27;[2m2025-08-15T21:33:17.159+05:30&amp#27;[0;39m &amp#27;[32m INFO&amp#27;[0;39m &amp#27;[35m4750&amp#27;[0;39m &amp#27;[2m---&amp#27;[0;39m &amp#27;[2m[r-event-handler]&amp#27;[0;39m &amp#27;[2m&amp#27;[0;39m&amp#27;[36mkafka.cluster.Partition                 &amp#27;[0;39m &amp#27;[2m:&amp#27;[0;39m [Partition __consumer_offsets-1 broker=0] No checkpointed highwatermark is found for partition __consumer_offsets-1
&amp#27;[2m2025-08-15T21:33:17.159+05:30&amp#27;[0;39m &amp#27;[32m INFO&amp#27;[0;39m &amp#27;[35m4750&amp#27;[0;39m &amp#27;[2m---&amp#27;[0;39m &amp#27;[2m[r-event-handler]&amp#27;[0;39m &amp#27;[2m&amp#27;[0;39m&amp#27;[36mkafka.cluster.Partition                 &amp#27;[0;39m &amp#27;[2m:&amp#27;[0;39m [Partition __consumer_offsets-1 broker=0] Log loaded for partition __consumer_offsets-1 with initial high watermark 0
&amp#27;[2m2025-08-15T21:33:17.159+05:30&amp#27;[0;39m &amp#27;[32m INFO&amp#27;[0;39m &amp#27;[35m4750&amp#27;[0;39m &amp#27;[2m---&amp#27;[0;39m &amp#27;[2m[r-event-handler]&amp#27;[0;39m &amp#27;[2m&amp#27;[0;39m&amp#27;[36mstate.change.logger                     &amp#27;[0;39m &amp#27;[2m:&amp#27;[0;39m [Broker id=0] Leader __consumer_offsets-1 with topic id Some(nwJA94HUSU-4J80Pd392Cg) starts at leader epoch 0 from offset 0 with partition epoch 0, high watermark 0, ISR [0], adding replicas [] and removing replicas [] . Previous leader None and previous leader epoch was -1.
&amp#27;[2m2025-08-15T21:33:17.166+05:30&amp#27;[0;39m &amp#27;[32m INFO&amp#27;[0;39m &amp#27;[35m4750&amp#27;[0;39m &amp#27;[2m---&amp#27;[0;39m &amp#27;[2m[r-event-handler]&amp#27;[0;39m &amp#27;[2m&amp#27;[0;39m&amp#27;[36mstate.change.logger                     &amp#27;[0;39m &amp#27;[2m:&amp#27;[0;39m [Broker id=0] Creating new partition __consumer_offsets-34 with topic id nwJA94HUSU-4J80Pd392Cg.
&amp#27;[2m2025-08-15T21:33:17.167+05:30&amp#27;[0;39m &amp#27;[32m INFO&amp#27;[0;39m &amp#27;[35m4750&amp#27;[0;39m &amp#27;[2m---&amp#27;[0;39m &amp#27;[2m[r-event-handler]&amp#27;[0;39m &amp#27;[2m&amp#27;[0;39m&amp#27;[36mkafka.log.UnifiedLog$                   &amp#27;[0;39m &amp#27;[2m:&amp#27;[0;39m [LogLoader partition=__consumer_offsets-34, dir=/var/folders/yt/8yxf8rd12tscf0qk7fmq7n_m0000gn/T/kafka-14683256353376918148/broker_0_data0] Loading producer state till offset 0 with message format version 2
&amp#27;[2m2025-08-15T21:33:17.167+05:30&amp#27;[0;39m &amp#27;[32m INFO&amp#27;[0;39m &amp#27;[35m4750&amp#27;[0;39m &amp#27;[2m---&amp#27;[0;39m &amp#27;[2m[r-event-handler]&amp#27;[0;39m &amp#27;[2m&amp#27;[0;39m&amp#27;[36mkafka.log.LogManager                    &amp#27;[0;39m &amp#27;[2m:&amp#27;[0;39m Created log for partition __consumer_offsets-34 in /var/folders/yt/8yxf8rd12tscf0qk7fmq7n_m0000gn/T/kafka-14683256353376918148/broker_0_data0/__consumer_offsets-34 with properties {cleanup.policy=compact, compression.type="producer", segment.bytes=104857600}
&amp#27;[2m2025-08-15T21:33:17.167+05:30&amp#27;[0;39m &amp#27;[32m INFO&amp#27;[0;39m &amp#27;[35m4750&amp#27;[0;39m &amp#27;[2m---&amp#27;[0;39m &amp#27;[2m[r-event-handler]&amp#27;[0;39m &amp#27;[2m&amp#27;[0;39m&amp#27;[36mkafka.cluster.Partition                 &amp#27;[0;39m &amp#27;[2m:&amp#27;[0;39m [Partition __consumer_offsets-34 broker=0] No checkpointed highwatermark is found for partition __consumer_offsets-34
&amp#27;[2m2025-08-15T21:33:17.167+05:30&amp#27;[0;39m &amp#27;[32m INFO&amp#27;[0;39m &amp#27;[35m4750&amp#27;[0;39m &amp#27;[2m---&amp#27;[0;39m &amp#27;[2m[r-event-handler]&amp#27;[0;39m &amp#27;[2m&amp#27;[0;39m&amp#27;[36mkafka.cluster.Partition                 &amp#27;[0;39m &amp#27;[2m:&amp#27;[0;39m [Partition __consumer_offsets-34 broker=0] Log loaded for partition __consumer_offsets-34 with initial high watermark 0
&amp#27;[2m2025-08-15T21:33:17.167+05:30&amp#27;[0;39m &amp#27;[32m INFO&amp#27;[0;39m &amp#27;[35m4750&amp#27;[0;39m &amp#27;[2m---&amp#27;[0;39m &amp#27;[2m[r-event-handler]&amp#27;[0;39m &amp#27;[2m&amp#27;[0;39m&amp#27;[36mstate.change.logger                     &amp#27;[0;39m &amp#27;[2m:&amp#27;[0;39m [Broker id=0] Leader __consumer_offsets-34 with topic id Some(nwJA94HUSU-4J80Pd392Cg) starts at leader epoch 0 from offset 0 with partition epoch 0, high watermark 0, ISR [0], adding replicas [] and removing replicas [] . Previous leader None and previous leader epoch was -1.
&amp#27;[2m2025-08-15T21:33:17.175+05:30&amp#27;[0;39m &amp#27;[32m INFO&amp#27;[0;39m &amp#27;[35m4750&amp#27;[0;39m &amp#27;[2m---&amp#27;[0;39m &amp#27;[2m[r-event-handler]&amp#27;[0;39m &amp#27;[2m&amp#27;[0;39m&amp#27;[36mstate.change.logger                     &amp#27;[0;39m &amp#27;[2m:&amp#27;[0;39m [Broker id=0] Creating new partition __consumer_offsets-16 with topic id nwJA94HUSU-4J80Pd392Cg.
&amp#27;[2m2025-08-15T21:33:17.176+05:30&amp#27;[0;39m &amp#27;[32m INFO&amp#27;[0;39m &amp#27;[35m4750&amp#27;[0;39m &amp#27;[2m---&amp#27;[0;39m &amp#27;[2m[r-event-handler]&amp#27;[0;39m &amp#27;[2m&amp#27;[0;39m&amp#27;[36mkafka.log.UnifiedLog$                   &amp#27;[0;39m &amp#27;[2m:&amp#27;[0;39m [LogLoader partition=__consumer_offsets-16, dir=/var/folders/yt/8yxf8rd12tscf0qk7fmq7n_m0000gn/T/kafka-14683256353376918148/broker_0_data0] Loading producer state till offset 0 with message format version 2
&amp#27;[2m2025-08-15T21:33:17.176+05:30&amp#27;[0;39m &amp#27;[32m INFO&amp#27;[0;39m &amp#27;[35m4750&amp#27;[0;39m &amp#27;[2m---&amp#27;[0;39m &amp#27;[2m[r-event-handler]&amp#27;[0;39m &amp#27;[2m&amp#27;[0;39m&amp#27;[36mkafka.log.LogManager                    &amp#27;[0;39m &amp#27;[2m:&amp#27;[0;39m Created log for partition __consumer_offsets-16 in /var/folders/yt/8yxf8rd12tscf0qk7fmq7n_m0000gn/T/kafka-14683256353376918148/broker_0_data0/__consumer_offsets-16 with properties {cleanup.policy=compact, compression.type="producer", segment.bytes=104857600}
&amp#27;[2m2025-08-15T21:33:17.176+05:30&amp#27;[0;39m &amp#27;[32m INFO&amp#27;[0;39m &amp#27;[35m4750&amp#27;[0;39m &amp#27;[2m---&amp#27;[0;39m &amp#27;[2m[r-event-handler]&amp#27;[0;39m &amp#27;[2m&amp#27;[0;39m&amp#27;[36mkafka.cluster.Partition                 &amp#27;[0;39m &amp#27;[2m:&amp#27;[0;39m [Partition __consumer_offsets-16 broker=0] No checkpointed highwatermark is found for partition __consumer_offsets-16
&amp#27;[2m2025-08-15T21:33:17.176+05:30&amp#27;[0;39m &amp#27;[32m INFO&amp#27;[0;39m &amp#27;[35m4750&amp#27;[0;39m &amp#27;[2m---&amp#27;[0;39m &amp#27;[2m[r-event-handler]&amp#27;[0;39m &amp#27;[2m&amp#27;[0;39m&amp#27;[36mkafka.cluster.Partition                 &amp#27;[0;39m &amp#27;[2m:&amp#27;[0;39m [Partition __consumer_offsets-16 broker=0] Log loaded for partition __consumer_offsets-16 with initial high watermark 0
&amp#27;[2m2025-08-15T21:33:17.176+05:30&amp#27;[0;39m &amp#27;[32m INFO&amp#27;[0;39m &amp#27;[35m4750&amp#27;[0;39m &amp#27;[2m---&amp#27;[0;39m &amp#27;[2m[r-event-handler]&amp#27;[0;39m &amp#27;[2m&amp#27;[0;39m&amp#27;[36mstate.change.logger                     &amp#27;[0;39m &amp#27;[2m:&amp#27;[0;39m [Broker id=0] Leader __consumer_offsets-16 with topic id Some(nwJA94HUSU-4J80Pd392Cg) starts at leader epoch 0 from offset 0 with partition epoch 0, high watermark 0, ISR [0], adding replicas [] and removing replicas [] . Previous leader None and previous leader epoch was -1.
&amp#27;[2m2025-08-15T21:33:17.180+05:30&amp#27;[0;39m &amp#27;[32m INFO&amp#27;[0;39m &amp#27;[35m4750&amp#27;[0;39m &amp#27;[2m---&amp#27;[0;39m &amp#27;[2m[r-event-handler]&amp#27;[0;39m &amp#27;[2m&amp#27;[0;39m&amp#27;[36mstate.change.logger                     &amp#27;[0;39m &amp#27;[2m:&amp#27;[0;39m [Broker id=0] Creating new partition __consumer_offsets-45 with topic id nwJA94HUSU-4J80Pd392Cg.
&amp#27;[2m2025-08-15T21:33:17.181+05:30&amp#27;[0;39m &amp#27;[32m INFO&amp#27;[0;39m &amp#27;[35m4750&amp#27;[0;39m &amp#27;[2m---&amp#27;[0;39m &amp#27;[2m[r-event-handler]&amp#27;[0;39m &amp#27;[2m&amp#27;[0;39m&amp#27;[36mkafka.log.UnifiedLog$                   &amp#27;[0;39m &amp#27;[2m:&amp#27;[0;39m [LogLoader partition=__consumer_offsets-45, dir=/var/folders/yt/8yxf8rd12tscf0qk7fmq7n_m0000gn/T/kafka-14683256353376918148/broker_0_data0] Loading producer state till offset 0 with message format version 2
&amp#27;[2m2025-08-15T21:33:17.181+05:30&amp#27;[0;39m &amp#27;[32m INFO&amp#27;[0;39m &amp#27;[35m4750&amp#27;[0;39m &amp#27;[2m---&amp#27;[0;39m &amp#27;[2m[r-event-handler]&amp#27;[0;39m &amp#27;[2m&amp#27;[0;39m&amp#27;[36mkafka.log.LogManager                    &amp#27;[0;39m &amp#27;[2m:&amp#27;[0;39m Created log for partition __consumer_offsets-45 in /var/folders/yt/8yxf8rd12tscf0qk7fmq7n_m0000gn/T/kafka-14683256353376918148/broker_0_data0/__consumer_offsets-45 with properties {cleanup.policy=compact, compression.type="producer", segment.bytes=104857600}
&amp#27;[2m2025-08-15T21:33:17.181+05:30&amp#27;[0;39m &amp#27;[32m INFO&amp#27;[0;39m &amp#27;[35m4750&amp#27;[0;39m &amp#27;[2m---&amp#27;[0;39m &amp#27;[2m[r-event-handler]&amp#27;[0;39m &amp#27;[2m&amp#27;[0;39m&amp#27;[36mkafka.cluster.Partition                 &amp#27;[0;39m &amp#27;[2m:&amp#27;[0;39m [Partition __consumer_offsets-45 broker=0] No checkpointed highwatermark is found for partition __consumer_offsets-45
&amp#27;[2m2025-08-15T21:33:17.181+05:30&amp#27;[0;39m &amp#27;[32m INFO&amp#27;[0;39m &amp#27;[35m4750&amp#27;[0;39m &amp#27;[2m---&amp#27;[0;39m &amp#27;[2m[r-event-handler]&amp#27;[0;39m &amp#27;[2m&amp#27;[0;39m&amp#27;[36mkafka.cluster.Partition                 &amp#27;[0;39m &amp#27;[2m:&amp#27;[0;39m [Partition __consumer_offsets-45 broker=0] Log loaded for partition __consumer_offsets-45 with initial high watermark 0
&amp#27;[2m2025-08-15T21:33:17.181+05:30&amp#27;[0;39m &amp#27;[32m INFO&amp#27;[0;39m &amp#27;[35m4750&amp#27;[0;39m &amp#27;[2m---&amp#27;[0;39m &amp#27;[2m[r-event-handler]&amp#27;[0;39m &amp#27;[2m&amp#27;[0;39m&amp#27;[36mstate.change.logger                     &amp#27;[0;39m &amp#27;[2m:&amp#27;[0;39m [Broker id=0] Leader __consumer_offsets-45 with topic id Some(nwJA94HUSU-4J80Pd392Cg) starts at leader epoch 0 from offset 0 with partition epoch 0, high watermark 0, ISR [0], adding replicas [] and removing replicas [] . Previous leader None and previous leader epoch was -1.
&amp#27;[2m2025-08-15T21:33:17.184+05:30&amp#27;[0;39m &amp#27;[32m INFO&amp#27;[0;39m &amp#27;[35m4750&amp#27;[0;39m &amp#27;[2m---&amp#27;[0;39m &amp#27;[2m[r-event-handler]&amp#27;[0;39m &amp#27;[2m&amp#27;[0;39m&amp#27;[36mstate.change.logger                     &amp#27;[0;39m &amp#27;[2m:&amp#27;[0;39m [Broker id=0] Creating new partition __consumer_offsets-12 with topic id nwJA94HUSU-4J80Pd392Cg.
&amp#27;[2m2025-08-15T21:33:17.186+05:30&amp#27;[0;39m &amp#27;[32m INFO&amp#27;[0;39m &amp#27;[35m4750&amp#27;[0;39m &amp#27;[2m---&amp#27;[0;39m &amp#27;[2m[r-event-handler]&amp#27;[0;39m &amp#27;[2m&amp#27;[0;39m&amp#27;[36mkafka.log.UnifiedLog$                   &amp#27;[0;39m &amp#27;[2m:&amp#27;[0;39m [LogLoader partition=__consumer_offsets-12, dir=/var/folders/yt/8yxf8rd12tscf0qk7fmq7n_m0000gn/T/kafka-14683256353376918148/broker_0_data0] Loading producer state till offset 0 with message format version 2
&amp#27;[2m2025-08-15T21:33:17.186+05:30&amp#27;[0;39m &amp#27;[32m INFO&amp#27;[0;39m &amp#27;[35m4750&amp#27;[0;39m &amp#27;[2m---&amp#27;[0;39m &amp#27;[2m[r-event-handler]&amp#27;[0;39m &amp#27;[2m&amp#27;[0;39m&amp#27;[36mkafka.log.LogManager                    &amp#27;[0;39m &amp#27;[2m:&amp#27;[0;39m Created log for partition __consumer_offsets-12 in /var/folders/yt/8yxf8rd12tscf0qk7fmq7n_m0000gn/T/kafka-14683256353376918148/broker_0_data0/__consumer_offsets-12 with properties {cleanup.policy=compact, compression.type="producer", segment.bytes=104857600}
&amp#27;[2m2025-08-15T21:33:17.186+05:30&amp#27;[0;39m &amp#27;[32m INFO&amp#27;[0;39m &amp#27;[35m4750&amp#27;[0;39m &amp#27;[2m---&amp#27;[0;39m &amp#27;[2m[r-event-handler]&amp#27;[0;39m &amp#27;[2m&amp#27;[0;39m&amp#27;[36mkafka.cluster.Partition                 &amp#27;[0;39m &amp#27;[2m:&amp#27;[0;39m [Partition __consumer_offsets-12 broker=0] No checkpointed highwatermark is found for partition __consumer_offsets-12
&amp#27;[2m2025-08-15T21:33:17.186+05:30&amp#27;[0;39m &amp#27;[32m INFO&amp#27;[0;39m &amp#27;[35m4750&amp#27;[0;39m &amp#27;[2m---&amp#27;[0;39m &amp#27;[2m[r-event-handler]&amp#27;[0;39m &amp#27;[2m&amp#27;[0;39m&amp#27;[36mkafka.cluster.Partition                 &amp#27;[0;39m &amp#27;[2m:&amp#27;[0;39m [Partition __consumer_offsets-12 broker=0] Log loaded for partition __consumer_offsets-12 with initial high watermark 0
&amp#27;[2m2025-08-15T21:33:17.186+05:30&amp#27;[0;39m &amp#27;[32m INFO&amp#27;[0;39m &amp#27;[35m4750&amp#27;[0;39m &amp#27;[2m---&amp#27;[0;39m &amp#27;[2m[r-event-handler]&amp#27;[0;39m &amp#27;[2m&amp#27;[0;39m&amp#27;[36mstate.change.logger                     &amp#27;[0;39m &amp#27;[2m:&amp#27;[0;39m [Broker id=0] Leader __consumer_offsets-12 with topic id Some(nwJA94HUSU-4J80Pd392Cg) starts at leader epoch 0 from offset 0 with partition epoch 0, high watermark 0, ISR [0], adding replicas [] and removing replicas [] . Previous leader None and previous leader epoch was -1.
&amp#27;[2m2025-08-15T21:33:17.191+05:30&amp#27;[0;39m &amp#27;[32m INFO&amp#27;[0;39m &amp#27;[35m4750&amp#27;[0;39m &amp#27;[2m---&amp#27;[0;39m &amp#27;[2m[r-event-handler]&amp#27;[0;39m &amp#27;[2m&amp#27;[0;39m&amp#27;[36mstate.change.logger                     &amp#27;[0;39m &amp#27;[2m:&amp#27;[0;39m [Broker id=0] Creating new partition __consumer_offsets-41 with topic id nwJA94HUSU-4J80Pd392Cg.
&amp#27;[2m2025-08-15T21:33:17.192+05:30&amp#27;[0;39m &amp#27;[32m INFO&amp#27;[0;39m &amp#27;[35m4750&amp#27;[0;39m &amp#27;[2m---&amp#27;[0;39m &amp#27;[2m[r-event-handler]&amp#27;[0;39m &amp#27;[2m&amp#27;[0;39m&amp#27;[36mkafka.log.UnifiedLog$                   &amp#27;[0;39m &amp#27;[2m:&amp#27;[0;39m [LogLoader partition=__consumer_offsets-41, dir=/var/folders/yt/8yxf8rd12tscf0qk7fmq7n_m0000gn/T/kafka-14683256353376918148/broker_0_data0] Loading producer state till offset 0 with message format version 2
&amp#27;[2m2025-08-15T21:33:17.192+05:30&amp#27;[0;39m &amp#27;[32m INFO&amp#27;[0;39m &amp#27;[35m4750&amp#27;[0;39m &amp#27;[2m---&amp#27;[0;39m &amp#27;[2m[r-event-handler]&amp#27;[0;39m &amp#27;[2m&amp#27;[0;39m&amp#27;[36mkafka.log.LogManager                    &amp#27;[0;39m &amp#27;[2m:&amp#27;[0;39m Created log for partition __consumer_offsets-41 in /var/folders/yt/8yxf8rd12tscf0qk7fmq7n_m0000gn/T/kafka-14683256353376918148/broker_0_data0/__consumer_offsets-41 with properties {cleanup.policy=compact, compression.type="producer", segment.bytes=104857600}
&amp#27;[2m2025-08-15T21:33:17.192+05:30&amp#27;[0;39m &amp#27;[32m INFO&amp#27;[0;39m &amp#27;[35m4750&amp#27;[0;39m &amp#27;[2m---&amp#27;[0;39m &amp#27;[2m[r-event-handler]&amp#27;[0;39m &amp#27;[2m&amp#27;[0;39m&amp#27;[36mkafka.cluster.Partition                 &amp#27;[0;39m &amp#27;[2m:&amp#27;[0;39m [Partition __consumer_offsets-41 broker=0] No checkpointed highwatermark is found for partition __consumer_offsets-41
&amp#27;[2m2025-08-15T21:33:17.192+05:30&amp#27;[0;39m &amp#27;[32m INFO&amp#27;[0;39m &amp#27;[35m4750&amp#27;[0;39m &amp#27;[2m---&amp#27;[0;39m &amp#27;[2m[r-event-handler]&amp#27;[0;39m &amp#27;[2m&amp#27;[0;39m&amp#27;[36mkafka.cluster.Partition                 &amp#27;[0;39m &amp#27;[2m:&amp#27;[0;39m [Partition __consumer_offsets-41 broker=0] Log loaded for partition __consumer_offsets-41 with initial high watermark 0
&amp#27;[2m2025-08-15T21:33:17.192+05:30&amp#27;[0;39m &amp#27;[32m INFO&amp#27;[0;39m &amp#27;[35m4750&amp#27;[0;39m &amp#27;[2m---&amp#27;[0;39m &amp#27;[2m[r-event-handler]&amp#27;[0;39m &amp#27;[2m&amp#27;[0;39m&amp#27;[36mstate.change.logger                     &amp#27;[0;39m &amp#27;[2m:&amp#27;[0;39m [Broker id=0] Leader __consumer_offsets-41 with topic id Some(nwJA94HUSU-4J80Pd392Cg) starts at leader epoch 0 from offset 0 with partition epoch 0, high watermark 0, ISR [0], adding replicas [] and removing replicas [] . Previous leader None and previous leader epoch was -1.
&amp#27;[2m2025-08-15T21:33:17.197+05:30&amp#27;[0;39m &amp#27;[32m INFO&amp#27;[0;39m &amp#27;[35m4750&amp#27;[0;39m &amp#27;[2m---&amp#27;[0;39m &amp#27;[2m[r-event-handler]&amp#27;[0;39m &amp#27;[2m&amp#27;[0;39m&amp#27;[36mstate.change.logger                     &amp#27;[0;39m &amp#27;[2m:&amp#27;[0;39m [Broker id=0] Creating new partition __consumer_offsets-24 with topic id nwJA94HUSU-4J80Pd392Cg.
&amp#27;[2m2025-08-15T21:33:17.199+05:30&amp#27;[0;39m &amp#27;[32m INFO&amp#27;[0;39m &amp#27;[35m4750&amp#27;[0;39m &amp#27;[2m---&amp#27;[0;39m &amp#27;[2m[r-event-handler]&amp#27;[0;39m &amp#27;[2m&amp#27;[0;39m&amp#27;[36mkafka.log.UnifiedLog$                   &amp#27;[0;39m &amp#27;[2m:&amp#27;[0;39m [LogLoader partition=__consumer_offsets-24, dir=/var/folders/yt/8yxf8rd12tscf0qk7fmq7n_m0000gn/T/kafka-14683256353376918148/broker_0_data0] Loading producer state till offset 0 with message format version 2
&amp#27;[2m2025-08-15T21:33:17.199+05:30&amp#27;[0;39m &amp#27;[32m INFO&amp#27;[0;39m &amp#27;[35m4750&amp#27;[0;39m &amp#27;[2m---&amp#27;[0;39m &amp#27;[2m[r-event-handler]&amp#27;[0;39m &amp#27;[2m&amp#27;[0;39m&amp#27;[36mkafka.log.LogManager                    &amp#27;[0;39m &amp#27;[2m:&amp#27;[0;39m Created log for partition __consumer_offsets-24 in /var/folders/yt/8yxf8rd12tscf0qk7fmq7n_m0000gn/T/kafka-14683256353376918148/broker_0_data0/__consumer_offsets-24 with properties {cleanup.policy=compact, compression.type="producer", segment.bytes=104857600}
&amp#27;[2m2025-08-15T21:33:17.199+05:30&amp#27;[0;39m &amp#27;[32m INFO&amp#27;[0;39m &amp#27;[35m4750&amp#27;[0;39m &amp#27;[2m---&amp#27;[0;39m &amp#27;[2m[r-event-handler]&amp#27;[0;39m &amp#27;[2m&amp#27;[0;39m&amp#27;[36mkafka.cluster.Partition                 &amp#27;[0;39m &amp#27;[2m:&amp#27;[0;39m [Partition __consumer_offsets-24 broker=0] No checkpointed highwatermark is found for partition __consumer_offsets-24
&amp#27;[2m2025-08-15T21:33:17.199+05:30&amp#27;[0;39m &amp#27;[32m INFO&amp#27;[0;39m &amp#27;[35m4750&amp#27;[0;39m &amp#27;[2m---&amp#27;[0;39m &amp#27;[2m[r-event-handler]&amp#27;[0;39m &amp#27;[2m&amp#27;[0;39m&amp#27;[36mkafka.cluster.Partition                 &amp#27;[0;39m &amp#27;[2m:&amp#27;[0;39m [Partition __consumer_offsets-24 broker=0] Log loaded for partition __consumer_offsets-24 with initial high watermark 0
&amp#27;[2m2025-08-15T21:33:17.199+05:30&amp#27;[0;39m &amp#27;[32m INFO&amp#27;[0;39m &amp#27;[35m4750&amp#27;[0;39m &amp#27;[2m---&amp#27;[0;39m &amp#27;[2m[r-event-handler]&amp#27;[0;39m &amp#27;[2m&amp#27;[0;39m&amp#27;[36mstate.change.logger                     &amp#27;[0;39m &amp#27;[2m:&amp#27;[0;39m [Broker id=0] Leader __consumer_offsets-24 with topic id Some(nwJA94HUSU-4J80Pd392Cg) starts at leader epoch 0 from offset 0 with partition epoch 0, high watermark 0, ISR [0], adding replicas [] and removing replicas [] . Previous leader None and previous leader epoch was -1.
&amp#27;[2m2025-08-15T21:33:17.206+05:30&amp#27;[0;39m &amp#27;[32m INFO&amp#27;[0;39m &amp#27;[35m4750&amp#27;[0;39m &amp#27;[2m---&amp#27;[0;39m &amp#27;[2m[r-event-handler]&amp#27;[0;39m &amp#27;[2m&amp#27;[0;39m&amp#27;[36mstate.change.logger                     &amp#27;[0;39m &amp#27;[2m:&amp#27;[0;39m [Broker id=0] Creating new partition __consumer_offsets-20 with topic id nwJA94HUSU-4J80Pd392Cg.
&amp#27;[2m2025-08-15T21:33:17.207+05:30&amp#27;[0;39m &amp#27;[32m INFO&amp#27;[0;39m &amp#27;[35m4750&amp#27;[0;39m &amp#27;[2m---&amp#27;[0;39m &amp#27;[2m[r-event-handler]&amp#27;[0;39m &amp#27;[2m&amp#27;[0;39m&amp#27;[36mkafka.log.UnifiedLog$                   &amp#27;[0;39m &amp#27;[2m:&amp#27;[0;39m [LogLoader partition=__consumer_offsets-20, dir=/var/folders/yt/8yxf8rd12tscf0qk7fmq7n_m0000gn/T/kafka-14683256353376918148/broker_0_data0] Loading producer state till offset 0 with message format version 2
&amp#27;[2m2025-08-15T21:33:17.207+05:30&amp#27;[0;39m &amp#27;[32m INFO&amp#27;[0;39m &amp#27;[35m4750&amp#27;[0;39m &amp#27;[2m---&amp#27;[0;39m &amp#27;[2m[r-event-handler]&amp#27;[0;39m &amp#27;[2m&amp#27;[0;39m&amp#27;[36mkafka.log.LogManager                    &amp#27;[0;39m &amp#27;[2m:&amp#27;[0;39m Created log for partition __consumer_offsets-20 in /var/folders/yt/8yxf8rd12tscf0qk7fmq7n_m0000gn/T/kafka-14683256353376918148/broker_0_data0/__consumer_offsets-20 with properties {cleanup.policy=compact, compression.type="producer", segment.bytes=104857600}
&amp#27;[2m2025-08-15T21:33:17.207+05:30&amp#27;[0;39m &amp#27;[32m INFO&amp#27;[0;39m &amp#27;[35m4750&amp#27;[0;39m &amp#27;[2m---&amp#27;[0;39m &amp#27;[2m[r-event-handler]&amp#27;[0;39m &amp#27;[2m&amp#27;[0;39m&amp#27;[36mkafka.cluster.Partition                 &amp#27;[0;39m &amp#27;[2m:&amp#27;[0;39m [Partition __consumer_offsets-20 broker=0] No checkpointed highwatermark is found for partition __consumer_offsets-20
&amp#27;[2m2025-08-15T21:33:17.207+05:30&amp#27;[0;39m &amp#27;[32m INFO&amp#27;[0;39m &amp#27;[35m4750&amp#27;[0;39m &amp#27;[2m---&amp#27;[0;39m &amp#27;[2m[r-event-handler]&amp#27;[0;39m &amp#27;[2m&amp#27;[0;39m&amp#27;[36mkafka.cluster.Partition                 &amp#27;[0;39m &amp#27;[2m:&amp#27;[0;39m [Partition __consumer_offsets-20 broker=0] Log loaded for partition __consumer_offsets-20 with initial high watermark 0
&amp#27;[2m2025-08-15T21:33:17.207+05:30&amp#27;[0;39m &amp#27;[32m INFO&amp#27;[0;39m &amp#27;[35m4750&amp#27;[0;39m &amp#27;[2m---&amp#27;[0;39m &amp#27;[2m[r-event-handler]&amp#27;[0;39m &amp#27;[2m&amp#27;[0;39m&amp#27;[36mstate.change.logger                     &amp#27;[0;39m &amp#27;[2m:&amp#27;[0;39m [Broker id=0] Leader __consumer_offsets-20 with topic id Some(nwJA94HUSU-4J80Pd392Cg) starts at leader epoch 0 from offset 0 with partition epoch 0, high watermark 0, ISR [0], adding replicas [] and removing replicas [] . Previous leader None and previous leader epoch was -1.
&amp#27;[2m2025-08-15T21:33:17.213+05:30&amp#27;[0;39m &amp#27;[32m INFO&amp#27;[0;39m &amp#27;[35m4750&amp#27;[0;39m &amp#27;[2m---&amp#27;[0;39m &amp#27;[2m[r-event-handler]&amp#27;[0;39m &amp#27;[2m&amp#27;[0;39m&amp#27;[36mstate.change.logger                     &amp#27;[0;39m &amp#27;[2m:&amp#27;[0;39m [Broker id=0] Creating new partition __consumer_offsets-49 with topic id nwJA94HUSU-4J80Pd392Cg.
&amp#27;[2m2025-08-15T21:33:17.214+05:30&amp#27;[0;39m &amp#27;[32m INFO&amp#27;[0;39m &amp#27;[35m4750&amp#27;[0;39m &amp#27;[2m---&amp#27;[0;39m &amp#27;[2m[r-event-handler]&amp#27;[0;39m &amp#27;[2m&amp#27;[0;39m&amp#27;[36mkafka.log.UnifiedLog$                   &amp#27;[0;39m &amp#27;[2m:&amp#27;[0;39m [LogLoader partition=__consumer_offsets-49, dir=/var/folders/yt/8yxf8rd12tscf0qk7fmq7n_m0000gn/T/kafka-14683256353376918148/broker_0_data0] Loading producer state till offset 0 with message format version 2
&amp#27;[2m2025-08-15T21:33:17.214+05:30&amp#27;[0;39m &amp#27;[32m INFO&amp#27;[0;39m &amp#27;[35m4750&amp#27;[0;39m &amp#27;[2m---&amp#27;[0;39m &amp#27;[2m[r-event-handler]&amp#27;[0;39m &amp#27;[2m&amp#27;[0;39m&amp#27;[36mkafka.log.LogManager                    &amp#27;[0;39m &amp#27;[2m:&amp#27;[0;39m Created log for partition __consumer_offsets-49 in /var/folders/yt/8yxf8rd12tscf0qk7fmq7n_m0000gn/T/kafka-14683256353376918148/broker_0_data0/__consumer_offsets-49 with properties {cleanup.policy=compact, compression.type="producer", segment.bytes=104857600}
&amp#27;[2m2025-08-15T21:33:17.214+05:30&amp#27;[0;39m &amp#27;[32m INFO&amp#27;[0;39m &amp#27;[35m4750&amp#27;[0;39m &amp#27;[2m---&amp#27;[0;39m &amp#27;[2m[r-event-handler]&amp#27;[0;39m &amp#27;[2m&amp#27;[0;39m&amp#27;[36mkafka.cluster.Partition                 &amp#27;[0;39m &amp#27;[2m:&amp#27;[0;39m [Partition __consumer_offsets-49 broker=0] No checkpointed highwatermark is found for partition __consumer_offsets-49
&amp#27;[2m2025-08-15T21:33:17.214+05:30&amp#27;[0;39m &amp#27;[32m INFO&amp#27;[0;39m &amp#27;[35m4750&amp#27;[0;39m &amp#27;[2m---&amp#27;[0;39m &amp#27;[2m[r-event-handler]&amp#27;[0;39m &amp#27;[2m&amp#27;[0;39m&amp#27;[36mkafka.cluster.Partition                 &amp#27;[0;39m &amp#27;[2m:&amp#27;[0;39m [Partition __consumer_offsets-49 broker=0] Log loaded for partition __consumer_offsets-49 with initial high watermark 0
&amp#27;[2m2025-08-15T21:33:17.214+05:30&amp#27;[0;39m &amp#27;[32m INFO&amp#27;[0;39m &amp#27;[35m4750&amp#27;[0;39m &amp#27;[2m---&amp#27;[0;39m &amp#27;[2m[r-event-handler]&amp#27;[0;39m &amp#27;[2m&amp#27;[0;39m&amp#27;[36mstate.change.logger                     &amp#27;[0;39m &amp#27;[2m:&amp#27;[0;39m [Broker id=0] Leader __consumer_offsets-49 with topic id Some(nwJA94HUSU-4J80Pd392Cg) starts at leader epoch 0 from offset 0 with partition epoch 0, high watermark 0, ISR [0], adding replicas [] and removing replicas [] . Previous leader None and previous leader epoch was -1.
&amp#27;[2m2025-08-15T21:33:17.218+05:30&amp#27;[0;39m &amp#27;[32m INFO&amp#27;[0;39m &amp#27;[35m4750&amp#27;[0;39m &amp#27;[2m---&amp#27;[0;39m &amp#27;[2m[ntainer#0-0-C-1]&amp#27;[0;39m &amp#27;[2m&amp#27;[0;39m&amp#27;[36mo.a.k.c.c.internals.ConsumerCoordinator &amp#27;[0;39m &amp#27;[2m:&amp#27;[0;39m [Consumer clientId=consumer-midas-core-consumer-1, groupId=midas-core-consumer] Discovered group coordinator localhost:54128 (id: 2147483647 rack: null)
&amp#27;[2m2025-08-15T21:33:17.218+05:30&amp#27;[0;39m &amp#27;[32m INFO&amp#27;[0;39m &amp#27;[35m4750&amp#27;[0;39m &amp#27;[2m---&amp#27;[0;39m &amp#27;[2m[ntainer#0-0-C-1]&amp#27;[0;39m &amp#27;[2m&amp#27;[0;39m&amp#27;[36mo.a.k.c.c.internals.ConsumerCoordinator &amp#27;[0;39m &amp#27;[2m:&amp#27;[0;39m [Consumer clientId=consumer-midas-core-consumer-1, groupId=midas-core-consumer] Request joining group due to: rebalance failed due to 'This is not the correct coordinator.' (NotCoordinatorException)
&amp#27;[2m2025-08-15T21:33:17.218+05:30&amp#27;[0;39m &amp#27;[32m INFO&amp#27;[0;39m &amp#27;[35m4750&amp#27;[0;39m &amp#27;[2m---&amp#27;[0;39m &amp#27;[2m[ntainer#0-0-C-1]&amp#27;[0;39m &amp#27;[2m&amp#27;[0;39m&amp#27;[36mo.a.k.c.c.internals.ConsumerCoordinator &amp#27;[0;39m &amp#27;[2m:&amp#27;[0;39m [Consumer clientId=consumer-midas-core-consumer-1, groupId=midas-core-consumer] (Re-)joining group
&amp#27;[2m2025-08-15T21:33:17.218+05:30&amp#27;[0;39m &amp#27;[32m INFO&amp#27;[0;39m &amp#27;[35m4750&amp#27;[0;39m &amp#27;[2m---&amp#27;[0;39m &amp#27;[2m[r-event-handler]&amp#27;[0;39m &amp#27;[2m&amp#27;[0;39m&amp#27;[36mstate.change.logger                     &amp#27;[0;39m &amp#27;[2m:&amp#27;[0;39m [Broker id=0] Creating new partition __consumer_offsets-0 with topic id nwJA94HUSU-4J80Pd392Cg.
&amp#27;[2m2025-08-15T21:33:17.219+05:30&amp#27;[0;39m &amp#27;[32m INFO&amp#27;[0;39m &amp#27;[35m4750&amp#27;[0;39m &amp#27;[2m---&amp#27;[0;39m &amp#27;[2m[r-event-handler]&amp#27;[0;39m &amp#27;[2m&amp#27;[0;39m&amp#27;[36mkafka.log.UnifiedLog$                   &amp#27;[0;39m &amp#27;[2m:&amp#27;[0;39m [LogLoader partition=__consumer_offsets-0, dir=/var/folders/yt/8yxf8rd12tscf0qk7fmq7n_m0000gn/T/kafka-14683256353376918148/broker_0_data0] Loading producer state till offset 0 with message format version 2
&amp#27;[2m2025-08-15T21:33:17.220+05:30&amp#27;[0;39m &amp#27;[32m INFO&amp#27;[0;39m &amp#27;[35m4750&amp#27;[0;39m &amp#27;[2m---&amp#27;[0;39m &amp#27;[2m[r-event-handler]&amp#27;[0;39m &amp#27;[2m&amp#27;[0;39m&amp#27;[36mkafka.log.LogManager                    &amp#27;[0;39m &amp#27;[2m:&amp#27;[0;39m Created log for partition __consumer_offsets-0 in /var/folders/yt/8yxf8rd12tscf0qk7fmq7n_m0000gn/T/kafka-14683256353376918148/broker_0_data0/__consumer_offsets-0 with properties {cleanup.policy=compact, compression.type="producer", segment.bytes=104857600}
&amp#27;[2m2025-08-15T21:33:17.220+05:30&amp#27;[0;39m &amp#27;[32m INFO&amp#27;[0;39m &amp#27;[35m4750&amp#27;[0;39m &amp#27;[2m---&amp#27;[0;39m &amp#27;[2m[r-event-handler]&amp#27;[0;39m &amp#27;[2m&amp#27;[0;39m&amp#27;[36mkafka.cluster.Partition                 &amp#27;[0;39m &amp#27;[2m:&amp#27;[0;39m [Partition __consumer_offsets-0 broker=0] No checkpointed highwatermark is found for partition __consumer_offsets-0
&amp#27;[2m2025-08-15T21:33:17.220+05:30&amp#27;[0;39m &amp#27;[32m INFO&amp#27;[0;39m &amp#27;[35m4750&amp#27;[0;39m &amp#27;[2m---&amp#27;[0;39m &amp#27;[2m[r-event-handler]&amp#27;[0;39m &amp#27;[2m&amp#27;[0;39m&amp#27;[36mkafka.cluster.Partition                 &amp#27;[0;39m &amp#27;[2m:&amp#27;[0;39m [Partition __consumer_offsets-0 broker=0] Log loaded for partition __consumer_offsets-0 with initial high watermark 0
&amp#27;[2m2025-08-15T21:33:17.220+05:30&amp#27;[0;39m &amp#27;[32m INFO&amp#27;[0;39m &amp#27;[35m4750&amp#27;[0;39m &amp#27;[2m---&amp#27;[0;39m &amp#27;[2m[r-event-handler]&amp#27;[0;39m &amp#27;[2m&amp#27;[0;39m&amp#27;[36mstate.change.logger                     &amp#27;[0;39m &amp#27;[2m:&amp#27;[0;39m [Broker id=0] Leader __consumer_offsets-0 with topic id Some(nwJA94HUSU-4J80Pd392Cg) starts at leader epoch 0 from offset 0 with partition epoch 0, high watermark 0, ISR [0], adding replicas [] and removing replicas [] . Previous leader None and previous leader epoch was -1.
&amp#27;[2m2025-08-15T21:33:17.220+05:30&amp#27;[0;39m &amp#27;[32m INFO&amp#27;[0;39m &amp#27;[35m4750&amp#27;[0;39m &amp#27;[2m---&amp#27;[0;39m &amp#27;[2m[ntainer#0-0-C-1]&amp#27;[0;39m &amp#27;[2m&amp#27;[0;39m&amp#27;[36mo.a.k.c.c.internals.ConsumerCoordinator &amp#27;[0;39m &amp#27;[2m:&amp#27;[0;39m [Consumer clientId=consumer-midas-core-consumer-1, groupId=midas-core-consumer] Group coordinator localhost:54128 (id: 2147483647 rack: null) is unavailable or invalid due to cause: error response NOT_COORDINATOR. isDisconnected: false. Rediscovery will be attempted.
&amp#27;[2m2025-08-15T21:33:17.220+05:30&amp#27;[0;39m &amp#27;[32m INFO&amp#27;[0;39m &amp#27;[35m4750&amp#27;[0;39m &amp#27;[2m---&amp#27;[0;39m &amp#27;[2m[ntainer#0-0-C-1]&amp#27;[0;39m &amp#27;[2m&amp#27;[0;39m&amp#27;[36mo.a.k.c.c.internals.ConsumerCoordinator &amp#27;[0;39m &amp#27;[2m:&amp#27;[0;39m [Consumer clientId=consumer-midas-core-consumer-1, groupId=midas-core-consumer] Requesting disconnect from last known coordinator localhost:54128 (id: 2147483647 rack: null)
&amp#27;[2m2025-08-15T21:33:17.220+05:30&amp#27;[0;39m &amp#27;[32m INFO&amp#27;[0;39m &amp#27;[35m4750&amp#27;[0;39m &amp#27;[2m---&amp#27;[0;39m &amp#27;[2m[ntainer#0-0-C-1]&amp#27;[0;39m &amp#27;[2m&amp#27;[0;39m&amp#27;[36mo.a.k.c.c.internals.ConsumerCoordinator &amp#27;[0;39m &amp#27;[2m:&amp#27;[0;39m [Consumer clientId=consumer-midas-core-consumer-1, groupId=midas-core-consumer] JoinGroup failed: This is not the correct coordinator. Marking coordinator unknown. Sent generation was Generation{generationId=-1, memberId='', protocol='null'}
&amp#27;[2m2025-08-15T21:33:17.220+05:30&amp#27;[0;39m &amp#27;[32m INFO&amp#27;[0;39m &amp#27;[35m4750&amp#27;[0;39m &amp#27;[2m---&amp#27;[0;39m &amp#27;[2m[ntainer#0-0-C-1]&amp#27;[0;39m &amp#27;[2m&amp#27;[0;39m&amp#27;[36morg.apache.kafka.clients.NetworkClient  &amp#27;[0;39m &amp#27;[2m:&amp#27;[0;39m [Consumer clientId=consumer-midas-core-consumer-1, groupId=midas-core-consumer] Client requested disconnect from node 2147483647
&amp#27;[2m2025-08-15T21:33:17.221+05:30&amp#27;[0;39m &amp#27;[32m INFO&amp#27;[0;39m &amp#27;[35m4750&amp#27;[0;39m &amp#27;[2m---&amp#27;[0;39m &amp#27;[2m[ntainer#0-0-C-1]&amp#27;[0;39m &amp#27;[2m&amp#27;[0;39m&amp#27;[36mo.a.k.c.c.internals.ConsumerCoordinator &amp#27;[0;39m &amp#27;[2m:&amp#27;[0;39m [Consumer clientId=consumer-midas-core-consumer-1, groupId=midas-core-consumer] Discovered group coordinator localhost:54128 (id: 2147483647 rack: null)
&amp#27;[2m2025-08-15T21:33:17.221+05:30&amp#27;[0;39m &amp#27;[32m INFO&amp#27;[0;39m &amp#27;[35m4750&amp#27;[0;39m &amp#27;[2m---&amp#27;[0;39m &amp#27;[2m[ntainer#0-0-C-1]&amp#27;[0;39m &amp#27;[2m&amp#27;[0;39m&amp#27;[36mo.a.k.c.c.internals.ConsumerCoordinator &amp#27;[0;39m &amp#27;[2m:&amp#27;[0;39m [Consumer clientId=consumer-midas-core-consumer-1, groupId=midas-core-consumer] Group coordinator localhost:54128 (id: 2147483647 rack: null) is unavailable or invalid due to cause: coordinator unavailable. isDisconnected: false. Rediscovery will be attempted.
&amp#27;[2m2025-08-15T21:33:17.221+05:30&amp#27;[0;39m &amp#27;[32m INFO&amp#27;[0;39m &amp#27;[35m4750&amp#27;[0;39m &amp#27;[2m---&amp#27;[0;39m &amp#27;[2m[ntainer#0-0-C-1]&amp#27;[0;39m &amp#27;[2m&amp#27;[0;39m&amp#27;[36mo.a.k.c.c.internals.ConsumerCoordinator &amp#27;[0;39m &amp#27;[2m:&amp#27;[0;39m [Consumer clientId=consumer-midas-core-consumer-1, groupId=midas-core-consumer] Requesting disconnect from last known coordinator localhost:54128 (id: 2147483647 rack: null)
&amp#27;[2m2025-08-15T21:33:17.227+05:30&amp#27;[0;39m &amp#27;[32m INFO&amp#27;[0;39m &amp#27;[35m4750&amp#27;[0;39m &amp#27;[2m---&amp#27;[0;39m &amp#27;[2m[r-event-handler]&amp#27;[0;39m &amp#27;[2m&amp#27;[0;39m&amp#27;[36mstate.change.logger                     &amp#27;[0;39m &amp#27;[2m:&amp#27;[0;39m [Broker id=0] Creating new partition __consumer_offsets-29 with topic id nwJA94HUSU-4J80Pd392Cg.
&amp#27;[2m2025-08-15T21:33:17.228+05:30&amp#27;[0;39m &amp#27;[32m INFO&amp#27;[0;39m &amp#27;[35m4750&amp#27;[0;39m &amp#27;[2m---&amp#27;[0;39m &amp#27;[2m[r-event-handler]&amp#27;[0;39m &amp#27;[2m&amp#27;[0;39m&amp#27;[36mkafka.log.UnifiedLog$                   &amp#27;[0;39m &amp#27;[2m:&amp#27;[0;39m [LogLoader partition=__consumer_offsets-29, dir=/var/folders/yt/8yxf8rd12tscf0qk7fmq7n_m0000gn/T/kafka-14683256353376918148/broker_0_data0] Loading producer state till offset 0 with message format version 2
&amp#27;[2m2025-08-15T21:33:17.228+05:30&amp#27;[0;39m &amp#27;[32m INFO&amp#27;[0;39m &amp#27;[35m4750&amp#27;[0;39m &amp#27;[2m---&amp#27;[0;39m &amp#27;[2m[r-event-handler]&amp#27;[0;39m &amp#27;[2m&amp#27;[0;39m&amp#27;[36mkafka.log.LogManager                    &amp#27;[0;39m &amp#27;[2m:&amp#27;[0;39m Created log for partition __consumer_offsets-29 in /var/folders/yt/8yxf8rd12tscf0qk7fmq7n_m0000gn/T/kafka-14683256353376918148/broker_0_data0/__consumer_offsets-29 with properties {cleanup.policy=compact, compression.type="producer", segment.bytes=104857600}
&amp#27;[2m2025-08-15T21:33:17.228+05:30&amp#27;[0;39m &amp#27;[32m INFO&amp#27;[0;39m &amp#27;[35m4750&amp#27;[0;39m &amp#27;[2m---&amp#27;[0;39m &amp#27;[2m[r-event-handler]&amp#27;[0;39m &amp#27;[2m&amp#27;[0;39m&amp#27;[36mkafka.cluster.Partition                 &amp#27;[0;39m &amp#27;[2m:&amp#27;[0;39m [Partition __consumer_offsets-29 broker=0] No checkpointed highwatermark is found for partition __consumer_offsets-29
&amp#27;[2m2025-08-15T21:33:17.228+05:30&amp#27;[0;39m &amp#27;[32m INFO&amp#27;[0;39m &amp#27;[35m4750&amp#27;[0;39m &amp#27;[2m---&amp#27;[0;39m &amp#27;[2m[r-event-handler]&amp#27;[0;39m &amp#27;[2m&amp#27;[0;39m&amp#27;[36mkafka.cluster.Partition                 &amp#27;[0;39m &amp#27;[2m:&amp#27;[0;39m [Partition __consumer_offsets-29 broker=0] Log loaded for partition __consumer_offsets-29 with initial high watermark 0
&amp#27;[2m2025-08-15T21:33:17.228+05:30&amp#27;[0;39m &amp#27;[32m INFO&amp#27;[0;39m &amp#27;[35m4750&amp#27;[0;39m &amp#27;[2m---&amp#27;[0;39m &amp#27;[2m[r-event-handler]&amp#27;[0;39m &amp#27;[2m&amp#27;[0;39m&amp#27;[36mstate.change.logger                     &amp#27;[0;39m &amp#27;[2m:&amp#27;[0;39m [Broker id=0] Leader __consumer_offsets-29 with topic id Some(nwJA94HUSU-4J80Pd392Cg) starts at leader epoch 0 from offset 0 with partition epoch 0, high watermark 0, ISR [0], adding replicas [] and removing replicas [] . Previous leader None and previous leader epoch was -1.
&amp#27;[2m2025-08-15T21:33:17.232+05:30&amp#27;[0;39m &amp#27;[32m INFO&amp#27;[0;39m &amp#27;[35m4750&amp#27;[0;39m &amp#27;[2m---&amp#27;[0;39m &amp#27;[2m[r-event-handler]&amp#27;[0;39m &amp#27;[2m&amp#27;[0;39m&amp#27;[36mstate.change.logger                     &amp#27;[0;39m &amp#27;[2m:&amp#27;[0;39m [Broker id=0] Creating new partition __consumer_offsets-25 with topic id nwJA94HUSU-4J80Pd392Cg.
&amp#27;[2m2025-08-15T21:33:17.233+05:30&amp#27;[0;39m &amp#27;[32m INFO&amp#27;[0;39m &amp#27;[35m4750&amp#27;[0;39m &amp#27;[2m---&amp#27;[0;39m &amp#27;[2m[r-event-handler]&amp#27;[0;39m &amp#27;[2m&amp#27;[0;39m&amp#27;[36mkafka.log.UnifiedLog$                   &amp#27;[0;39m &amp#27;[2m:&amp#27;[0;39m [LogLoader partition=__consumer_offsets-25, dir=/var/folders/yt/8yxf8rd12tscf0qk7fmq7n_m0000gn/T/kafka-14683256353376918148/broker_0_data0] Loading producer state till offset 0 with message format version 2
&amp#27;[2m2025-08-15T21:33:17.233+05:30&amp#27;[0;39m &amp#27;[32m INFO&amp#27;[0;39m &amp#27;[35m4750&amp#27;[0;39m &amp#27;[2m---&amp#27;[0;39m &amp#27;[2m[r-event-handler]&amp#27;[0;39m &amp#27;[2m&amp#27;[0;39m&amp#27;[36mkafka.log.LogManager                    &amp#27;[0;39m &amp#27;[2m:&amp#27;[0;39m Created log for partition __consumer_offsets-25 in /var/folders/yt/8yxf8rd12tscf0qk7fmq7n_m0000gn/T/kafka-14683256353376918148/broker_0_data0/__consumer_offsets-25 with properties {cleanup.policy=compact, compression.type="producer", segment.bytes=104857600}
&amp#27;[2m2025-08-15T21:33:17.233+05:30&amp#27;[0;39m &amp#27;[32m INFO&amp#27;[0;39m &amp#27;[35m4750&amp#27;[0;39m &amp#27;[2m---&amp#27;[0;39m &amp#27;[2m[r-event-handler]&amp#27;[0;39m &amp#27;[2m&amp#27;[0;39m&amp#27;[36mkafka.cluster.Partition                 &amp#27;[0;39m &amp#27;[2m:&amp#27;[0;39m [Partition __consumer_offsets-25 broker=0] No checkpointed highwatermark is found for partition __consumer_offsets-25
&amp#27;[2m2025-08-15T21:33:17.233+05:30&amp#27;[0;39m &amp#27;[32m INFO&amp#27;[0;39m &amp#27;[35m4750&amp#27;[0;39m &amp#27;[2m---&amp#27;[0;39m &amp#27;[2m[r-event-handler]&amp#27;[0;39m &amp#27;[2m&amp#27;[0;39m&amp#27;[36mkafka.cluster.Partition                 &amp#27;[0;39m &amp#27;[2m:&amp#27;[0;39m [Partition __consumer_offsets-25 broker=0] Log loaded for partition __consumer_offsets-25 with initial high watermark 0
&amp#27;[2m2025-08-15T21:33:17.233+05:30&amp#27;[0;39m &amp#27;[32m INFO&amp#27;[0;39m &amp#27;[35m4750&amp#27;[0;39m &amp#27;[2m---&amp#27;[0;39m &amp#27;[2m[r-event-handler]&amp#27;[0;39m &amp#27;[2m&amp#27;[0;39m&amp#27;[36mstate.change.logger                     &amp#27;[0;39m &amp#27;[2m:&amp#27;[0;39m [Broker id=0] Leader __consumer_offsets-25 with topic id Some(nwJA94HUSU-4J80Pd392Cg) starts at leader epoch 0 from offset 0 with partition epoch 0, high watermark 0, ISR [0], adding replicas [] and removing replicas [] . Previous leader None and previous leader epoch was -1.
&amp#27;[2m2025-08-15T21:33:17.239+05:30&amp#27;[0;39m &amp#27;[32m INFO&amp#27;[0;39m &amp#27;[35m4750&amp#27;[0;39m &amp#27;[2m---&amp#27;[0;39m &amp#27;[2m[r-event-handler]&amp#27;[0;39m &amp#27;[2m&amp#27;[0;39m&amp#27;[36mstate.change.logger                     &amp#27;[0;39m &amp#27;[2m:&amp#27;[0;39m [Broker id=0] Creating new partition __consumer_offsets-8 with topic id nwJA94HUSU-4J80Pd392Cg.
&amp#27;[2m2025-08-15T21:33:17.240+05:30&amp#27;[0;39m &amp#27;[32m INFO&amp#27;[0;39m &amp#27;[35m4750&amp#27;[0;39m &amp#27;[2m---&amp#27;[0;39m &amp#27;[2m[r-event-handler]&amp#27;[0;39m &amp#27;[2m&amp#27;[0;39m&amp#27;[36mkafka.log.UnifiedLog$                   &amp#27;[0;39m &amp#27;[2m:&amp#27;[0;39m [LogLoader partition=__consumer_offsets-8, dir=/var/folders/yt/8yxf8rd12tscf0qk7fmq7n_m0000gn/T/kafka-14683256353376918148/broker_0_data0] Loading producer state till offset 0 with message format version 2
&amp#27;[2m2025-08-15T21:33:17.240+05:30&amp#27;[0;39m &amp#27;[32m INFO&amp#27;[0;39m &amp#27;[35m4750&amp#27;[0;39m &amp#27;[2m---&amp#27;[0;39m &amp#27;[2m[r-event-handler]&amp#27;[0;39m &amp#27;[2m&amp#27;[0;39m&amp#27;[36mkafka.log.LogManager                    &amp#27;[0;39m &amp#27;[2m:&amp#27;[0;39m Created log for partition __consumer_offsets-8 in /var/folders/yt/8yxf8rd12tscf0qk7fmq7n_m0000gn/T/kafka-14683256353376918148/broker_0_data0/__consumer_offsets-8 with properties {cleanup.policy=compact, compression.type="producer", segment.bytes=104857600}
&amp#27;[2m2025-08-15T21:33:17.240+05:30&amp#27;[0;39m &amp#27;[32m INFO&amp#27;[0;39m &amp#27;[35m4750&amp#27;[0;39m &amp#27;[2m---&amp#27;[0;39m &amp#27;[2m[r-event-handler]&amp#27;[0;39m &amp#27;[2m&amp#27;[0;39m&amp#27;[36mkafka.cluster.Partition                 &amp#27;[0;39m &amp#27;[2m:&amp#27;[0;39m [Partition __consumer_offsets-8 broker=0] No checkpointed highwatermark is found for partition __consumer_offsets-8
&amp#27;[2m2025-08-15T21:33:17.240+05:30&amp#27;[0;39m &amp#27;[32m INFO&amp#27;[0;39m &amp#27;[35m4750&amp#27;[0;39m &amp#27;[2m---&amp#27;[0;39m &amp#27;[2m[r-event-handler]&amp#27;[0;39m &amp#27;[2m&amp#27;[0;39m&amp#27;[36mkafka.cluster.Partition                 &amp#27;[0;39m &amp#27;[2m:&amp#27;[0;39m [Partition __consumer_offsets-8 broker=0] Log loaded for partition __consumer_offsets-8 with initial high watermark 0
&amp#27;[2m2025-08-15T21:33:17.240+05:30&amp#27;[0;39m &amp#27;[32m INFO&amp#27;[0;39m &amp#27;[35m4750&amp#27;[0;39m &amp#27;[2m---&amp#27;[0;39m &amp#27;[2m[r-event-handler]&amp#27;[0;39m &amp#27;[2m&amp#27;[0;39m&amp#27;[36mstate.change.logger                     &amp#27;[0;39m &amp#27;[2m:&amp#27;[0;39m [Broker id=0] Leader __consumer_offsets-8 with topic id Some(nwJA94HUSU-4J80Pd392Cg) starts at leader epoch 0 from offset 0 with partition epoch 0, high watermark 0, ISR [0], adding replicas [] and removing replicas [] . Previous leader None and previous leader epoch was -1.
&amp#27;[2m2025-08-15T21:33:17.245+05:30&amp#27;[0;39m &amp#27;[32m INFO&amp#27;[0;39m &amp#27;[35m4750&amp#27;[0;39m &amp#27;[2m---&amp#27;[0;39m &amp#27;[2m[r-event-handler]&amp#27;[0;39m &amp#27;[2m&amp#27;[0;39m&amp#27;[36mstate.change.logger                     &amp#27;[0;39m &amp#27;[2m:&amp#27;[0;39m [Broker id=0] Creating new partition __consumer_offsets-37 with topic id nwJA94HUSU-4J80Pd392Cg.
&amp#27;[2m2025-08-15T21:33:17.247+05:30&amp#27;[0;39m &amp#27;[32m INFO&amp#27;[0;39m &amp#27;[35m4750&amp#27;[0;39m &amp#27;[2m---&amp#27;[0;39m &amp#27;[2m[r-event-handler]&amp#27;[0;39m &amp#27;[2m&amp#27;[0;39m&amp#27;[36mkafka.log.UnifiedLog$                   &amp#27;[0;39m &amp#27;[2m:&amp#27;[0;39m [LogLoader partition=__consumer_offsets-37, dir=/var/folders/yt/8yxf8rd12tscf0qk7fmq7n_m0000gn/T/kafka-14683256353376918148/broker_0_data0] Loading producer state till offset 0 with message format version 2
&amp#27;[2m2025-08-15T21:33:17.247+05:30&amp#27;[0;39m &amp#27;[32m INFO&amp#27;[0;39m &amp#27;[35m4750&amp#27;[0;39m &amp#27;[2m---&amp#27;[0;39m &amp#27;[2m[r-event-handler]&amp#27;[0;39m &amp#27;[2m&amp#27;[0;39m&amp#27;[36mkafka.log.LogManager                    &amp#27;[0;39m &amp#27;[2m:&amp#27;[0;39m Created log for partition __consumer_offsets-37 in /var/folders/yt/8yxf8rd12tscf0qk7fmq7n_m0000gn/T/kafka-14683256353376918148/broker_0_data0/__consumer_offsets-37 with properties {cleanup.policy=compact, compression.type="producer", segment.bytes=104857600}
&amp#27;[2m2025-08-15T21:33:17.248+05:30&amp#27;[0;39m &amp#27;[32m INFO&amp#27;[0;39m &amp#27;[35m4750&amp#27;[0;39m &amp#27;[2m---&amp#27;[0;39m &amp#27;[2m[r-event-handler]&amp#27;[0;39m &amp#27;[2m&amp#27;[0;39m&amp#27;[36mkafka.cluster.Partition                 &amp#27;[0;39m &amp#27;[2m:&amp#27;[0;39m [Partition __consumer_offsets-37 broker=0] No checkpointed highwatermark is found for partition __consumer_offsets-37
&amp#27;[2m2025-08-15T21:33:17.248+05:30&amp#27;[0;39m &amp#27;[32m INFO&amp#27;[0;39m &amp#27;[35m4750&amp#27;[0;39m &amp#27;[2m---&amp#27;[0;39m &amp#27;[2m[r-event-handler]&amp#27;[0;39m &amp#27;[2m&amp#27;[0;39m&amp#27;[36mkafka.cluster.Partition                 &amp#27;[0;39m &amp#27;[2m:&amp#27;[0;39m [Partition __consumer_offsets-37 broker=0] Log loaded for partition __consumer_offsets-37 with initial high watermark 0
&amp#27;[2m2025-08-15T21:33:17.248+05:30&amp#27;[0;39m &amp#27;[32m INFO&amp#27;[0;39m &amp#27;[35m4750&amp#27;[0;39m &amp#27;[2m---&amp#27;[0;39m &amp#27;[2m[r-event-handler]&amp#27;[0;39m &amp#27;[2m&amp#27;[0;39m&amp#27;[36mstate.change.logger                     &amp#27;[0;39m &amp#27;[2m:&amp#27;[0;39m [Broker id=0] Leader __consumer_offsets-37 with topic id Some(nwJA94HUSU-4J80Pd392Cg) starts at leader epoch 0 from offset 0 with partition epoch 0, high watermark 0, ISR [0], adding replicas [] and removing replicas [] . Previous leader None and previous leader epoch was -1.
&amp#27;[2m2025-08-15T21:33:17.254+05:30&amp#27;[0;39m &amp#27;[32m INFO&amp#27;[0;39m &amp#27;[35m4750&amp#27;[0;39m &amp#27;[2m---&amp#27;[0;39m &amp#27;[2m[r-event-handler]&amp#27;[0;39m &amp#27;[2m&amp#27;[0;39m&amp#27;[36mstate.change.logger                     &amp#27;[0;39m &amp#27;[2m:&amp#27;[0;39m [Broker id=0] Creating new partition __consumer_offsets-4 with topic id nwJA94HUSU-4J80Pd392Cg.
&amp#27;[2m2025-08-15T21:33:17.257+05:30&amp#27;[0;39m &amp#27;[32m INFO&amp#27;[0;39m &amp#27;[35m4750&amp#27;[0;39m &amp#27;[2m---&amp#27;[0;39m &amp#27;[2m[r-event-handler]&amp#27;[0;39m &amp#27;[2m&amp#27;[0;39m&amp#27;[36mkafka.log.UnifiedLog$                   &amp#27;[0;39m &amp#27;[2m:&amp#27;[0;39m [LogLoader partition=__consumer_offsets-4, dir=/var/folders/yt/8yxf8rd12tscf0qk7fmq7n_m0000gn/T/kafka-14683256353376918148/broker_0_data0] Loading producer state till offset 0 with message format version 2
&amp#27;[2m2025-08-15T21:33:17.257+05:30&amp#27;[0;39m &amp#27;[32m INFO&amp#27;[0;39m &amp#27;[35m4750&amp#27;[0;39m &amp#27;[2m---&amp#27;[0;39m &amp#27;[2m[r-event-handler]&amp#27;[0;39m &amp#27;[2m&amp#27;[0;39m&amp#27;[36mkafka.log.LogManager                    &amp#27;[0;39m &amp#27;[2m:&amp#27;[0;39m Created log for partition __consumer_offsets-4 in /var/folders/yt/8yxf8rd12tscf0qk7fmq7n_m0000gn/T/kafka-14683256353376918148/broker_0_data0/__consumer_offsets-4 with properties {cleanup.policy=compact, compression.type="producer", segment.bytes=104857600}
&amp#27;[2m2025-08-15T21:33:17.257+05:30&amp#27;[0;39m &amp#27;[32m INFO&amp#27;[0;39m &amp#27;[35m4750&amp#27;[0;39m &amp#27;[2m---&amp#27;[0;39m &amp#27;[2m[r-event-handler]&amp#27;[0;39m &amp#27;[2m&amp#27;[0;39m&amp#27;[36mkafka.cluster.Partition                 &amp#27;[0;39m &amp#27;[2m:&amp#27;[0;39m [Partition __consumer_offsets-4 broker=0] No checkpointed highwatermark is found for partition __consumer_offsets-4
&amp#27;[2m2025-08-15T21:33:17.257+05:30&amp#27;[0;39m &amp#27;[32m INFO&amp#27;[0;39m &amp#27;[35m4750&amp#27;[0;39m &amp#27;[2m---&amp#27;[0;39m &amp#27;[2m[r-event-handler]&amp#27;[0;39m &amp#27;[2m&amp#27;[0;39m&amp#27;[36mkafka.cluster.Partition                 &amp#27;[0;39m &amp#27;[2m:&amp#27;[0;39m [Partition __consumer_offsets-4 broker=0] Log loaded for partition __consumer_offsets-4 with initial high watermark 0
&amp#27;[2m2025-08-15T21:33:17.257+05:30&amp#27;[0;39m &amp#27;[32m INFO&amp#27;[0;39m &amp#27;[35m4750&amp#27;[0;39m &amp#27;[2m---&amp#27;[0;39m &amp#27;[2m[r-event-handler]&amp#27;[0;39m &amp#27;[2m&amp#27;[0;39m&amp#27;[36mstate.change.logger                     &amp#27;[0;39m &amp#27;[2m:&amp#27;[0;39m [Broker id=0] Leader __consumer_offsets-4 with topic id Some(nwJA94HUSU-4J80Pd392Cg) starts at leader epoch 0 from offset 0 with partition epoch 0, high watermark 0, ISR [0], adding replicas [] and removing replicas [] . Previous leader None and previous leader epoch was -1.
&amp#27;[2m2025-08-15T21:33:17.265+05:30&amp#27;[0;39m &amp#27;[32m INFO&amp#27;[0;39m &amp#27;[35m4750&amp#27;[0;39m &amp#27;[2m---&amp#27;[0;39m &amp#27;[2m[r-event-handler]&amp#27;[0;39m &amp#27;[2m&amp#27;[0;39m&amp#27;[36mstate.change.logger                     &amp#27;[0;39m &amp#27;[2m:&amp#27;[0;39m [Broker id=0] Creating new partition __consumer_offsets-33 with topic id nwJA94HUSU-4J80Pd392Cg.
&amp#27;[2m2025-08-15T21:33:17.266+05:30&amp#27;[0;39m &amp#27;[32m INFO&amp#27;[0;39m &amp#27;[35m4750&amp#27;[0;39m &amp#27;[2m---&amp#27;[0;39m &amp#27;[2m[r-event-handler]&amp#27;[0;39m &amp#27;[2m&amp#27;[0;39m&amp#27;[36mkafka.log.UnifiedLog$                   &amp#27;[0;39m &amp#27;[2m:&amp#27;[0;39m [LogLoader partition=__consumer_offsets-33, dir=/var/folders/yt/8yxf8rd12tscf0qk7fmq7n_m0000gn/T/kafka-14683256353376918148/broker_0_data0] Loading producer state till offset 0 with message format version 2
&amp#27;[2m2025-08-15T21:33:17.266+05:30&amp#27;[0;39m &amp#27;[32m INFO&amp#27;[0;39m &amp#27;[35m4750&amp#27;[0;39m &amp#27;[2m---&amp#27;[0;39m &amp#27;[2m[r-event-handler]&amp#27;[0;39m &amp#27;[2m&amp#27;[0;39m&amp#27;[36mkafka.log.LogManager                    &amp#27;[0;39m &amp#27;[2m:&amp#27;[0;39m Created log for partition __consumer_offsets-33 in /var/folders/yt/8yxf8rd12tscf0qk7fmq7n_m0000gn/T/kafka-14683256353376918148/broker_0_data0/__consumer_offsets-33 with properties {cleanup.policy=compact, compression.type="producer", segment.bytes=104857600}
&amp#27;[2m2025-08-15T21:33:17.267+05:30&amp#27;[0;39m &amp#27;[32m INFO&amp#27;[0;39m &amp#27;[35m4750&amp#27;[0;39m &amp#27;[2m---&amp#27;[0;39m &amp#27;[2m[r-event-handler]&amp#27;[0;39m &amp#27;[2m&amp#27;[0;39m&amp#27;[36mkafka.cluster.Partition                 &amp#27;[0;39m &amp#27;[2m:&amp#27;[0;39m [Partition __consumer_offsets-33 broker=0] No checkpointed highwatermark is found for partition __consumer_offsets-33
&amp#27;[2m2025-08-15T21:33:17.267+05:30&amp#27;[0;39m &amp#27;[32m INFO&amp#27;[0;39m &amp#27;[35m4750&amp#27;[0;39m &amp#27;[2m---&amp#27;[0;39m &amp#27;[2m[r-event-handler]&amp#27;[0;39m &amp#27;[2m&amp#27;[0;39m&amp#27;[36mkafka.cluster.Partition                 &amp#27;[0;39m &amp#27;[2m:&amp#27;[0;39m [Partition __consumer_offsets-33 broker=0] Log loaded for partition __consumer_offsets-33 with initial high watermark 0
&amp#27;[2m2025-08-15T21:33:17.267+05:30&amp#27;[0;39m &amp#27;[32m INFO&amp#27;[0;39m &amp#27;[35m4750&amp#27;[0;39m &amp#27;[2m---&amp#27;[0;39m &amp#27;[2m[r-event-handler]&amp#27;[0;39m &amp#27;[2m&amp#27;[0;39m&amp#27;[36mstate.change.logger                     &amp#27;[0;39m &amp#27;[2m:&amp#27;[0;39m [Broker id=0] Leader __consumer_offsets-33 with topic id Some(nwJA94HUSU-4J80Pd392Cg) starts at leader epoch 0 from offset 0 with partition epoch 0, high watermark 0, ISR [0], adding replicas [] and removing replicas [] . Previous leader None and previous leader epoch was -1.
&amp#27;[2m2025-08-15T21:33:17.272+05:30&amp#27;[0;39m &amp#27;[32m INFO&amp#27;[0;39m &amp#27;[35m4750&amp#27;[0;39m &amp#27;[2m---&amp#27;[0;39m &amp#27;[2m[r-event-handler]&amp#27;[0;39m &amp#27;[2m&amp#27;[0;39m&amp#27;[36mstate.change.logger                     &amp#27;[0;39m &amp#27;[2m:&amp#27;[0;39m [Broker id=0] Creating new partition __consumer_offsets-15 with topic id nwJA94HUSU-4J80Pd392Cg.
&amp#27;[2m2025-08-15T21:33:17.273+05:30&amp#27;[0;39m &amp#27;[32m INFO&amp#27;[0;39m &amp#27;[35m4750&amp#27;[0;39m &amp#27;[2m---&amp#27;[0;39m &amp#27;[2m[r-event-handler]&amp#27;[0;39m &amp#27;[2m&amp#27;[0;39m&amp#27;[36mkafka.log.UnifiedLog$                   &amp#27;[0;39m &amp#27;[2m:&amp#27;[0;39m [LogLoader partition=__consumer_offsets-15, dir=/var/folders/yt/8yxf8rd12tscf0qk7fmq7n_m0000gn/T/kafka-14683256353376918148/broker_0_data0] Loading producer state till offset 0 with message format version 2
&amp#27;[2m2025-08-15T21:33:17.273+05:30&amp#27;[0;39m &amp#27;[32m INFO&amp#27;[0;39m &amp#27;[35m4750&amp#27;[0;39m &amp#27;[2m---&amp#27;[0;39m &amp#27;[2m[r-event-handler]&amp#27;[0;39m &amp#27;[2m&amp#27;[0;39m&amp#27;[36mkafka.log.LogManager                    &amp#27;[0;39m &amp#27;[2m:&amp#27;[0;39m Created log for partition __consumer_offsets-15 in /var/folders/yt/8yxf8rd12tscf0qk7fmq7n_m0000gn/T/kafka-14683256353376918148/broker_0_data0/__consumer_offsets-15 with properties {cleanup.policy=compact, compression.type="producer", segment.bytes=104857600}
&amp#27;[2m2025-08-15T21:33:17.273+05:30&amp#27;[0;39m &amp#27;[32m INFO&amp#27;[0;39m &amp#27;[35m4750&amp#27;[0;39m &amp#27;[2m---&amp#27;[0;39m &amp#27;[2m[r-event-handler]&amp#27;[0;39m &amp#27;[2m&amp#27;[0;39m&amp#27;[36mkafka.cluster.Partition                 &amp#27;[0;39m &amp#27;[2m:&amp#27;[0;39m [Partition __consumer_offsets-15 broker=0] No checkpointed highwatermark is found for partition __consumer_offsets-15
&amp#27;[2m2025-08-15T21:33:17.273+05:30&amp#27;[0;39m &amp#27;[32m INFO&amp#27;[0;39m &amp#27;[35m4750&amp#27;[0;39m &amp#27;[2m---&amp#27;[0;39m &amp#27;[2m[r-event-handler]&amp#27;[0;39m &amp#27;[2m&amp#27;[0;39m&amp#27;[36mkafka.cluster.Partition                 &amp#27;[0;39m &amp#27;[2m:&amp#27;[0;39m [Partition __consumer_offsets-15 broker=0] Log loaded for partition __consumer_offsets-15 with initial high watermark 0
&amp#27;[2m2025-08-15T21:33:17.274+05:30&amp#27;[0;39m &amp#27;[32m INFO&amp#27;[0;39m &amp#27;[35m4750&amp#27;[0;39m &amp#27;[2m---&amp#27;[0;39m &amp#27;[2m[r-event-handler]&amp#27;[0;39m &amp#27;[2m&amp#27;[0;39m&amp#27;[36mstate.change.logger                     &amp#27;[0;39m &amp#27;[2m:&amp#27;[0;39m [Broker id=0] Leader __consumer_offsets-15 with topic id Some(nwJA94HUSU-4J80Pd392Cg) starts at leader epoch 0 from offset 0 with partition epoch 0, high watermark 0, ISR [0], adding replicas [] and removing replicas [] . Previous leader None and previous leader epoch was -1.
&amp#27;[2m2025-08-15T21:33:17.281+05:30&amp#27;[0;39m &amp#27;[32m INFO&amp#27;[0;39m &amp#27;[35m4750&amp#27;[0;39m &amp#27;[2m---&amp#27;[0;39m &amp#27;[2m[r-event-handler]&amp#27;[0;39m &amp#27;[2m&amp#27;[0;39m&amp#27;[36mstate.change.logger                     &amp#27;[0;39m &amp#27;[2m:&amp#27;[0;39m [Broker id=0] Creating new partition __consumer_offsets-48 with topic id nwJA94HUSU-4J80Pd392Cg.
&amp#27;[2m2025-08-15T21:33:17.282+05:30&amp#27;[0;39m &amp#27;[32m INFO&amp#27;[0;39m &amp#27;[35m4750&amp#27;[0;39m &amp#27;[2m---&amp#27;[0;39m &amp#27;[2m[r-event-handler]&amp#27;[0;39m &amp#27;[2m&amp#27;[0;39m&amp#27;[36mkafka.log.UnifiedLog$                   &amp#27;[0;39m &amp#27;[2m:&amp#27;[0;39m [LogLoader partition=__consumer_offsets-48, dir=/var/folders/yt/8yxf8rd12tscf0qk7fmq7n_m0000gn/T/kafka-14683256353376918148/broker_0_data0] Loading producer state till offset 0 with message format version 2
&amp#27;[2m2025-08-15T21:33:17.282+05:30&amp#27;[0;39m &amp#27;[32m INFO&amp#27;[0;39m &amp#27;[35m4750&amp#27;[0;39m &amp#27;[2m---&amp#27;[0;39m &amp#27;[2m[r-event-handler]&amp#27;[0;39m &amp#27;[2m&amp#27;[0;39m&amp#27;[36mkafka.log.LogManager                    &amp#27;[0;39m &amp#27;[2m:&amp#27;[0;39m Created log for partition __consumer_offsets-48 in /var/folders/yt/8yxf8rd12tscf0qk7fmq7n_m0000gn/T/kafka-14683256353376918148/broker_0_data0/__consumer_offsets-48 with properties {cleanup.policy=compact, compression.type="producer", segment.bytes=104857600}
&amp#27;[2m2025-08-15T21:33:17.282+05:30&amp#27;[0;39m &amp#27;[32m INFO&amp#27;[0;39m &amp#27;[35m4750&amp#27;[0;39m &amp#27;[2m---&amp#27;[0;39m &amp#27;[2m[r-event-handler]&amp#27;[0;39m &amp#27;[2m&amp#27;[0;39m&amp#27;[36mkafka.cluster.Partition                 &amp#27;[0;39m &amp#27;[2m:&amp#27;[0;39m [Partition __consumer_offsets-48 broker=0] No checkpointed highwatermark is found for partition __consumer_offsets-48
&amp#27;[2m2025-08-15T21:33:17.282+05:30&amp#27;[0;39m &amp#27;[32m INFO&amp#27;[0;39m &amp#27;[35m4750&amp#27;[0;39m &amp#27;[2m---&amp#27;[0;39m &amp#27;[2m[r-event-handler]&amp#27;[0;39m &amp#27;[2m&amp#27;[0;39m&amp#27;[36mkafka.cluster.Partition                 &amp#27;[0;39m &amp#27;[2m:&amp#27;[0;39m [Partition __consumer_offsets-48 broker=0] Log loaded for partition __consumer_offsets-48 with initial high watermark 0
&amp#27;[2m2025-08-15T21:33:17.282+05:30&amp#27;[0;39m &amp#27;[32m INFO&amp#27;[0;39m &amp#27;[35m4750&amp#27;[0;39m &amp#27;[2m---&amp#27;[0;39m &amp#27;[2m[r-event-handler]&amp#27;[0;39m &amp#27;[2m&amp#27;[0;39m&amp#27;[36mstate.change.logger                     &amp#27;[0;39m &amp#27;[2m:&amp#27;[0;39m [Broker id=0] Leader __consumer_offsets-48 with topic id Some(nwJA94HUSU-4J80Pd392Cg) starts at leader epoch 0 from offset 0 with partition epoch 0, high watermark 0, ISR [0], adding replicas [] and removing replicas [] . Previous leader None and previous leader epoch was -1.
&amp#27;[2m2025-08-15T21:33:17.290+05:30&amp#27;[0;39m &amp#27;[32m INFO&amp#27;[0;39m &amp#27;[35m4750&amp#27;[0;39m &amp#27;[2m---&amp#27;[0;39m &amp#27;[2m[r-event-handler]&amp#27;[0;39m &amp#27;[2m&amp#27;[0;39m&amp#27;[36mstate.change.logger                     &amp#27;[0;39m &amp#27;[2m:&amp#27;[0;39m [Broker id=0] Creating new partition __consumer_offsets-11 with topic id nwJA94HUSU-4J80Pd392Cg.
&amp#27;[2m2025-08-15T21:33:17.291+05:30&amp#27;[0;39m &amp#27;[32m INFO&amp#27;[0;39m &amp#27;[35m4750&amp#27;[0;39m &amp#27;[2m---&amp#27;[0;39m &amp#27;[2m[r-event-handler]&amp#27;[0;39m &amp#27;[2m&amp#27;[0;39m&amp#27;[36mkafka.log.UnifiedLog$                   &amp#27;[0;39m &amp#27;[2m:&amp#27;[0;39m [LogLoader partition=__consumer_offsets-11, dir=/var/folders/yt/8yxf8rd12tscf0qk7fmq7n_m0000gn/T/kafka-14683256353376918148/broker_0_data0] Loading producer state till offset 0 with message format version 2
&amp#27;[2m2025-08-15T21:33:17.291+05:30&amp#27;[0;39m &amp#27;[32m INFO&amp#27;[0;39m &amp#27;[35m4750&amp#27;[0;39m &amp#27;[2m---&amp#27;[0;39m &amp#27;[2m[r-event-handler]&amp#27;[0;39m &amp#27;[2m&amp#27;[0;39m&amp#27;[36mkafka.log.LogManager                    &amp#27;[0;39m &amp#27;[2m:&amp#27;[0;39m Created log for partition __consumer_offsets-11 in /var/folders/yt/8yxf8rd12tscf0qk7fmq7n_m0000gn/T/kafka-14683256353376918148/broker_0_data0/__consumer_offsets-11 with properties {cleanup.policy=compact, compression.type="producer", segment.bytes=104857600}
&amp#27;[2m2025-08-15T21:33:17.291+05:30&amp#27;[0;39m &amp#27;[32m INFO&amp#27;[0;39m &amp#27;[35m4750&amp#27;[0;39m &amp#27;[2m---&amp#27;[0;39m &amp#27;[2m[r-event-handler]&amp#27;[0;39m &amp#27;[2m&amp#27;[0;39m&amp#27;[36mkafka.cluster.Partition                 &amp#27;[0;39m &amp#27;[2m:&amp#27;[0;39m [Partition __consumer_offsets-11 broker=0] No checkpointed highwatermark is found for partition __consumer_offsets-11
&amp#27;[2m2025-08-15T21:33:17.291+05:30&amp#27;[0;39m &amp#27;[32m INFO&amp#27;[0;39m &amp#27;[35m4750&amp#27;[0;39m &amp#27;[2m---&amp#27;[0;39m &amp#27;[2m[r-event-handler]&amp#27;[0;39m &amp#27;[2m&amp#27;[0;39m&amp#27;[36mkafka.cluster.Partition                 &amp#27;[0;39m &amp#27;[2m:&amp#27;[0;39m [Partition __consumer_offsets-11 broker=0] Log loaded for partition __consumer_offsets-11 with initial high watermark 0
&amp#27;[2m2025-08-15T21:33:17.291+05:30&amp#27;[0;39m &amp#27;[32m INFO&amp#27;[0;39m &amp#27;[35m4750&amp#27;[0;39m &amp#27;[2m---&amp#27;[0;39m &amp#27;[2m[r-event-handler]&amp#27;[0;39m &amp#27;[2m&amp#27;[0;39m&amp#27;[36mstate.change.logger                     &amp#27;[0;39m &amp#27;[2m:&amp#27;[0;39m [Broker id=0] Leader __consumer_offsets-11 with topic id Some(nwJA94HUSU-4J80Pd392Cg) starts at leader epoch 0 from offset 0 with partition epoch 0, high watermark 0, ISR [0], adding replicas [] and removing replicas [] . Previous leader None and previous leader epoch was -1.
&amp#27;[2m2025-08-15T21:33:17.296+05:30&amp#27;[0;39m &amp#27;[32m INFO&amp#27;[0;39m &amp#27;[35m4750&amp#27;[0;39m &amp#27;[2m---&amp#27;[0;39m &amp#27;[2m[r-event-handler]&amp#27;[0;39m &amp#27;[2m&amp#27;[0;39m&amp#27;[36mstate.change.logger                     &amp#27;[0;39m &amp#27;[2m:&amp#27;[0;39m [Broker id=0] Creating new partition __consumer_offsets-44 with topic id nwJA94HUSU-4J80Pd392Cg.
&amp#27;[2m2025-08-15T21:33:17.301+05:30&amp#27;[0;39m &amp#27;[32m INFO&amp#27;[0;39m &amp#27;[35m4750&amp#27;[0;39m &amp#27;[2m---&amp#27;[0;39m &amp#27;[2m[r-event-handler]&amp#27;[0;39m &amp#27;[2m&amp#27;[0;39m&amp#27;[36mkafka.log.UnifiedLog$                   &amp#27;[0;39m &amp#27;[2m:&amp#27;[0;39m [LogLoader partition=__consumer_offsets-44, dir=/var/folders/yt/8yxf8rd12tscf0qk7fmq7n_m0000gn/T/kafka-14683256353376918148/broker_0_data0] Loading producer state till offset 0 with message format version 2
&amp#27;[2m2025-08-15T21:33:17.301+05:30&amp#27;[0;39m &amp#27;[32m INFO&amp#27;[0;39m &amp#27;[35m4750&amp#27;[0;39m &amp#27;[2m---&amp#27;[0;39m &amp#27;[2m[r-event-handler]&amp#27;[0;39m &amp#27;[2m&amp#27;[0;39m&amp#27;[36mkafka.log.LogManager                    &amp#27;[0;39m &amp#27;[2m:&amp#27;[0;39m Created log for partition __consumer_offsets-44 in /var/folders/yt/8yxf8rd12tscf0qk7fmq7n_m0000gn/T/kafka-14683256353376918148/broker_0_data0/__consumer_offsets-44 with properties {cleanup.policy=compact, compression.type="producer", segment.bytes=104857600}
&amp#27;[2m2025-08-15T21:33:17.301+05:30&amp#27;[0;39m &amp#27;[32m INFO&amp#27;[0;39m &amp#27;[35m4750&amp#27;[0;39m &amp#27;[2m---&amp#27;[0;39m &amp#27;[2m[r-event-handler]&amp#27;[0;39m &amp#27;[2m&amp#27;[0;39m&amp#27;[36mkafka.cluster.Partition                 &amp#27;[0;39m &amp#27;[2m:&amp#27;[0;39m [Partition __consumer_offsets-44 broker=0] No checkpointed highwatermark is found for partition __consumer_offsets-44
&amp#27;[2m2025-08-15T21:33:17.301+05:30&amp#27;[0;39m &amp#27;[32m INFO&amp#27;[0;39m &amp#27;[35m4750&amp#27;[0;39m &amp#27;[2m---&amp#27;[0;39m &amp#27;[2m[r-event-handler]&amp#27;[0;39m &amp#27;[2m&amp#27;[0;39m&amp#27;[36mkafka.cluster.Partition                 &amp#27;[0;39m &amp#27;[2m:&amp#27;[0;39m [Partition __consumer_offsets-44 broker=0] Log loaded for partition __consumer_offsets-44 with initial high watermark 0
&amp#27;[2m2025-08-15T21:33:17.301+05:30&amp#27;[0;39m &amp#27;[32m INFO&amp#27;[0;39m &amp#27;[35m4750&amp#27;[0;39m &amp#27;[2m---&amp#27;[0;39m &amp#27;[2m[r-event-handler]&amp#27;[0;39m &amp#27;[2m&amp#27;[0;39m&amp#27;[36mstate.change.logger                     &amp#27;[0;39m &amp#27;[2m:&amp#27;[0;39m [Broker id=0] Leader __consumer_offsets-44 with topic id Some(nwJA94HUSU-4J80Pd392Cg) starts at leader epoch 0 from offset 0 with partition epoch 0, high watermark 0, ISR [0], adding replicas [] and removing replicas [] . Previous leader None and previous leader epoch was -1.
&amp#27;[2m2025-08-15T21:33:17.309+05:30&amp#27;[0;39m &amp#27;[32m INFO&amp#27;[0;39m &amp#27;[35m4750&amp#27;[0;39m &amp#27;[2m---&amp#27;[0;39m &amp#27;[2m[r-event-handler]&amp#27;[0;39m &amp#27;[2m&amp#27;[0;39m&amp#27;[36mstate.change.logger                     &amp#27;[0;39m &amp#27;[2m:&amp#27;[0;39m [Broker id=0] Creating new partition __consumer_offsets-23 with topic id nwJA94HUSU-4J80Pd392Cg.
&amp#27;[2m2025-08-15T21:33:17.310+05:30&amp#27;[0;39m &amp#27;[32m INFO&amp#27;[0;39m &amp#27;[35m4750&amp#27;[0;39m &amp#27;[2m---&amp#27;[0;39m &amp#27;[2m[r-event-handler]&amp#27;[0;39m &amp#27;[2m&amp#27;[0;39m&amp#27;[36mkafka.log.UnifiedLog$                   &amp#27;[0;39m &amp#27;[2m:&amp#27;[0;39m [LogLoader partition=__consumer_offsets-23, dir=/var/folders/yt/8yxf8rd12tscf0qk7fmq7n_m0000gn/T/kafka-14683256353376918148/broker_0_data0] Loading producer state till offset 0 with message format version 2
&amp#27;[2m2025-08-15T21:33:17.310+05:30&amp#27;[0;39m &amp#27;[32m INFO&amp#27;[0;39m &amp#27;[35m4750&amp#27;[0;39m &amp#27;[2m---&amp#27;[0;39m &amp#27;[2m[r-event-handler]&amp#27;[0;39m &amp#27;[2m&amp#27;[0;39m&amp#27;[36mkafka.log.LogManager                    &amp#27;[0;39m &amp#27;[2m:&amp#27;[0;39m Created log for partition __consumer_offsets-23 in /var/folders/yt/8yxf8rd12tscf0qk7fmq7n_m0000gn/T/kafka-14683256353376918148/broker_0_data0/__consumer_offsets-23 with properties {cleanup.policy=compact, compression.type="producer", segment.bytes=104857600}
&amp#27;[2m2025-08-15T21:33:17.310+05:30&amp#27;[0;39m &amp#27;[32m INFO&amp#27;[0;39m &amp#27;[35m4750&amp#27;[0;39m &amp#27;[2m---&amp#27;[0;39m &amp#27;[2m[r-event-handler]&amp#27;[0;39m &amp#27;[2m&amp#27;[0;39m&amp#27;[36mkafka.cluster.Partition                 &amp#27;[0;39m &amp#27;[2m:&amp#27;[0;39m [Partition __consumer_offsets-23 broker=0] No checkpointed highwatermark is found for partition __consumer_offsets-23
&amp#27;[2m2025-08-15T21:33:17.310+05:30&amp#27;[0;39m &amp#27;[32m INFO&amp#27;[0;39m &amp#27;[35m4750&amp#27;[0;39m &amp#27;[2m---&amp#27;[0;39m &amp#27;[2m[r-event-handler]&amp#27;[0;39m &amp#27;[2m&amp#27;[0;39m&amp#27;[36mkafka.cluster.Partition                 &amp#27;[0;39m &amp#27;[2m:&amp#27;[0;39m [Partition __consumer_offsets-23 broker=0] Log loaded for partition __consumer_offsets-23 with initial high watermark 0
&amp#27;[2m2025-08-15T21:33:17.310+05:30&amp#27;[0;39m &amp#27;[32m INFO&amp#27;[0;39m &amp#27;[35m4750&amp#27;[0;39m &amp#27;[2m---&amp#27;[0;39m &amp#27;[2m[r-event-handler]&amp#27;[0;39m &amp#27;[2m&amp#27;[0;39m&amp#27;[36mstate.change.logger                     &amp#27;[0;39m &amp#27;[2m:&amp#27;[0;39m [Broker id=0] Leader __consumer_offsets-23 with topic id Some(nwJA94HUSU-4J80Pd392Cg) starts at leader epoch 0 from offset 0 with partition epoch 0, high watermark 0, ISR [0], adding replicas [] and removing replicas [] . Previous leader None and previous leader epoch was -1.
&amp#27;[2m2025-08-15T21:33:17.314+05:30&amp#27;[0;39m &amp#27;[32m INFO&amp#27;[0;39m &amp#27;[35m4750&amp#27;[0;39m &amp#27;[2m---&amp#27;[0;39m &amp#27;[2m[r-event-handler]&amp#27;[0;39m &amp#27;[2m&amp#27;[0;39m&amp#27;[36mstate.change.logger                     &amp#27;[0;39m &amp#27;[2m:&amp#27;[0;39m [Broker id=0] Creating new partition __consumer_offsets-19 with topic id nwJA94HUSU-4J80Pd392Cg.
&amp#27;[2m2025-08-15T21:33:17.315+05:30&amp#27;[0;39m &amp#27;[32m INFO&amp#27;[0;39m &amp#27;[35m4750&amp#27;[0;39m &amp#27;[2m---&amp#27;[0;39m &amp#27;[2m[r-event-handler]&amp#27;[0;39m &amp#27;[2m&amp#27;[0;39m&amp#27;[36mkafka.log.UnifiedLog$                   &amp#27;[0;39m &amp#27;[2m:&amp#27;[0;39m [LogLoader partition=__consumer_offsets-19, dir=/var/folders/yt/8yxf8rd12tscf0qk7fmq7n_m0000gn/T/kafka-14683256353376918148/broker_0_data0] Loading producer state till offset 0 with message format version 2
&amp#27;[2m2025-08-15T21:33:17.315+05:30&amp#27;[0;39m &amp#27;[32m INFO&amp#27;[0;39m &amp#27;[35m4750&amp#27;[0;39m &amp#27;[2m---&amp#27;[0;39m &amp#27;[2m[r-event-handler]&amp#27;[0;39m &amp#27;[2m&amp#27;[0;39m&amp#27;[36mkafka.log.LogManager                    &amp#27;[0;39m &amp#27;[2m:&amp#27;[0;39m Created log for partition __consumer_offsets-19 in /var/folders/yt/8yxf8rd12tscf0qk7fmq7n_m0000gn/T/kafka-14683256353376918148/broker_0_data0/__consumer_offsets-19 with properties {cleanup.policy=compact, compression.type="producer", segment.bytes=104857600}
&amp#27;[2m2025-08-15T21:33:17.315+05:30&amp#27;[0;39m &amp#27;[32m INFO&amp#27;[0;39m &amp#27;[35m4750&amp#27;[0;39m &amp#27;[2m---&amp#27;[0;39m &amp#27;[2m[r-event-handler]&amp#27;[0;39m &amp#27;[2m&amp#27;[0;39m&amp#27;[36mkafka.cluster.Partition                 &amp#27;[0;39m &amp#27;[2m:&amp#27;[0;39m [Partition __consumer_offsets-19 broker=0] No checkpointed highwatermark is found for partition __consumer_offsets-19
&amp#27;[2m2025-08-15T21:33:17.315+05:30&amp#27;[0;39m &amp#27;[32m INFO&amp#27;[0;39m &amp#27;[35m4750&amp#27;[0;39m &amp#27;[2m---&amp#27;[0;39m &amp#27;[2m[r-event-handler]&amp#27;[0;39m &amp#27;[2m&amp#27;[0;39m&amp#27;[36mkafka.cluster.Partition                 &amp#27;[0;39m &amp#27;[2m:&amp#27;[0;39m [Partition __consumer_offsets-19 broker=0] Log loaded for partition __consumer_offsets-19 with initial high watermark 0
&amp#27;[2m2025-08-15T21:33:17.315+05:30&amp#27;[0;39m &amp#27;[32m INFO&amp#27;[0;39m &amp#27;[35m4750&amp#27;[0;39m &amp#27;[2m---&amp#27;[0;39m &amp#27;[2m[r-event-handler]&amp#27;[0;39m &amp#27;[2m&amp#27;[0;39m&amp#27;[36mstate.change.logger                     &amp#27;[0;39m &amp#27;[2m:&amp#27;[0;39m [Broker id=0] Leader __consumer_offsets-19 with topic id Some(nwJA94HUSU-4J80Pd392Cg) starts at leader epoch 0 from offset 0 with partition epoch 0, high watermark 0, ISR [0], adding replicas [] and removing replicas [] . Previous leader None and previous leader epoch was -1.
&amp#27;[2m2025-08-15T21:33:17.316+05:30&amp#27;[0;39m &amp#27;[32m INFO&amp#27;[0;39m &amp#27;[35m4750&amp#27;[0;39m &amp#27;[2m---&amp#27;[0;39m &amp#27;[2m[           main]&amp#27;[0;39m &amp#27;[2m&amp#27;[0;39m&amp#27;[36mo.a.k.clients.producer.ProducerConfig   &amp#27;[0;39m &amp#27;[2m:&amp#27;[0;39m ProducerConfig values: 
	acks = -1
	auto.include.jmx.reporter = true
	batch.size = 16384
	bootstrap.servers = [localhost:54128]
	buffer.memory = 33554432
	client.dns.lookup = use_all_dns_ips
	client.id = producer-1
	compression.type = none
	connections.max.idle.ms = 540000
	delivery.timeout.ms = 120000
	enable.idempotence = true
	interceptor.classes = []
	key.serializer = class org.apache.kafka.common.serialization.StringSerializer
	linger.ms = 0
	max.block.ms = 60000
	max.in.flight.requests.per.connection = 5
	max.request.size = 1048576
	metadata.max.age.ms = 300000
	metadata.max.idle.ms = 300000
	metric.reporters = []
	metrics.num.samples = 2
	metrics.recording.level = INFO
	metrics.sample.window.ms = 30000
	partitioner.adaptive.partitioning.enable = true
	partitioner.availability.timeout.ms = 0
	partitioner.class = null
	partitioner.ignore.keys = false
	receive.buffer.bytes = 32768
	reconnect.backoff.max.ms = 1000
	reconnect.backoff.ms = 50
	request.timeout.ms = 30000
	retries = 2147483647
	retry.backoff.ms = 100
	sasl.client.callback.handler.class = null
	sasl.jaas.config = null
	sasl.kerberos.kinit.cmd = /usr/bin/kinit
	sasl.kerberos.min.time.before.relogin = 60000
	sasl.kerberos.service.name = null
	sasl.kerberos.ticket.renew.jitter = 0.05
	sasl.kerberos.ticket.renew.window.factor = 0.8
	sasl.login.callback.handler.class = null
	sasl.login.class = null
	sasl.login.connect.timeout.ms = null
	sasl.login.read.timeout.ms = null
	sasl.login.refresh.buffer.seconds = 300
	sasl.login.refresh.min.period.seconds = 60
	sasl.login.refresh.window.factor = 0.8
	sasl.login.refresh.window.jitter = 0.05
	sasl.login.retry.backoff.max.ms = 10000
	sasl.login.retry.backoff.ms = 100
	sasl.mechanism = GSSAPI
	sasl.oauthbearer.clock.skew.seconds = 30
	sasl.oauthbearer.expected.audience = null
	sasl.oauthbearer.expected.issuer = null
	sasl.oauthbearer.jwks.endpoint.refresh.ms = 3600000
	sasl.oauthbearer.jwks.endpoint.retry.backoff.max.ms = 10000
	sasl.oauthbearer.jwks.endpoint.retry.backoff.ms = 100
	sasl.oauthbearer.jwks.endpoint.url = null
	sasl.oauthbearer.scope.claim.name = scope
	sasl.oauthbearer.sub.claim.name = sub
	sasl.oauthbearer.token.endpoint.url = null
	security.protocol = PLAINTEXT
	security.providers = null
	send.buffer.bytes = 131072
	socket.connection.setup.timeout.max.ms = 30000
	socket.connection.setup.timeout.ms = 10000
	ssl.cipher.suites = null
	ssl.enabled.protocols = [TLSv1.2, TLSv1.3]
	ssl.endpoint.identification.algorithm = https
	ssl.engine.factory.class = null
	ssl.key.password = null
	ssl.keymanager.algorithm = SunX509
	ssl.keystore.certificate.chain = null
	ssl.keystore.key = null
	ssl.keystore.location = null
	ssl.keystore.password = null
	ssl.keystore.type = JKS
	ssl.protocol = TLSv1.3
	ssl.provider = null
	ssl.secure.random.implementation = null
	ssl.trustmanager.algorithm = PKIX
	ssl.truststore.certificates = null
	ssl.truststore.location = null
	ssl.truststore.password = null
	ssl.truststore.type = JKS
	transaction.timeout.ms = 60000
	transactional.id = null
	value.serializer = class org.springframework.kafka.support.serializer.JsonSerializer

&amp#27;[2m2025-08-15T21:33:17.318+05:30&amp#27;[0;39m &amp#27;[32m INFO&amp#27;[0;39m &amp#27;[35m4750&amp#27;[0;39m &amp#27;[2m---&amp#27;[0;39m &amp#27;[2m[           main]&amp#27;[0;39m &amp#27;[2m&amp#27;[0;39m&amp#27;[36mo.a.k.clients.producer.KafkaProducer    &amp#27;[0;39m &amp#27;[2m:&amp#27;[0;39m [Producer clientId=producer-1] Instantiated an idempotent producer.
&amp#27;[2m2025-08-15T21:33:17.321+05:30&amp#27;[0;39m &amp#27;[32m INFO&amp#27;[0;39m &amp#27;[35m4750&amp#27;[0;39m &amp#27;[2m---&amp#27;[0;39m &amp#27;[2m[r-event-handler]&amp#27;[0;39m &amp#27;[2m&amp#27;[0;39m&amp#27;[36mstate.change.logger                     &amp#27;[0;39m &amp#27;[2m:&amp#27;[0;39m [Broker id=0] Creating new partition __consumer_offsets-32 with topic id nwJA94HUSU-4J80Pd392Cg.
&amp#27;[2m2025-08-15T21:33:17.322+05:30&amp#27;[0;39m &amp#27;[32m INFO&amp#27;[0;39m &amp#27;[35m4750&amp#27;[0;39m &amp#27;[2m---&amp#27;[0;39m &amp#27;[2m[r-event-handler]&amp#27;[0;39m &amp#27;[2m&amp#27;[0;39m&amp#27;[36mkafka.log.UnifiedLog$                   &amp#27;[0;39m &amp#27;[2m:&amp#27;[0;39m [LogLoader partition=__consumer_offsets-32, dir=/var/folders/yt/8yxf8rd12tscf0qk7fmq7n_m0000gn/T/kafka-14683256353376918148/broker_0_data0] Loading producer state till offset 0 with message format version 2
&amp#27;[2m2025-08-15T21:33:17.322+05:30&amp#27;[0;39m &amp#27;[32m INFO&amp#27;[0;39m &amp#27;[35m4750&amp#27;[0;39m &amp#27;[2m---&amp#27;[0;39m &amp#27;[2m[r-event-handler]&amp#27;[0;39m &amp#27;[2m&amp#27;[0;39m&amp#27;[36mkafka.log.LogManager                    &amp#27;[0;39m &amp#27;[2m:&amp#27;[0;39m Created log for partition __consumer_offsets-32 in /var/folders/yt/8yxf8rd12tscf0qk7fmq7n_m0000gn/T/kafka-14683256353376918148/broker_0_data0/__consumer_offsets-32 with properties {cleanup.policy=compact, compression.type="producer", segment.bytes=104857600}
&amp#27;[2m2025-08-15T21:33:17.322+05:30&amp#27;[0;39m &amp#27;[32m INFO&amp#27;[0;39m &amp#27;[35m4750&amp#27;[0;39m &amp#27;[2m---&amp#27;[0;39m &amp#27;[2m[r-event-handler]&amp#27;[0;39m &amp#27;[2m&amp#27;[0;39m&amp#27;[36mkafka.cluster.Partition                 &amp#27;[0;39m &amp#27;[2m:&amp#27;[0;39m [Partition __consumer_offsets-32 broker=0] No checkpointed highwatermark is found for partition __consumer_offsets-32
&amp#27;[2m2025-08-15T21:33:17.322+05:30&amp#27;[0;39m &amp#27;[32m INFO&amp#27;[0;39m &amp#27;[35m4750&amp#27;[0;39m &amp#27;[2m---&amp#27;[0;39m &amp#27;[2m[r-event-handler]&amp#27;[0;39m &amp#27;[2m&amp#27;[0;39m&amp#27;[36mkafka.cluster.Partition                 &amp#27;[0;39m &amp#27;[2m:&amp#27;[0;39m [Partition __consumer_offsets-32 broker=0] Log loaded for partition __consumer_offsets-32 with initial high watermark 0
&amp#27;[2m2025-08-15T21:33:17.322+05:30&amp#27;[0;39m &amp#27;[32m INFO&amp#27;[0;39m &amp#27;[35m4750&amp#27;[0;39m &amp#27;[2m---&amp#27;[0;39m &amp#27;[2m[r-event-handler]&amp#27;[0;39m &amp#27;[2m&amp#27;[0;39m&amp#27;[36mstate.change.logger                     &amp#27;[0;39m &amp#27;[2m:&amp#27;[0;39m [Broker id=0] Leader __consumer_offsets-32 with topic id Some(nwJA94HUSU-4J80Pd392Cg) starts at leader epoch 0 from offset 0 with partition epoch 0, high watermark 0, ISR [0], adding replicas [] and removing replicas [] . Previous leader None and previous leader epoch was -1.
&amp#27;[2m2025-08-15T21:33:17.323+05:30&amp#27;[0;39m &amp#27;[32m INFO&amp#27;[0;39m &amp#27;[35m4750&amp#27;[0;39m &amp#27;[2m---&amp#27;[0;39m &amp#27;[2m[           main]&amp#27;[0;39m &amp#27;[2m&amp#27;[0;39m&amp#27;[36mo.a.kafka.common.utils.AppInfoParser    &amp#27;[0;39m &amp#27;[2m:&amp#27;[0;39m Kafka version: 3.6.2
&amp#27;[2m2025-08-15T21:33:17.323+05:30&amp#27;[0;39m &amp#27;[32m INFO&amp#27;[0;39m &amp#27;[35m4750&amp#27;[0;39m &amp#27;[2m---&amp#27;[0;39m &amp#27;[2m[           main]&amp#27;[0;39m &amp#27;[2m&amp#27;[0;39m&amp#27;[36mo.a.kafka.common.utils.AppInfoParser    &amp#27;[0;39m &amp#27;[2m:&amp#27;[0;39m Kafka commitId: c4deed513057c94e
&amp#27;[2m2025-08-15T21:33:17.323+05:30&amp#27;[0;39m &amp#27;[32m INFO&amp#27;[0;39m &amp#27;[35m4750&amp#27;[0;39m &amp#27;[2m---&amp#27;[0;39m &amp#27;[2m[           main]&amp#27;[0;39m &amp#27;[2m&amp#27;[0;39m&amp#27;[36mo.a.kafka.common.utils.AppInfoParser    &amp#27;[0;39m &amp#27;[2m:&amp#27;[0;39m Kafka startTimeMs: 1755273797323
&amp#27;[2m2025-08-15T21:33:17.325+05:30&amp#27;[0;39m &amp#27;[32m INFO&amp#27;[0;39m &amp#27;[35m4750&amp#27;[0;39m &amp#27;[2m---&amp#27;[0;39m &amp#27;[2m[ad | producer-1]&amp#27;[0;39m &amp#27;[2m&amp#27;[0;39m&amp#27;[36morg.apache.kafka.clients.Metadata       &amp#27;[0;39m &amp#27;[2m:&amp#27;[0;39m [Producer clientId=producer-1] Cluster ID: 13-hd41rSTOrrzXq3azDuQ
&amp#27;[2m2025-08-15T21:33:17.327+05:30&amp#27;[0;39m &amp#27;[32m INFO&amp#27;[0;39m &amp#27;[35m4750&amp#27;[0;39m &amp#27;[2m---&amp#27;[0;39m &amp#27;[2m[0-event-handler]&amp#27;[0;39m &amp#27;[2m&amp#27;[0;39m&amp#27;[36mo.a.k.c.ProducerIdControlManager        &amp#27;[0;39m &amp#27;[2m:&amp#27;[0;39m [QuorumController id=0] Replaying ProducerIdsRecord ProducerIdsRecord(brokerId=0, brokerEpoch=5, nextProducerId=1000)
&amp#27;[2m2025-08-15T21:33:17.327+05:30&amp#27;[0;39m &amp#27;[32m INFO&amp#27;[0;39m &amp#27;[35m4750&amp#27;[0;39m &amp#27;[2m---&amp#27;[0;39m &amp#27;[2m[r-event-handler]&amp#27;[0;39m &amp#27;[2m&amp#27;[0;39m&amp#27;[36mstate.change.logger                     &amp#27;[0;39m &amp#27;[2m:&amp#27;[0;39m [Broker id=0] Creating new partition __consumer_offsets-28 with topic id nwJA94HUSU-4J80Pd392Cg.
&amp#27;[2m2025-08-15T21:33:17.327+05:30&amp#27;[0;39m &amp#27;[32m INFO&amp#27;[0;39m &amp#27;[35m4750&amp#27;[0;39m &amp#27;[2m---&amp#27;[0;39m &amp#27;[2m[ntainer#0-0-C-1]&amp#27;[0;39m &amp#27;[2m&amp#27;[0;39m&amp#27;[36mo.a.k.c.c.internals.ConsumerCoordinator &amp#27;[0;39m &amp#27;[2m:&amp#27;[0;39m [Consumer clientId=consumer-midas-core-consumer-1, groupId=midas-core-consumer] Discovered group coordinator localhost:54128 (id: 2147483647 rack: null)
&amp#27;[2m2025-08-15T21:33:17.327+05:30&amp#27;[0;39m &amp#27;[32m INFO&amp#27;[0;39m &amp#27;[35m4750&amp#27;[0;39m &amp#27;[2m---&amp#27;[0;39m &amp#27;[2m[ntainer#0-0-C-1]&amp#27;[0;39m &amp#27;[2m&amp#27;[0;39m&amp#27;[36mo.a.k.c.c.internals.ConsumerCoordinator &amp#27;[0;39m &amp#27;[2m:&amp#27;[0;39m [Consumer clientId=consumer-midas-core-consumer-1, groupId=midas-core-consumer] Request joining group due to: rebalance failed due to 'This is not the correct coordinator.' (NotCoordinatorException)
&amp#27;[2m2025-08-15T21:33:17.328+05:30&amp#27;[0;39m &amp#27;[32m INFO&amp#27;[0;39m &amp#27;[35m4750&amp#27;[0;39m &amp#27;[2m---&amp#27;[0;39m &amp#27;[2m[ntainer#0-0-C-1]&amp#27;[0;39m &amp#27;[2m&amp#27;[0;39m&amp#27;[36mo.a.k.c.c.internals.ConsumerCoordinator &amp#27;[0;39m &amp#27;[2m:&amp#27;[0;39m [Consumer clientId=consumer-midas-core-consumer-1, groupId=midas-core-consumer] (Re-)joining group
&amp#27;[2m2025-08-15T21:33:17.328+05:30&amp#27;[0;39m &amp#27;[32m INFO&amp#27;[0;39m &amp#27;[35m4750&amp#27;[0;39m &amp#27;[2m---&amp#27;[0;39m &amp#27;[2m[r-event-handler]&amp#27;[0;39m &amp#27;[2m&amp#27;[0;39m&amp#27;[36mkafka.log.UnifiedLog$                   &amp#27;[0;39m &amp#27;[2m:&amp#27;[0;39m [LogLoader partition=__consumer_offsets-28, dir=/var/folders/yt/8yxf8rd12tscf0qk7fmq7n_m0000gn/T/kafka-14683256353376918148/broker_0_data0] Loading producer state till offset 0 with message format version 2
&amp#27;[2m2025-08-15T21:33:17.328+05:30&amp#27;[0;39m &amp#27;[32m INFO&amp#27;[0;39m &amp#27;[35m4750&amp#27;[0;39m &amp#27;[2m---&amp#27;[0;39m &amp#27;[2m[r-event-handler]&amp#27;[0;39m &amp#27;[2m&amp#27;[0;39m&amp#27;[36mkafka.log.LogManager                    &amp#27;[0;39m &amp#27;[2m:&amp#27;[0;39m Created log for partition __consumer_offsets-28 in /var/folders/yt/8yxf8rd12tscf0qk7fmq7n_m0000gn/T/kafka-14683256353376918148/broker_0_data0/__consumer_offsets-28 with properties {cleanup.policy=compact, compression.type="producer", segment.bytes=104857600}
&amp#27;[2m2025-08-15T21:33:17.328+05:30&amp#27;[0;39m &amp#27;[32m INFO&amp#27;[0;39m &amp#27;[35m4750&amp#27;[0;39m &amp#27;[2m---&amp#27;[0;39m &amp#27;[2m[r-event-handler]&amp#27;[0;39m &amp#27;[2m&amp#27;[0;39m&amp#27;[36mkafka.cluster.Partition                 &amp#27;[0;39m &amp#27;[2m:&amp#27;[0;39m [Partition __consumer_offsets-28 broker=0] No checkpointed highwatermark is found for partition __consumer_offsets-28
&amp#27;[2m2025-08-15T21:33:17.328+05:30&amp#27;[0;39m &amp#27;[32m INFO&amp#27;[0;39m &amp#27;[35m4750&amp#27;[0;39m &amp#27;[2m---&amp#27;[0;39m &amp#27;[2m[r-event-handler]&amp#27;[0;39m &amp#27;[2m&amp#27;[0;39m&amp#27;[36mkafka.cluster.Partition                 &amp#27;[0;39m &amp#27;[2m:&amp#27;[0;39m [Partition __consumer_offsets-28 broker=0] Log loaded for partition __consumer_offsets-28 with initial high watermark 0
&amp#27;[2m2025-08-15T21:33:17.328+05:30&amp#27;[0;39m &amp#27;[32m INFO&amp#27;[0;39m &amp#27;[35m4750&amp#27;[0;39m &amp#27;[2m---&amp#27;[0;39m &amp#27;[2m[r-event-handler]&amp#27;[0;39m &amp#27;[2m&amp#27;[0;39m&amp#27;[36mstate.change.logger                     &amp#27;[0;39m &amp#27;[2m:&amp#27;[0;39m [Broker id=0] Leader __consumer_offsets-28 with topic id Some(nwJA94HUSU-4J80Pd392Cg) starts at leader epoch 0 from offset 0 with partition epoch 0, high watermark 0, ISR [0], adding replicas [] and removing replicas [] . Previous leader None and previous leader epoch was -1.
&amp#27;[2m2025-08-15T21:33:17.329+05:30&amp#27;[0;39m &amp#27;[32m INFO&amp#27;[0;39m &amp#27;[35m4750&amp#27;[0;39m &amp#27;[2m---&amp#27;[0;39m &amp#27;[2m[ntainer#0-0-C-1]&amp#27;[0;39m &amp#27;[2m&amp#27;[0;39m&amp#27;[36mo.a.k.c.c.internals.ConsumerCoordinator &amp#27;[0;39m &amp#27;[2m:&amp#27;[0;39m [Consumer clientId=consumer-midas-core-consumer-1, groupId=midas-core-consumer] Group coordinator localhost:54128 (id: 2147483647 rack: null) is unavailable or invalid due to cause: error response NOT_COORDINATOR. isDisconnected: false. Rediscovery will be attempted.
&amp#27;[2m2025-08-15T21:33:17.329+05:30&amp#27;[0;39m &amp#27;[32m INFO&amp#27;[0;39m &amp#27;[35m4750&amp#27;[0;39m &amp#27;[2m---&amp#27;[0;39m &amp#27;[2m[ntainer#0-0-C-1]&amp#27;[0;39m &amp#27;[2m&amp#27;[0;39m&amp#27;[36mo.a.k.c.c.internals.ConsumerCoordinator &amp#27;[0;39m &amp#27;[2m:&amp#27;[0;39m [Consumer clientId=consumer-midas-core-consumer-1, groupId=midas-core-consumer] Requesting disconnect from last known coordinator localhost:54128 (id: 2147483647 rack: null)
&amp#27;[2m2025-08-15T21:33:17.329+05:30&amp#27;[0;39m &amp#27;[32m INFO&amp#27;[0;39m &amp#27;[35m4750&amp#27;[0;39m &amp#27;[2m---&amp#27;[0;39m &amp#27;[2m[ntainer#0-0-C-1]&amp#27;[0;39m &amp#27;[2m&amp#27;[0;39m&amp#27;[36mo.a.k.c.c.internals.ConsumerCoordinator &amp#27;[0;39m &amp#27;[2m:&amp#27;[0;39m [Consumer clientId=consumer-midas-core-consumer-1, groupId=midas-core-consumer] JoinGroup failed: This is not the correct coordinator. Marking coordinator unknown. Sent generation was Generation{generationId=-1, memberId='', protocol='null'}
&amp#27;[2m2025-08-15T21:33:17.329+05:30&amp#27;[0;39m &amp#27;[32m INFO&amp#27;[0;39m &amp#27;[35m4750&amp#27;[0;39m &amp#27;[2m---&amp#27;[0;39m &amp#27;[2m[ntainer#0-0-C-1]&amp#27;[0;39m &amp#27;[2m&amp#27;[0;39m&amp#27;[36morg.apache.kafka.clients.NetworkClient  &amp#27;[0;39m &amp#27;[2m:&amp#27;[0;39m [Consumer clientId=consumer-midas-core-consumer-1, groupId=midas-core-consumer] Client requested disconnect from node 2147483647
&amp#27;[2m2025-08-15T21:33:17.330+05:30&amp#27;[0;39m &amp#27;[32m INFO&amp#27;[0;39m &amp#27;[35m4750&amp#27;[0;39m &amp#27;[2m---&amp#27;[0;39m &amp#27;[2m[ntainer#0-0-C-1]&amp#27;[0;39m &amp#27;[2m&amp#27;[0;39m&amp#27;[36mo.a.k.c.c.internals.ConsumerCoordinator &amp#27;[0;39m &amp#27;[2m:&amp#27;[0;39m [Consumer clientId=consumer-midas-core-consumer-1, groupId=midas-core-consumer] Discovered group coordinator localhost:54128 (id: 2147483647 rack: null)
&amp#27;[2m2025-08-15T21:33:17.330+05:30&amp#27;[0;39m &amp#27;[32m INFO&amp#27;[0;39m &amp#27;[35m4750&amp#27;[0;39m &amp#27;[2m---&amp#27;[0;39m &amp#27;[2m[ntainer#0-0-C-1]&amp#27;[0;39m &amp#27;[2m&amp#27;[0;39m&amp#27;[36mo.a.k.c.c.internals.ConsumerCoordinator &amp#27;[0;39m &amp#27;[2m:&amp#27;[0;39m [Consumer clientId=consumer-midas-core-consumer-1, groupId=midas-core-consumer] Group coordinator localhost:54128 (id: 2147483647 rack: null) is unavailable or invalid due to cause: coordinator unavailable. isDisconnected: false. Rediscovery will be attempted.
&amp#27;[2m2025-08-15T21:33:17.330+05:30&amp#27;[0;39m &amp#27;[32m INFO&amp#27;[0;39m &amp#27;[35m4750&amp#27;[0;39m &amp#27;[2m---&amp#27;[0;39m &amp#27;[2m[ntainer#0-0-C-1]&amp#27;[0;39m &amp#27;[2m&amp#27;[0;39m&amp#27;[36mo.a.k.c.c.internals.ConsumerCoordinator &amp#27;[0;39m &amp#27;[2m:&amp#27;[0;39m [Consumer clientId=consumer-midas-core-consumer-1, groupId=midas-core-consumer] Requesting disconnect from last known coordinator localhost:54128 (id: 2147483647 rack: null)
&amp#27;[2m2025-08-15T21:33:17.332+05:30&amp#27;[0;39m &amp#27;[32m INFO&amp#27;[0;39m &amp#27;[35m4750&amp#27;[0;39m &amp#27;[2m---&amp#27;[0;39m &amp#27;[2m[r-event-handler]&amp#27;[0;39m &amp#27;[2m&amp#27;[0;39m&amp#27;[36mstate.change.logger                     &amp#27;[0;39m &amp#27;[2m:&amp#27;[0;39m [Broker id=0] Creating new partition __consumer_offsets-7 with topic id nwJA94HUSU-4J80Pd392Cg.
&amp#27;[2m2025-08-15T21:33:17.333+05:30&amp#27;[0;39m &amp#27;[32m INFO&amp#27;[0;39m &amp#27;[35m4750&amp#27;[0;39m &amp#27;[2m---&amp#27;[0;39m &amp#27;[2m[r-event-handler]&amp#27;[0;39m &amp#27;[2m&amp#27;[0;39m&amp#27;[36mkafka.log.UnifiedLog$                   &amp#27;[0;39m &amp#27;[2m:&amp#27;[0;39m [LogLoader partition=__consumer_offsets-7, dir=/var/folders/yt/8yxf8rd12tscf0qk7fmq7n_m0000gn/T/kafka-14683256353376918148/broker_0_data0] Loading producer state till offset 0 with message format version 2
&amp#27;[2m2025-08-15T21:33:17.333+05:30&amp#27;[0;39m &amp#27;[32m INFO&amp#27;[0;39m &amp#27;[35m4750&amp#27;[0;39m &amp#27;[2m---&amp#27;[0;39m &amp#27;[2m[r-event-handler]&amp#27;[0;39m &amp#27;[2m&amp#27;[0;39m&amp#27;[36mkafka.log.LogManager                    &amp#27;[0;39m &amp#27;[2m:&amp#27;[0;39m Created log for partition __consumer_offsets-7 in /var/folders/yt/8yxf8rd12tscf0qk7fmq7n_m0000gn/T/kafka-14683256353376918148/broker_0_data0/__consumer_offsets-7 with properties {cleanup.policy=compact, compression.type="producer", segment.bytes=104857600}
&amp#27;[2m2025-08-15T21:33:17.333+05:30&amp#27;[0;39m &amp#27;[32m INFO&amp#27;[0;39m &amp#27;[35m4750&amp#27;[0;39m &amp#27;[2m---&amp#27;[0;39m &amp#27;[2m[r-event-handler]&amp#27;[0;39m &amp#27;[2m&amp#27;[0;39m&amp#27;[36mkafka.cluster.Partition                 &amp#27;[0;39m &amp#27;[2m:&amp#27;[0;39m [Partition __consumer_offsets-7 broker=0] No checkpointed highwatermark is found for partition __consumer_offsets-7
&amp#27;[2m2025-08-15T21:33:17.333+05:30&amp#27;[0;39m &amp#27;[32m INFO&amp#27;[0;39m &amp#27;[35m4750&amp#27;[0;39m &amp#27;[2m---&amp#27;[0;39m &amp#27;[2m[r-event-handler]&amp#27;[0;39m &amp#27;[2m&amp#27;[0;39m&amp#27;[36mkafka.cluster.Partition                 &amp#27;[0;39m &amp#27;[2m:&amp#27;[0;39m [Partition __consumer_offsets-7 broker=0] Log loaded for partition __consumer_offsets-7 with initial high watermark 0
&amp#27;[2m2025-08-15T21:33:17.333+05:30&amp#27;[0;39m &amp#27;[32m INFO&amp#27;[0;39m &amp#27;[35m4750&amp#27;[0;39m &amp#27;[2m---&amp#27;[0;39m &amp#27;[2m[r-event-handler]&amp#27;[0;39m &amp#27;[2m&amp#27;[0;39m&amp#27;[36mstate.change.logger                     &amp#27;[0;39m &amp#27;[2m:&amp#27;[0;39m [Broker id=0] Leader __consumer_offsets-7 with topic id Some(nwJA94HUSU-4J80Pd392Cg) starts at leader epoch 0 from offset 0 with partition epoch 0, high watermark 0, ISR [0], adding replicas [] and removing replicas [] . Previous leader None and previous leader epoch was -1.
&amp#27;[2m2025-08-15T21:33:17.339+05:30&amp#27;[0;39m &amp#27;[32m INFO&amp#27;[0;39m &amp#27;[35m4750&amp#27;[0;39m &amp#27;[2m---&amp#27;[0;39m &amp#27;[2m[r-event-handler]&amp#27;[0;39m &amp#27;[2m&amp#27;[0;39m&amp#27;[36mstate.change.logger                     &amp#27;[0;39m &amp#27;[2m:&amp#27;[0;39m [Broker id=0] Creating new partition __consumer_offsets-40 with topic id nwJA94HUSU-4J80Pd392Cg.
&amp#27;[2m2025-08-15T21:33:17.340+05:30&amp#27;[0;39m &amp#27;[32m INFO&amp#27;[0;39m &amp#27;[35m4750&amp#27;[0;39m &amp#27;[2m---&amp#27;[0;39m &amp#27;[2m[r-event-handler]&amp#27;[0;39m &amp#27;[2m&amp#27;[0;39m&amp#27;[36mkafka.log.UnifiedLog$                   &amp#27;[0;39m &amp#27;[2m:&amp#27;[0;39m [LogLoader partition=__consumer_offsets-40, dir=/var/folders/yt/8yxf8rd12tscf0qk7fmq7n_m0000gn/T/kafka-14683256353376918148/broker_0_data0] Loading producer state till offset 0 with message format version 2
&amp#27;[2m2025-08-15T21:33:17.340+05:30&amp#27;[0;39m &amp#27;[32m INFO&amp#27;[0;39m &amp#27;[35m4750&amp#27;[0;39m &amp#27;[2m---&amp#27;[0;39m &amp#27;[2m[r-event-handler]&amp#27;[0;39m &amp#27;[2m&amp#27;[0;39m&amp#27;[36mkafka.log.LogManager                    &amp#27;[0;39m &amp#27;[2m:&amp#27;[0;39m Created log for partition __consumer_offsets-40 in /var/folders/yt/8yxf8rd12tscf0qk7fmq7n_m0000gn/T/kafka-14683256353376918148/broker_0_data0/__consumer_offsets-40 with properties {cleanup.policy=compact, compression.type="producer", segment.bytes=104857600}
&amp#27;[2m2025-08-15T21:33:17.340+05:30&amp#27;[0;39m &amp#27;[32m INFO&amp#27;[0;39m &amp#27;[35m4750&amp#27;[0;39m &amp#27;[2m---&amp#27;[0;39m &amp#27;[2m[r-event-handler]&amp#27;[0;39m &amp#27;[2m&amp#27;[0;39m&amp#27;[36mkafka.cluster.Partition                 &amp#27;[0;39m &amp#27;[2m:&amp#27;[0;39m [Partition __consumer_offsets-40 broker=0] No checkpointed highwatermark is found for partition __consumer_offsets-40
&amp#27;[2m2025-08-15T21:33:17.340+05:30&amp#27;[0;39m &amp#27;[32m INFO&amp#27;[0;39m &amp#27;[35m4750&amp#27;[0;39m &amp#27;[2m---&amp#27;[0;39m &amp#27;[2m[r-event-handler]&amp#27;[0;39m &amp#27;[2m&amp#27;[0;39m&amp#27;[36mkafka.cluster.Partition                 &amp#27;[0;39m &amp#27;[2m:&amp#27;[0;39m [Partition __consumer_offsets-40 broker=0] Log loaded for partition __consumer_offsets-40 with initial high watermark 0
&amp#27;[2m2025-08-15T21:33:17.340+05:30&amp#27;[0;39m &amp#27;[32m INFO&amp#27;[0;39m &amp#27;[35m4750&amp#27;[0;39m &amp#27;[2m---&amp#27;[0;39m &amp#27;[2m[r-event-handler]&amp#27;[0;39m &amp#27;[2m&amp#27;[0;39m&amp#27;[36mstate.change.logger                     &amp#27;[0;39m &amp#27;[2m:&amp#27;[0;39m [Broker id=0] Leader __consumer_offsets-40 with topic id Some(nwJA94HUSU-4J80Pd392Cg) starts at leader epoch 0 from offset 0 with partition epoch 0, high watermark 0, ISR [0], adding replicas [] and removing replicas [] . Previous leader None and previous leader epoch was -1.
&amp#27;[2m2025-08-15T21:33:17.346+05:30&amp#27;[0;39m &amp#27;[32m INFO&amp#27;[0;39m &amp#27;[35m4750&amp#27;[0;39m &amp#27;[2m---&amp#27;[0;39m &amp#27;[2m[r-event-handler]&amp#27;[0;39m &amp#27;[2m&amp#27;[0;39m&amp#27;[36mstate.change.logger                     &amp#27;[0;39m &amp#27;[2m:&amp#27;[0;39m [Broker id=0] Creating new partition __consumer_offsets-3 with topic id nwJA94HUSU-4J80Pd392Cg.
&amp#27;[2m2025-08-15T21:33:17.347+05:30&amp#27;[0;39m &amp#27;[32m INFO&amp#27;[0;39m &amp#27;[35m4750&amp#27;[0;39m &amp#27;[2m---&amp#27;[0;39m &amp#27;[2m[r-event-handler]&amp#27;[0;39m &amp#27;[2m&amp#27;[0;39m&amp#27;[36mkafka.log.UnifiedLog$                   &amp#27;[0;39m &amp#27;[2m:&amp#27;[0;39m [LogLoader partition=__consumer_offsets-3, dir=/var/folders/yt/8yxf8rd12tscf0qk7fmq7n_m0000gn/T/kafka-14683256353376918148/broker_0_data0] Loading producer state till offset 0 with message format version 2
&amp#27;[2m2025-08-15T21:33:17.347+05:30&amp#27;[0;39m &amp#27;[32m INFO&amp#27;[0;39m &amp#27;[35m4750&amp#27;[0;39m &amp#27;[2m---&amp#27;[0;39m &amp#27;[2m[r-event-handler]&amp#27;[0;39m &amp#27;[2m&amp#27;[0;39m&amp#27;[36mkafka.log.LogManager                    &amp#27;[0;39m &amp#27;[2m:&amp#27;[0;39m Created log for partition __consumer_offsets-3 in /var/folders/yt/8yxf8rd12tscf0qk7fmq7n_m0000gn/T/kafka-14683256353376918148/broker_0_data0/__consumer_offsets-3 with properties {cleanup.policy=compact, compression.type="producer", segment.bytes=104857600}
&amp#27;[2m2025-08-15T21:33:17.347+05:30&amp#27;[0;39m &amp#27;[32m INFO&amp#27;[0;39m &amp#27;[35m4750&amp#27;[0;39m &amp#27;[2m---&amp#27;[0;39m &amp#27;[2m[r-event-handler]&amp#27;[0;39m &amp#27;[2m&amp#27;[0;39m&amp#27;[36mkafka.cluster.Partition                 &amp#27;[0;39m &amp#27;[2m:&amp#27;[0;39m [Partition __consumer_offsets-3 broker=0] No checkpointed highwatermark is found for partition __consumer_offsets-3
&amp#27;[2m2025-08-15T21:33:17.347+05:30&amp#27;[0;39m &amp#27;[32m INFO&amp#27;[0;39m &amp#27;[35m4750&amp#27;[0;39m &amp#27;[2m---&amp#27;[0;39m &amp#27;[2m[r-event-handler]&amp#27;[0;39m &amp#27;[2m&amp#27;[0;39m&amp#27;[36mkafka.cluster.Partition                 &amp#27;[0;39m &amp#27;[2m:&amp#27;[0;39m [Partition __consumer_offsets-3 broker=0] Log loaded for partition __consumer_offsets-3 with initial high watermark 0
&amp#27;[2m2025-08-15T21:33:17.347+05:30&amp#27;[0;39m &amp#27;[32m INFO&amp#27;[0;39m &amp#27;[35m4750&amp#27;[0;39m &amp#27;[2m---&amp#27;[0;39m &amp#27;[2m[r-event-handler]&amp#27;[0;39m &amp#27;[2m&amp#27;[0;39m&amp#27;[36mstate.change.logger                     &amp#27;[0;39m &amp#27;[2m:&amp#27;[0;39m [Broker id=0] Leader __consumer_offsets-3 with topic id Some(nwJA94HUSU-4J80Pd392Cg) starts at leader epoch 0 from offset 0 with partition epoch 0, high watermark 0, ISR [0], adding replicas [] and removing replicas [] . Previous leader None and previous leader epoch was -1.
&amp#27;[2m2025-08-15T21:33:17.354+05:30&amp#27;[0;39m &amp#27;[32m INFO&amp#27;[0;39m &amp#27;[35m4750&amp#27;[0;39m &amp#27;[2m---&amp#27;[0;39m &amp#27;[2m[r-event-handler]&amp#27;[0;39m &amp#27;[2m&amp#27;[0;39m&amp#27;[36mstate.change.logger                     &amp#27;[0;39m &amp#27;[2m:&amp#27;[0;39m [Broker id=0] Creating new partition __consumer_offsets-36 with topic id nwJA94HUSU-4J80Pd392Cg.
&amp#27;[2m2025-08-15T21:33:17.355+05:30&amp#27;[0;39m &amp#27;[32m INFO&amp#27;[0;39m &amp#27;[35m4750&amp#27;[0;39m &amp#27;[2m---&amp#27;[0;39m &amp#27;[2m[r-event-handler]&amp#27;[0;39m &amp#27;[2m&amp#27;[0;39m&amp#27;[36mkafka.log.UnifiedLog$                   &amp#27;[0;39m &amp#27;[2m:&amp#27;[0;39m [LogLoader partition=__consumer_offsets-36, dir=/var/folders/yt/8yxf8rd12tscf0qk7fmq7n_m0000gn/T/kafka-14683256353376918148/broker_0_data0] Loading producer state till offset 0 with message format version 2
&amp#27;[2m2025-08-15T21:33:17.355+05:30&amp#27;[0;39m &amp#27;[32m INFO&amp#27;[0;39m &amp#27;[35m4750&amp#27;[0;39m &amp#27;[2m---&amp#27;[0;39m &amp#27;[2m[r-event-handler]&amp#27;[0;39m &amp#27;[2m&amp#27;[0;39m&amp#27;[36mkafka.log.LogManager                    &amp#27;[0;39m &amp#27;[2m:&amp#27;[0;39m Created log for partition __consumer_offsets-36 in /var/folders/yt/8yxf8rd12tscf0qk7fmq7n_m0000gn/T/kafka-14683256353376918148/broker_0_data0/__consumer_offsets-36 with properties {cleanup.policy=compact, compression.type="producer", segment.bytes=104857600}
&amp#27;[2m2025-08-15T21:33:17.355+05:30&amp#27;[0;39m &amp#27;[32m INFO&amp#27;[0;39m &amp#27;[35m4750&amp#27;[0;39m &amp#27;[2m---&amp#27;[0;39m &amp#27;[2m[r-event-handler]&amp#27;[0;39m &amp#27;[2m&amp#27;[0;39m&amp#27;[36mkafka.cluster.Partition                 &amp#27;[0;39m &amp#27;[2m:&amp#27;[0;39m [Partition __consumer_offsets-36 broker=0] No checkpointed highwatermark is found for partition __consumer_offsets-36
&amp#27;[2m2025-08-15T21:33:17.355+05:30&amp#27;[0;39m &amp#27;[32m INFO&amp#27;[0;39m &amp#27;[35m4750&amp#27;[0;39m &amp#27;[2m---&amp#27;[0;39m &amp#27;[2m[r-event-handler]&amp#27;[0;39m &amp#27;[2m&amp#27;[0;39m&amp#27;[36mkafka.cluster.Partition                 &amp#27;[0;39m &amp#27;[2m:&amp#27;[0;39m [Partition __consumer_offsets-36 broker=0] Log loaded for partition __consumer_offsets-36 with initial high watermark 0
&amp#27;[2m2025-08-15T21:33:17.355+05:30&amp#27;[0;39m &amp#27;[32m INFO&amp#27;[0;39m &amp#27;[35m4750&amp#27;[0;39m &amp#27;[2m---&amp#27;[0;39m &amp#27;[2m[r-event-handler]&amp#27;[0;39m &amp#27;[2m&amp#27;[0;39m&amp#27;[36mstate.change.logger                     &amp#27;[0;39m &amp#27;[2m:&amp#27;[0;39m [Broker id=0] Leader __consumer_offsets-36 with topic id Some(nwJA94HUSU-4J80Pd392Cg) starts at leader epoch 0 from offset 0 with partition epoch 0, high watermark 0, ISR [0], adding replicas [] and removing replicas [] . Previous leader None and previous leader epoch was -1.
&amp#27;[2m2025-08-15T21:33:17.364+05:30&amp#27;[0;39m &amp#27;[32m INFO&amp#27;[0;39m &amp#27;[35m4750&amp#27;[0;39m &amp#27;[2m---&amp#27;[0;39m &amp#27;[2m[r-event-handler]&amp#27;[0;39m &amp#27;[2m&amp#27;[0;39m&amp#27;[36mstate.change.logger                     &amp#27;[0;39m &amp#27;[2m:&amp#27;[0;39m [Broker id=0] Creating new partition __consumer_offsets-47 with topic id nwJA94HUSU-4J80Pd392Cg.
&amp#27;[2m2025-08-15T21:33:17.366+05:30&amp#27;[0;39m &amp#27;[32m INFO&amp#27;[0;39m &amp#27;[35m4750&amp#27;[0;39m &amp#27;[2m---&amp#27;[0;39m &amp#27;[2m[r-event-handler]&amp#27;[0;39m &amp#27;[2m&amp#27;[0;39m&amp#27;[36mkafka.log.UnifiedLog$                   &amp#27;[0;39m &amp#27;[2m:&amp#27;[0;39m [LogLoader partition=__consumer_offsets-47, dir=/var/folders/yt/8yxf8rd12tscf0qk7fmq7n_m0000gn/T/kafka-14683256353376918148/broker_0_data0] Loading producer state till offset 0 with message format version 2
&amp#27;[2m2025-08-15T21:33:17.366+05:30&amp#27;[0;39m &amp#27;[32m INFO&amp#27;[0;39m &amp#27;[35m4750&amp#27;[0;39m &amp#27;[2m---&amp#27;[0;39m &amp#27;[2m[r-event-handler]&amp#27;[0;39m &amp#27;[2m&amp#27;[0;39m&amp#27;[36mkafka.log.LogManager                    &amp#27;[0;39m &amp#27;[2m:&amp#27;[0;39m Created log for partition __consumer_offsets-47 in /var/folders/yt/8yxf8rd12tscf0qk7fmq7n_m0000gn/T/kafka-14683256353376918148/broker_0_data0/__consumer_offsets-47 with properties {cleanup.policy=compact, compression.type="producer", segment.bytes=104857600}
&amp#27;[2m2025-08-15T21:33:17.366+05:30&amp#27;[0;39m &amp#27;[32m INFO&amp#27;[0;39m &amp#27;[35m4750&amp#27;[0;39m &amp#27;[2m---&amp#27;[0;39m &amp#27;[2m[r-event-handler]&amp#27;[0;39m &amp#27;[2m&amp#27;[0;39m&amp#27;[36mkafka.cluster.Partition                 &amp#27;[0;39m &amp#27;[2m:&amp#27;[0;39m [Partition __consumer_offsets-47 broker=0] No checkpointed highwatermark is found for partition __consumer_offsets-47
&amp#27;[2m2025-08-15T21:33:17.366+05:30&amp#27;[0;39m &amp#27;[32m INFO&amp#27;[0;39m &amp#27;[35m4750&amp#27;[0;39m &amp#27;[2m---&amp#27;[0;39m &amp#27;[2m[r-event-handler]&amp#27;[0;39m &amp#27;[2m&amp#27;[0;39m&amp#27;[36mkafka.cluster.Partition                 &amp#27;[0;39m &amp#27;[2m:&amp#27;[0;39m [Partition __consumer_offsets-47 broker=0] Log loaded for partition __consumer_offsets-47 with initial high watermark 0
&amp#27;[2m2025-08-15T21:33:17.366+05:30&amp#27;[0;39m &amp#27;[32m INFO&amp#27;[0;39m &amp#27;[35m4750&amp#27;[0;39m &amp#27;[2m---&amp#27;[0;39m &amp#27;[2m[r-event-handler]&amp#27;[0;39m &amp#27;[2m&amp#27;[0;39m&amp#27;[36mstate.change.logger                     &amp#27;[0;39m &amp#27;[2m:&amp#27;[0;39m [Broker id=0] Leader __consumer_offsets-47 with topic id Some(nwJA94HUSU-4J80Pd392Cg) starts at leader epoch 0 from offset 0 with partition epoch 0, high watermark 0, ISR [0], adding replicas [] and removing replicas [] . Previous leader None and previous leader epoch was -1.
&amp#27;[2m2025-08-15T21:33:17.370+05:30&amp#27;[0;39m &amp#27;[32m INFO&amp#27;[0;39m &amp#27;[35m4750&amp#27;[0;39m &amp#27;[2m---&amp#27;[0;39m &amp#27;[2m[r-event-handler]&amp#27;[0;39m &amp#27;[2m&amp#27;[0;39m&amp#27;[36mstate.change.logger                     &amp#27;[0;39m &amp#27;[2m:&amp#27;[0;39m [Broker id=0] Creating new partition __consumer_offsets-14 with topic id nwJA94HUSU-4J80Pd392Cg.
&amp#27;[2m2025-08-15T21:33:17.371+05:30&amp#27;[0;39m &amp#27;[32m INFO&amp#27;[0;39m &amp#27;[35m4750&amp#27;[0;39m &amp#27;[2m---&amp#27;[0;39m &amp#27;[2m[r-event-handler]&amp#27;[0;39m &amp#27;[2m&amp#27;[0;39m&amp#27;[36mkafka.log.UnifiedLog$                   &amp#27;[0;39m &amp#27;[2m:&amp#27;[0;39m [LogLoader partition=__consumer_offsets-14, dir=/var/folders/yt/8yxf8rd12tscf0qk7fmq7n_m0000gn/T/kafka-14683256353376918148/broker_0_data0] Loading producer state till offset 0 with message format version 2
&amp#27;[2m2025-08-15T21:33:17.372+05:30&amp#27;[0;39m &amp#27;[32m INFO&amp#27;[0;39m &amp#27;[35m4750&amp#27;[0;39m &amp#27;[2m---&amp#27;[0;39m &amp#27;[2m[r-event-handler]&amp#27;[0;39m &amp#27;[2m&amp#27;[0;39m&amp#27;[36mkafka.log.LogManager                    &amp#27;[0;39m &amp#27;[2m:&amp#27;[0;39m Created log for partition __consumer_offsets-14 in /var/folders/yt/8yxf8rd12tscf0qk7fmq7n_m0000gn/T/kafka-14683256353376918148/broker_0_data0/__consumer_offsets-14 with properties {cleanup.policy=compact, compression.type="producer", segment.bytes=104857600}
&amp#27;[2m2025-08-15T21:33:17.372+05:30&amp#27;[0;39m &amp#27;[32m INFO&amp#27;[0;39m &amp#27;[35m4750&amp#27;[0;39m &amp#27;[2m---&amp#27;[0;39m &amp#27;[2m[r-event-handler]&amp#27;[0;39m &amp#27;[2m&amp#27;[0;39m&amp#27;[36mkafka.cluster.Partition                 &amp#27;[0;39m &amp#27;[2m:&amp#27;[0;39m [Partition __consumer_offsets-14 broker=0] No checkpointed highwatermark is found for partition __consumer_offsets-14
&amp#27;[2m2025-08-15T21:33:17.372+05:30&amp#27;[0;39m &amp#27;[32m INFO&amp#27;[0;39m &amp#27;[35m4750&amp#27;[0;39m &amp#27;[2m---&amp#27;[0;39m &amp#27;[2m[r-event-handler]&amp#27;[0;39m &amp#27;[2m&amp#27;[0;39m&amp#27;[36mkafka.cluster.Partition                 &amp#27;[0;39m &amp#27;[2m:&amp#27;[0;39m [Partition __consumer_offsets-14 broker=0] Log loaded for partition __consumer_offsets-14 with initial high watermark 0
&amp#27;[2m2025-08-15T21:33:17.372+05:30&amp#27;[0;39m &amp#27;[32m INFO&amp#27;[0;39m &amp#27;[35m4750&amp#27;[0;39m &amp#27;[2m---&amp#27;[0;39m &amp#27;[2m[r-event-handler]&amp#27;[0;39m &amp#27;[2m&amp#27;[0;39m&amp#27;[36mstate.change.logger                     &amp#27;[0;39m &amp#27;[2m:&amp#27;[0;39m [Broker id=0] Leader __consumer_offsets-14 with topic id Some(nwJA94HUSU-4J80Pd392Cg) starts at leader epoch 0 from offset 0 with partition epoch 0, high watermark 0, ISR [0], adding replicas [] and removing replicas [] . Previous leader None and previous leader epoch was -1.
&amp#27;[2m2025-08-15T21:33:17.377+05:30&amp#27;[0;39m &amp#27;[32m INFO&amp#27;[0;39m &amp#27;[35m4750&amp#27;[0;39m &amp#27;[2m---&amp#27;[0;39m &amp#27;[2m[r-event-handler]&amp#27;[0;39m &amp#27;[2m&amp#27;[0;39m&amp#27;[36mstate.change.logger                     &amp#27;[0;39m &amp#27;[2m:&amp#27;[0;39m [Broker id=0] Creating new partition __consumer_offsets-43 with topic id nwJA94HUSU-4J80Pd392Cg.
&amp#27;[2m2025-08-15T21:33:17.378+05:30&amp#27;[0;39m &amp#27;[32m INFO&amp#27;[0;39m &amp#27;[35m4750&amp#27;[0;39m &amp#27;[2m---&amp#27;[0;39m &amp#27;[2m[r-event-handler]&amp#27;[0;39m &amp#27;[2m&amp#27;[0;39m&amp#27;[36mkafka.log.UnifiedLog$                   &amp#27;[0;39m &amp#27;[2m:&amp#27;[0;39m [LogLoader partition=__consumer_offsets-43, dir=/var/folders/yt/8yxf8rd12tscf0qk7fmq7n_m0000gn/T/kafka-14683256353376918148/broker_0_data0] Loading producer state till offset 0 with message format version 2
&amp#27;[2m2025-08-15T21:33:17.378+05:30&amp#27;[0;39m &amp#27;[32m INFO&amp#27;[0;39m &amp#27;[35m4750&amp#27;[0;39m &amp#27;[2m---&amp#27;[0;39m &amp#27;[2m[r-event-handler]&amp#27;[0;39m &amp#27;[2m&amp#27;[0;39m&amp#27;[36mkafka.log.LogManager                    &amp#27;[0;39m &amp#27;[2m:&amp#27;[0;39m Created log for partition __consumer_offsets-43 in /var/folders/yt/8yxf8rd12tscf0qk7fmq7n_m0000gn/T/kafka-14683256353376918148/broker_0_data0/__consumer_offsets-43 with properties {cleanup.policy=compact, compression.type="producer", segment.bytes=104857600}
&amp#27;[2m2025-08-15T21:33:17.378+05:30&amp#27;[0;39m &amp#27;[32m INFO&amp#27;[0;39m &amp#27;[35m4750&amp#27;[0;39m &amp#27;[2m---&amp#27;[0;39m &amp#27;[2m[r-event-handler]&amp#27;[0;39m &amp#27;[2m&amp#27;[0;39m&amp#27;[36mkafka.cluster.Partition                 &amp#27;[0;39m &amp#27;[2m:&amp#27;[0;39m [Partition __consumer_offsets-43 broker=0] No checkpointed highwatermark is found for partition __consumer_offsets-43
&amp#27;[2m2025-08-15T21:33:17.378+05:30&amp#27;[0;39m &amp#27;[32m INFO&amp#27;[0;39m &amp#27;[35m4750&amp#27;[0;39m &amp#27;[2m---&amp#27;[0;39m &amp#27;[2m[r-event-handler]&amp#27;[0;39m &amp#27;[2m&amp#27;[0;39m&amp#27;[36mkafka.cluster.Partition                 &amp#27;[0;39m &amp#27;[2m:&amp#27;[0;39m [Partition __consumer_offsets-43 broker=0] Log loaded for partition __consumer_offsets-43 with initial high watermark 0
&amp#27;[2m2025-08-15T21:33:17.378+05:30&amp#27;[0;39m &amp#27;[32m INFO&amp#27;[0;39m &amp#27;[35m4750&amp#27;[0;39m &amp#27;[2m---&amp#27;[0;39m &amp#27;[2m[r-event-handler]&amp#27;[0;39m &amp#27;[2m&amp#27;[0;39m&amp#27;[36mstate.change.logger                     &amp#27;[0;39m &amp#27;[2m:&amp#27;[0;39m [Broker id=0] Leader __consumer_offsets-43 with topic id Some(nwJA94HUSU-4J80Pd392Cg) starts at leader epoch 0 from offset 0 with partition epoch 0, high watermark 0, ISR [0], adding replicas [] and removing replicas [] . Previous leader None and previous leader epoch was -1.
&amp#27;[2m2025-08-15T21:33:17.385+05:30&amp#27;[0;39m &amp#27;[32m INFO&amp#27;[0;39m &amp#27;[35m4750&amp#27;[0;39m &amp#27;[2m---&amp#27;[0;39m &amp#27;[2m[r-event-handler]&amp#27;[0;39m &amp#27;[2m&amp#27;[0;39m&amp#27;[36mstate.change.logger                     &amp#27;[0;39m &amp#27;[2m:&amp#27;[0;39m [Broker id=0] Creating new partition __consumer_offsets-10 with topic id nwJA94HUSU-4J80Pd392Cg.
&amp#27;[2m2025-08-15T21:33:17.386+05:30&amp#27;[0;39m &amp#27;[32m INFO&amp#27;[0;39m &amp#27;[35m4750&amp#27;[0;39m &amp#27;[2m---&amp#27;[0;39m &amp#27;[2m[r-event-handler]&amp#27;[0;39m &amp#27;[2m&amp#27;[0;39m&amp#27;[36mkafka.log.UnifiedLog$                   &amp#27;[0;39m &amp#27;[2m:&amp#27;[0;39m [LogLoader partition=__consumer_offsets-10, dir=/var/folders/yt/8yxf8rd12tscf0qk7fmq7n_m0000gn/T/kafka-14683256353376918148/broker_0_data0] Loading producer state till offset 0 with message format version 2
&amp#27;[2m2025-08-15T21:33:17.386+05:30&amp#27;[0;39m &amp#27;[32m INFO&amp#27;[0;39m &amp#27;[35m4750&amp#27;[0;39m &amp#27;[2m---&amp#27;[0;39m &amp#27;[2m[r-event-handler]&amp#27;[0;39m &amp#27;[2m&amp#27;[0;39m&amp#27;[36mkafka.log.LogManager                    &amp#27;[0;39m &amp#27;[2m:&amp#27;[0;39m Created log for partition __consumer_offsets-10 in /var/folders/yt/8yxf8rd12tscf0qk7fmq7n_m0000gn/T/kafka-14683256353376918148/broker_0_data0/__consumer_offsets-10 with properties {cleanup.policy=compact, compression.type="producer", segment.bytes=104857600}
&amp#27;[2m2025-08-15T21:33:17.386+05:30&amp#27;[0;39m &amp#27;[32m INFO&amp#27;[0;39m &amp#27;[35m4750&amp#27;[0;39m &amp#27;[2m---&amp#27;[0;39m &amp#27;[2m[r-event-handler]&amp#27;[0;39m &amp#27;[2m&amp#27;[0;39m&amp#27;[36mkafka.cluster.Partition                 &amp#27;[0;39m &amp#27;[2m:&amp#27;[0;39m [Partition __consumer_offsets-10 broker=0] No checkpointed highwatermark is found for partition __consumer_offsets-10
&amp#27;[2m2025-08-15T21:33:17.386+05:30&amp#27;[0;39m &amp#27;[32m INFO&amp#27;[0;39m &amp#27;[35m4750&amp#27;[0;39m &amp#27;[2m---&amp#27;[0;39m &amp#27;[2m[r-event-handler]&amp#27;[0;39m &amp#27;[2m&amp#27;[0;39m&amp#27;[36mkafka.cluster.Partition                 &amp#27;[0;39m &amp#27;[2m:&amp#27;[0;39m [Partition __consumer_offsets-10 broker=0] Log loaded for partition __consumer_offsets-10 with initial high watermark 0
&amp#27;[2m2025-08-15T21:33:17.386+05:30&amp#27;[0;39m &amp#27;[32m INFO&amp#27;[0;39m &amp#27;[35m4750&amp#27;[0;39m &amp#27;[2m---&amp#27;[0;39m &amp#27;[2m[r-event-handler]&amp#27;[0;39m &amp#27;[2m&amp#27;[0;39m&amp#27;[36mstate.change.logger                     &amp#27;[0;39m &amp#27;[2m:&amp#27;[0;39m [Broker id=0] Leader __consumer_offsets-10 with topic id Some(nwJA94HUSU-4J80Pd392Cg) starts at leader epoch 0 from offset 0 with partition epoch 0, high watermark 0, ISR [0], adding replicas [] and removing replicas [] . Previous leader None and previous leader epoch was -1.
&amp#27;[2m2025-08-15T21:33:17.394+05:30&amp#27;[0;39m &amp#27;[32m INFO&amp#27;[0;39m &amp#27;[35m4750&amp#27;[0;39m &amp#27;[2m---&amp#27;[0;39m &amp#27;[2m[r-event-handler]&amp#27;[0;39m &amp#27;[2m&amp#27;[0;39m&amp#27;[36mstate.change.logger                     &amp#27;[0;39m &amp#27;[2m:&amp#27;[0;39m [Broker id=0] Creating new partition __consumer_offsets-22 with topic id nwJA94HUSU-4J80Pd392Cg.
&amp#27;[2m2025-08-15T21:33:17.395+05:30&amp#27;[0;39m &amp#27;[32m INFO&amp#27;[0;39m &amp#27;[35m4750&amp#27;[0;39m &amp#27;[2m---&amp#27;[0;39m &amp#27;[2m[r-event-handler]&amp#27;[0;39m &amp#27;[2m&amp#27;[0;39m&amp#27;[36mkafka.log.UnifiedLog$                   &amp#27;[0;39m &amp#27;[2m:&amp#27;[0;39m [LogLoader partition=__consumer_offsets-22, dir=/var/folders/yt/8yxf8rd12tscf0qk7fmq7n_m0000gn/T/kafka-14683256353376918148/broker_0_data0] Loading producer state till offset 0 with message format version 2
&amp#27;[2m2025-08-15T21:33:17.395+05:30&amp#27;[0;39m &amp#27;[32m INFO&amp#27;[0;39m &amp#27;[35m4750&amp#27;[0;39m &amp#27;[2m---&amp#27;[0;39m &amp#27;[2m[r-event-handler]&amp#27;[0;39m &amp#27;[2m&amp#27;[0;39m&amp#27;[36mkafka.log.LogManager                    &amp#27;[0;39m &amp#27;[2m:&amp#27;[0;39m Created log for partition __consumer_offsets-22 in /var/folders/yt/8yxf8rd12tscf0qk7fmq7n_m0000gn/T/kafka-14683256353376918148/broker_0_data0/__consumer_offsets-22 with properties {cleanup.policy=compact, compression.type="producer", segment.bytes=104857600}
&amp#27;[2m2025-08-15T21:33:17.395+05:30&amp#27;[0;39m &amp#27;[32m INFO&amp#27;[0;39m &amp#27;[35m4750&amp#27;[0;39m &amp#27;[2m---&amp#27;[0;39m &amp#27;[2m[r-event-handler]&amp#27;[0;39m &amp#27;[2m&amp#27;[0;39m&amp#27;[36mkafka.cluster.Partition                 &amp#27;[0;39m &amp#27;[2m:&amp#27;[0;39m [Partition __consumer_offsets-22 broker=0] No checkpointed highwatermark is found for partition __consumer_offsets-22
&amp#27;[2m2025-08-15T21:33:17.395+05:30&amp#27;[0;39m &amp#27;[32m INFO&amp#27;[0;39m &amp#27;[35m4750&amp#27;[0;39m &amp#27;[2m---&amp#27;[0;39m &amp#27;[2m[r-event-handler]&amp#27;[0;39m &amp#27;[2m&amp#27;[0;39m&amp#27;[36mkafka.cluster.Partition                 &amp#27;[0;39m &amp#27;[2m:&amp#27;[0;39m [Partition __consumer_offsets-22 broker=0] Log loaded for partition __consumer_offsets-22 with initial high watermark 0
&amp#27;[2m2025-08-15T21:33:17.395+05:30&amp#27;[0;39m &amp#27;[32m INFO&amp#27;[0;39m &amp#27;[35m4750&amp#27;[0;39m &amp#27;[2m---&amp#27;[0;39m &amp#27;[2m[r-event-handler]&amp#27;[0;39m &amp#27;[2m&amp#27;[0;39m&amp#27;[36mstate.change.logger                     &amp#27;[0;39m &amp#27;[2m:&amp#27;[0;39m [Broker id=0] Leader __consumer_offsets-22 with topic id Some(nwJA94HUSU-4J80Pd392Cg) starts at leader epoch 0 from offset 0 with partition epoch 0, high watermark 0, ISR [0], adding replicas [] and removing replicas [] . Previous leader None and previous leader epoch was -1.
&amp#27;[2m2025-08-15T21:33:17.402+05:30&amp#27;[0;39m &amp#27;[32m INFO&amp#27;[0;39m &amp#27;[35m4750&amp#27;[0;39m &amp#27;[2m---&amp#27;[0;39m &amp#27;[2m[r-event-handler]&amp#27;[0;39m &amp#27;[2m&amp#27;[0;39m&amp#27;[36mstate.change.logger                     &amp#27;[0;39m &amp#27;[2m:&amp#27;[0;39m [Broker id=0] Creating new partition __consumer_offsets-18 with topic id nwJA94HUSU-4J80Pd392Cg.
&amp#27;[2m2025-08-15T21:33:17.403+05:30&amp#27;[0;39m &amp#27;[32m INFO&amp#27;[0;39m &amp#27;[35m4750&amp#27;[0;39m &amp#27;[2m---&amp#27;[0;39m &amp#27;[2m[r-event-handler]&amp#27;[0;39m &amp#27;[2m&amp#27;[0;39m&amp#27;[36mkafka.log.UnifiedLog$                   &amp#27;[0;39m &amp#27;[2m:&amp#27;[0;39m [LogLoader partition=__consumer_offsets-18, dir=/var/folders/yt/8yxf8rd12tscf0qk7fmq7n_m0000gn/T/kafka-14683256353376918148/broker_0_data0] Loading producer state till offset 0 with message format version 2
&amp#27;[2m2025-08-15T21:33:17.403+05:30&amp#27;[0;39m &amp#27;[32m INFO&amp#27;[0;39m &amp#27;[35m4750&amp#27;[0;39m &amp#27;[2m---&amp#27;[0;39m &amp#27;[2m[r-event-handler]&amp#27;[0;39m &amp#27;[2m&amp#27;[0;39m&amp#27;[36mkafka.log.LogManager                    &amp#27;[0;39m &amp#27;[2m:&amp#27;[0;39m Created log for partition __consumer_offsets-18 in /var/folders/yt/8yxf8rd12tscf0qk7fmq7n_m0000gn/T/kafka-14683256353376918148/broker_0_data0/__consumer_offsets-18 with properties {cleanup.policy=compact, compression.type="producer", segment.bytes=104857600}
&amp#27;[2m2025-08-15T21:33:17.403+05:30&amp#27;[0;39m &amp#27;[32m INFO&amp#27;[0;39m &amp#27;[35m4750&amp#27;[0;39m &amp#27;[2m---&amp#27;[0;39m &amp#27;[2m[r-event-handler]&amp#27;[0;39m &amp#27;[2m&amp#27;[0;39m&amp#27;[36mkafka.cluster.Partition                 &amp#27;[0;39m &amp#27;[2m:&amp#27;[0;39m [Partition __consumer_offsets-18 broker=0] No checkpointed highwatermark is found for partition __consumer_offsets-18
&amp#27;[2m2025-08-15T21:33:17.403+05:30&amp#27;[0;39m &amp#27;[32m INFO&amp#27;[0;39m &amp#27;[35m4750&amp#27;[0;39m &amp#27;[2m---&amp#27;[0;39m &amp#27;[2m[r-event-handler]&amp#27;[0;39m &amp#27;[2m&amp#27;[0;39m&amp#27;[36mkafka.cluster.Partition                 &amp#27;[0;39m &amp#27;[2m:&amp#27;[0;39m [Partition __consumer_offsets-18 broker=0] Log loaded for partition __consumer_offsets-18 with initial high watermark 0
&amp#27;[2m2025-08-15T21:33:17.403+05:30&amp#27;[0;39m &amp#27;[32m INFO&amp#27;[0;39m &amp#27;[35m4750&amp#27;[0;39m &amp#27;[2m---&amp#27;[0;39m &amp#27;[2m[r-event-handler]&amp#27;[0;39m &amp#27;[2m&amp#27;[0;39m&amp#27;[36mstate.change.logger                     &amp#27;[0;39m &amp#27;[2m:&amp#27;[0;39m [Broker id=0] Leader __consumer_offsets-18 with topic id Some(nwJA94HUSU-4J80Pd392Cg) starts at leader epoch 0 from offset 0 with partition epoch 0, high watermark 0, ISR [0], adding replicas [] and removing replicas [] . Previous leader None and previous leader epoch was -1.
&amp#27;[2m2025-08-15T21:33:17.407+05:30&amp#27;[0;39m &amp#27;[32m INFO&amp#27;[0;39m &amp#27;[35m4750&amp#27;[0;39m &amp#27;[2m---&amp#27;[0;39m &amp#27;[2m[r-event-handler]&amp#27;[0;39m &amp#27;[2m&amp#27;[0;39m&amp#27;[36mstate.change.logger                     &amp#27;[0;39m &amp#27;[2m:&amp#27;[0;39m [Broker id=0] Creating new partition __consumer_offsets-31 with topic id nwJA94HUSU-4J80Pd392Cg.
&amp#27;[2m2025-08-15T21:33:17.409+05:30&amp#27;[0;39m &amp#27;[32m INFO&amp#27;[0;39m &amp#27;[35m4750&amp#27;[0;39m &amp#27;[2m---&amp#27;[0;39m &amp#27;[2m[r-event-handler]&amp#27;[0;39m &amp#27;[2m&amp#27;[0;39m&amp#27;[36mkafka.log.UnifiedLog$                   &amp#27;[0;39m &amp#27;[2m:&amp#27;[0;39m [LogLoader partition=__consumer_offsets-31, dir=/var/folders/yt/8yxf8rd12tscf0qk7fmq7n_m0000gn/T/kafka-14683256353376918148/broker_0_data0] Loading producer state till offset 0 with message format version 2
&amp#27;[2m2025-08-15T21:33:17.409+05:30&amp#27;[0;39m &amp#27;[32m INFO&amp#27;[0;39m &amp#27;[35m4750&amp#27;[0;39m &amp#27;[2m---&amp#27;[0;39m &amp#27;[2m[r-event-handler]&amp#27;[0;39m &amp#27;[2m&amp#27;[0;39m&amp#27;[36mkafka.log.LogManager                    &amp#27;[0;39m &amp#27;[2m:&amp#27;[0;39m Created log for partition __consumer_offsets-31 in /var/folders/yt/8yxf8rd12tscf0qk7fmq7n_m0000gn/T/kafka-14683256353376918148/broker_0_data0/__consumer_offsets-31 with properties {cleanup.policy=compact, compression.type="producer", segment.bytes=104857600}
&amp#27;[2m2025-08-15T21:33:17.409+05:30&amp#27;[0;39m &amp#27;[32m INFO&amp#27;[0;39m &amp#27;[35m4750&amp#27;[0;39m &amp#27;[2m---&amp#27;[0;39m &amp#27;[2m[r-event-handler]&amp#27;[0;39m &amp#27;[2m&amp#27;[0;39m&amp#27;[36mkafka.cluster.Partition                 &amp#27;[0;39m &amp#27;[2m:&amp#27;[0;39m [Partition __consumer_offsets-31 broker=0] No checkpointed highwatermark is found for partition __consumer_offsets-31
&amp#27;[2m2025-08-15T21:33:17.409+05:30&amp#27;[0;39m &amp#27;[32m INFO&amp#27;[0;39m &amp#27;[35m4750&amp#27;[0;39m &amp#27;[2m---&amp#27;[0;39m &amp#27;[2m[r-event-handler]&amp#27;[0;39m &amp#27;[2m&amp#27;[0;39m&amp#27;[36mkafka.cluster.Partition                 &amp#27;[0;39m &amp#27;[2m:&amp#27;[0;39m [Partition __consumer_offsets-31 broker=0] Log loaded for partition __consumer_offsets-31 with initial high watermark 0
&amp#27;[2m2025-08-15T21:33:17.409+05:30&amp#27;[0;39m &amp#27;[32m INFO&amp#27;[0;39m &amp#27;[35m4750&amp#27;[0;39m &amp#27;[2m---&amp#27;[0;39m &amp#27;[2m[r-event-handler]&amp#27;[0;39m &amp#27;[2m&amp#27;[0;39m&amp#27;[36mstate.change.logger                     &amp#27;[0;39m &amp#27;[2m:&amp#27;[0;39m [Broker id=0] Leader __consumer_offsets-31 with topic id Some(nwJA94HUSU-4J80Pd392Cg) starts at leader epoch 0 from offset 0 with partition epoch 0, high watermark 0, ISR [0], adding replicas [] and removing replicas [] . Previous leader None and previous leader epoch was -1.
&amp#27;[2m2025-08-15T21:33:17.413+05:30&amp#27;[0;39m &amp#27;[32m INFO&amp#27;[0;39m &amp#27;[35m4750&amp#27;[0;39m &amp#27;[2m---&amp#27;[0;39m &amp#27;[2m[r-event-handler]&amp#27;[0;39m &amp#27;[2m&amp#27;[0;39m&amp#27;[36mstate.change.logger                     &amp#27;[0;39m &amp#27;[2m:&amp#27;[0;39m [Broker id=0] Creating new partition __consumer_offsets-27 with topic id nwJA94HUSU-4J80Pd392Cg.
&amp#27;[2m2025-08-15T21:33:17.416+05:30&amp#27;[0;39m &amp#27;[32m INFO&amp#27;[0;39m &amp#27;[35m4750&amp#27;[0;39m &amp#27;[2m---&amp#27;[0;39m &amp#27;[2m[r-event-handler]&amp#27;[0;39m &amp#27;[2m&amp#27;[0;39m&amp#27;[36mkafka.log.UnifiedLog$                   &amp#27;[0;39m &amp#27;[2m:&amp#27;[0;39m [LogLoader partition=__consumer_offsets-27, dir=/var/folders/yt/8yxf8rd12tscf0qk7fmq7n_m0000gn/T/kafka-14683256353376918148/broker_0_data0] Loading producer state till offset 0 with message format version 2
&amp#27;[2m2025-08-15T21:33:17.417+05:30&amp#27;[0;39m &amp#27;[32m INFO&amp#27;[0;39m &amp#27;[35m4750&amp#27;[0;39m &amp#27;[2m---&amp#27;[0;39m &amp#27;[2m[r-event-handler]&amp#27;[0;39m &amp#27;[2m&amp#27;[0;39m&amp#27;[36mkafka.log.LogManager                    &amp#27;[0;39m &amp#27;[2m:&amp#27;[0;39m Created log for partition __consumer_offsets-27 in /var/folders/yt/8yxf8rd12tscf0qk7fmq7n_m0000gn/T/kafka-14683256353376918148/broker_0_data0/__consumer_offsets-27 with properties {cleanup.policy=compact, compression.type="producer", segment.bytes=104857600}
&amp#27;[2m2025-08-15T21:33:17.417+05:30&amp#27;[0;39m &amp#27;[32m INFO&amp#27;[0;39m &amp#27;[35m4750&amp#27;[0;39m &amp#27;[2m---&amp#27;[0;39m &amp#27;[2m[r-event-handler]&amp#27;[0;39m &amp#27;[2m&amp#27;[0;39m&amp#27;[36mkafka.cluster.Partition                 &amp#27;[0;39m &amp#27;[2m:&amp#27;[0;39m [Partition __consumer_offsets-27 broker=0] No checkpointed highwatermark is found for partition __consumer_offsets-27
&amp#27;[2m2025-08-15T21:33:17.417+05:30&amp#27;[0;39m &amp#27;[32m INFO&amp#27;[0;39m &amp#27;[35m4750&amp#27;[0;39m &amp#27;[2m---&amp#27;[0;39m &amp#27;[2m[r-event-handler]&amp#27;[0;39m &amp#27;[2m&amp#27;[0;39m&amp#27;[36mkafka.cluster.Partition                 &amp#27;[0;39m &amp#27;[2m:&amp#27;[0;39m [Partition __consumer_offsets-27 broker=0] Log loaded for partition __consumer_offsets-27 with initial high watermark 0
&amp#27;[2m2025-08-15T21:33:17.417+05:30&amp#27;[0;39m &amp#27;[32m INFO&amp#27;[0;39m &amp#27;[35m4750&amp#27;[0;39m &amp#27;[2m---&amp#27;[0;39m &amp#27;[2m[r-event-handler]&amp#27;[0;39m &amp#27;[2m&amp#27;[0;39m&amp#27;[36mstate.change.logger                     &amp#27;[0;39m &amp#27;[2m:&amp#27;[0;39m [Broker id=0] Leader __consumer_offsets-27 with topic id Some(nwJA94HUSU-4J80Pd392Cg) starts at leader epoch 0 from offset 0 with partition epoch 0, high watermark 0, ISR [0], adding replicas [] and removing replicas [] . Previous leader None and previous leader epoch was -1.
&amp#27;[2m2025-08-15T21:33:17.421+05:30&amp#27;[0;39m &amp#27;[32m INFO&amp#27;[0;39m &amp#27;[35m4750&amp#27;[0;39m &amp#27;[2m---&amp#27;[0;39m &amp#27;[2m[r-event-handler]&amp#27;[0;39m &amp#27;[2m&amp#27;[0;39m&amp#27;[36mstate.change.logger                     &amp#27;[0;39m &amp#27;[2m:&amp#27;[0;39m [Broker id=0] Creating new partition __consumer_offsets-39 with topic id nwJA94HUSU-4J80Pd392Cg.
&amp#27;[2m2025-08-15T21:33:17.423+05:30&amp#27;[0;39m &amp#27;[32m INFO&amp#27;[0;39m &amp#27;[35m4750&amp#27;[0;39m &amp#27;[2m---&amp#27;[0;39m &amp#27;[2m[r-event-handler]&amp#27;[0;39m &amp#27;[2m&amp#27;[0;39m&amp#27;[36mkafka.log.UnifiedLog$                   &amp#27;[0;39m &amp#27;[2m:&amp#27;[0;39m [LogLoader partition=__consumer_offsets-39, dir=/var/folders/yt/8yxf8rd12tscf0qk7fmq7n_m0000gn/T/kafka-14683256353376918148/broker_0_data0] Loading producer state till offset 0 with message format version 2
&amp#27;[2m2025-08-15T21:33:17.423+05:30&amp#27;[0;39m &amp#27;[32m INFO&amp#27;[0;39m &amp#27;[35m4750&amp#27;[0;39m &amp#27;[2m---&amp#27;[0;39m &amp#27;[2m[r-event-handler]&amp#27;[0;39m &amp#27;[2m&amp#27;[0;39m&amp#27;[36mkafka.log.LogManager                    &amp#27;[0;39m &amp#27;[2m:&amp#27;[0;39m Created log for partition __consumer_offsets-39 in /var/folders/yt/8yxf8rd12tscf0qk7fmq7n_m0000gn/T/kafka-14683256353376918148/broker_0_data0/__consumer_offsets-39 with properties {cleanup.policy=compact, compression.type="producer", segment.bytes=104857600}
&amp#27;[2m2025-08-15T21:33:17.423+05:30&amp#27;[0;39m &amp#27;[32m INFO&amp#27;[0;39m &amp#27;[35m4750&amp#27;[0;39m &amp#27;[2m---&amp#27;[0;39m &amp#27;[2m[r-event-handler]&amp#27;[0;39m &amp#27;[2m&amp#27;[0;39m&amp#27;[36mkafka.cluster.Partition                 &amp#27;[0;39m &amp#27;[2m:&amp#27;[0;39m [Partition __consumer_offsets-39 broker=0] No checkpointed highwatermark is found for partition __consumer_offsets-39
&amp#27;[2m2025-08-15T21:33:17.423+05:30&amp#27;[0;39m &amp#27;[32m INFO&amp#27;[0;39m &amp#27;[35m4750&amp#27;[0;39m &amp#27;[2m---&amp#27;[0;39m &amp#27;[2m[r-event-handler]&amp#27;[0;39m &amp#27;[2m&amp#27;[0;39m&amp#27;[36mkafka.cluster.Partition                 &amp#27;[0;39m &amp#27;[2m:&amp#27;[0;39m [Partition __consumer_offsets-39 broker=0] Log loaded for partition __consumer_offsets-39 with initial high watermark 0
&amp#27;[2m2025-08-15T21:33:17.423+05:30&amp#27;[0;39m &amp#27;[32m INFO&amp#27;[0;39m &amp#27;[35m4750&amp#27;[0;39m &amp#27;[2m---&amp#27;[0;39m &amp#27;[2m[r-event-handler]&amp#27;[0;39m &amp#27;[2m&amp#27;[0;39m&amp#27;[36mstate.change.logger                     &amp#27;[0;39m &amp#27;[2m:&amp#27;[0;39m [Broker id=0] Leader __consumer_offsets-39 with topic id Some(nwJA94HUSU-4J80Pd392Cg) starts at leader epoch 0 from offset 0 with partition epoch 0, high watermark 0, ISR [0], adding replicas [] and removing replicas [] . Previous leader None and previous leader epoch was -1.
&amp#27;[2m2025-08-15T21:33:17.429+05:30&amp#27;[0;39m &amp#27;[32m INFO&amp#27;[0;39m &amp#27;[35m4750&amp#27;[0;39m &amp#27;[2m---&amp#27;[0;39m &amp#27;[2m[r-event-handler]&amp#27;[0;39m &amp#27;[2m&amp#27;[0;39m&amp#27;[36mstate.change.logger                     &amp#27;[0;39m &amp#27;[2m:&amp#27;[0;39m [Broker id=0] Creating new partition __consumer_offsets-6 with topic id nwJA94HUSU-4J80Pd392Cg.
&amp#27;[2m2025-08-15T21:33:17.430+05:30&amp#27;[0;39m &amp#27;[32m INFO&amp#27;[0;39m &amp#27;[35m4750&amp#27;[0;39m &amp#27;[2m---&amp#27;[0;39m &amp#27;[2m[r-event-handler]&amp#27;[0;39m &amp#27;[2m&amp#27;[0;39m&amp#27;[36mkafka.log.UnifiedLog$                   &amp#27;[0;39m &amp#27;[2m:&amp#27;[0;39m [LogLoader partition=__consumer_offsets-6, dir=/var/folders/yt/8yxf8rd12tscf0qk7fmq7n_m0000gn/T/kafka-14683256353376918148/broker_0_data0] Loading producer state till offset 0 with message format version 2
&amp#27;[2m2025-08-15T21:33:17.430+05:30&amp#27;[0;39m &amp#27;[32m INFO&amp#27;[0;39m &amp#27;[35m4750&amp#27;[0;39m &amp#27;[2m---&amp#27;[0;39m &amp#27;[2m[r-event-handler]&amp#27;[0;39m &amp#27;[2m&amp#27;[0;39m&amp#27;[36mkafka.log.LogManager                    &amp#27;[0;39m &amp#27;[2m:&amp#27;[0;39m Created log for partition __consumer_offsets-6 in /var/folders/yt/8yxf8rd12tscf0qk7fmq7n_m0000gn/T/kafka-14683256353376918148/broker_0_data0/__consumer_offsets-6 with properties {cleanup.policy=compact, compression.type="producer", segment.bytes=104857600}
&amp#27;[2m2025-08-15T21:33:17.430+05:30&amp#27;[0;39m &amp#27;[32m INFO&amp#27;[0;39m &amp#27;[35m4750&amp#27;[0;39m &amp#27;[2m---&amp#27;[0;39m &amp#27;[2m[r-event-handler]&amp#27;[0;39m &amp#27;[2m&amp#27;[0;39m&amp#27;[36mkafka.cluster.Partition                 &amp#27;[0;39m &amp#27;[2m:&amp#27;[0;39m [Partition __consumer_offsets-6 broker=0] No checkpointed highwatermark is found for partition __consumer_offsets-6
&amp#27;[2m2025-08-15T21:33:17.430+05:30&amp#27;[0;39m &amp#27;[32m INFO&amp#27;[0;39m &amp#27;[35m4750&amp#27;[0;39m &amp#27;[2m---&amp#27;[0;39m &amp#27;[2m[r-event-handler]&amp#27;[0;39m &amp#27;[2m&amp#27;[0;39m&amp#27;[36mkafka.cluster.Partition                 &amp#27;[0;39m &amp#27;[2m:&amp#27;[0;39m [Partition __consumer_offsets-6 broker=0] Log loaded for partition __consumer_offsets-6 with initial high watermark 0
&amp#27;[2m2025-08-15T21:33:17.430+05:30&amp#27;[0;39m &amp#27;[32m INFO&amp#27;[0;39m &amp#27;[35m4750&amp#27;[0;39m &amp#27;[2m---&amp#27;[0;39m &amp#27;[2m[r-event-handler]&amp#27;[0;39m &amp#27;[2m&amp#27;[0;39m&amp#27;[36mstate.change.logger                     &amp#27;[0;39m &amp#27;[2m:&amp#27;[0;39m [Broker id=0] Leader __consumer_offsets-6 with topic id Some(nwJA94HUSU-4J80Pd392Cg) starts at leader epoch 0 from offset 0 with partition epoch 0, high watermark 0, ISR [0], adding replicas [] and removing replicas [] . Previous leader None and previous leader epoch was -1.
&amp#27;[2m2025-08-15T21:33:17.434+05:30&amp#27;[0;39m &amp#27;[32m INFO&amp#27;[0;39m &amp#27;[35m4750&amp#27;[0;39m &amp#27;[2m---&amp#27;[0;39m &amp#27;[2m[ad | producer-1]&amp#27;[0;39m &amp#27;[2m&amp#27;[0;39m&amp#27;[36mo.a.k.c.p.internals.TransactionManager  &amp#27;[0;39m &amp#27;[2m:&amp#27;[0;39m [Producer clientId=producer-1] ProducerId set to 0 with epoch 0
&amp#27;[2m2025-08-15T21:33:17.435+05:30&amp#27;[0;39m &amp#27;[32m INFO&amp#27;[0;39m &amp#27;[35m4750&amp#27;[0;39m &amp#27;[2m---&amp#27;[0;39m &amp#27;[2m[r-event-handler]&amp#27;[0;39m &amp#27;[2m&amp#27;[0;39m&amp#27;[36mstate.change.logger                     &amp#27;[0;39m &amp#27;[2m:&amp#27;[0;39m [Broker id=0] Creating new partition __consumer_offsets-35 with topic id nwJA94HUSU-4J80Pd392Cg.
&amp#27;[2m2025-08-15T21:33:17.436+05:30&amp#27;[0;39m &amp#27;[32m INFO&amp#27;[0;39m &amp#27;[35m4750&amp#27;[0;39m &amp#27;[2m---&amp#27;[0;39m &amp#27;[2m[ntainer#0-0-C-1]&amp#27;[0;39m &amp#27;[2m&amp#27;[0;39m&amp#27;[36mo.a.k.c.c.internals.ConsumerCoordinator &amp#27;[0;39m &amp#27;[2m:&amp#27;[0;39m [Consumer clientId=consumer-midas-core-consumer-1, groupId=midas-core-consumer] Discovered group coordinator localhost:54128 (id: 2147483647 rack: null)
&amp#27;[2m2025-08-15T21:33:17.436+05:30&amp#27;[0;39m &amp#27;[32m INFO&amp#27;[0;39m &amp#27;[35m4750&amp#27;[0;39m &amp#27;[2m---&amp#27;[0;39m &amp#27;[2m[ntainer#0-0-C-1]&amp#27;[0;39m &amp#27;[2m&amp#27;[0;39m&amp#27;[36mo.a.k.c.c.internals.ConsumerCoordinator &amp#27;[0;39m &amp#27;[2m:&amp#27;[0;39m [Consumer clientId=consumer-midas-core-consumer-1, groupId=midas-core-consumer] Request joining group due to: rebalance failed due to 'This is not the correct coordinator.' (NotCoordinatorException)
&amp#27;[2m2025-08-15T21:33:17.436+05:30&amp#27;[0;39m &amp#27;[32m INFO&amp#27;[0;39m &amp#27;[35m4750&amp#27;[0;39m &amp#27;[2m---&amp#27;[0;39m &amp#27;[2m[ntainer#0-0-C-1]&amp#27;[0;39m &amp#27;[2m&amp#27;[0;39m&amp#27;[36mo.a.k.c.c.internals.ConsumerCoordinator &amp#27;[0;39m &amp#27;[2m:&amp#27;[0;39m [Consumer clientId=consumer-midas-core-consumer-1, groupId=midas-core-consumer] (Re-)joining group
&amp#27;[2m2025-08-15T21:33:17.436+05:30&amp#27;[0;39m &amp#27;[32m INFO&amp#27;[0;39m &amp#27;[35m4750&amp#27;[0;39m &amp#27;[2m---&amp#27;[0;39m &amp#27;[2m[r-event-handler]&amp#27;[0;39m &amp#27;[2m&amp#27;[0;39m&amp#27;[36mkafka.log.UnifiedLog$                   &amp#27;[0;39m &amp#27;[2m:&amp#27;[0;39m [LogLoader partition=__consumer_offsets-35, dir=/var/folders/yt/8yxf8rd12tscf0qk7fmq7n_m0000gn/T/kafka-14683256353376918148/broker_0_data0] Loading producer state till offset 0 with message format version 2
&amp#27;[2m2025-08-15T21:33:17.437+05:30&amp#27;[0;39m &amp#27;[32m INFO&amp#27;[0;39m &amp#27;[35m4750&amp#27;[0;39m &amp#27;[2m---&amp#27;[0;39m &amp#27;[2m[r-event-handler]&amp#27;[0;39m &amp#27;[2m&amp#27;[0;39m&amp#27;[36mkafka.log.LogManager                    &amp#27;[0;39m &amp#27;[2m:&amp#27;[0;39m Created log for partition __consumer_offsets-35 in /var/folders/yt/8yxf8rd12tscf0qk7fmq7n_m0000gn/T/kafka-14683256353376918148/broker_0_data0/__consumer_offsets-35 with properties {cleanup.policy=compact, compression.type="producer", segment.bytes=104857600}
&amp#27;[2m2025-08-15T21:33:17.437+05:30&amp#27;[0;39m &amp#27;[32m INFO&amp#27;[0;39m &amp#27;[35m4750&amp#27;[0;39m &amp#27;[2m---&amp#27;[0;39m &amp#27;[2m[r-event-handler]&amp#27;[0;39m &amp#27;[2m&amp#27;[0;39m&amp#27;[36mkafka.cluster.Partition                 &amp#27;[0;39m &amp#27;[2m:&amp#27;[0;39m [Partition __consumer_offsets-35 broker=0] No checkpointed highwatermark is found for partition __consumer_offsets-35
&amp#27;[2m2025-08-15T21:33:17.437+05:30&amp#27;[0;39m &amp#27;[32m INFO&amp#27;[0;39m &amp#27;[35m4750&amp#27;[0;39m &amp#27;[2m---&amp#27;[0;39m &amp#27;[2m[r-event-handler]&amp#27;[0;39m &amp#27;[2m&amp#27;[0;39m&amp#27;[36mkafka.cluster.Partition                 &amp#27;[0;39m &amp#27;[2m:&amp#27;[0;39m [Partition __consumer_offsets-35 broker=0] Log loaded for partition __consumer_offsets-35 with initial high watermark 0
&amp#27;[2m2025-08-15T21:33:17.437+05:30&amp#27;[0;39m &amp#27;[32m INFO&amp#27;[0;39m &amp#27;[35m4750&amp#27;[0;39m &amp#27;[2m---&amp#27;[0;39m &amp#27;[2m[r-event-handler]&amp#27;[0;39m &amp#27;[2m&amp#27;[0;39m&amp#27;[36mstate.change.logger                     &amp#27;[0;39m &amp#27;[2m:&amp#27;[0;39m [Broker id=0] Leader __consumer_offsets-35 with topic id Some(nwJA94HUSU-4J80Pd392Cg) starts at leader epoch 0 from offset 0 with partition epoch 0, high watermark 0, ISR [0], adding replicas [] and removing replicas [] . Previous leader None and previous leader epoch was -1.
&amp#27;[2m2025-08-15T21:33:17.438+05:30&amp#27;[0;39m &amp#27;[32m INFO&amp#27;[0;39m &amp#27;[35m4750&amp#27;[0;39m &amp#27;[2m---&amp#27;[0;39m &amp#27;[2m[ntainer#0-0-C-1]&amp#27;[0;39m &amp#27;[2m&amp#27;[0;39m&amp#27;[36mo.a.k.c.c.internals.ConsumerCoordinator &amp#27;[0;39m &amp#27;[2m:&amp#27;[0;39m [Consumer clientId=consumer-midas-core-consumer-1, groupId=midas-core-consumer] Group coordinator localhost:54128 (id: 2147483647 rack: null) is unavailable or invalid due to cause: error response NOT_COORDINATOR. isDisconnected: false. Rediscovery will be attempted.
&amp#27;[2m2025-08-15T21:33:17.438+05:30&amp#27;[0;39m &amp#27;[32m INFO&amp#27;[0;39m &amp#27;[35m4750&amp#27;[0;39m &amp#27;[2m---&amp#27;[0;39m &amp#27;[2m[ntainer#0-0-C-1]&amp#27;[0;39m &amp#27;[2m&amp#27;[0;39m&amp#27;[36mo.a.k.c.c.internals.ConsumerCoordinator &amp#27;[0;39m &amp#27;[2m:&amp#27;[0;39m [Consumer clientId=consumer-midas-core-consumer-1, groupId=midas-core-consumer] Requesting disconnect from last known coordinator localhost:54128 (id: 2147483647 rack: null)
&amp#27;[2m2025-08-15T21:33:17.438+05:30&amp#27;[0;39m &amp#27;[32m INFO&amp#27;[0;39m &amp#27;[35m4750&amp#27;[0;39m &amp#27;[2m---&amp#27;[0;39m &amp#27;[2m[ntainer#0-0-C-1]&amp#27;[0;39m &amp#27;[2m&amp#27;[0;39m&amp#27;[36mo.a.k.c.c.internals.ConsumerCoordinator &amp#27;[0;39m &amp#27;[2m:&amp#27;[0;39m [Consumer clientId=consumer-midas-core-consumer-1, groupId=midas-core-consumer] JoinGroup failed: This is not the correct coordinator. Marking coordinator unknown. Sent generation was Generation{generationId=-1, memberId='', protocol='null'}
&amp#27;[2m2025-08-15T21:33:17.438+05:30&amp#27;[0;39m &amp#27;[32m INFO&amp#27;[0;39m &amp#27;[35m4750&amp#27;[0;39m &amp#27;[2m---&amp#27;[0;39m &amp#27;[2m[ntainer#0-0-C-1]&amp#27;[0;39m &amp#27;[2m&amp#27;[0;39m&amp#27;[36morg.apache.kafka.clients.NetworkClient  &amp#27;[0;39m &amp#27;[2m:&amp#27;[0;39m [Consumer clientId=consumer-midas-core-consumer-1, groupId=midas-core-consumer] Client requested disconnect from node 2147483647
&amp#27;[2m2025-08-15T21:33:17.438+05:30&amp#27;[0;39m &amp#27;[32m INFO&amp#27;[0;39m &amp#27;[35m4750&amp#27;[0;39m &amp#27;[2m---&amp#27;[0;39m &amp#27;[2m[ntainer#0-0-C-1]&amp#27;[0;39m &amp#27;[2m&amp#27;[0;39m&amp#27;[36mo.a.k.c.c.internals.ConsumerCoordinator &amp#27;[0;39m &amp#27;[2m:&amp#27;[0;39m [Consumer clientId=consumer-midas-core-consumer-1, groupId=midas-core-consumer] Discovered group coordinator localhost:54128 (id: 2147483647 rack: null)
&amp#27;[2m2025-08-15T21:33:17.438+05:30&amp#27;[0;39m &amp#27;[32m INFO&amp#27;[0;39m &amp#27;[35m4750&amp#27;[0;39m &amp#27;[2m---&amp#27;[0;39m &amp#27;[2m[ntainer#0-0-C-1]&amp#27;[0;39m &amp#27;[2m&amp#27;[0;39m&amp#27;[36mo.a.k.c.c.internals.ConsumerCoordinator &amp#27;[0;39m &amp#27;[2m:&amp#27;[0;39m [Consumer clientId=consumer-midas-core-consumer-1, groupId=midas-core-consumer] Group coordinator localhost:54128 (id: 2147483647 rack: null) is unavailable or invalid due to cause: coordinator unavailable. isDisconnected: false. Rediscovery will be attempted.
&amp#27;[2m2025-08-15T21:33:17.438+05:30&amp#27;[0;39m &amp#27;[32m INFO&amp#27;[0;39m &amp#27;[35m4750&amp#27;[0;39m &amp#27;[2m---&amp#27;[0;39m &amp#27;[2m[ntainer#0-0-C-1]&amp#27;[0;39m &amp#27;[2m&amp#27;[0;39m&amp#27;[36mo.a.k.c.c.internals.ConsumerCoordinator &amp#27;[0;39m &amp#27;[2m:&amp#27;[0;39m [Consumer clientId=consumer-midas-core-consumer-1, groupId=midas-core-consumer] Requesting disconnect from last known coordinator localhost:54128 (id: 2147483647 rack: null)
&amp#27;[2m2025-08-15T21:33:17.443+05:30&amp#27;[0;39m &amp#27;[32m INFO&amp#27;[0;39m &amp#27;[35m4750&amp#27;[0;39m &amp#27;[2m---&amp#27;[0;39m &amp#27;[2m[r-event-handler]&amp#27;[0;39m &amp#27;[2m&amp#27;[0;39m&amp#27;[36mstate.change.logger                     &amp#27;[0;39m &amp#27;[2m:&amp#27;[0;39m [Broker id=0] Creating new partition __consumer_offsets-2 with topic id nwJA94HUSU-4J80Pd392Cg.
&amp#27;[2m2025-08-15T21:33:17.444+05:30&amp#27;[0;39m &amp#27;[32m INFO&amp#27;[0;39m &amp#27;[35m4750&amp#27;[0;39m &amp#27;[2m---&amp#27;[0;39m &amp#27;[2m[r-event-handler]&amp#27;[0;39m &amp#27;[2m&amp#27;[0;39m&amp#27;[36mkafka.log.UnifiedLog$                   &amp#27;[0;39m &amp#27;[2m:&amp#27;[0;39m [LogLoader partition=__consumer_offsets-2, dir=/var/folders/yt/8yxf8rd12tscf0qk7fmq7n_m0000gn/T/kafka-14683256353376918148/broker_0_data0] Loading producer state till offset 0 with message format version 2
&amp#27;[2m2025-08-15T21:33:17.444+05:30&amp#27;[0;39m &amp#27;[32m INFO&amp#27;[0;39m &amp#27;[35m4750&amp#27;[0;39m &amp#27;[2m---&amp#27;[0;39m &amp#27;[2m[r-event-handler]&amp#27;[0;39m &amp#27;[2m&amp#27;[0;39m&amp#27;[36mkafka.log.LogManager                    &amp#27;[0;39m &amp#27;[2m:&amp#27;[0;39m Created log for partition __consumer_offsets-2 in /var/folders/yt/8yxf8rd12tscf0qk7fmq7n_m0000gn/T/kafka-14683256353376918148/broker_0_data0/__consumer_offsets-2 with properties {cleanup.policy=compact, compression.type="producer", segment.bytes=104857600}
&amp#27;[2m2025-08-15T21:33:17.444+05:30&amp#27;[0;39m &amp#27;[32m INFO&amp#27;[0;39m &amp#27;[35m4750&amp#27;[0;39m &amp#27;[2m---&amp#27;[0;39m &amp#27;[2m[r-event-handler]&amp#27;[0;39m &amp#27;[2m&amp#27;[0;39m&amp#27;[36mkafka.cluster.Partition                 &amp#27;[0;39m &amp#27;[2m:&amp#27;[0;39m [Partition __consumer_offsets-2 broker=0] No checkpointed highwatermark is found for partition __consumer_offsets-2
&amp#27;[2m2025-08-15T21:33:17.444+05:30&amp#27;[0;39m &amp#27;[32m INFO&amp#27;[0;39m &amp#27;[35m4750&amp#27;[0;39m &amp#27;[2m---&amp#27;[0;39m &amp#27;[2m[r-event-handler]&amp#27;[0;39m &amp#27;[2m&amp#27;[0;39m&amp#27;[36mkafka.cluster.Partition                 &amp#27;[0;39m &amp#27;[2m:&amp#27;[0;39m [Partition __consumer_offsets-2 broker=0] Log loaded for partition __consumer_offsets-2 with initial high watermark 0
&amp#27;[2m2025-08-15T21:33:17.444+05:30&amp#27;[0;39m &amp#27;[32m INFO&amp#27;[0;39m &amp#27;[35m4750&amp#27;[0;39m &amp#27;[2m---&amp#27;[0;39m &amp#27;[2m[r-event-handler]&amp#27;[0;39m &amp#27;[2m&amp#27;[0;39m&amp#27;[36mstate.change.logger                     &amp#27;[0;39m &amp#27;[2m:&amp#27;[0;39m [Broker id=0] Leader __consumer_offsets-2 with topic id Some(nwJA94HUSU-4J80Pd392Cg) starts at leader epoch 0 from offset 0 with partition epoch 0, high watermark 0, ISR [0], adding replicas [] and removing replicas [] . Previous leader None and previous leader epoch was -1.
&amp#27;[2m2025-08-15T21:33:17.447+05:30&amp#27;[0;39m &amp#27;[32m INFO&amp#27;[0;39m &amp#27;[35m4750&amp#27;[0;39m &amp#27;[2m---&amp#27;[0;39m &amp#27;[2m[r-event-handler]&amp#27;[0;39m &amp#27;[2m&amp#27;[0;39m&amp#27;[36mk.coordinator.group.GroupCoordinator    &amp#27;[0;39m &amp#27;[2m:&amp#27;[0;39m [GroupCoordinator 0]: Elected as the group coordinator for partition 13 in epoch 0
&amp#27;[2m2025-08-15T21:33:17.447+05:30&amp#27;[0;39m &amp#27;[32m INFO&amp#27;[0;39m &amp#27;[35m4750&amp#27;[0;39m &amp#27;[2m---&amp#27;[0;39m &amp#27;[2m[r-event-handler]&amp#27;[0;39m &amp#27;[2m&amp#27;[0;39m&amp#27;[36mk.c.group.GroupMetadataManager          &amp#27;[0;39m &amp#27;[2m:&amp#27;[0;39m [GroupMetadataManager brokerId=0] Scheduling loading of offsets and group metadata from __consumer_offsets-13 for epoch 0
&amp#27;[2m2025-08-15T21:33:17.448+05:30&amp#27;[0;39m &amp#27;[32m INFO&amp#27;[0;39m &amp#27;[35m4750&amp#27;[0;39m &amp#27;[2m---&amp#27;[0;39m &amp#27;[2m[r-event-handler]&amp#27;[0;39m &amp#27;[2m&amp#27;[0;39m&amp#27;[36mk.coordinator.group.GroupCoordinator    &amp#27;[0;39m &amp#27;[2m:&amp#27;[0;39m [GroupCoordinator 0]: Elected as the group coordinator for partition 46 in epoch 0
&amp#27;[2m2025-08-15T21:33:17.448+05:30&amp#27;[0;39m &amp#27;[32m INFO&amp#27;[0;39m &amp#27;[35m4750&amp#27;[0;39m &amp#27;[2m---&amp#27;[0;39m &amp#27;[2m[r-event-handler]&amp#27;[0;39m &amp#27;[2m&amp#27;[0;39m&amp#27;[36mk.c.group.GroupMetadataManager          &amp#27;[0;39m &amp#27;[2m:&amp#27;[0;39m [GroupMetadataManager brokerId=0] Scheduling loading of offsets and group metadata from __consumer_offsets-46 for epoch 0
&amp#27;[2m2025-08-15T21:33:17.448+05:30&amp#27;[0;39m &amp#27;[32m INFO&amp#27;[0;39m &amp#27;[35m4750&amp#27;[0;39m &amp#27;[2m---&amp#27;[0;39m &amp#27;[2m[r-event-handler]&amp#27;[0;39m &amp#27;[2m&amp#27;[0;39m&amp#27;[36mk.coordinator.group.GroupCoordinator    &amp#27;[0;39m &amp#27;[2m:&amp#27;[0;39m [GroupCoordinator 0]: Elected as the group coordinator for partition 9 in epoch 0
&amp#27;[2m2025-08-15T21:33:17.448+05:30&amp#27;[0;39m &amp#27;[32m INFO&amp#27;[0;39m &amp#27;[35m4750&amp#27;[0;39m &amp#27;[2m---&amp#27;[0;39m &amp#27;[2m[r-event-handler]&amp#27;[0;39m &amp#27;[2m&amp#27;[0;39m&amp#27;[36mk.c.group.GroupMetadataManager          &amp#27;[0;39m &amp#27;[2m:&amp#27;[0;39m [GroupMetadataManager brokerId=0] Scheduling loading of offsets and group metadata from __consumer_offsets-9 for epoch 0
&amp#27;[2m2025-08-15T21:33:17.448+05:30&amp#27;[0;39m &amp#27;[32m INFO&amp#27;[0;39m &amp#27;[35m4750&amp#27;[0;39m &amp#27;[2m---&amp#27;[0;39m &amp#27;[2m[r-event-handler]&amp#27;[0;39m &amp#27;[2m&amp#27;[0;39m&amp#27;[36mk.coordinator.group.GroupCoordinator    &amp#27;[0;39m &amp#27;[2m:&amp#27;[0;39m [GroupCoordinator 0]: Elected as the group coordinator for partition 42 in epoch 0
&amp#27;[2m2025-08-15T21:33:17.448+05:30&amp#27;[0;39m &amp#27;[32m INFO&amp#27;[0;39m &amp#27;[35m4750&amp#27;[0;39m &amp#27;[2m---&amp#27;[0;39m &amp#27;[2m[r-event-handler]&amp#27;[0;39m &amp#27;[2m&amp#27;[0;39m&amp#27;[36mk.c.group.GroupMetadataManager          &amp#27;[0;39m &amp#27;[2m:&amp#27;[0;39m [GroupMetadataManager brokerId=0] Scheduling loading of offsets and group metadata from __consumer_offsets-42 for epoch 0
&amp#27;[2m2025-08-15T21:33:17.448+05:30&amp#27;[0;39m &amp#27;[32m INFO&amp#27;[0;39m &amp#27;[35m4750&amp#27;[0;39m &amp#27;[2m---&amp#27;[0;39m &amp#27;[2m[r-event-handler]&amp#27;[0;39m &amp#27;[2m&amp#27;[0;39m&amp#27;[36mk.coordinator.group.GroupCoordinator    &amp#27;[0;39m &amp#27;[2m:&amp#27;[0;39m [GroupCoordinator 0]: Elected as the group coordinator for partition 21 in epoch 0
&amp#27;[2m2025-08-15T21:33:17.448+05:30&amp#27;[0;39m &amp#27;[32m INFO&amp#27;[0;39m &amp#27;[35m4750&amp#27;[0;39m &amp#27;[2m---&amp#27;[0;39m &amp#27;[2m[r-event-handler]&amp#27;[0;39m &amp#27;[2m&amp#27;[0;39m&amp#27;[36mk.c.group.GroupMetadataManager          &amp#27;[0;39m &amp#27;[2m:&amp#27;[0;39m [GroupMetadataManager brokerId=0] Scheduling loading of offsets and group metadata from __consumer_offsets-21 for epoch 0
&amp#27;[2m2025-08-15T21:33:17.448+05:30&amp#27;[0;39m &amp#27;[32m INFO&amp#27;[0;39m &amp#27;[35m4750&amp#27;[0;39m &amp#27;[2m---&amp#27;[0;39m &amp#27;[2m[r-event-handler]&amp#27;[0;39m &amp#27;[2m&amp#27;[0;39m&amp#27;[36mk.coordinator.group.GroupCoordinator    &amp#27;[0;39m &amp#27;[2m:&amp#27;[0;39m [GroupCoordinator 0]: Elected as the group coordinator for partition 17 in epoch 0
&amp#27;[2m2025-08-15T21:33:17.448+05:30&amp#27;[0;39m &amp#27;[32m INFO&amp#27;[0;39m &amp#27;[35m4750&amp#27;[0;39m &amp#27;[2m---&amp#27;[0;39m &amp#27;[2m[r-event-handler]&amp#27;[0;39m &amp#27;[2m&amp#27;[0;39m&amp#27;[36mk.c.group.GroupMetadataManager          &amp#27;[0;39m &amp#27;[2m:&amp#27;[0;39m [GroupMetadataManager brokerId=0] Scheduling loading of offsets and group metadata from __consumer_offsets-17 for epoch 0
&amp#27;[2m2025-08-15T21:33:17.448+05:30&amp#27;[0;39m &amp#27;[32m INFO&amp#27;[0;39m &amp#27;[35m4750&amp#27;[0;39m &amp#27;[2m---&amp#27;[0;39m &amp#27;[2m[r-event-handler]&amp#27;[0;39m &amp#27;[2m&amp#27;[0;39m&amp#27;[36mk.coordinator.group.GroupCoordinator    &amp#27;[0;39m &amp#27;[2m:&amp#27;[0;39m [GroupCoordinator 0]: Elected as the group coordinator for partition 30 in epoch 0
&amp#27;[2m2025-08-15T21:33:17.448+05:30&amp#27;[0;39m &amp#27;[32m INFO&amp#27;[0;39m &amp#27;[35m4750&amp#27;[0;39m &amp#27;[2m---&amp#27;[0;39m &amp#27;[2m[r-event-handler]&amp#27;[0;39m &amp#27;[2m&amp#27;[0;39m&amp#27;[36mk.c.group.GroupMetadataManager          &amp#27;[0;39m &amp#27;[2m:&amp#27;[0;39m [GroupMetadataManager brokerId=0] Scheduling loading of offsets and group metadata from __consumer_offsets-30 for epoch 0
&amp#27;[2m2025-08-15T21:33:17.448+05:30&amp#27;[0;39m &amp#27;[32m INFO&amp#27;[0;39m &amp#27;[35m4750&amp#27;[0;39m &amp#27;[2m---&amp#27;[0;39m &amp#27;[2m[r-event-handler]&amp#27;[0;39m &amp#27;[2m&amp#27;[0;39m&amp#27;[36mk.coordinator.group.GroupCoordinator    &amp#27;[0;39m &amp#27;[2m:&amp#27;[0;39m [GroupCoordinator 0]: Elected as the group coordinator for partition 26 in epoch 0
&amp#27;[2m2025-08-15T21:33:17.448+05:30&amp#27;[0;39m &amp#27;[32m INFO&amp#27;[0;39m &amp#27;[35m4750&amp#27;[0;39m &amp#27;[2m---&amp#27;[0;39m &amp#27;[2m[r-event-handler]&amp#27;[0;39m &amp#27;[2m&amp#27;[0;39m&amp#27;[36mk.c.group.GroupMetadataManager          &amp#27;[0;39m &amp#27;[2m:&amp#27;[0;39m [GroupMetadataManager brokerId=0] Scheduling loading of offsets and group metadata from __consumer_offsets-26 for epoch 0
&amp#27;[2m2025-08-15T21:33:17.448+05:30&amp#27;[0;39m &amp#27;[32m INFO&amp#27;[0;39m &amp#27;[35m4750&amp#27;[0;39m &amp#27;[2m---&amp#27;[0;39m &amp#27;[2m[r-event-handler]&amp#27;[0;39m &amp#27;[2m&amp#27;[0;39m&amp#27;[36mk.coordinator.group.GroupCoordinator    &amp#27;[0;39m &amp#27;[2m:&amp#27;[0;39m [GroupCoordinator 0]: Elected as the group coordinator for partition 5 in epoch 0
&amp#27;[2m2025-08-15T21:33:17.448+05:30&amp#27;[0;39m &amp#27;[32m INFO&amp#27;[0;39m &amp#27;[35m4750&amp#27;[0;39m &amp#27;[2m---&amp#27;[0;39m &amp#27;[2m[r-event-handler]&amp#27;[0;39m &amp#27;[2m&amp#27;[0;39m&amp#27;[36mk.c.group.GroupMetadataManager          &amp#27;[0;39m &amp#27;[2m:&amp#27;[0;39m [GroupMetadataManager brokerId=0] Scheduling loading of offsets and group metadata from __consumer_offsets-5 for epoch 0
&amp#27;[2m2025-08-15T21:33:17.448+05:30&amp#27;[0;39m &amp#27;[32m INFO&amp#27;[0;39m &amp#27;[35m4750&amp#27;[0;39m &amp#27;[2m---&amp#27;[0;39m &amp#27;[2m[r-event-handler]&amp#27;[0;39m &amp#27;[2m&amp#27;[0;39m&amp#27;[36mk.coordinator.group.GroupCoordinator    &amp#27;[0;39m &amp#27;[2m:&amp#27;[0;39m [GroupCoordinator 0]: Elected as the group coordinator for partition 38 in epoch 0
&amp#27;[2m2025-08-15T21:33:17.448+05:30&amp#27;[0;39m &amp#27;[32m INFO&amp#27;[0;39m &amp#27;[35m4750&amp#27;[0;39m &amp#27;[2m---&amp#27;[0;39m &amp#27;[2m[r-event-handler]&amp#27;[0;39m &amp#27;[2m&amp#27;[0;39m&amp#27;[36mk.c.group.GroupMetadataManager          &amp#27;[0;39m &amp#27;[2m:&amp#27;[0;39m [GroupMetadataManager brokerId=0] Scheduling loading of offsets and group metadata from __consumer_offsets-38 for epoch 0
&amp#27;[2m2025-08-15T21:33:17.448+05:30&amp#27;[0;39m &amp#27;[32m INFO&amp#27;[0;39m &amp#27;[35m4750&amp#27;[0;39m &amp#27;[2m---&amp#27;[0;39m &amp#27;[2m[r-event-handler]&amp#27;[0;39m &amp#27;[2m&amp#27;[0;39m&amp#27;[36mk.coordinator.group.GroupCoordinator    &amp#27;[0;39m &amp#27;[2m:&amp#27;[0;39m [GroupCoordinator 0]: Elected as the group coordinator for partition 1 in epoch 0
&amp#27;[2m2025-08-15T21:33:17.448+05:30&amp#27;[0;39m &amp#27;[32m INFO&amp#27;[0;39m &amp#27;[35m4750&amp#27;[0;39m &amp#27;[2m---&amp#27;[0;39m &amp#27;[2m[r-event-handler]&amp#27;[0;39m &amp#27;[2m&amp#27;[0;39m&amp#27;[36mk.c.group.GroupMetadataManager          &amp#27;[0;39m &amp#27;[2m:&amp#27;[0;39m [GroupMetadataManager brokerId=0] Scheduling loading of offsets and group metadata from __consumer_offsets-1 for epoch 0
&amp#27;[2m2025-08-15T21:33:17.448+05:30&amp#27;[0;39m &amp#27;[32m INFO&amp#27;[0;39m &amp#27;[35m4750&amp#27;[0;39m &amp#27;[2m---&amp#27;[0;39m &amp#27;[2m[r-event-handler]&amp#27;[0;39m &amp#27;[2m&amp#27;[0;39m&amp#27;[36mk.coordinator.group.GroupCoordinator    &amp#27;[0;39m &amp#27;[2m:&amp#27;[0;39m [GroupCoordinator 0]: Elected as the group coordinator for partition 34 in epoch 0
&amp#27;[2m2025-08-15T21:33:17.448+05:30&amp#27;[0;39m &amp#27;[32m INFO&amp#27;[0;39m &amp#27;[35m4750&amp#27;[0;39m &amp#27;[2m---&amp#27;[0;39m &amp#27;[2m[r-event-handler]&amp#27;[0;39m &amp#27;[2m&amp#27;[0;39m&amp#27;[36mk.c.group.GroupMetadataManager          &amp#27;[0;39m &amp#27;[2m:&amp#27;[0;39m [GroupMetadataManager brokerId=0] Scheduling loading of offsets and group metadata from __consumer_offsets-34 for epoch 0
&amp#27;[2m2025-08-15T21:33:17.448+05:30&amp#27;[0;39m &amp#27;[32m INFO&amp#27;[0;39m &amp#27;[35m4750&amp#27;[0;39m &amp#27;[2m---&amp#27;[0;39m &amp#27;[2m[r-event-handler]&amp#27;[0;39m &amp#27;[2m&amp#27;[0;39m&amp#27;[36mk.coordinator.group.GroupCoordinator    &amp#27;[0;39m &amp#27;[2m:&amp#27;[0;39m [GroupCoordinator 0]: Elected as the group coordinator for partition 16 in epoch 0
&amp#27;[2m2025-08-15T21:33:17.448+05:30&amp#27;[0;39m &amp#27;[32m INFO&amp#27;[0;39m &amp#27;[35m4750&amp#27;[0;39m &amp#27;[2m---&amp#27;[0;39m &amp#27;[2m[r-event-handler]&amp#27;[0;39m &amp#27;[2m&amp#27;[0;39m&amp#27;[36mk.c.group.GroupMetadataManager          &amp#27;[0;39m &amp#27;[2m:&amp#27;[0;39m [GroupMetadataManager brokerId=0] Scheduling loading of offsets and group metadata from __consumer_offsets-16 for epoch 0
&amp#27;[2m2025-08-15T21:33:17.448+05:30&amp#27;[0;39m &amp#27;[32m INFO&amp#27;[0;39m &amp#27;[35m4750&amp#27;[0;39m &amp#27;[2m---&amp#27;[0;39m &amp#27;[2m[r-event-handler]&amp#27;[0;39m &amp#27;[2m&amp#27;[0;39m&amp#27;[36mk.coordinator.group.GroupCoordinator    &amp#27;[0;39m &amp#27;[2m:&amp#27;[0;39m [GroupCoordinator 0]: Elected as the group coordinator for partition 45 in epoch 0
&amp#27;[2m2025-08-15T21:33:17.448+05:30&amp#27;[0;39m &amp#27;[32m INFO&amp#27;[0;39m &amp#27;[35m4750&amp#27;[0;39m &amp#27;[2m---&amp#27;[0;39m &amp#27;[2m[r-event-handler]&amp#27;[0;39m &amp#27;[2m&amp#27;[0;39m&amp#27;[36mk.c.group.GroupMetadataManager          &amp#27;[0;39m &amp#27;[2m:&amp#27;[0;39m [GroupMetadataManager brokerId=0] Scheduling loading of offsets and group metadata from __consumer_offsets-45 for epoch 0
&amp#27;[2m2025-08-15T21:33:17.448+05:30&amp#27;[0;39m &amp#27;[32m INFO&amp#27;[0;39m &amp#27;[35m4750&amp#27;[0;39m &amp#27;[2m---&amp#27;[0;39m &amp#27;[2m[r-event-handler]&amp#27;[0;39m &amp#27;[2m&amp#27;[0;39m&amp#27;[36mk.coordinator.group.GroupCoordinator    &amp#27;[0;39m &amp#27;[2m:&amp#27;[0;39m [GroupCoordinator 0]: Elected as the group coordinator for partition 12 in epoch 0
&amp#27;[2m2025-08-15T21:33:17.448+05:30&amp#27;[0;39m &amp#27;[32m INFO&amp#27;[0;39m &amp#27;[35m4750&amp#27;[0;39m &amp#27;[2m---&amp#27;[0;39m &amp#27;[2m[r-event-handler]&amp#27;[0;39m &amp#27;[2m&amp#27;[0;39m&amp#27;[36mk.c.group.GroupMetadataManager          &amp#27;[0;39m &amp#27;[2m:&amp#27;[0;39m [GroupMetadataManager brokerId=0] Scheduling loading of offsets and group metadata from __consumer_offsets-12 for epoch 0
&amp#27;[2m2025-08-15T21:33:17.448+05:30&amp#27;[0;39m &amp#27;[32m INFO&amp#27;[0;39m &amp#27;[35m4750&amp#27;[0;39m &amp#27;[2m---&amp#27;[0;39m &amp#27;[2m[r-event-handler]&amp#27;[0;39m &amp#27;[2m&amp#27;[0;39m&amp#27;[36mk.coordinator.group.GroupCoordinator    &amp#27;[0;39m &amp#27;[2m:&amp#27;[0;39m [GroupCoordinator 0]: Elected as the group coordinator for partition 41 in epoch 0
&amp#27;[2m2025-08-15T21:33:17.448+05:30&amp#27;[0;39m &amp#27;[32m INFO&amp#27;[0;39m &amp#27;[35m4750&amp#27;[0;39m &amp#27;[2m---&amp#27;[0;39m &amp#27;[2m[r-event-handler]&amp#27;[0;39m &amp#27;[2m&amp#27;[0;39m&amp#27;[36mk.c.group.GroupMetadataManager          &amp#27;[0;39m &amp#27;[2m:&amp#27;[0;39m [GroupMetadataManager brokerId=0] Scheduling loading of offsets and group metadata from __consumer_offsets-41 for epoch 0
&amp#27;[2m2025-08-15T21:33:17.448+05:30&amp#27;[0;39m &amp#27;[32m INFO&amp#27;[0;39m &amp#27;[35m4750&amp#27;[0;39m &amp#27;[2m---&amp#27;[0;39m &amp#27;[2m[r-event-handler]&amp#27;[0;39m &amp#27;[2m&amp#27;[0;39m&amp#27;[36mk.coordinator.group.GroupCoordinator    &amp#27;[0;39m &amp#27;[2m:&amp#27;[0;39m [GroupCoordinator 0]: Elected as the group coordinator for partition 24 in epoch 0
&amp#27;[2m2025-08-15T21:33:17.448+05:30&amp#27;[0;39m &amp#27;[32m INFO&amp#27;[0;39m &amp#27;[35m4750&amp#27;[0;39m &amp#27;[2m---&amp#27;[0;39m &amp#27;[2m[r-event-handler]&amp#27;[0;39m &amp#27;[2m&amp#27;[0;39m&amp#27;[36mk.c.group.GroupMetadataManager          &amp#27;[0;39m &amp#27;[2m:&amp#27;[0;39m [GroupMetadataManager brokerId=0] Scheduling loading of offsets and group metadata from __consumer_offsets-24 for epoch 0
&amp#27;[2m2025-08-15T21:33:17.448+05:30&amp#27;[0;39m &amp#27;[32m INFO&amp#27;[0;39m &amp#27;[35m4750&amp#27;[0;39m &amp#27;[2m---&amp#27;[0;39m &amp#27;[2m[r-event-handler]&amp#27;[0;39m &amp#27;[2m&amp#27;[0;39m&amp#27;[36mk.coordinator.group.GroupCoordinator    &amp#27;[0;39m &amp#27;[2m:&amp#27;[0;39m [GroupCoordinator 0]: Elected as the group coordinator for partition 20 in epoch 0
&amp#27;[2m2025-08-15T21:33:17.448+05:30&amp#27;[0;39m &amp#27;[32m INFO&amp#27;[0;39m &amp#27;[35m4750&amp#27;[0;39m &amp#27;[2m---&amp#27;[0;39m &amp#27;[2m[r-event-handler]&amp#27;[0;39m &amp#27;[2m&amp#27;[0;39m&amp#27;[36mk.c.group.GroupMetadataManager          &amp#27;[0;39m &amp#27;[2m:&amp#27;[0;39m [GroupMetadataManager brokerId=0] Scheduling loading of offsets and group metadata from __consumer_offsets-20 for epoch 0
&amp#27;[2m2025-08-15T21:33:17.448+05:30&amp#27;[0;39m &amp#27;[32m INFO&amp#27;[0;39m &amp#27;[35m4750&amp#27;[0;39m &amp#27;[2m---&amp#27;[0;39m &amp#27;[2m[r-event-handler]&amp#27;[0;39m &amp#27;[2m&amp#27;[0;39m&amp#27;[36mk.coordinator.group.GroupCoordinator    &amp#27;[0;39m &amp#27;[2m:&amp#27;[0;39m [GroupCoordinator 0]: Elected as the group coordinator for partition 49 in epoch 0
&amp#27;[2m2025-08-15T21:33:17.448+05:30&amp#27;[0;39m &amp#27;[32m INFO&amp#27;[0;39m &amp#27;[35m4750&amp#27;[0;39m &amp#27;[2m---&amp#27;[0;39m &amp#27;[2m[r-event-handler]&amp#27;[0;39m &amp#27;[2m&amp#27;[0;39m&amp#27;[36mk.c.group.GroupMetadataManager          &amp#27;[0;39m &amp#27;[2m:&amp#27;[0;39m [GroupMetadataManager brokerId=0] Scheduling loading of offsets and group metadata from __consumer_offsets-49 for epoch 0
&amp#27;[2m2025-08-15T21:33:17.448+05:30&amp#27;[0;39m &amp#27;[32m INFO&amp#27;[0;39m &amp#27;[35m4750&amp#27;[0;39m &amp#27;[2m---&amp#27;[0;39m &amp#27;[2m[r-event-handler]&amp#27;[0;39m &amp#27;[2m&amp#27;[0;39m&amp#27;[36mk.coordinator.group.GroupCoordinator    &amp#27;[0;39m &amp#27;[2m:&amp#27;[0;39m [GroupCoordinator 0]: Elected as the group coordinator for partition 0 in epoch 0
&amp#27;[2m2025-08-15T21:33:17.448+05:30&amp#27;[0;39m &amp#27;[32m INFO&amp#27;[0;39m &amp#27;[35m4750&amp#27;[0;39m &amp#27;[2m---&amp#27;[0;39m &amp#27;[2m[r-event-handler]&amp#27;[0;39m &amp#27;[2m&amp#27;[0;39m&amp#27;[36mk.c.group.GroupMetadataManager          &amp#27;[0;39m &amp#27;[2m:&amp#27;[0;39m [GroupMetadataManager brokerId=0] Scheduling loading of offsets and group metadata from __consumer_offsets-0 for epoch 0
&amp#27;[2m2025-08-15T21:33:17.448+05:30&amp#27;[0;39m &amp#27;[32m INFO&amp#27;[0;39m &amp#27;[35m4750&amp#27;[0;39m &amp#27;[2m---&amp#27;[0;39m &amp#27;[2m[r-event-handler]&amp#27;[0;39m &amp#27;[2m&amp#27;[0;39m&amp#27;[36mk.coordinator.group.GroupCoordinator    &amp#27;[0;39m &amp#27;[2m:&amp#27;[0;39m [GroupCoordinator 0]: Elected as the group coordinator for partition 29 in epoch 0
&amp#27;[2m2025-08-15T21:33:17.448+05:30&amp#27;[0;39m &amp#27;[32m INFO&amp#27;[0;39m &amp#27;[35m4750&amp#27;[0;39m &amp#27;[2m---&amp#27;[0;39m &amp#27;[2m[r-event-handler]&amp#27;[0;39m &amp#27;[2m&amp#27;[0;39m&amp#27;[36mk.c.group.GroupMetadataManager          &amp#27;[0;39m &amp#27;[2m:&amp#27;[0;39m [GroupMetadataManager brokerId=0] Scheduling loading of offsets and group metadata from __consumer_offsets-29 for epoch 0
&amp#27;[2m2025-08-15T21:33:17.448+05:30&amp#27;[0;39m &amp#27;[32m INFO&amp#27;[0;39m &amp#27;[35m4750&amp#27;[0;39m &amp#27;[2m---&amp#27;[0;39m &amp#27;[2m[r-event-handler]&amp#27;[0;39m &amp#27;[2m&amp#27;[0;39m&amp#27;[36mk.coordinator.group.GroupCoordinator    &amp#27;[0;39m &amp#27;[2m:&amp#27;[0;39m [GroupCoordinator 0]: Elected as the group coordinator for partition 25 in epoch 0
&amp#27;[2m2025-08-15T21:33:17.448+05:30&amp#27;[0;39m &amp#27;[32m INFO&amp#27;[0;39m &amp#27;[35m4750&amp#27;[0;39m &amp#27;[2m---&amp#27;[0;39m &amp#27;[2m[r-event-handler]&amp#27;[0;39m &amp#27;[2m&amp#27;[0;39m&amp#27;[36mk.c.group.GroupMetadataManager          &amp#27;[0;39m &amp#27;[2m:&amp#27;[0;39m [GroupMetadataManager brokerId=0] Scheduling loading of offsets and group metadata from __consumer_offsets-25 for epoch 0
&amp#27;[2m2025-08-15T21:33:17.448+05:30&amp#27;[0;39m &amp#27;[32m INFO&amp#27;[0;39m &amp#27;[35m4750&amp#27;[0;39m &amp#27;[2m---&amp#27;[0;39m &amp#27;[2m[r-event-handler]&amp#27;[0;39m &amp#27;[2m&amp#27;[0;39m&amp#27;[36mk.coordinator.group.GroupCoordinator    &amp#27;[0;39m &amp#27;[2m:&amp#27;[0;39m [GroupCoordinator 0]: Elected as the group coordinator for partition 8 in epoch 0
&amp#27;[2m2025-08-15T21:33:17.448+05:30&amp#27;[0;39m &amp#27;[32m INFO&amp#27;[0;39m &amp#27;[35m4750&amp#27;[0;39m &amp#27;[2m---&amp#27;[0;39m &amp#27;[2m[r-event-handler]&amp#27;[0;39m &amp#27;[2m&amp#27;[0;39m&amp#27;[36mk.c.group.GroupMetadataManager          &amp#27;[0;39m &amp#27;[2m:&amp#27;[0;39m [GroupMetadataManager brokerId=0] Scheduling loading of offsets and group metadata from __consumer_offsets-8 for epoch 0
&amp#27;[2m2025-08-15T21:33:17.448+05:30&amp#27;[0;39m &amp#27;[32m INFO&amp#27;[0;39m &amp#27;[35m4750&amp#27;[0;39m &amp#27;[2m---&amp#27;[0;39m &amp#27;[2m[r-event-handler]&amp#27;[0;39m &amp#27;[2m&amp#27;[0;39m&amp#27;[36mk.coordinator.group.GroupCoordinator    &amp#27;[0;39m &amp#27;[2m:&amp#27;[0;39m [GroupCoordinator 0]: Elected as the group coordinator for partition 37 in epoch 0
&amp#27;[2m2025-08-15T21:33:17.448+05:30&amp#27;[0;39m &amp#27;[32m INFO&amp#27;[0;39m &amp#27;[35m4750&amp#27;[0;39m &amp#27;[2m---&amp#27;[0;39m &amp#27;[2m[r-event-handler]&amp#27;[0;39m &amp#27;[2m&amp#27;[0;39m&amp#27;[36mk.c.group.GroupMetadataManager          &amp#27;[0;39m &amp#27;[2m:&amp#27;[0;39m [GroupMetadataManager brokerId=0] Scheduling loading of offsets and group metadata from __consumer_offsets-37 for epoch 0
&amp#27;[2m2025-08-15T21:33:17.448+05:30&amp#27;[0;39m &amp#27;[32m INFO&amp#27;[0;39m &amp#27;[35m4750&amp#27;[0;39m &amp#27;[2m---&amp#27;[0;39m &amp#27;[2m[r-event-handler]&amp#27;[0;39m &amp#27;[2m&amp#27;[0;39m&amp#27;[36mk.coordinator.group.GroupCoordinator    &amp#27;[0;39m &amp#27;[2m:&amp#27;[0;39m [GroupCoordinator 0]: Elected as the group coordinator for partition 4 in epoch 0
&amp#27;[2m2025-08-15T21:33:17.448+05:30&amp#27;[0;39m &amp#27;[32m INFO&amp#27;[0;39m &amp#27;[35m4750&amp#27;[0;39m &amp#27;[2m---&amp#27;[0;39m &amp#27;[2m[r-event-handler]&amp#27;[0;39m &amp#27;[2m&amp#27;[0;39m&amp#27;[36mk.c.group.GroupMetadataManager          &amp#27;[0;39m &amp#27;[2m:&amp#27;[0;39m [GroupMetadataManager brokerId=0] Scheduling loading of offsets and group metadata from __consumer_offsets-4 for epoch 0
&amp#27;[2m2025-08-15T21:33:17.448+05:30&amp#27;[0;39m &amp#27;[32m INFO&amp#27;[0;39m &amp#27;[35m4750&amp#27;[0;39m &amp#27;[2m---&amp#27;[0;39m &amp#27;[2m[r-event-handler]&amp#27;[0;39m &amp#27;[2m&amp#27;[0;39m&amp#27;[36mk.coordinator.group.GroupCoordinator    &amp#27;[0;39m &amp#27;[2m:&amp#27;[0;39m [GroupCoordinator 0]: Elected as the group coordinator for partition 33 in epoch 0
&amp#27;[2m2025-08-15T21:33:17.448+05:30&amp#27;[0;39m &amp#27;[32m INFO&amp#27;[0;39m &amp#27;[35m4750&amp#27;[0;39m &amp#27;[2m---&amp#27;[0;39m &amp#27;[2m[r-event-handler]&amp#27;[0;39m &amp#27;[2m&amp#27;[0;39m&amp#27;[36mk.c.group.GroupMetadataManager          &amp#27;[0;39m &amp#27;[2m:&amp#27;[0;39m [GroupMetadataManager brokerId=0] Scheduling loading of offsets and group metadata from __consumer_offsets-33 for epoch 0
&amp#27;[2m2025-08-15T21:33:17.448+05:30&amp#27;[0;39m &amp#27;[32m INFO&amp#27;[0;39m &amp#27;[35m4750&amp#27;[0;39m &amp#27;[2m---&amp#27;[0;39m &amp#27;[2m[r-event-handler]&amp#27;[0;39m &amp#27;[2m&amp#27;[0;39m&amp#27;[36mk.coordinator.group.GroupCoordinator    &amp#27;[0;39m &amp#27;[2m:&amp#27;[0;39m [GroupCoordinator 0]: Elected as the group coordinator for partition 15 in epoch 0
&amp#27;[2m2025-08-15T21:33:17.448+05:30&amp#27;[0;39m &amp#27;[32m INFO&amp#27;[0;39m &amp#27;[35m4750&amp#27;[0;39m &amp#27;[2m---&amp#27;[0;39m &amp#27;[2m[r-event-handler]&amp#27;[0;39m &amp#27;[2m&amp#27;[0;39m&amp#27;[36mk.c.group.GroupMetadataManager          &amp#27;[0;39m &amp#27;[2m:&amp#27;[0;39m [GroupMetadataManager brokerId=0] Scheduling loading of offsets and group metadata from __consumer_offsets-15 for epoch 0
&amp#27;[2m2025-08-15T21:33:17.448+05:30&amp#27;[0;39m &amp#27;[32m INFO&amp#27;[0;39m &amp#27;[35m4750&amp#27;[0;39m &amp#27;[2m---&amp#27;[0;39m &amp#27;[2m[r-event-handler]&amp#27;[0;39m &amp#27;[2m&amp#27;[0;39m&amp#27;[36mk.coordinator.group.GroupCoordinator    &amp#27;[0;39m &amp#27;[2m:&amp#27;[0;39m [GroupCoordinator 0]: Elected as the group coordinator for partition 48 in epoch 0
&amp#27;[2m2025-08-15T21:33:17.448+05:30&amp#27;[0;39m &amp#27;[32m INFO&amp#27;[0;39m &amp#27;[35m4750&amp#27;[0;39m &amp#27;[2m---&amp#27;[0;39m &amp#27;[2m[r-event-handler]&amp#27;[0;39m &amp#27;[2m&amp#27;[0;39m&amp#27;[36mk.c.group.GroupMetadataManager          &amp#27;[0;39m &amp#27;[2m:&amp#27;[0;39m [GroupMetadataManager brokerId=0] Scheduling loading of offsets and group metadata from __consumer_offsets-48 for epoch 0
&amp#27;[2m2025-08-15T21:33:17.448+05:30&amp#27;[0;39m &amp#27;[32m INFO&amp#27;[0;39m &amp#27;[35m4750&amp#27;[0;39m &amp#27;[2m---&amp#27;[0;39m &amp#27;[2m[r-event-handler]&amp#27;[0;39m &amp#27;[2m&amp#27;[0;39m&amp#27;[36mk.coordinator.group.GroupCoordinator    &amp#27;[0;39m &amp#27;[2m:&amp#27;[0;39m [GroupCoordinator 0]: Elected as the group coordinator for partition 11 in epoch 0
&amp#27;[2m2025-08-15T21:33:17.448+05:30&amp#27;[0;39m &amp#27;[32m INFO&amp#27;[0;39m &amp#27;[35m4750&amp#27;[0;39m &amp#27;[2m---&amp#27;[0;39m &amp#27;[2m[r-event-handler]&amp#27;[0;39m &amp#27;[2m&amp#27;[0;39m&amp#27;[36mk.c.group.GroupMetadataManager          &amp#27;[0;39m &amp#27;[2m:&amp#27;[0;39m [GroupMetadataManager brokerId=0] Scheduling loading of offsets and group metadata from __consumer_offsets-11 for epoch 0
&amp#27;[2m2025-08-15T21:33:17.448+05:30&amp#27;[0;39m &amp#27;[32m INFO&amp#27;[0;39m &amp#27;[35m4750&amp#27;[0;39m &amp#27;[2m---&amp#27;[0;39m &amp#27;[2m[r-event-handler]&amp#27;[0;39m &amp#27;[2m&amp#27;[0;39m&amp#27;[36mk.coordinator.group.GroupCoordinator    &amp#27;[0;39m &amp#27;[2m:&amp#27;[0;39m [GroupCoordinator 0]: Elected as the group coordinator for partition 44 in epoch 0
&amp#27;[2m2025-08-15T21:33:17.448+05:30&amp#27;[0;39m &amp#27;[32m INFO&amp#27;[0;39m &amp#27;[35m4750&amp#27;[0;39m &amp#27;[2m---&amp#27;[0;39m &amp#27;[2m[r-event-handler]&amp#27;[0;39m &amp#27;[2m&amp#27;[0;39m&amp#27;[36mk.c.group.GroupMetadataManager          &amp#27;[0;39m &amp#27;[2m:&amp#27;[0;39m [GroupMetadataManager brokerId=0] Scheduling loading of offsets and group metadata from __consumer_offsets-44 for epoch 0
&amp#27;[2m2025-08-15T21:33:17.448+05:30&amp#27;[0;39m &amp#27;[32m INFO&amp#27;[0;39m &amp#27;[35m4750&amp#27;[0;39m &amp#27;[2m---&amp#27;[0;39m &amp#27;[2m[r-event-handler]&amp#27;[0;39m &amp#27;[2m&amp#27;[0;39m&amp#27;[36mk.coordinator.group.GroupCoordinator    &amp#27;[0;39m &amp#27;[2m:&amp#27;[0;39m [GroupCoordinator 0]: Elected as the group coordinator for partition 23 in epoch 0
&amp#27;[2m2025-08-15T21:33:17.448+05:30&amp#27;[0;39m &amp#27;[32m INFO&amp#27;[0;39m &amp#27;[35m4750&amp#27;[0;39m &amp#27;[2m---&amp#27;[0;39m &amp#27;[2m[r-event-handler]&amp#27;[0;39m &amp#27;[2m&amp#27;[0;39m&amp#27;[36mk.c.group.GroupMetadataManager          &amp#27;[0;39m &amp#27;[2m:&amp#27;[0;39m [GroupMetadataManager brokerId=0] Scheduling loading of offsets and group metadata from __consumer_offsets-23 for epoch 0
&amp#27;[2m2025-08-15T21:33:17.448+05:30&amp#27;[0;39m &amp#27;[32m INFO&amp#27;[0;39m &amp#27;[35m4750&amp#27;[0;39m &amp#27;[2m---&amp#27;[0;39m &amp#27;[2m[r-event-handler]&amp#27;[0;39m &amp#27;[2m&amp#27;[0;39m&amp#27;[36mk.coordinator.group.GroupCoordinator    &amp#27;[0;39m &amp#27;[2m:&amp#27;[0;39m [GroupCoordinator 0]: Elected as the group coordinator for partition 19 in epoch 0
&amp#27;[2m2025-08-15T21:33:17.448+05:30&amp#27;[0;39m &amp#27;[32m INFO&amp#27;[0;39m &amp#27;[35m4750&amp#27;[0;39m &amp#27;[2m---&amp#27;[0;39m &amp#27;[2m[r-event-handler]&amp#27;[0;39m &amp#27;[2m&amp#27;[0;39m&amp#27;[36mk.c.group.GroupMetadataManager          &amp#27;[0;39m &amp#27;[2m:&amp#27;[0;39m [GroupMetadataManager brokerId=0] Scheduling loading of offsets and group metadata from __consumer_offsets-19 for epoch 0
&amp#27;[2m2025-08-15T21:33:17.448+05:30&amp#27;[0;39m &amp#27;[32m INFO&amp#27;[0;39m &amp#27;[35m4750&amp#27;[0;39m &amp#27;[2m---&amp#27;[0;39m &amp#27;[2m[r-event-handler]&amp#27;[0;39m &amp#27;[2m&amp#27;[0;39m&amp#27;[36mk.coordinator.group.GroupCoordinator    &amp#27;[0;39m &amp#27;[2m:&amp#27;[0;39m [GroupCoordinator 0]: Elected as the group coordinator for partition 32 in epoch 0
&amp#27;[2m2025-08-15T21:33:17.448+05:30&amp#27;[0;39m &amp#27;[32m INFO&amp#27;[0;39m &amp#27;[35m4750&amp#27;[0;39m &amp#27;[2m---&amp#27;[0;39m &amp#27;[2m[r-event-handler]&amp#27;[0;39m &amp#27;[2m&amp#27;[0;39m&amp#27;[36mk.c.group.GroupMetadataManager          &amp#27;[0;39m &amp#27;[2m:&amp#27;[0;39m [GroupMetadataManager brokerId=0] Scheduling loading of offsets and group metadata from __consumer_offsets-32 for epoch 0
&amp#27;[2m2025-08-15T21:33:17.448+05:30&amp#27;[0;39m &amp#27;[32m INFO&amp#27;[0;39m &amp#27;[35m4750&amp#27;[0;39m &amp#27;[2m---&amp#27;[0;39m &amp#27;[2m[r-event-handler]&amp#27;[0;39m &amp#27;[2m&amp#27;[0;39m&amp#27;[36mk.coordinator.group.GroupCoordinator    &amp#27;[0;39m &amp#27;[2m:&amp#27;[0;39m [GroupCoordinator 0]: Elected as the group coordinator for partition 28 in epoch 0
&amp#27;[2m2025-08-15T21:33:17.448+05:30&amp#27;[0;39m &amp#27;[32m INFO&amp#27;[0;39m &amp#27;[35m4750&amp#27;[0;39m &amp#27;[2m---&amp#27;[0;39m &amp#27;[2m[r-event-handler]&amp#27;[0;39m &amp#27;[2m&amp#27;[0;39m&amp#27;[36mk.c.group.GroupMetadataManager          &amp#27;[0;39m &amp#27;[2m:&amp#27;[0;39m [GroupMetadataManager brokerId=0] Scheduling loading of offsets and group metadata from __consumer_offsets-28 for epoch 0
&amp#27;[2m2025-08-15T21:33:17.449+05:30&amp#27;[0;39m &amp#27;[32m INFO&amp#27;[0;39m &amp#27;[35m4750&amp#27;[0;39m &amp#27;[2m---&amp#27;[0;39m &amp#27;[2m[r-event-handler]&amp#27;[0;39m &amp#27;[2m&amp#27;[0;39m&amp#27;[36mk.coordinator.group.GroupCoordinator    &amp#27;[0;39m &amp#27;[2m:&amp#27;[0;39m [GroupCoordinator 0]: Elected as the group coordinator for partition 7 in epoch 0
&amp#27;[2m2025-08-15T21:33:17.449+05:30&amp#27;[0;39m &amp#27;[32m INFO&amp#27;[0;39m &amp#27;[35m4750&amp#27;[0;39m &amp#27;[2m---&amp#27;[0;39m &amp#27;[2m[r-event-handler]&amp#27;[0;39m &amp#27;[2m&amp#27;[0;39m&amp#27;[36mk.c.group.GroupMetadataManager          &amp#27;[0;39m &amp#27;[2m:&amp#27;[0;39m [GroupMetadataManager brokerId=0] Scheduling loading of offsets and group metadata from __consumer_offsets-7 for epoch 0
&amp#27;[2m2025-08-15T21:33:17.449+05:30&amp#27;[0;39m &amp#27;[32m INFO&amp#27;[0;39m &amp#27;[35m4750&amp#27;[0;39m &amp#27;[2m---&amp#27;[0;39m &amp#27;[2m[r-event-handler]&amp#27;[0;39m &amp#27;[2m&amp#27;[0;39m&amp#27;[36mk.coordinator.group.GroupCoordinator    &amp#27;[0;39m &amp#27;[2m:&amp#27;[0;39m [GroupCoordinator 0]: Elected as the group coordinator for partition 40 in epoch 0
&amp#27;[2m2025-08-15T21:33:17.449+05:30&amp#27;[0;39m &amp#27;[32m INFO&amp#27;[0;39m &amp#27;[35m4750&amp#27;[0;39m &amp#27;[2m---&amp#27;[0;39m &amp#27;[2m[r-event-handler]&amp#27;[0;39m &amp#27;[2m&amp#27;[0;39m&amp#27;[36mk.c.group.GroupMetadataManager          &amp#27;[0;39m &amp#27;[2m:&amp#27;[0;39m [GroupMetadataManager brokerId=0] Scheduling loading of offsets and group metadata from __consumer_offsets-40 for epoch 0
&amp#27;[2m2025-08-15T21:33:17.449+05:30&amp#27;[0;39m &amp#27;[32m INFO&amp#27;[0;39m &amp#27;[35m4750&amp#27;[0;39m &amp#27;[2m---&amp#27;[0;39m &amp#27;[2m[r-event-handler]&amp#27;[0;39m &amp#27;[2m&amp#27;[0;39m&amp#27;[36mk.coordinator.group.GroupCoordinator    &amp#27;[0;39m &amp#27;[2m:&amp#27;[0;39m [GroupCoordinator 0]: Elected as the group coordinator for partition 3 in epoch 0
&amp#27;[2m2025-08-15T21:33:17.449+05:30&amp#27;[0;39m &amp#27;[32m INFO&amp#27;[0;39m &amp#27;[35m4750&amp#27;[0;39m &amp#27;[2m---&amp#27;[0;39m &amp#27;[2m[r-event-handler]&amp#27;[0;39m &amp#27;[2m&amp#27;[0;39m&amp#27;[36mk.c.group.GroupMetadataManager          &amp#27;[0;39m &amp#27;[2m:&amp#27;[0;39m [GroupMetadataManager brokerId=0] Scheduling loading of offsets and group metadata from __consumer_offsets-3 for epoch 0
&amp#27;[2m2025-08-15T21:33:17.449+05:30&amp#27;[0;39m &amp#27;[32m INFO&amp#27;[0;39m &amp#27;[35m4750&amp#27;[0;39m &amp#27;[2m---&amp#27;[0;39m &amp#27;[2m[r-event-handler]&amp#27;[0;39m &amp#27;[2m&amp#27;[0;39m&amp#27;[36mk.coordinator.group.GroupCoordinator    &amp#27;[0;39m &amp#27;[2m:&amp#27;[0;39m [GroupCoordinator 0]: Elected as the group coordinator for partition 36 in epoch 0
&amp#27;[2m2025-08-15T21:33:17.449+05:30&amp#27;[0;39m &amp#27;[32m INFO&amp#27;[0;39m &amp#27;[35m4750&amp#27;[0;39m &amp#27;[2m---&amp#27;[0;39m &amp#27;[2m[r-event-handler]&amp#27;[0;39m &amp#27;[2m&amp#27;[0;39m&amp#27;[36mk.c.group.GroupMetadataManager          &amp#27;[0;39m &amp#27;[2m:&amp#27;[0;39m [GroupMetadataManager brokerId=0] Scheduling loading of offsets and group metadata from __consumer_offsets-36 for epoch 0
&amp#27;[2m2025-08-15T21:33:17.449+05:30&amp#27;[0;39m &amp#27;[32m INFO&amp#27;[0;39m &amp#27;[35m4750&amp#27;[0;39m &amp#27;[2m---&amp#27;[0;39m &amp#27;[2m[r-event-handler]&amp#27;[0;39m &amp#27;[2m&amp#27;[0;39m&amp#27;[36mk.coordinator.group.GroupCoordinator    &amp#27;[0;39m &amp#27;[2m:&amp#27;[0;39m [GroupCoordinator 0]: Elected as the group coordinator for partition 47 in epoch 0
&amp#27;[2m2025-08-15T21:33:17.449+05:30&amp#27;[0;39m &amp#27;[32m INFO&amp#27;[0;39m &amp#27;[35m4750&amp#27;[0;39m &amp#27;[2m---&amp#27;[0;39m &amp#27;[2m[r-event-handler]&amp#27;[0;39m &amp#27;[2m&amp#27;[0;39m&amp#27;[36mk.c.group.GroupMetadataManager          &amp#27;[0;39m &amp#27;[2m:&amp#27;[0;39m [GroupMetadataManager brokerId=0] Scheduling loading of offsets and group metadata from __consumer_offsets-47 for epoch 0
&amp#27;[2m2025-08-15T21:33:17.449+05:30&amp#27;[0;39m &amp#27;[32m INFO&amp#27;[0;39m &amp#27;[35m4750&amp#27;[0;39m &amp#27;[2m---&amp#27;[0;39m &amp#27;[2m[r-event-handler]&amp#27;[0;39m &amp#27;[2m&amp#27;[0;39m&amp#27;[36mk.coordinator.group.GroupCoordinator    &amp#27;[0;39m &amp#27;[2m:&amp#27;[0;39m [GroupCoordinator 0]: Elected as the group coordinator for partition 14 in epoch 0
&amp#27;[2m2025-08-15T21:33:17.449+05:30&amp#27;[0;39m &amp#27;[32m INFO&amp#27;[0;39m &amp#27;[35m4750&amp#27;[0;39m &amp#27;[2m---&amp#27;[0;39m &amp#27;[2m[r-event-handler]&amp#27;[0;39m &amp#27;[2m&amp#27;[0;39m&amp#27;[36mk.c.group.GroupMetadataManager          &amp#27;[0;39m &amp#27;[2m:&amp#27;[0;39m [GroupMetadataManager brokerId=0] Scheduling loading of offsets and group metadata from __consumer_offsets-14 for epoch 0
&amp#27;[2m2025-08-15T21:33:17.449+05:30&amp#27;[0;39m &amp#27;[32m INFO&amp#27;[0;39m &amp#27;[35m4750&amp#27;[0;39m &amp#27;[2m---&amp#27;[0;39m &amp#27;[2m[r-event-handler]&amp#27;[0;39m &amp#27;[2m&amp#27;[0;39m&amp#27;[36mk.coordinator.group.GroupCoordinator    &amp#27;[0;39m &amp#27;[2m:&amp#27;[0;39m [GroupCoordinator 0]: Elected as the group coordinator for partition 43 in epoch 0
&amp#27;[2m2025-08-15T21:33:17.449+05:30&amp#27;[0;39m &amp#27;[32m INFO&amp#27;[0;39m &amp#27;[35m4750&amp#27;[0;39m &amp#27;[2m---&amp#27;[0;39m &amp#27;[2m[r-event-handler]&amp#27;[0;39m &amp#27;[2m&amp#27;[0;39m&amp#27;[36mk.c.group.GroupMetadataManager          &amp#27;[0;39m &amp#27;[2m:&amp#27;[0;39m [GroupMetadataManager brokerId=0] Scheduling loading of offsets and group metadata from __consumer_offsets-43 for epoch 0
&amp#27;[2m2025-08-15T21:33:17.449+05:30&amp#27;[0;39m &amp#27;[32m INFO&amp#27;[0;39m &amp#27;[35m4750&amp#27;[0;39m &amp#27;[2m---&amp#27;[0;39m &amp#27;[2m[r-event-handler]&amp#27;[0;39m &amp#27;[2m&amp#27;[0;39m&amp#27;[36mk.coordinator.group.GroupCoordinator    &amp#27;[0;39m &amp#27;[2m:&amp#27;[0;39m [GroupCoordinator 0]: Elected as the group coordinator for partition 10 in epoch 0
&amp#27;[2m2025-08-15T21:33:17.449+05:30&amp#27;[0;39m &amp#27;[32m INFO&amp#27;[0;39m &amp#27;[35m4750&amp#27;[0;39m &amp#27;[2m---&amp#27;[0;39m &amp#27;[2m[r-event-handler]&amp#27;[0;39m &amp#27;[2m&amp#27;[0;39m&amp#27;[36mk.c.group.GroupMetadataManager          &amp#27;[0;39m &amp#27;[2m:&amp#27;[0;39m [GroupMetadataManager brokerId=0] Scheduling loading of offsets and group metadata from __consumer_offsets-10 for epoch 0
&amp#27;[2m2025-08-15T21:33:17.449+05:30&amp#27;[0;39m &amp#27;[32m INFO&amp#27;[0;39m &amp#27;[35m4750&amp#27;[0;39m &amp#27;[2m---&amp#27;[0;39m &amp#27;[2m[r-event-handler]&amp#27;[0;39m &amp#27;[2m&amp#27;[0;39m&amp#27;[36mk.coordinator.group.GroupCoordinator    &amp#27;[0;39m &amp#27;[2m:&amp#27;[0;39m [GroupCoordinator 0]: Elected as the group coordinator for partition 22 in epoch 0
&amp#27;[2m2025-08-15T21:33:17.449+05:30&amp#27;[0;39m &amp#27;[32m INFO&amp#27;[0;39m &amp#27;[35m4750&amp#27;[0;39m &amp#27;[2m---&amp#27;[0;39m &amp#27;[2m[r-event-handler]&amp#27;[0;39m &amp#27;[2m&amp#27;[0;39m&amp#27;[36mk.c.group.GroupMetadataManager          &amp#27;[0;39m &amp#27;[2m:&amp#27;[0;39m [GroupMetadataManager brokerId=0] Scheduling loading of offsets and group metadata from __consumer_offsets-22 for epoch 0
&amp#27;[2m2025-08-15T21:33:17.449+05:30&amp#27;[0;39m &amp#27;[32m INFO&amp#27;[0;39m &amp#27;[35m4750&amp#27;[0;39m &amp#27;[2m---&amp#27;[0;39m &amp#27;[2m[r-event-handler]&amp#27;[0;39m &amp#27;[2m&amp#27;[0;39m&amp#27;[36mk.coordinator.group.GroupCoordinator    &amp#27;[0;39m &amp#27;[2m:&amp#27;[0;39m [GroupCoordinator 0]: Elected as the group coordinator for partition 18 in epoch 0
&amp#27;[2m2025-08-15T21:33:17.449+05:30&amp#27;[0;39m &amp#27;[32m INFO&amp#27;[0;39m &amp#27;[35m4750&amp#27;[0;39m &amp#27;[2m---&amp#27;[0;39m &amp#27;[2m[r-event-handler]&amp#27;[0;39m &amp#27;[2m&amp#27;[0;39m&amp#27;[36mk.c.group.GroupMetadataManager          &amp#27;[0;39m &amp#27;[2m:&amp#27;[0;39m [GroupMetadataManager brokerId=0] Scheduling loading of offsets and group metadata from __consumer_offsets-18 for epoch 0
&amp#27;[2m2025-08-15T21:33:17.449+05:30&amp#27;[0;39m &amp#27;[32m INFO&amp#27;[0;39m &amp#27;[35m4750&amp#27;[0;39m &amp#27;[2m---&amp#27;[0;39m &amp#27;[2m[r-event-handler]&amp#27;[0;39m &amp#27;[2m&amp#27;[0;39m&amp#27;[36mk.coordinator.group.GroupCoordinator    &amp#27;[0;39m &amp#27;[2m:&amp#27;[0;39m [GroupCoordinator 0]: Elected as the group coordinator for partition 31 in epoch 0
&amp#27;[2m2025-08-15T21:33:17.449+05:30&amp#27;[0;39m &amp#27;[32m INFO&amp#27;[0;39m &amp#27;[35m4750&amp#27;[0;39m &amp#27;[2m---&amp#27;[0;39m &amp#27;[2m[r-event-handler]&amp#27;[0;39m &amp#27;[2m&amp#27;[0;39m&amp#27;[36mk.c.group.GroupMetadataManager          &amp#27;[0;39m &amp#27;[2m:&amp#27;[0;39m [GroupMetadataManager brokerId=0] Scheduling loading of offsets and group metadata from __consumer_offsets-31 for epoch 0
&amp#27;[2m2025-08-15T21:33:17.450+05:30&amp#27;[0;39m &amp#27;[32m INFO&amp#27;[0;39m &amp#27;[35m4750&amp#27;[0;39m &amp#27;[2m---&amp#27;[0;39m &amp#27;[2m[r-event-handler]&amp#27;[0;39m &amp#27;[2m&amp#27;[0;39m&amp#27;[36mk.coordinator.group.GroupCoordinator    &amp#27;[0;39m &amp#27;[2m:&amp#27;[0;39m [GroupCoordinator 0]: Elected as the group coordinator for partition 27 in epoch 0
&amp#27;[2m2025-08-15T21:33:17.450+05:30&amp#27;[0;39m &amp#27;[32m INFO&amp#27;[0;39m &amp#27;[35m4750&amp#27;[0;39m &amp#27;[2m---&amp#27;[0;39m &amp#27;[2m[r-event-handler]&amp#27;[0;39m &amp#27;[2m&amp#27;[0;39m&amp#27;[36mk.c.group.GroupMetadataManager          &amp#27;[0;39m &amp#27;[2m:&amp#27;[0;39m [GroupMetadataManager brokerId=0] Scheduling loading of offsets and group metadata from __consumer_offsets-27 for epoch 0
&amp#27;[2m2025-08-15T21:33:17.450+05:30&amp#27;[0;39m &amp#27;[32m INFO&amp#27;[0;39m &amp#27;[35m4750&amp#27;[0;39m &amp#27;[2m---&amp#27;[0;39m &amp#27;[2m[r-event-handler]&amp#27;[0;39m &amp#27;[2m&amp#27;[0;39m&amp#27;[36mk.coordinator.group.GroupCoordinator    &amp#27;[0;39m &amp#27;[2m:&amp#27;[0;39m [GroupCoordinator 0]: Elected as the group coordinator for partition 39 in epoch 0
&amp#27;[2m2025-08-15T21:33:17.450+05:30&amp#27;[0;39m &amp#27;[32m INFO&amp#27;[0;39m &amp#27;[35m4750&amp#27;[0;39m &amp#27;[2m---&amp#27;[0;39m &amp#27;[2m[r-event-handler]&amp#27;[0;39m &amp#27;[2m&amp#27;[0;39m&amp#27;[36mk.c.group.GroupMetadataManager          &amp#27;[0;39m &amp#27;[2m:&amp#27;[0;39m [GroupMetadataManager brokerId=0] Scheduling loading of offsets and group metadata from __consumer_offsets-39 for epoch 0
&amp#27;[2m2025-08-15T21:33:17.450+05:30&amp#27;[0;39m &amp#27;[32m INFO&amp#27;[0;39m &amp#27;[35m4750&amp#27;[0;39m &amp#27;[2m---&amp#27;[0;39m &amp#27;[2m[r-event-handler]&amp#27;[0;39m &amp#27;[2m&amp#27;[0;39m&amp#27;[36mk.coordinator.group.GroupCoordinator    &amp#27;[0;39m &amp#27;[2m:&amp#27;[0;39m [GroupCoordinator 0]: Elected as the group coordinator for partition 6 in epoch 0
&amp#27;[2m2025-08-15T21:33:17.450+05:30&amp#27;[0;39m &amp#27;[32m INFO&amp#27;[0;39m &amp#27;[35m4750&amp#27;[0;39m &amp#27;[2m---&amp#27;[0;39m &amp#27;[2m[r-event-handler]&amp#27;[0;39m &amp#27;[2m&amp#27;[0;39m&amp#27;[36mk.c.group.GroupMetadataManager          &amp#27;[0;39m &amp#27;[2m:&amp#27;[0;39m [GroupMetadataManager brokerId=0] Scheduling loading of offsets and group metadata from __consumer_offsets-6 for epoch 0
&amp#27;[2m2025-08-15T21:33:17.450+05:30&amp#27;[0;39m &amp#27;[32m INFO&amp#27;[0;39m &amp#27;[35m4750&amp#27;[0;39m &amp#27;[2m---&amp#27;[0;39m &amp#27;[2m[r-event-handler]&amp#27;[0;39m &amp#27;[2m&amp#27;[0;39m&amp#27;[36mk.coordinator.group.GroupCoordinator    &amp#27;[0;39m &amp#27;[2m:&amp#27;[0;39m [GroupCoordinator 0]: Elected as the group coordinator for partition 35 in epoch 0
&amp#27;[2m2025-08-15T21:33:17.450+05:30&amp#27;[0;39m &amp#27;[32m INFO&amp#27;[0;39m &amp#27;[35m4750&amp#27;[0;39m &amp#27;[2m---&amp#27;[0;39m &amp#27;[2m[r-event-handler]&amp#27;[0;39m &amp#27;[2m&amp#27;[0;39m&amp#27;[36mk.c.group.GroupMetadataManager          &amp#27;[0;39m &amp#27;[2m:&amp#27;[0;39m [GroupMetadataManager brokerId=0] Scheduling loading of offsets and group metadata from __consumer_offsets-35 for epoch 0
&amp#27;[2m2025-08-15T21:33:17.450+05:30&amp#27;[0;39m &amp#27;[32m INFO&amp#27;[0;39m &amp#27;[35m4750&amp#27;[0;39m &amp#27;[2m---&amp#27;[0;39m &amp#27;[2m[r-event-handler]&amp#27;[0;39m &amp#27;[2m&amp#27;[0;39m&amp#27;[36mk.coordinator.group.GroupCoordinator    &amp#27;[0;39m &amp#27;[2m:&amp#27;[0;39m [GroupCoordinator 0]: Elected as the group coordinator for partition 2 in epoch 0
&amp#27;[2m2025-08-15T21:33:17.450+05:30&amp#27;[0;39m &amp#27;[32m INFO&amp#27;[0;39m &amp#27;[35m4750&amp#27;[0;39m &amp#27;[2m---&amp#27;[0;39m &amp#27;[2m[r-event-handler]&amp#27;[0;39m &amp#27;[2m&amp#27;[0;39m&amp#27;[36mk.c.group.GroupMetadataManager          &amp#27;[0;39m &amp#27;[2m:&amp#27;[0;39m [GroupMetadataManager brokerId=0] Scheduling loading of offsets and group metadata from __consumer_offsets-2 for epoch 0
&amp#27;[2m2025-08-15T21:33:17.450+05:30&amp#27;[0;39m &amp#27;[32m INFO&amp#27;[0;39m &amp#27;[35m4750&amp#27;[0;39m &amp#27;[2m---&amp#27;[0;39m &amp#27;[2m[adata-manager-0]&amp#27;[0;39m &amp#27;[2m&amp#27;[0;39m&amp#27;[36mk.c.group.GroupMetadataManager          &amp#27;[0;39m &amp#27;[2m:&amp#27;[0;39m [GroupMetadataManager brokerId=0] Finished loading offsets and group metadata from __consumer_offsets-13 in 3 milliseconds for epoch 0, of which 1 milliseconds was spent in the scheduler.
&amp#27;[2m2025-08-15T21:33:17.450+05:30&amp#27;[0;39m &amp#27;[32m INFO&amp#27;[0;39m &amp#27;[35m4750&amp#27;[0;39m &amp#27;[2m---&amp#27;[0;39m &amp#27;[2m[adata-manager-0]&amp#27;[0;39m &amp#27;[2m&amp#27;[0;39m&amp#27;[36mk.c.group.GroupMetadataManager          &amp#27;[0;39m &amp#27;[2m:&amp#27;[0;39m [GroupMetadataManager brokerId=0] Finished loading offsets and group metadata from __consumer_offsets-46 in 2 milliseconds for epoch 0, of which 2 milliseconds was spent in the scheduler.
&amp#27;[2m2025-08-15T21:33:17.450+05:30&amp#27;[0;39m &amp#27;[32m INFO&amp#27;[0;39m &amp#27;[35m4750&amp#27;[0;39m &amp#27;[2m---&amp#27;[0;39m &amp#27;[2m[adata-manager-0]&amp#27;[0;39m &amp#27;[2m&amp#27;[0;39m&amp#27;[36mk.c.group.GroupMetadataManager          &amp#27;[0;39m &amp#27;[2m:&amp#27;[0;39m [GroupMetadataManager brokerId=0] Finished loading offsets and group metadata from __consumer_offsets-9 in 2 milliseconds for epoch 0, of which 2 milliseconds was spent in the scheduler.
&amp#27;[2m2025-08-15T21:33:17.451+05:30&amp#27;[0;39m &amp#27;[32m INFO&amp#27;[0;39m &amp#27;[35m4750&amp#27;[0;39m &amp#27;[2m---&amp#27;[0;39m &amp#27;[2m[adata-manager-0]&amp#27;[0;39m &amp#27;[2m&amp#27;[0;39m&amp#27;[36mk.c.group.GroupMetadataManager          &amp#27;[0;39m &amp#27;[2m:&amp#27;[0;39m [GroupMetadataManager brokerId=0] Finished loading offsets and group metadata from __consumer_offsets-42 in 3 milliseconds for epoch 0, of which 3 milliseconds was spent in the scheduler.
&amp#27;[2m2025-08-15T21:33:17.451+05:30&amp#27;[0;39m &amp#27;[32m INFO&amp#27;[0;39m &amp#27;[35m4750&amp#27;[0;39m &amp#27;[2m---&amp#27;[0;39m &amp#27;[2m[adata-manager-0]&amp#27;[0;39m &amp#27;[2m&amp#27;[0;39m&amp#27;[36mk.c.group.GroupMetadataManager          &amp#27;[0;39m &amp#27;[2m:&amp#27;[0;39m [GroupMetadataManager brokerId=0] Finished loading offsets and group metadata from __consumer_offsets-21 in 3 milliseconds for epoch 0, of which 3 milliseconds was spent in the scheduler.
&amp#27;[2m2025-08-15T21:33:17.451+05:30&amp#27;[0;39m &amp#27;[32m INFO&amp#27;[0;39m &amp#27;[35m4750&amp#27;[0;39m &amp#27;[2m---&amp#27;[0;39m &amp#27;[2m[adata-manager-0]&amp#27;[0;39m &amp#27;[2m&amp#27;[0;39m&amp#27;[36mk.c.group.GroupMetadataManager          &amp#27;[0;39m &amp#27;[2m:&amp#27;[0;39m [GroupMetadataManager brokerId=0] Finished loading offsets and group metadata from __consumer_offsets-17 in 3 milliseconds for epoch 0, of which 3 milliseconds was spent in the scheduler.
&amp#27;[2m2025-08-15T21:33:17.451+05:30&amp#27;[0;39m &amp#27;[32m INFO&amp#27;[0;39m &amp#27;[35m4750&amp#27;[0;39m &amp#27;[2m---&amp#27;[0;39m &amp#27;[2m[adata-manager-0]&amp#27;[0;39m &amp#27;[2m&amp#27;[0;39m&amp#27;[36mk.c.group.GroupMetadataManager          &amp#27;[0;39m &amp#27;[2m:&amp#27;[0;39m [GroupMetadataManager brokerId=0] Finished loading offsets and group metadata from __consumer_offsets-30 in 3 milliseconds for epoch 0, of which 3 milliseconds was spent in the scheduler.
&amp#27;[2m2025-08-15T21:33:17.451+05:30&amp#27;[0;39m &amp#27;[32m INFO&amp#27;[0;39m &amp#27;[35m4750&amp#27;[0;39m &amp#27;[2m---&amp#27;[0;39m &amp#27;[2m[adata-manager-0]&amp#27;[0;39m &amp#27;[2m&amp#27;[0;39m&amp#27;[36mk.c.group.GroupMetadataManager          &amp#27;[0;39m &amp#27;[2m:&amp#27;[0;39m [GroupMetadataManager brokerId=0] Finished loading offsets and group metadata from __consumer_offsets-26 in 3 milliseconds for epoch 0, of which 3 milliseconds was spent in the scheduler.
&amp#27;[2m2025-08-15T21:33:17.451+05:30&amp#27;[0;39m &amp#27;[32m INFO&amp#27;[0;39m &amp#27;[35m4750&amp#27;[0;39m &amp#27;[2m---&amp#27;[0;39m &amp#27;[2m[adata-manager-0]&amp#27;[0;39m &amp#27;[2m&amp#27;[0;39m&amp#27;[36mk.c.group.GroupMetadataManager          &amp#27;[0;39m &amp#27;[2m:&amp#27;[0;39m [GroupMetadataManager brokerId=0] Finished loading offsets and group metadata from __consumer_offsets-5 in 3 milliseconds for epoch 0, of which 3 milliseconds was spent in the scheduler.
&amp#27;[2m2025-08-15T21:33:17.451+05:30&amp#27;[0;39m &amp#27;[32m INFO&amp#27;[0;39m &amp#27;[35m4750&amp#27;[0;39m &amp#27;[2m---&amp#27;[0;39m &amp#27;[2m[adata-manager-0]&amp#27;[0;39m &amp#27;[2m&amp#27;[0;39m&amp#27;[36mk.c.group.GroupMetadataManager          &amp#27;[0;39m &amp#27;[2m:&amp#27;[0;39m [GroupMetadataManager brokerId=0] Finished loading offsets and group metadata from __consumer_offsets-38 in 3 milliseconds for epoch 0, of which 3 milliseconds was spent in the scheduler.
&amp#27;[2m2025-08-15T21:33:17.451+05:30&amp#27;[0;39m &amp#27;[32m INFO&amp#27;[0;39m &amp#27;[35m4750&amp#27;[0;39m &amp#27;[2m---&amp#27;[0;39m &amp#27;[2m[adata-manager-0]&amp#27;[0;39m &amp#27;[2m&amp#27;[0;39m&amp#27;[36mk.c.group.GroupMetadataManager          &amp#27;[0;39m &amp#27;[2m:&amp#27;[0;39m [GroupMetadataManager brokerId=0] Finished loading offsets and group metadata from __consumer_offsets-1 in 3 milliseconds for epoch 0, of which 3 milliseconds was spent in the scheduler.
&amp#27;[2m2025-08-15T21:33:17.451+05:30&amp#27;[0;39m &amp#27;[32m INFO&amp#27;[0;39m &amp#27;[35m4750&amp#27;[0;39m &amp#27;[2m---&amp#27;[0;39m &amp#27;[2m[adata-manager-0]&amp#27;[0;39m &amp#27;[2m&amp#27;[0;39m&amp#27;[36mk.c.group.GroupMetadataManager          &amp#27;[0;39m &amp#27;[2m:&amp#27;[0;39m [GroupMetadataManager brokerId=0] Finished loading offsets and group metadata from __consumer_offsets-34 in 3 milliseconds for epoch 0, of which 3 milliseconds was spent in the scheduler.
&amp#27;[2m2025-08-15T21:33:17.451+05:30&amp#27;[0;39m &amp#27;[32m INFO&amp#27;[0;39m &amp#27;[35m4750&amp#27;[0;39m &amp#27;[2m---&amp#27;[0;39m &amp#27;[2m[adata-manager-0]&amp#27;[0;39m &amp#27;[2m&amp#27;[0;39m&amp#27;[36mk.c.group.GroupMetadataManager          &amp#27;[0;39m &amp#27;[2m:&amp#27;[0;39m [GroupMetadataManager brokerId=0] Finished loading offsets and group metadata from __consumer_offsets-16 in 3 milliseconds for epoch 0, of which 3 milliseconds was spent in the scheduler.
&amp#27;[2m2025-08-15T21:33:17.451+05:30&amp#27;[0;39m &amp#27;[32m INFO&amp#27;[0;39m &amp#27;[35m4750&amp#27;[0;39m &amp#27;[2m---&amp#27;[0;39m &amp#27;[2m[adata-manager-0]&amp#27;[0;39m &amp#27;[2m&amp#27;[0;39m&amp#27;[36mk.c.group.GroupMetadataManager          &amp#27;[0;39m &amp#27;[2m:&amp#27;[0;39m [GroupMetadataManager brokerId=0] Finished loading offsets and group metadata from __consumer_offsets-45 in 3 milliseconds for epoch 0, of which 3 milliseconds was spent in the scheduler.
&amp#27;[2m2025-08-15T21:33:17.451+05:30&amp#27;[0;39m &amp#27;[32m INFO&amp#27;[0;39m &amp#27;[35m4750&amp#27;[0;39m &amp#27;[2m---&amp#27;[0;39m &amp#27;[2m[adata-manager-0]&amp#27;[0;39m &amp#27;[2m&amp#27;[0;39m&amp#27;[36mk.c.group.GroupMetadataManager          &amp#27;[0;39m &amp#27;[2m:&amp#27;[0;39m [GroupMetadataManager brokerId=0] Finished loading offsets and group metadata from __consumer_offsets-12 in 3 milliseconds for epoch 0, of which 3 milliseconds was spent in the scheduler.
&amp#27;[2m2025-08-15T21:33:17.451+05:30&amp#27;[0;39m &amp#27;[32m INFO&amp#27;[0;39m &amp#27;[35m4750&amp#27;[0;39m &amp#27;[2m---&amp#27;[0;39m &amp#27;[2m[adata-manager-0]&amp#27;[0;39m &amp#27;[2m&amp#27;[0;39m&amp#27;[36mk.c.group.GroupMetadataManager          &amp#27;[0;39m &amp#27;[2m:&amp#27;[0;39m [GroupMetadataManager brokerId=0] Finished loading offsets and group metadata from __consumer_offsets-41 in 3 milliseconds for epoch 0, of which 3 milliseconds was spent in the scheduler.
&amp#27;[2m2025-08-15T21:33:17.451+05:30&amp#27;[0;39m &amp#27;[32m INFO&amp#27;[0;39m &amp#27;[35m4750&amp#27;[0;39m &amp#27;[2m---&amp#27;[0;39m &amp#27;[2m[adata-manager-0]&amp#27;[0;39m &amp#27;[2m&amp#27;[0;39m&amp#27;[36mk.c.group.GroupMetadataManager          &amp#27;[0;39m &amp#27;[2m:&amp#27;[0;39m [GroupMetadataManager brokerId=0] Finished loading offsets and group metadata from __consumer_offsets-24 in 3 milliseconds for epoch 0, of which 3 milliseconds was spent in the scheduler.
&amp#27;[2m2025-08-15T21:33:17.451+05:30&amp#27;[0;39m &amp#27;[32m INFO&amp#27;[0;39m &amp#27;[35m4750&amp#27;[0;39m &amp#27;[2m---&amp#27;[0;39m &amp#27;[2m[adata-manager-0]&amp#27;[0;39m &amp#27;[2m&amp#27;[0;39m&amp#27;[36mk.c.group.GroupMetadataManager          &amp#27;[0;39m &amp#27;[2m:&amp#27;[0;39m [GroupMetadataManager brokerId=0] Finished loading offsets and group metadata from __consumer_offsets-20 in 3 milliseconds for epoch 0, of which 3 milliseconds was spent in the scheduler.
&amp#27;[2m2025-08-15T21:33:17.451+05:30&amp#27;[0;39m &amp#27;[32m INFO&amp#27;[0;39m &amp#27;[35m4750&amp#27;[0;39m &amp#27;[2m---&amp#27;[0;39m &amp#27;[2m[adata-manager-0]&amp#27;[0;39m &amp#27;[2m&amp#27;[0;39m&amp#27;[36mk.c.group.GroupMetadataManager          &amp#27;[0;39m &amp#27;[2m:&amp#27;[0;39m [GroupMetadataManager brokerId=0] Finished loading offsets and group metadata from __consumer_offsets-49 in 3 milliseconds for epoch 0, of which 3 milliseconds was spent in the scheduler.
&amp#27;[2m2025-08-15T21:33:17.451+05:30&amp#27;[0;39m &amp#27;[32m INFO&amp#27;[0;39m &amp#27;[35m4750&amp#27;[0;39m &amp#27;[2m---&amp#27;[0;39m &amp#27;[2m[adata-manager-0]&amp#27;[0;39m &amp#27;[2m&amp#27;[0;39m&amp#27;[36mk.c.group.GroupMetadataManager          &amp#27;[0;39m &amp#27;[2m:&amp#27;[0;39m [GroupMetadataManager brokerId=0] Finished loading offsets and group metadata from __consumer_offsets-0 in 3 milliseconds for epoch 0, of which 3 milliseconds was spent in the scheduler.
&amp#27;[2m2025-08-15T21:33:17.451+05:30&amp#27;[0;39m &amp#27;[32m INFO&amp#27;[0;39m &amp#27;[35m4750&amp#27;[0;39m &amp#27;[2m---&amp#27;[0;39m &amp#27;[2m[adata-manager-0]&amp#27;[0;39m &amp#27;[2m&amp#27;[0;39m&amp#27;[36mk.c.group.GroupMetadataManager          &amp#27;[0;39m &amp#27;[2m:&amp#27;[0;39m [GroupMetadataManager brokerId=0] Finished loading offsets and group metadata from __consumer_offsets-29 in 3 milliseconds for epoch 0, of which 3 milliseconds was spent in the scheduler.
&amp#27;[2m2025-08-15T21:33:17.451+05:30&amp#27;[0;39m &amp#27;[32m INFO&amp#27;[0;39m &amp#27;[35m4750&amp#27;[0;39m &amp#27;[2m---&amp#27;[0;39m &amp#27;[2m[r-event-handler]&amp#27;[0;39m &amp#27;[2m&amp#27;[0;39m&amp#27;[36mk.s.metadata.DynamicConfigPublisher     &amp#27;[0;39m &amp#27;[2m:&amp#27;[0;39m [DynamicConfigPublisher broker id=0] Updating topic __consumer_offsets with new configuration : compression.type -> producer,cleanup.policy -> compact,segment.bytes -> 104857600
&amp#27;[2m2025-08-15T21:33:17.451+05:30&amp#27;[0;39m &amp#27;[32m INFO&amp#27;[0;39m &amp#27;[35m4750&amp#27;[0;39m &amp#27;[2m---&amp#27;[0;39m &amp#27;[2m[adata-manager-0]&amp#27;[0;39m &amp#27;[2m&amp#27;[0;39m&amp#27;[36mk.c.group.GroupMetadataManager          &amp#27;[0;39m &amp#27;[2m:&amp#27;[0;39m [GroupMetadataManager brokerId=0] Finished loading offsets and group metadata from __consumer_offsets-25 in 3 milliseconds for epoch 0, of which 3 milliseconds was spent in the scheduler.
&amp#27;[2m2025-08-15T21:33:17.451+05:30&amp#27;[0;39m &amp#27;[32m INFO&amp#27;[0;39m &amp#27;[35m4750&amp#27;[0;39m &amp#27;[2m---&amp#27;[0;39m &amp#27;[2m[adata-manager-0]&amp#27;[0;39m &amp#27;[2m&amp#27;[0;39m&amp#27;[36mk.c.group.GroupMetadataManager          &amp#27;[0;39m &amp#27;[2m:&amp#27;[0;39m [GroupMetadataManager brokerId=0] Finished loading offsets and group metadata from __consumer_offsets-8 in 3 milliseconds for epoch 0, of which 3 milliseconds was spent in the scheduler.
&amp#27;[2m2025-08-15T21:33:17.451+05:30&amp#27;[0;39m &amp#27;[32m INFO&amp#27;[0;39m &amp#27;[35m4750&amp#27;[0;39m &amp#27;[2m---&amp#27;[0;39m &amp#27;[2m[adata-manager-0]&amp#27;[0;39m &amp#27;[2m&amp#27;[0;39m&amp#27;[36mk.c.group.GroupMetadataManager          &amp#27;[0;39m &amp#27;[2m:&amp#27;[0;39m [GroupMetadataManager brokerId=0] Finished loading offsets and group metadata from __consumer_offsets-37 in 3 milliseconds for epoch 0, of which 3 milliseconds was spent in the scheduler.
&amp#27;[2m2025-08-15T21:33:17.452+05:30&amp#27;[0;39m &amp#27;[32m INFO&amp#27;[0;39m &amp#27;[35m4750&amp#27;[0;39m &amp#27;[2m---&amp#27;[0;39m &amp#27;[2m[adata-manager-0]&amp#27;[0;39m &amp#27;[2m&amp#27;[0;39m&amp#27;[36mk.c.group.GroupMetadataManager          &amp#27;[0;39m &amp#27;[2m:&amp#27;[0;39m [GroupMetadataManager brokerId=0] Finished loading offsets and group metadata from __consumer_offsets-4 in 4 milliseconds for epoch 0, of which 3 milliseconds was spent in the scheduler.
&amp#27;[2m2025-08-15T21:33:17.452+05:30&amp#27;[0;39m &amp#27;[32m INFO&amp#27;[0;39m &amp#27;[35m4750&amp#27;[0;39m &amp#27;[2m---&amp#27;[0;39m &amp#27;[2m[adata-manager-0]&amp#27;[0;39m &amp#27;[2m&amp#27;[0;39m&amp#27;[36mk.c.group.GroupMetadataManager          &amp#27;[0;39m &amp#27;[2m:&amp#27;[0;39m [GroupMetadataManager brokerId=0] Finished loading offsets and group metadata from __consumer_offsets-33 in 4 milliseconds for epoch 0, of which 4 milliseconds was spent in the scheduler.
&amp#27;[2m2025-08-15T21:33:17.452+05:30&amp#27;[0;39m &amp#27;[32m INFO&amp#27;[0;39m &amp#27;[35m4750&amp#27;[0;39m &amp#27;[2m---&amp#27;[0;39m &amp#27;[2m[adata-manager-0]&amp#27;[0;39m &amp#27;[2m&amp#27;[0;39m&amp#27;[36mk.c.group.GroupMetadataManager          &amp#27;[0;39m &amp#27;[2m:&amp#27;[0;39m [GroupMetadataManager brokerId=0] Finished loading offsets and group metadata from __consumer_offsets-15 in 4 milliseconds for epoch 0, of which 4 milliseconds was spent in the scheduler.
&amp#27;[2m2025-08-15T21:33:17.452+05:30&amp#27;[0;39m &amp#27;[32m INFO&amp#27;[0;39m &amp#27;[35m4750&amp#27;[0;39m &amp#27;[2m---&amp#27;[0;39m &amp#27;[2m[adata-manager-0]&amp#27;[0;39m &amp#27;[2m&amp#27;[0;39m&amp#27;[36mk.c.group.GroupMetadataManager          &amp#27;[0;39m &amp#27;[2m:&amp#27;[0;39m [GroupMetadataManager brokerId=0] Finished loading offsets and group metadata from __consumer_offsets-48 in 4 milliseconds for epoch 0, of which 4 milliseconds was spent in the scheduler.
&amp#27;[2m2025-08-15T21:33:17.452+05:30&amp#27;[0;39m &amp#27;[32m INFO&amp#27;[0;39m &amp#27;[35m4750&amp#27;[0;39m &amp#27;[2m---&amp#27;[0;39m &amp#27;[2m[adata-manager-0]&amp#27;[0;39m &amp#27;[2m&amp#27;[0;39m&amp#27;[36mk.c.group.GroupMetadataManager          &amp#27;[0;39m &amp#27;[2m:&amp#27;[0;39m [GroupMetadataManager brokerId=0] Finished loading offsets and group metadata from __consumer_offsets-11 in 4 milliseconds for epoch 0, of which 4 milliseconds was spent in the scheduler.
&amp#27;[2m2025-08-15T21:33:17.452+05:30&amp#27;[0;39m &amp#27;[32m INFO&amp#27;[0;39m &amp#27;[35m4750&amp#27;[0;39m &amp#27;[2m---&amp#27;[0;39m &amp#27;[2m[adata-manager-0]&amp#27;[0;39m &amp#27;[2m&amp#27;[0;39m&amp#27;[36mk.c.group.GroupMetadataManager          &amp#27;[0;39m &amp#27;[2m:&amp#27;[0;39m [GroupMetadataManager brokerId=0] Finished loading offsets and group metadata from __consumer_offsets-44 in 4 milliseconds for epoch 0, of which 4 milliseconds was spent in the scheduler.
&amp#27;[2m2025-08-15T21:33:17.452+05:30&amp#27;[0;39m &amp#27;[32m INFO&amp#27;[0;39m &amp#27;[35m4750&amp#27;[0;39m &amp#27;[2m---&amp#27;[0;39m &amp#27;[2m[adata-manager-0]&amp#27;[0;39m &amp#27;[2m&amp#27;[0;39m&amp#27;[36mk.c.group.GroupMetadataManager          &amp#27;[0;39m &amp#27;[2m:&amp#27;[0;39m [GroupMetadataManager brokerId=0] Finished loading offsets and group metadata from __consumer_offsets-23 in 4 milliseconds for epoch 0, of which 4 milliseconds was spent in the scheduler.
&amp#27;[2m2025-08-15T21:33:17.452+05:30&amp#27;[0;39m &amp#27;[32m INFO&amp#27;[0;39m &amp#27;[35m4750&amp#27;[0;39m &amp#27;[2m---&amp#27;[0;39m &amp#27;[2m[adata-manager-0]&amp#27;[0;39m &amp#27;[2m&amp#27;[0;39m&amp#27;[36mk.c.group.GroupMetadataManager          &amp#27;[0;39m &amp#27;[2m:&amp#27;[0;39m [GroupMetadataManager brokerId=0] Finished loading offsets and group metadata from __consumer_offsets-19 in 4 milliseconds for epoch 0, of which 4 milliseconds was spent in the scheduler.
&amp#27;[2m2025-08-15T21:33:17.452+05:30&amp#27;[0;39m &amp#27;[32m INFO&amp#27;[0;39m &amp#27;[35m4750&amp#27;[0;39m &amp#27;[2m---&amp#27;[0;39m &amp#27;[2m[adata-manager-0]&amp#27;[0;39m &amp#27;[2m&amp#27;[0;39m&amp#27;[36mk.c.group.GroupMetadataManager          &amp#27;[0;39m &amp#27;[2m:&amp#27;[0;39m [GroupMetadataManager brokerId=0] Finished loading offsets and group metadata from __consumer_offsets-32 in 4 milliseconds for epoch 0, of which 4 milliseconds was spent in the scheduler.
&amp#27;[2m2025-08-15T21:33:17.452+05:30&amp#27;[0;39m &amp#27;[32m INFO&amp#27;[0;39m &amp#27;[35m4750&amp#27;[0;39m &amp#27;[2m---&amp#27;[0;39m &amp#27;[2m[adata-manager-0]&amp#27;[0;39m &amp#27;[2m&amp#27;[0;39m&amp#27;[36mk.c.group.GroupMetadataManager          &amp#27;[0;39m &amp#27;[2m:&amp#27;[0;39m [GroupMetadataManager brokerId=0] Finished loading offsets and group metadata from __consumer_offsets-28 in 4 milliseconds for epoch 0, of which 4 milliseconds was spent in the scheduler.
&amp#27;[2m2025-08-15T21:33:17.452+05:30&amp#27;[0;39m &amp#27;[32m INFO&amp#27;[0;39m &amp#27;[35m4750&amp#27;[0;39m &amp#27;[2m---&amp#27;[0;39m &amp#27;[2m[adata-manager-0]&amp#27;[0;39m &amp#27;[2m&amp#27;[0;39m&amp#27;[36mk.c.group.GroupMetadataManager          &amp#27;[0;39m &amp#27;[2m:&amp#27;[0;39m [GroupMetadataManager brokerId=0] Finished loading offsets and group metadata from __consumer_offsets-7 in 3 milliseconds for epoch 0, of which 3 milliseconds was spent in the scheduler.
&amp#27;[2m2025-08-15T21:33:17.452+05:30&amp#27;[0;39m &amp#27;[32m INFO&amp#27;[0;39m &amp#27;[35m4750&amp#27;[0;39m &amp#27;[2m---&amp#27;[0;39m &amp#27;[2m[adata-manager-0]&amp#27;[0;39m &amp#27;[2m&amp#27;[0;39m&amp#27;[36mk.c.group.GroupMetadataManager          &amp#27;[0;39m &amp#27;[2m:&amp#27;[0;39m [GroupMetadataManager brokerId=0] Finished loading offsets and group metadata from __consumer_offsets-40 in 3 milliseconds for epoch 0, of which 3 milliseconds was spent in the scheduler.
&amp#27;[2m2025-08-15T21:33:17.452+05:30&amp#27;[0;39m &amp#27;[32m INFO&amp#27;[0;39m &amp#27;[35m4750&amp#27;[0;39m &amp#27;[2m---&amp#27;[0;39m &amp#27;[2m[adata-manager-0]&amp#27;[0;39m &amp#27;[2m&amp#27;[0;39m&amp#27;[36mk.c.group.GroupMetadataManager          &amp#27;[0;39m &amp#27;[2m:&amp#27;[0;39m [GroupMetadataManager brokerId=0] Finished loading offsets and group metadata from __consumer_offsets-3 in 3 milliseconds for epoch 0, of which 3 milliseconds was spent in the scheduler.
&amp#27;[2m2025-08-15T21:33:17.452+05:30&amp#27;[0;39m &amp#27;[32m INFO&amp#27;[0;39m &amp#27;[35m4750&amp#27;[0;39m &amp#27;[2m---&amp#27;[0;39m &amp#27;[2m[adata-manager-0]&amp#27;[0;39m &amp#27;[2m&amp#27;[0;39m&amp#27;[36mk.c.group.GroupMetadataManager          &amp#27;[0;39m &amp#27;[2m:&amp#27;[0;39m [GroupMetadataManager brokerId=0] Finished loading offsets and group metadata from __consumer_offsets-36 in 3 milliseconds for epoch 0, of which 3 milliseconds was spent in the scheduler.
&amp#27;[2m2025-08-15T21:33:17.452+05:30&amp#27;[0;39m &amp#27;[32m INFO&amp#27;[0;39m &amp#27;[35m4750&amp#27;[0;39m &amp#27;[2m---&amp#27;[0;39m &amp#27;[2m[adata-manager-0]&amp#27;[0;39m &amp#27;[2m&amp#27;[0;39m&amp#27;[36mk.c.group.GroupMetadataManager          &amp#27;[0;39m &amp#27;[2m:&amp#27;[0;39m [GroupMetadataManager brokerId=0] Finished loading offsets and group metadata from __consumer_offsets-47 in 3 milliseconds for epoch 0, of which 3 milliseconds was spent in the scheduler.
&amp#27;[2m2025-08-15T21:33:17.452+05:30&amp#27;[0;39m &amp#27;[32m INFO&amp#27;[0;39m &amp#27;[35m4750&amp#27;[0;39m &amp#27;[2m---&amp#27;[0;39m &amp#27;[2m[adata-manager-0]&amp#27;[0;39m &amp#27;[2m&amp#27;[0;39m&amp#27;[36mk.c.group.GroupMetadataManager          &amp#27;[0;39m &amp#27;[2m:&amp#27;[0;39m [GroupMetadataManager brokerId=0] Finished loading offsets and group metadata from __consumer_offsets-14 in 3 milliseconds for epoch 0, of which 3 milliseconds was spent in the scheduler.
&amp#27;[2m2025-08-15T21:33:17.452+05:30&amp#27;[0;39m &amp#27;[32m INFO&amp#27;[0;39m &amp#27;[35m4750&amp#27;[0;39m &amp#27;[2m---&amp#27;[0;39m &amp#27;[2m[adata-manager-0]&amp#27;[0;39m &amp#27;[2m&amp#27;[0;39m&amp#27;[36mk.c.group.GroupMetadataManager          &amp#27;[0;39m &amp#27;[2m:&amp#27;[0;39m [GroupMetadataManager brokerId=0] Finished loading offsets and group metadata from __consumer_offsets-43 in 3 milliseconds for epoch 0, of which 3 milliseconds was spent in the scheduler.
&amp#27;[2m2025-08-15T21:33:17.452+05:30&amp#27;[0;39m &amp#27;[32m INFO&amp#27;[0;39m &amp#27;[35m4750&amp#27;[0;39m &amp#27;[2m---&amp#27;[0;39m &amp#27;[2m[adata-manager-0]&amp#27;[0;39m &amp#27;[2m&amp#27;[0;39m&amp#27;[36mk.c.group.GroupMetadataManager          &amp#27;[0;39m &amp#27;[2m:&amp#27;[0;39m [GroupMetadataManager brokerId=0] Finished loading offsets and group metadata from __consumer_offsets-10 in 3 milliseconds for epoch 0, of which 3 milliseconds was spent in the scheduler.
&amp#27;[2m2025-08-15T21:33:17.452+05:30&amp#27;[0;39m &amp#27;[32m INFO&amp#27;[0;39m &amp#27;[35m4750&amp#27;[0;39m &amp#27;[2m---&amp#27;[0;39m &amp#27;[2m[adata-manager-0]&amp#27;[0;39m &amp#27;[2m&amp#27;[0;39m&amp#27;[36mk.c.group.GroupMetadataManager          &amp#27;[0;39m &amp#27;[2m:&amp#27;[0;39m [GroupMetadataManager brokerId=0] Finished loading offsets and group metadata from __consumer_offsets-22 in 3 milliseconds for epoch 0, of which 3 milliseconds was spent in the scheduler.
&amp#27;[2m2025-08-15T21:33:17.452+05:30&amp#27;[0;39m &amp#27;[32m INFO&amp#27;[0;39m &amp#27;[35m4750&amp#27;[0;39m &amp#27;[2m---&amp#27;[0;39m &amp#27;[2m[adata-manager-0]&amp#27;[0;39m &amp#27;[2m&amp#27;[0;39m&amp#27;[36mk.c.group.GroupMetadataManager          &amp#27;[0;39m &amp#27;[2m:&amp#27;[0;39m [GroupMetadataManager brokerId=0] Finished loading offsets and group metadata from __consumer_offsets-18 in 3 milliseconds for epoch 0, of which 3 milliseconds was spent in the scheduler.
&amp#27;[2m2025-08-15T21:33:17.452+05:30&amp#27;[0;39m &amp#27;[32m INFO&amp#27;[0;39m &amp#27;[35m4750&amp#27;[0;39m &amp#27;[2m---&amp#27;[0;39m &amp#27;[2m[adata-manager-0]&amp#27;[0;39m &amp#27;[2m&amp#27;[0;39m&amp#27;[36mk.c.group.GroupMetadataManager          &amp#27;[0;39m &amp#27;[2m:&amp#27;[0;39m [GroupMetadataManager brokerId=0] Finished loading offsets and group metadata from __consumer_offsets-31 in 2 milliseconds for epoch 0, of which 2 milliseconds was spent in the scheduler.
&amp#27;[2m2025-08-15T21:33:17.452+05:30&amp#27;[0;39m &amp#27;[32m INFO&amp#27;[0;39m &amp#27;[35m4750&amp#27;[0;39m &amp#27;[2m---&amp#27;[0;39m &amp#27;[2m[adata-manager-0]&amp#27;[0;39m &amp#27;[2m&amp#27;[0;39m&amp#27;[36mk.c.group.GroupMetadataManager          &amp#27;[0;39m &amp#27;[2m:&amp#27;[0;39m [GroupMetadataManager brokerId=0] Finished loading offsets and group metadata from __consumer_offsets-27 in 2 milliseconds for epoch 0, of which 2 milliseconds was spent in the scheduler.
&amp#27;[2m2025-08-15T21:33:17.452+05:30&amp#27;[0;39m &amp#27;[32m INFO&amp#27;[0;39m &amp#27;[35m4750&amp#27;[0;39m &amp#27;[2m---&amp#27;[0;39m &amp#27;[2m[adata-manager-0]&amp#27;[0;39m &amp#27;[2m&amp#27;[0;39m&amp#27;[36mk.c.group.GroupMetadataManager          &amp#27;[0;39m &amp#27;[2m:&amp#27;[0;39m [GroupMetadataManager brokerId=0] Finished loading offsets and group metadata from __consumer_offsets-39 in 2 milliseconds for epoch 0, of which 2 milliseconds was spent in the scheduler.
&amp#27;[2m2025-08-15T21:33:17.452+05:30&amp#27;[0;39m &amp#27;[32m INFO&amp#27;[0;39m &amp#27;[35m4750&amp#27;[0;39m &amp#27;[2m---&amp#27;[0;39m &amp#27;[2m[adata-manager-0]&amp#27;[0;39m &amp#27;[2m&amp#27;[0;39m&amp#27;[36mk.c.group.GroupMetadataManager          &amp#27;[0;39m &amp#27;[2m:&amp#27;[0;39m [GroupMetadataManager brokerId=0] Finished loading offsets and group metadata from __consumer_offsets-6 in 2 milliseconds for epoch 0, of which 2 milliseconds was spent in the scheduler.
&amp#27;[2m2025-08-15T21:33:17.452+05:30&amp#27;[0;39m &amp#27;[32m INFO&amp#27;[0;39m &amp#27;[35m4750&amp#27;[0;39m &amp#27;[2m---&amp#27;[0;39m &amp#27;[2m[adata-manager-0]&amp#27;[0;39m &amp#27;[2m&amp#27;[0;39m&amp#27;[36mk.c.group.GroupMetadataManager          &amp#27;[0;39m &amp#27;[2m:&amp#27;[0;39m [GroupMetadataManager brokerId=0] Finished loading offsets and group metadata from __consumer_offsets-35 in 2 milliseconds for epoch 0, of which 2 milliseconds was spent in the scheduler.
&amp#27;[2m2025-08-15T21:33:17.452+05:30&amp#27;[0;39m &amp#27;[32m INFO&amp#27;[0;39m &amp#27;[35m4750&amp#27;[0;39m &amp#27;[2m---&amp#27;[0;39m &amp#27;[2m[adata-manager-0]&amp#27;[0;39m &amp#27;[2m&amp#27;[0;39m&amp#27;[36mk.c.group.GroupMetadataManager          &amp#27;[0;39m &amp#27;[2m:&amp#27;[0;39m [GroupMetadataManager brokerId=0] Finished loading offsets and group metadata from __consumer_offsets-2 in 2 milliseconds for epoch 0, of which 2 milliseconds was spent in the scheduler.
&amp#27;[2m2025-08-15T21:33:17.545+05:30&amp#27;[0;39m &amp#27;[32m INFO&amp#27;[0;39m &amp#27;[35m4750&amp#27;[0;39m &amp#27;[2m---&amp#27;[0;39m &amp#27;[2m[ntainer#0-0-C-1]&amp#27;[0;39m &amp#27;[2m&amp#27;[0;39m&amp#27;[36mo.a.k.c.c.internals.ConsumerCoordinator &amp#27;[0;39m &amp#27;[2m:&amp#27;[0;39m [Consumer clientId=consumer-midas-core-consumer-1, groupId=midas-core-consumer] Discovered group coordinator localhost:54128 (id: 2147483647 rack: null)
&amp#27;[2m2025-08-15T21:33:17.545+05:30&amp#27;[0;39m &amp#27;[32m INFO&amp#27;[0;39m &amp#27;[35m4750&amp#27;[0;39m &amp#27;[2m---&amp#27;[0;39m &amp#27;[2m[ntainer#0-0-C-1]&amp#27;[0;39m &amp#27;[2m&amp#27;[0;39m&amp#27;[36mo.a.k.c.c.internals.ConsumerCoordinator &amp#27;[0;39m &amp#27;[2m:&amp#27;[0;39m [Consumer clientId=consumer-midas-core-consumer-1, groupId=midas-core-consumer] Request joining group due to: rebalance failed due to 'This is not the correct coordinator.' (NotCoordinatorException)
&amp#27;[2m2025-08-15T21:33:17.545+05:30&amp#27;[0;39m &amp#27;[32m INFO&amp#27;[0;39m &amp#27;[35m4750&amp#27;[0;39m &amp#27;[2m---&amp#27;[0;39m &amp#27;[2m[ntainer#0-0-C-1]&amp#27;[0;39m &amp#27;[2m&amp#27;[0;39m&amp#27;[36mo.a.k.c.c.internals.ConsumerCoordinator &amp#27;[0;39m &amp#27;[2m:&amp#27;[0;39m [Consumer clientId=consumer-midas-core-consumer-1, groupId=midas-core-consumer] (Re-)joining group
&amp#27;[2m2025-08-15T21:33:17.550+05:30&amp#27;[0;39m &amp#27;[32m INFO&amp#27;[0;39m &amp#27;[35m4750&amp#27;[0;39m &amp#27;[2m---&amp#27;[0;39m &amp#27;[2m[quest-handler-1]&amp#27;[0;39m &amp#27;[2m&amp#27;[0;39m&amp#27;[36mk.coordinator.group.GroupCoordinator    &amp#27;[0;39m &amp#27;[2m:&amp#27;[0;39m [GroupCoordinator 0]: Dynamic member with unknown member id joins group midas-core-consumer in Empty state. Created a new member id consumer-midas-core-consumer-1-63c5cc9a-9183-434e-bef8-7c5f57fc5760 and request the member to rejoin with this id.
&amp#27;[2m2025-08-15T21:33:17.552+05:30&amp#27;[0;39m &amp#27;[32m INFO&amp#27;[0;39m &amp#27;[35m4750&amp#27;[0;39m &amp#27;[2m---&amp#27;[0;39m &amp#27;[2m[ntainer#0-0-C-1]&amp#27;[0;39m &amp#27;[2m&amp#27;[0;39m&amp#27;[36mo.a.k.c.c.internals.ConsumerCoordinator &amp#27;[0;39m &amp#27;[2m:&amp#27;[0;39m [Consumer clientId=consumer-midas-core-consumer-1, groupId=midas-core-consumer] Request joining group due to: need to re-join with the given member-id: consumer-midas-core-consumer-1-63c5cc9a-9183-434e-bef8-7c5f57fc5760
&amp#27;[2m2025-08-15T21:33:17.553+05:30&amp#27;[0;39m &amp#27;[32m INFO&amp#27;[0;39m &amp#27;[35m4750&amp#27;[0;39m &amp#27;[2m---&amp#27;[0;39m &amp#27;[2m[ntainer#0-0-C-1]&amp#27;[0;39m &amp#27;[2m&amp#27;[0;39m&amp#27;[36mo.a.k.c.c.internals.ConsumerCoordinator &amp#27;[0;39m &amp#27;[2m:&amp#27;[0;39m [Consumer clientId=consumer-midas-core-consumer-1, groupId=midas-core-consumer] Request joining group due to: rebalance failed due to 'The group member needs to have a valid member id before actually entering a consumer group.' (MemberIdRequiredException)
&amp#27;[2m2025-08-15T21:33:17.553+05:30&amp#27;[0;39m &amp#27;[32m INFO&amp#27;[0;39m &amp#27;[35m4750&amp#27;[0;39m &amp#27;[2m---&amp#27;[0;39m &amp#27;[2m[ntainer#0-0-C-1]&amp#27;[0;39m &amp#27;[2m&amp#27;[0;39m&amp#27;[36mo.a.k.c.c.internals.ConsumerCoordinator &amp#27;[0;39m &amp#27;[2m:&amp#27;[0;39m [Consumer clientId=consumer-midas-core-consumer-1, groupId=midas-core-consumer] (Re-)joining group
&amp#27;[2m2025-08-15T21:33:17.555+05:30&amp#27;[0;39m &amp#27;[32m INFO&amp#27;[0;39m &amp#27;[35m4750&amp#27;[0;39m &amp#27;[2m---&amp#27;[0;39m &amp#27;[2m[quest-handler-4]&amp#27;[0;39m &amp#27;[2m&amp#27;[0;39m&amp#27;[36mk.coordinator.group.GroupCoordinator    &amp#27;[0;39m &amp#27;[2m:&amp#27;[0;39m [GroupCoordinator 0]: Preparing to rebalance group midas-core-consumer in state PreparingRebalance with old generation 0 (__consumer_offsets-1) (reason: Adding new member consumer-midas-core-consumer-1-63c5cc9a-9183-434e-bef8-7c5f57fc5760 with group instance id None; client reason: rebalance failed due to MemberIdRequiredException)
&amp#27;[2m2025-08-15T21:33:17.558+05:30&amp#27;[0;39m &amp#27;[32m INFO&amp#27;[0;39m &amp#27;[35m4750&amp#27;[0;39m &amp#27;[2m---&amp#27;[0;39m &amp#27;[2m[cutor-Rebalance]&amp#27;[0;39m &amp#27;[2m&amp#27;[0;39m&amp#27;[36mk.coordinator.group.GroupCoordinator    &amp#27;[0;39m &amp#27;[2m:&amp#27;[0;39m [GroupCoordinator 0]: Stabilized group midas-core-consumer generation 1 (__consumer_offsets-1) with 1 members
&amp#27;[2m2025-08-15T21:33:17.558+05:30&amp#27;[0;39m &amp#27;[32m INFO&amp#27;[0;39m &amp#27;[35m4750&amp#27;[0;39m &amp#27;[2m---&amp#27;[0;39m &amp#27;[2m[ntainer#0-0-C-1]&amp#27;[0;39m &amp#27;[2m&amp#27;[0;39m&amp#27;[36mo.a.k.c.c.internals.ConsumerCoordinator &amp#27;[0;39m &amp#27;[2m:&amp#27;[0;39m [Consumer clientId=consumer-midas-core-consumer-1, groupId=midas-core-consumer] Successfully joined group with generation Generation{generationId=1, memberId='consumer-midas-core-consumer-1-63c5cc9a-9183-434e-bef8-7c5f57fc5760', protocol='range'}
&amp#27;[2m2025-08-15T21:33:17.561+05:30&amp#27;[0;39m &amp#27;[32m INFO&amp#27;[0;39m &amp#27;[35m4750&amp#27;[0;39m &amp#27;[2m---&amp#27;[0;39m &amp#27;[2m[ntainer#0-0-C-1]&amp#27;[0;39m &amp#27;[2m&amp#27;[0;39m&amp#27;[36mo.a.k.c.c.internals.ConsumerCoordinator &amp#27;[0;39m &amp#27;[2m:&amp#27;[0;39m [Consumer clientId=consumer-midas-core-consumer-1, groupId=midas-core-consumer] Finished assignment for group at generation 1: {consumer-midas-core-consumer-1-63c5cc9a-9183-434e-bef8-7c5f57fc5760=Assignment(partitions=[midas-transactions-0])}
&amp#27;[2m2025-08-15T21:33:17.563+05:30&amp#27;[0;39m &amp#27;[32m INFO&amp#27;[0;39m &amp#27;[35m4750&amp#27;[0;39m &amp#27;[2m---&amp#27;[0;39m &amp#27;[2m[quest-handler-3]&amp#27;[0;39m &amp#27;[2m&amp#27;[0;39m&amp#27;[36mk.coordinator.group.GroupCoordinator    &amp#27;[0;39m &amp#27;[2m:&amp#27;[0;39m [GroupCoordinator 0]: Assignment received from leader consumer-midas-core-consumer-1-63c5cc9a-9183-434e-bef8-7c5f57fc5760 for group midas-core-consumer for generation 1. The group has 1 members, 0 of which are static.
&amp#27;[2m2025-08-15T21:33:17.568+05:30&amp#27;[0;39m &amp#27;[32m INFO&amp#27;[0;39m &amp#27;[35m4750&amp#27;[0;39m &amp#27;[2m---&amp#27;[0;39m &amp#27;[2m[ntainer#0-0-C-1]&amp#27;[0;39m &amp#27;[2m&amp#27;[0;39m&amp#27;[36mo.a.k.c.c.internals.ConsumerCoordinator &amp#27;[0;39m &amp#27;[2m:&amp#27;[0;39m [Consumer clientId=consumer-midas-core-consumer-1, groupId=midas-core-consumer] Successfully synced group in generation Generation{generationId=1, memberId='consumer-midas-core-consumer-1-63c5cc9a-9183-434e-bef8-7c5f57fc5760', protocol='range'}
&amp#27;[2m2025-08-15T21:33:17.568+05:30&amp#27;[0;39m &amp#27;[32m INFO&amp#27;[0;39m &amp#27;[35m4750&amp#27;[0;39m &amp#27;[2m---&amp#27;[0;39m &amp#27;[2m[ntainer#0-0-C-1]&amp#27;[0;39m &amp#27;[2m&amp#27;[0;39m&amp#27;[36mo.a.k.c.c.internals.ConsumerCoordinator &amp#27;[0;39m &amp#27;[2m:&amp#27;[0;39m [Consumer clientId=consumer-midas-core-consumer-1, groupId=midas-core-consumer] Notifying assignor about the new Assignment(partitions=[midas-transactions-0])
&amp#27;[2m2025-08-15T21:33:17.569+05:30&amp#27;[0;39m &amp#27;[32m INFO&amp#27;[0;39m &amp#27;[35m4750&amp#27;[0;39m &amp#27;[2m---&amp#27;[0;39m &amp#27;[2m[ntainer#0-0-C-1]&amp#27;[0;39m &amp#27;[2m&amp#27;[0;39m&amp#27;[36mo.a.k.c.c.internals.ConsumerCoordinator &amp#27;[0;39m &amp#27;[2m:&amp#27;[0;39m [Consumer clientId=consumer-midas-core-consumer-1, groupId=midas-core-consumer] Adding newly assigned partitions: midas-transactions-0
&amp#27;[2m2025-08-15T21:33:17.573+05:30&amp#27;[0;39m &amp#27;[32m INFO&amp#27;[0;39m &amp#27;[35m4750&amp#27;[0;39m &amp#27;[2m---&amp#27;[0;39m &amp#27;[2m[ntainer#0-0-C-1]&amp#27;[0;39m &amp#27;[2m&amp#27;[0;39m&amp#27;[36mo.a.k.c.c.internals.ConsumerCoordinator &amp#27;[0;39m &amp#27;[2m:&amp#27;[0;39m [Consumer clientId=consumer-midas-core-consumer-1, groupId=midas-core-consumer] Found no committed offset for partition midas-transactions-0
&amp#27;[2m2025-08-15T21:33:17.576+05:30&amp#27;[0;39m &amp#27;[32m INFO&amp#27;[0;39m &amp#27;[35m4750&amp#27;[0;39m &amp#27;[2m---&amp#27;[0;39m &amp#27;[2m[ntainer#0-0-C-1]&amp#27;[0;39m &amp#27;[2m&amp#27;[0;39m&amp#27;[36mo.a.k.c.c.internals.SubscriptionState   &amp#27;[0;39m &amp#27;[2m:&amp#27;[0;39m [Consumer clientId=consumer-midas-core-consumer-1, groupId=midas-core-consumer] Resetting offset for partition midas-transactions-0 to position FetchPosition{offset=0, offsetEpoch=Optional.empty, currentLeader=LeaderAndEpoch{leader=Optional[localhost:54128 (id: 0 rack: null)], epoch=0}}.
&amp#27;[2m2025-08-15T21:33:17.577+05:30&amp#27;[0;39m &amp#27;[32m INFO&amp#27;[0;39m &amp#27;[35m4750&amp#27;[0;39m &amp#27;[2m---&amp#27;[0;39m &amp#27;[2m[ntainer#0-0-C-1]&amp#27;[0;39m &amp#27;[2m&amp#27;[0;39m&amp#27;[36mo.s.k.l.KafkaMessageListenerContainer   &amp#27;[0;39m &amp#27;[2m:&amp#27;[0;39m midas-core-consumer: partitions assigned: [midas-transactions-0]
&amp#27;[2m2025-08-15T21:33:19.339+05:30&amp#27;[0;39m &amp#27;[32m INFO&amp#27;[0;39m &amp#27;[35m4750&amp#27;[0;39m &amp#27;[2m---&amp#27;[0;39m &amp#27;[2m[           main]&amp#27;[0;39m &amp#27;[2m&amp#27;[0;39m&amp#27;[36mcom.jpmc.midascore.TaskFiveTests        &amp#27;[0;39m &amp#27;[2m:&amp#27;[0;39m ----------------------------------------------------------
&amp#27;[2m2025-08-15T21:33:19.339+05:30&amp#27;[0;39m &amp#27;[32m INFO&amp#27;[0;39m &amp#27;[35m4750&amp#27;[0;39m &amp#27;[2m---&amp#27;[0;39m &amp#27;[2m[           main]&amp#27;[0;39m &amp#27;[2m&amp#27;[0;39m&amp#27;[36mcom.jpmc.midascore.TaskFiveTests        &amp#27;[0;39m &amp#27;[2m:&amp#27;[0;39m ----------------------------------------------------------
&amp#27;[2m2025-08-15T21:33:19.339+05:30&amp#27;[0;39m &amp#27;[32m INFO&amp#27;[0;39m &amp#27;[35m4750&amp#27;[0;39m &amp#27;[2m---&amp#27;[0;39m &amp#27;[2m[           main]&amp#27;[0;39m &amp#27;[2m&amp#27;[0;39m&amp#27;[36mcom.jpmc.midascore.TaskFiveTests        &amp#27;[0;39m &amp#27;[2m:&amp#27;[0;39m ----------------------------------------------------------
&amp#27;[2m2025-08-15T21:33:19.339+05:30&amp#27;[0;39m &amp#27;[32m INFO&amp#27;[0;39m &amp#27;[35m4750&amp#27;[0;39m &amp#27;[2m---&amp#27;[0;39m &amp#27;[2m[           main]&amp#27;[0;39m &amp#27;[2m&amp#27;[0;39m&amp#27;[36mcom.jpmc.midascore.TaskFiveTests        &amp#27;[0;39m &amp#27;[2m:&amp#27;[0;39m submit the following output to complete the task (include begin and end output denotations)
&amp#27;[2m2025-08-15T21:33:19.402+05:30&amp#27;[0;39m &amp#27;[32m INFO&amp#27;[0;39m &amp#27;[35m4750&amp#27;[0;39m &amp#27;[2m---&amp#27;[0;39m &amp#27;[2m[io-33400-exec-1]&amp#27;[0;39m &amp#27;[2m&amp#27;[0;39m&amp#27;[36mo.a.c.c.C.[Tomcat].[localhost].[/]      &amp#27;[0;39m &amp#27;[2m:&amp#27;[0;39m Initializing Spring DispatcherServlet 'dispatcherServlet'
&amp#27;[2m2025-08-15T21:33:19.402+05:30&amp#27;[0;39m &amp#27;[32m INFO&amp#27;[0;39m &amp#27;[35m4750&amp#27;[0;39m &amp#27;[2m---&amp#27;[0;39m &amp#27;[2m[io-33400-exec-1]&amp#27;[0;39m &amp#27;[2m&amp#27;[0;39m&amp#27;[36mo.s.web.servlet.DispatcherServlet       &amp#27;[0;39m &amp#27;[2m:&amp#27;[0;39m Initializing Servlet 'dispatcherServlet'
&amp#27;[2m2025-08-15T21:33:19.403+05:30&amp#27;[0;39m &amp#27;[32m INFO&amp#27;[0;39m &amp#27;[35m4750&amp#27;[0;39m &amp#27;[2m---&amp#27;[0;39m &amp#27;[2m[io-33400-exec-1]&amp#27;[0;39m &amp#27;[2m&amp#27;[0;39m&amp#27;[36mo.s.web.servlet.DispatcherServlet       &amp#27;[0;39m &amp#27;[2m:&amp#27;[0;39m Completed initialization in 1 ms
&amp#27;[2m2025-08-15T21:33:19.441+05:30&amp#27;[0;39m &amp#27;[32m INFO&amp#27;[0;39m &amp#27;[35m4750&amp#27;[0;39m &amp#27;[2m---&amp#27;[0;39m &amp#27;[2m[           main]&amp#27;[0;39m &amp#27;[2m&amp#27;[0;39m&amp#27;[36mcom.jpmc.midascore.TaskFiveTests        &amp#27;[0;39m &amp#27;[2m:&amp#27;[0;39m 
---begin output ---
Balance {amount=0.0}
Balance {amount=1326.98}
Balance {amount=2567.52}
Balance {amount=2740.33}
Balance {amount=140.96999}
Balance {amount=10.419973}
Balance {amount=845.49005}
Balance {amount=657.49}
Balance {amount=99.189995}
Balance {amount=3434.0002}
Balance {amount=2157.1902}
Balance {amount=779421.3}
Balance {amount=0.0}
---end output ---
]]></system-out>
    <system-err><![CDATA[WARNING: A Java agent has been loaded dynamically (/Users/amritanshushiwanshi/.m2/repository/net/bytebuddy/byte-buddy-agent/1.14.13/byte-buddy-agent-1.14.13.jar)
WARNING: If a serviceability tool is in use, please run with -XX:+EnableDynamicAgentLoading to hide this warning
WARNING: If a serviceability tool is not in use, please run with -Djdk.instrument.traceUsage for more information
WARNING: Dynamic loading of agents will be disallowed by default in a future release
]]></system-err>
  </testcase>
</testsuite>